[1.410s] Invoking command in '/home/dostonbek/ros2_ws/build/examples_rclpy_minimal_publisher': PYTHONPATH=/home/dostonbek/ros2_ws/install/examples_rclpy_minimal_publisher/lib/python3.10/site-packages:${PYTHONPATH} /usr/bin/python3 setup.py develop --prefix /home/dostonbek/ros2_ws/install/examples_rclpy_minimal_publisher --uninstall --editable --build-directory /home/dostonbek/ros2_ws/build/examples_rclpy_minimal_publisher/build
[2.083s] running develop
[2.084s] /usr/lib/python3/dist-packages/setuptools/command/easy_install.py:158: EasyInstallDeprecationWarning: easy_install command is deprecated. Use build and pip and other standards-based tools.
[2.085s]   warnings.warn(
[2.088s] /usr/lib/python3/dist-packages/setuptools/command/install.py:34: SetuptoolsDeprecationWarning: setup.py install is deprecated. Use build and pip and other standards-based tools.
[2.088s]   warnings.warn(
[2.248s] /usr/lib/python3/dist-packages/pkg_resources/__init__.py:116: PkgResourcesDeprecationWarning: 0.1.43ubuntu1 is an invalid version and will not be supported in a future release
[2.248s]   warnings.warn(
[2.249s] /usr/lib/python3/dist-packages/pkg_resources/__init__.py:116: PkgResourcesDeprecationWarning: 1.1build1 is an invalid version and will not be supported in a future release
[2.249s]   warnings.warn(
[2.442s] Removing /home/dostonbek/ros2_ws/install/examples_rclpy_minimal_publisher/lib/python3.10/site-packages/examples-rclpy-minimal-publisher.egg-link (link to .)
[2.481s] Invoked command in '/home/dostonbek/ros2_ws/build/examples_rclpy_minimal_publisher' returned '0': PYTHONPATH=/home/dostonbek/ros2_ws/install/examples_rclpy_minimal_publisher/lib/python3.10/site-packages:${PYTHONPATH} /usr/bin/python3 setup.py develop --prefix /home/dostonbek/ros2_ws/install/examples_rclpy_minimal_publisher --uninstall --editable --build-directory /home/dostonbek/ros2_ws/build/examples_rclpy_minimal_publisher/build
[2.483s] Invoking command in '/home/dostonbek/ros2_ws/src/examples/rclpy/topics/minimal_publisher': PYTHONPATH=/home/dostonbek/ros2_ws/install/examples_rclpy_minimal_publisher/lib/python3.10/site-packages:${PYTHONPATH} /usr/bin/python3 setup.py egg_info --egg-base ../../../../../build/examples_rclpy_minimal_publisher build --build-base /home/dostonbek/ros2_ws/build/examples_rclpy_minimal_publisher/build install --prefix /home/dostonbek/ros2_ws/install/examples_rclpy_minimal_publisher --record /home/dostonbek/ros2_ws/build/examples_rclpy_minimal_publisher/install.log --single-version-externally-managed
[2.912s] running egg_info
[2.913s] writing ../../../../../build/examples_rclpy_minimal_publisher/examples_rclpy_minimal_publisher.egg-info/PKG-INFO
[2.914s] writing dependency_links to ../../../../../build/examples_rclpy_minimal_publisher/examples_rclpy_minimal_publisher.egg-info/dependency_links.txt
[2.914s] writing entry points to ../../../../../build/examples_rclpy_minimal_publisher/examples_rclpy_minimal_publisher.egg-info/entry_points.txt
[2.915s] writing requirements to ../../../../../build/examples_rclpy_minimal_publisher/examples_rclpy_minimal_publisher.egg-info/requires.txt
[2.915s] writing top-level names to ../../../../../build/examples_rclpy_minimal_publisher/examples_rclpy_minimal_publisher.egg-info/top_level.txt
[2.918s] reading manifest file '../../../../../build/examples_rclpy_minimal_publisher/examples_rclpy_minimal_publisher.egg-info/SOURCES.txt'
[2.920s] writing manifest file '../../../../../build/examples_rclpy_minimal_publisher/examples_rclpy_minimal_publisher.egg-info/SOURCES.txt'
[2.920s] running build
[2.920s] running build_py
[2.921s] creating /home/dostonbek/ros2_ws/build/examples_rclpy_minimal_publisher/build
[2.921s] creating /home/dostonbek/ros2_ws/build/examples_rclpy_minimal_publisher/build/lib
[2.921s] creating /home/dostonbek/ros2_ws/build/examples_rclpy_minimal_publisher/build/lib/examples_rclpy_minimal_publisher
[2.921s] copying examples_rclpy_minimal_publisher/publisher_old_school.py -> /home/dostonbek/ros2_ws/build/examples_rclpy_minimal_publisher/build/lib/examples_rclpy_minimal_publisher
[2.921s] copying examples_rclpy_minimal_publisher/publisher_member_function.py -> /home/dostonbek/ros2_ws/build/examples_rclpy_minimal_publisher/build/lib/examples_rclpy_minimal_publisher
[2.921s] copying examples_rclpy_minimal_publisher/__init__.py -> /home/dostonbek/ros2_ws/build/examples_rclpy_minimal_publisher/build/lib/examples_rclpy_minimal_publisher
[2.921s] copying examples_rclpy_minimal_publisher/publisher_local_function.py -> /home/dostonbek/ros2_ws/build/examples_rclpy_minimal_publisher/build/lib/examples_rclpy_minimal_publisher
[2.924s] /usr/lib/python3/dist-packages/setuptools/command/install.py:34: SetuptoolsDeprecationWarning: setup.py install is deprecated. Use build and pip and other standards-based tools.
[2.924s]   warnings.warn(
[2.924s] running install
[2.924s] running install_lib
[2.926s] creating /home/dostonbek/ros2_ws/install/examples_rclpy_minimal_publisher/lib/python3.10/site-packages/examples_rclpy_minimal_publisher
[2.926s] copying /home/dostonbek/ros2_ws/build/examples_rclpy_minimal_publisher/build/lib/examples_rclpy_minimal_publisher/publisher_old_school.py -> /home/dostonbek/ros2_ws/install/examples_rclpy_minimal_publisher/lib/python3.10/site-packages/examples_rclpy_minimal_publisher
[2.926s] copying /home/dostonbek/ros2_ws/build/examples_rclpy_minimal_publisher/build/lib/examples_rclpy_minimal_publisher/publisher_member_function.py -> /home/dostonbek/ros2_ws/install/examples_rclpy_minimal_publisher/lib/python3.10/site-packages/examples_rclpy_minimal_publisher
[2.926s] copying /home/dostonbek/ros2_ws/build/examples_rclpy_minimal_publisher/build/lib/examples_rclpy_minimal_publisher/__init__.py -> /home/dostonbek/ros2_ws/install/examples_rclpy_minimal_publisher/lib/python3.10/site-packages/examples_rclpy_minimal_publisher
[2.927s] copying /home/dostonbek/ros2_ws/build/examples_rclpy_minimal_publisher/build/lib/examples_rclpy_minimal_publisher/publisher_local_function.py -> /home/dostonbek/ros2_ws/install/examples_rclpy_minimal_publisher/lib/python3.10/site-packages/examples_rclpy_minimal_publisher
[2.928s] byte-compiling /home/dostonbek/ros2_ws/install/examples_rclpy_minimal_publisher/lib/python3.10/site-packages/examples_rclpy_minimal_publisher/publisher_old_school.py to publisher_old_school.cpython-310.pyc
[2.928s] byte-compiling /home/dostonbek/ros2_ws/install/examples_rclpy_minimal_publisher/lib/python3.10/site-packages/examples_rclpy_minimal_publisher/publisher_member_function.py to publisher_member_function.cpython-310.pyc
[2.930s] byte-compiling /home/dostonbek/ros2_ws/install/examples_rclpy_minimal_publisher/lib/python3.10/site-packages/examples_rclpy_minimal_publisher/__init__.py to __init__.cpython-310.pyc
[2.930s] byte-compiling /home/dostonbek/ros2_ws/install/examples_rclpy_minimal_publisher/lib/python3.10/site-packages/examples_rclpy_minimal_publisher/publisher_local_function.py to publisher_local_function.cpython-310.pyc
[2.930s] running install_data
[2.931s] running install_egg_info
[2.936s] Copying ../../../../../build/examples_rclpy_minimal_publisher/examples_rclpy_minimal_publisher.egg-info to /home/dostonbek/ros2_ws/install/examples_rclpy_minimal_publisher/lib/python3.10/site-packages/examples_rclpy_minimal_publisher-0.15.0-py3.10.egg-info
[2.937s] running install_scripts
[2.973s] Installing publisher_local_function script to /home/dostonbek/ros2_ws/install/examples_rclpy_minimal_publisher/lib/examples_rclpy_minimal_publisher
[2.974s] Installing publisher_member_function script to /home/dostonbek/ros2_ws/install/examples_rclpy_minimal_publisher/lib/examples_rclpy_minimal_publisher
[2.974s] Installing publisher_old_school script to /home/dostonbek/ros2_ws/install/examples_rclpy_minimal_publisher/lib/examples_rclpy_minimal_publisher
[2.974s] writing list of installed files to '/home/dostonbek/ros2_ws/build/examples_rclpy_minimal_publisher/install.log'
[3.036s] Invoked command in '/home/dostonbek/ros2_ws/src/examples/rclpy/topics/minimal_publisher' returned '0': PYTHONPATH=/home/dostonbek/ros2_ws/install/examples_rclpy_minimal_publisher/lib/python3.10/site-packages:${PYTHONPATH} /usr/bin/python3 setup.py egg_info --egg-base ../../../../../build/examples_rclpy_minimal_publisher build --build-base /home/dostonbek/ros2_ws/build/examples_rclpy_minimal_publisher/build install --prefix /home/dostonbek/ros2_ws/install/examples_rclpy_minimal_publisher --record /home/dostonbek/ros2_ws/build/examples_rclpy_minimal_publisher/install.log --single-version-externally-managed
