[4.624s] Invoking command in '/home/dostonbek/ros2_ws/build/examples_rclpy_guard_conditions': PYTHONPATH=/home/dostonbek/ros2_ws/install/examples_rclpy_guard_conditions/lib/python3.10/site-packages:${PYTHONPATH} /usr/bin/python3 setup.py develop --prefix /home/dostonbek/ros2_ws/install/examples_rclpy_guard_conditions --uninstall --editable --build-directory /home/dostonbek/ros2_ws/build/examples_rclpy_guard_conditions/build
[6.787s] running develop
[6.792s] /usr/lib/python3/dist-packages/setuptools/command/easy_install.py:158: EasyInstallDeprecationWarning: easy_install command is deprecated. Use build and pip and other standards-based tools.
[6.793s]   warnings.warn(
[6.801s] /usr/lib/python3/dist-packages/setuptools/command/install.py:34: SetuptoolsDeprecationWarning: setup.py install is deprecated. Use build and pip and other standards-based tools.
[6.802s]   warnings.warn(
[7.269s] /usr/lib/python3/dist-packages/pkg_resources/__init__.py:116: PkgResourcesDeprecationWarning: 0.1.43ubuntu1 is an invalid version and will not be supported in a future release
[7.270s]   warnings.warn(
[7.274s] /usr/lib/python3/dist-packages/pkg_resources/__init__.py:116: PkgResourcesDeprecationWarning: 1.1build1 is an invalid version and will not be supported in a future release
[7.275s]   warnings.warn(
[8.350s] Invoked command in '/home/dostonbek/ros2_ws/build/examples_rclpy_guard_conditions' returned '0': PYTHONPATH=/home/dostonbek/ros2_ws/install/examples_rclpy_guard_conditions/lib/python3.10/site-packages:${PYTHONPATH} /usr/bin/python3 setup.py develop --prefix /home/dostonbek/ros2_ws/install/examples_rclpy_guard_conditions --uninstall --editable --build-directory /home/dostonbek/ros2_ws/build/examples_rclpy_guard_conditions/build
[8.369s] Invoking command in '/home/dostonbek/ros2_ws/src/examples/rclpy/guard_conditions': PYTHONPATH=/home/dostonbek/ros2_ws/install/examples_rclpy_guard_conditions/lib/python3.10/site-packages:${PYTHONPATH} /usr/bin/python3 setup.py egg_info --egg-base ../../../../build/examples_rclpy_guard_conditions build --build-base /home/dostonbek/ros2_ws/build/examples_rclpy_guard_conditions/build install --prefix /home/dostonbek/ros2_ws/install/examples_rclpy_guard_conditions --record /home/dostonbek/ros2_ws/build/examples_rclpy_guard_conditions/install.log --single-version-externally-managed
[10.439s] running egg_info
[10.443s] writing ../../../../build/examples_rclpy_guard_conditions/examples_rclpy_guard_conditions.egg-info/PKG-INFO
[10.445s] writing dependency_links to ../../../../build/examples_rclpy_guard_conditions/examples_rclpy_guard_conditions.egg-info/dependency_links.txt
[10.447s] writing entry points to ../../../../build/examples_rclpy_guard_conditions/examples_rclpy_guard_conditions.egg-info/entry_points.txt
[10.450s] writing requirements to ../../../../build/examples_rclpy_guard_conditions/examples_rclpy_guard_conditions.egg-info/requires.txt
[10.451s] writing top-level names to ../../../../build/examples_rclpy_guard_conditions/examples_rclpy_guard_conditions.egg-info/top_level.txt
[10.463s] reading manifest file '../../../../build/examples_rclpy_guard_conditions/examples_rclpy_guard_conditions.egg-info/SOURCES.txt'
[10.470s] writing manifest file '../../../../build/examples_rclpy_guard_conditions/examples_rclpy_guard_conditions.egg-info/SOURCES.txt'
[10.474s] running build
[10.474s] running build_py
[10.483s] running install
[10.485s] /usr/lib/python3/dist-packages/setuptools/command/install.py:34: SetuptoolsDeprecationWarning: setup.py install is deprecated. Use build and pip and other standards-based tools.
[10.486s]   warnings.warn(
[10.487s] running install_lib
[10.494s] running install_data
[10.498s] running install_egg_info
[10.509s] removing '/home/dostonbek/ros2_ws/install/examples_rclpy_guard_conditions/lib/python3.10/site-packages/examples_rclpy_guard_conditions-0.15.0-py3.10.egg-info' (and everything under it)
[10.511s] Copying ../../../../build/examples_rclpy_guard_conditions/examples_rclpy_guard_conditions.egg-info to /home/dostonbek/ros2_ws/install/examples_rclpy_guard_conditions/lib/python3.10/site-packages/examples_rclpy_guard_conditions-0.15.0-py3.10.egg-info
[10.524s] running install_scripts
[10.634s] Installing trigger_guard_condition script to /home/dostonbek/ros2_ws/install/examples_rclpy_guard_conditions/lib/examples_rclpy_guard_conditions
[10.636s] writing list of installed files to '/home/dostonbek/ros2_ws/build/examples_rclpy_guard_conditions/install.log'
[10.704s] Invoked command in '/home/dostonbek/ros2_ws/src/examples/rclpy/guard_conditions' returned '0': PYTHONPATH=/home/dostonbek/ros2_ws/install/examples_rclpy_guard_conditions/lib/python3.10/site-packages:${PYTHONPATH} /usr/bin/python3 setup.py egg_info --egg-base ../../../../build/examples_rclpy_guard_conditions build --build-base /home/dostonbek/ros2_ws/build/examples_rclpy_guard_conditions/build install --prefix /home/dostonbek/ros2_ws/install/examples_rclpy_guard_conditions --record /home/dostonbek/ros2_ws/build/examples_rclpy_guard_conditions/install.log --single-version-externally-managed
