[0.109s] Invoking command in '/home/dostonbek/ros2_ws/build/examples_rclcpp_minimal_action_client': CMAKE_PREFIX_PATH=${CMAKE_PREFIX_PATH}:/home/dostonbek/ros2_ws/install/py_srvcli:/home/dostonbek/ros2_ws/install/py_pubsub:/home/dostonbek/ros2_ws/install/my_package:/home/dostonbek/ros2_ws/install/launch_testing_examples:/home/dostonbek/ros2_ws/install/examples_rclpy_pointcloud_publisher:/home/dostonbek/ros2_ws/install/examples_rclpy_minimal_subscriber:/home/dostonbek/ros2_ws/install/examples_rclpy_minimal_service:/home/dostonbek/ros2_ws/install/examples_rclpy_minimal_publisher:/home/dostonbek/ros2_ws/install/examples_rclpy_minimal_client:/home/dostonbek/ros2_ws/install/examples_rclpy_minimal_action_server:/home/dostonbek/ros2_ws/install/examples_rclpy_minimal_action_client:/home/dostonbek/ros2_ws/install/examples_rclpy_guard_conditions:/home/dostonbek/ros2_ws/install/examples_rclpy_executors:/opt/ros/humble /usr/bin/cmake --build /home/dostonbek/ros2_ws/build/examples_rclcpp_minimal_action_client -- -j2 -l2
[0.909s] [ 25%] Built target action_client_member_functions
[1.072s] [ 50%] Built target action_client_not_composable
[1.406s] [ 75%] Built target action_client_not_composable_with_cancel
[1.536s] [100%] Built target action_client_not_composable_with_feedback
[1.671s] Invoked command in '/home/dostonbek/ros2_ws/build/examples_rclcpp_minimal_action_client' returned '0': CMAKE_PREFIX_PATH=${CMAKE_PREFIX_PATH}:/home/dostonbek/ros2_ws/install/py_srvcli:/home/dostonbek/ros2_ws/install/py_pubsub:/home/dostonbek/ros2_ws/install/my_package:/home/dostonbek/ros2_ws/install/launch_testing_examples:/home/dostonbek/ros2_ws/install/examples_rclpy_pointcloud_publisher:/home/dostonbek/ros2_ws/install/examples_rclpy_minimal_subscriber:/home/dostonbek/ros2_ws/install/examples_rclpy_minimal_service:/home/dostonbek/ros2_ws/install/examples_rclpy_minimal_publisher:/home/dostonbek/ros2_ws/install/examples_rclpy_minimal_client:/home/dostonbek/ros2_ws/install/examples_rclpy_minimal_action_server:/home/dostonbek/ros2_ws/install/examples_rclpy_minimal_action_client:/home/dostonbek/ros2_ws/install/examples_rclpy_guard_conditions:/home/dostonbek/ros2_ws/install/examples_rclpy_executors:/opt/ros/humble /usr/bin/cmake --build /home/dostonbek/ros2_ws/build/examples_rclcpp_minimal_action_client -- -j2 -l2
[2.494s] Invoking command in '/home/dostonbek/ros2_ws/build/examples_rclcpp_minimal_action_client': CMAKE_PREFIX_PATH=${CMAKE_PREFIX_PATH}:/home/dostonbek/ros2_ws/install/py_srvcli:/home/dostonbek/ros2_ws/install/py_pubsub:/home/dostonbek/ros2_ws/install/my_package:/home/dostonbek/ros2_ws/install/launch_testing_examples:/home/dostonbek/ros2_ws/install/examples_rclpy_pointcloud_publisher:/home/dostonbek/ros2_ws/install/examples_rclpy_minimal_subscriber:/home/dostonbek/ros2_ws/install/examples_rclpy_minimal_service:/home/dostonbek/ros2_ws/install/examples_rclpy_minimal_publisher:/home/dostonbek/ros2_ws/install/examples_rclpy_minimal_client:/home/dostonbek/ros2_ws/install/examples_rclpy_minimal_action_server:/home/dostonbek/ros2_ws/install/examples_rclpy_minimal_action_client:/home/dostonbek/ros2_ws/install/examples_rclpy_guard_conditions:/home/dostonbek/ros2_ws/install/examples_rclpy_executors:/opt/ros/humble /usr/bin/cmake --install /home/dostonbek/ros2_ws/build/examples_rclcpp_minimal_action_client
[2.595s] -- Install configuration: ""
[2.606s] -- Execute custom install script
[2.610s] -- Up-to-date symlink: /home/dostonbek/ros2_ws/install/examples_rclcpp_minimal_action_client/lib/examples_rclcpp_minimal_action_client/action_client_member_functions
[2.615s] -- Up-to-date symlink: /home/dostonbek/ros2_ws/install/examples_rclcpp_minimal_action_client/lib/examples_rclcpp_minimal_action_client/action_client_not_composable
[2.621s] -- Up-to-date symlink: /home/dostonbek/ros2_ws/install/examples_rclcpp_minimal_action_client/lib/examples_rclcpp_minimal_action_client/action_client_not_composable_with_cancel
[2.621s] -- Up-to-date symlink: /home/dostonbek/ros2_ws/install/examples_rclcpp_minimal_action_client/lib/examples_rclcpp_minimal_action_client/action_client_not_composable_with_feedback
[2.624s] -- Up-to-date symlink: /home/dostonbek/ros2_ws/install/examples_rclcpp_minimal_action_client/share/ament_index/resource_index/package_run_dependencies/examples_rclcpp_minimal_action_client
[2.626s] -- Up-to-date symlink: /home/dostonbek/ros2_ws/install/examples_rclcpp_minimal_action_client/share/ament_index/resource_index/parent_prefix_path/examples_rclcpp_minimal_action_client
[2.629s] -- Up-to-date symlink: /home/dostonbek/ros2_ws/install/examples_rclcpp_minimal_action_client/share/examples_rclcpp_minimal_action_client/environment/ament_prefix_path.sh
[2.631s] -- Up-to-date symlink: /home/dostonbek/ros2_ws/install/examples_rclcpp_minimal_action_client/share/examples_rclcpp_minimal_action_client/environment/ament_prefix_path.dsv
[2.633s] -- Up-to-date symlink: /home/dostonbek/ros2_ws/install/examples_rclcpp_minimal_action_client/share/examples_rclcpp_minimal_action_client/environment/path.sh
[2.635s] -- Up-to-date symlink: /home/dostonbek/ros2_ws/install/examples_rclcpp_minimal_action_client/share/examples_rclcpp_minimal_action_client/environment/path.dsv
[2.637s] -- Up-to-date symlink: /home/dostonbek/ros2_ws/install/examples_rclcpp_minimal_action_client/share/examples_rclcpp_minimal_action_client/local_setup.bash
[2.640s] -- Up-to-date symlink: /home/dostonbek/ros2_ws/install/examples_rclcpp_minimal_action_client/share/examples_rclcpp_minimal_action_client/local_setup.sh
[2.642s] -- Up-to-date symlink: /home/dostonbek/ros2_ws/install/examples_rclcpp_minimal_action_client/share/examples_rclcpp_minimal_action_client/local_setup.zsh
[2.649s] -- Up-to-date symlink: /home/dostonbek/ros2_ws/install/examples_rclcpp_minimal_action_client/share/examples_rclcpp_minimal_action_client/local_setup.dsv
[2.649s] -- Symlinking: /home/dostonbek/ros2_ws/install/examples_rclcpp_minimal_action_client/share/examples_rclcpp_minimal_action_client/package.dsv
[2.736s] -- Up-to-date symlink: /home/dostonbek/ros2_ws/install/examples_rclcpp_minimal_action_client/share/ament_index/resource_index/packages/examples_rclcpp_minimal_action_client
[2.738s] -- Up-to-date symlink: /home/dostonbek/ros2_ws/install/examples_rclcpp_minimal_action_client/share/examples_rclcpp_minimal_action_client/cmake/examples_rclcpp_minimal_action_clientConfig.cmake
[2.740s] -- Up-to-date symlink: /home/dostonbek/ros2_ws/install/examples_rclcpp_minimal_action_client/share/examples_rclcpp_minimal_action_client/cmake/examples_rclcpp_minimal_action_clientConfig-version.cmake
[2.741s] -- Up-to-date symlink: /home/dostonbek/ros2_ws/install/examples_rclcpp_minimal_action_client/share/examples_rclcpp_minimal_action_client/package.xml
[2.767s] Invoked command in '/home/dostonbek/ros2_ws/build/examples_rclcpp_minimal_action_client' returned '0': CMAKE_PREFIX_PATH=${CMAKE_PREFIX_PATH}:/home/dostonbek/ros2_ws/install/py_srvcli:/home/dostonbek/ros2_ws/install/py_pubsub:/home/dostonbek/ros2_ws/install/my_package:/home/dostonbek/ros2_ws/install/launch_testing_examples:/home/dostonbek/ros2_ws/install/examples_rclpy_pointcloud_publisher:/home/dostonbek/ros2_ws/install/examples_rclpy_minimal_subscriber:/home/dostonbek/ros2_ws/install/examples_rclpy_minimal_service:/home/dostonbek/ros2_ws/install/examples_rclpy_minimal_publisher:/home/dostonbek/ros2_ws/install/examples_rclpy_minimal_client:/home/dostonbek/ros2_ws/install/examples_rclpy_minimal_action_server:/home/dostonbek/ros2_ws/install/examples_rclpy_minimal_action_client:/home/dostonbek/ros2_ws/install/examples_rclpy_guard_conditions:/home/dostonbek/ros2_ws/install/examples_rclpy_executors:/opt/ros/humble /usr/bin/cmake --install /home/dostonbek/ros2_ws/build/examples_rclcpp_minimal_action_client
