[1.243s] Invoking command in '/home/dostonbek/ros2_ws/src/py_pubsub': PYTHONPATH=/home/dostonbek/ros2_ws/install/py_pubsub/lib/python3.10/site-packages:${PYTHONPATH} /usr/bin/python3 setup.py egg_info --egg-base ../../build/py_pubsub build --build-base /home/dostonbek/ros2_ws/build/py_pubsub/build install --prefix /home/dostonbek/ros2_ws/install/py_pubsub --record /home/dostonbek/ros2_ws/build/py_pubsub/install.log --single-version-externally-managed
[1.836s] running egg_info
[1.838s] writing ../../build/py_pubsub/py_pubsub.egg-info/PKG-INFO
[1.841s] writing dependency_links to ../../build/py_pubsub/py_pubsub.egg-info/dependency_links.txt
[1.850s] writing entry points to ../../build/py_pubsub/py_pubsub.egg-info/entry_points.txt
[1.850s] writing requirements to ../../build/py_pubsub/py_pubsub.egg-info/requires.txt
[1.851s] writing top-level names to ../../build/py_pubsub/py_pubsub.egg-info/top_level.txt
[1.858s] reading manifest file '../../build/py_pubsub/py_pubsub.egg-info/SOURCES.txt'
[1.863s] writing manifest file '../../build/py_pubsub/py_pubsub.egg-info/SOURCES.txt'
[1.863s] running build
[1.863s] running build_py
[1.867s] running install
[1.868s] /usr/lib/python3/dist-packages/setuptools/command/install.py:34: SetuptoolsDeprecationWarning: setup.py install is deprecated. Use build and pip and other standards-based tools.
[1.868s]   warnings.warn(
[1.873s] running install_lib
[1.881s] running install_data
[1.885s] running install_egg_info
[1.889s] removing '/home/dostonbek/ros2_ws/install/py_pubsub/lib/python3.10/site-packages/py_pubsub-0.0.0-py3.10.egg-info' (and everything under it)
[1.891s] Copying ../../build/py_pubsub/py_pubsub.egg-info to /home/dostonbek/ros2_ws/install/py_pubsub/lib/python3.10/site-packages/py_pubsub-0.0.0-py3.10.egg-info
[1.898s] running install_scripts
[1.971s] Installing listener script to /home/dostonbek/ros2_ws/install/py_pubsub/lib/py_pubsub
[1.972s] Installing talker script to /home/dostonbek/ros2_ws/install/py_pubsub/lib/py_pubsub
[1.972s] writing list of installed files to '/home/dostonbek/ros2_ws/build/py_pubsub/install.log'
[2.240s] Invoked command in '/home/dostonbek/ros2_ws/src/py_pubsub' returned '0': PYTHONPATH=/home/dostonbek/ros2_ws/install/py_pubsub/lib/python3.10/site-packages:${PYTHONPATH} /usr/bin/python3 setup.py egg_info --egg-base ../../build/py_pubsub build --build-base /home/dostonbek/ros2_ws/build/py_pubsub/build install --prefix /home/dostonbek/ros2_ws/install/py_pubsub --record /home/dostonbek/ros2_ws/build/py_pubsub/install.log --single-version-externally-managed
