[0.184s] Invoking command in '/home/dostonbek/ros2_ws/build/examples_rclcpp_async_client': CMAKE_PREFIX_PATH=${CMAKE_PREFIX_PATH}:/home/dostonbek/ros2_ws/install/py_srvcli:/home/dostonbek/ros2_ws/install/py_pubsub:/home/dostonbek/ros2_ws/install/my_package:/home/dostonbek/ros2_ws/install/launch_testing_examples:/home/dostonbek/ros2_ws/install/examples_rclpy_pointcloud_publisher:/home/dostonbek/ros2_ws/install/examples_rclpy_minimal_subscriber:/home/dostonbek/ros2_ws/install/examples_rclpy_minimal_service:/home/dostonbek/ros2_ws/install/examples_rclpy_minimal_publisher:/home/dostonbek/ros2_ws/install/examples_rclpy_minimal_client:/home/dostonbek/ros2_ws/install/examples_rclpy_minimal_action_server:/home/dostonbek/ros2_ws/install/examples_rclpy_minimal_action_client:/home/dostonbek/ros2_ws/install/examples_rclpy_guard_conditions:/home/dostonbek/ros2_ws/install/examples_rclpy_executors:/opt/ros/humble /usr/bin/cmake --build /home/dostonbek/ros2_ws/build/examples_rclcpp_async_client -- -j2 -l2
[0.880s] [100%] Built target client_main
[0.974s] Invoked command in '/home/dostonbek/ros2_ws/build/examples_rclcpp_async_client' returned '0': CMAKE_PREFIX_PATH=${CMAKE_PREFIX_PATH}:/home/dostonbek/ros2_ws/install/py_srvcli:/home/dostonbek/ros2_ws/install/py_pubsub:/home/dostonbek/ros2_ws/install/my_package:/home/dostonbek/ros2_ws/install/launch_testing_examples:/home/dostonbek/ros2_ws/install/examples_rclpy_pointcloud_publisher:/home/dostonbek/ros2_ws/install/examples_rclpy_minimal_subscriber:/home/dostonbek/ros2_ws/install/examples_rclpy_minimal_service:/home/dostonbek/ros2_ws/install/examples_rclpy_minimal_publisher:/home/dostonbek/ros2_ws/install/examples_rclpy_minimal_client:/home/dostonbek/ros2_ws/install/examples_rclpy_minimal_action_server:/home/dostonbek/ros2_ws/install/examples_rclpy_minimal_action_client:/home/dostonbek/ros2_ws/install/examples_rclpy_guard_conditions:/home/dostonbek/ros2_ws/install/examples_rclpy_executors:/opt/ros/humble /usr/bin/cmake --build /home/dostonbek/ros2_ws/build/examples_rclcpp_async_client -- -j2 -l2
[1.508s] Invoking command in '/home/dostonbek/ros2_ws/build/examples_rclcpp_async_client': CMAKE_PREFIX_PATH=${CMAKE_PREFIX_PATH}:/home/dostonbek/ros2_ws/install/py_srvcli:/home/dostonbek/ros2_ws/install/py_pubsub:/home/dostonbek/ros2_ws/install/my_package:/home/dostonbek/ros2_ws/install/launch_testing_examples:/home/dostonbek/ros2_ws/install/examples_rclpy_pointcloud_publisher:/home/dostonbek/ros2_ws/install/examples_rclpy_minimal_subscriber:/home/dostonbek/ros2_ws/install/examples_rclpy_minimal_service:/home/dostonbek/ros2_ws/install/examples_rclpy_minimal_publisher:/home/dostonbek/ros2_ws/install/examples_rclpy_minimal_client:/home/dostonbek/ros2_ws/install/examples_rclpy_minimal_action_server:/home/dostonbek/ros2_ws/install/examples_rclpy_minimal_action_client:/home/dostonbek/ros2_ws/install/examples_rclpy_guard_conditions:/home/dostonbek/ros2_ws/install/examples_rclpy_executors:/opt/ros/humble /usr/bin/cmake --install /home/dostonbek/ros2_ws/build/examples_rclcpp_async_client
[1.598s] -- Install configuration: ""
[1.600s] -- Execute custom install script
[1.603s] -- Up-to-date symlink: /home/dostonbek/ros2_ws/install/examples_rclcpp_async_client/lib/examples_rclcpp_async_client/client_main
[1.605s] -- Up-to-date symlink: /home/dostonbek/ros2_ws/install/examples_rclcpp_async_client/share/ament_index/resource_index/package_run_dependencies/examples_rclcpp_async_client
[1.606s] -- Up-to-date symlink: /home/dostonbek/ros2_ws/install/examples_rclcpp_async_client/share/ament_index/resource_index/parent_prefix_path/examples_rclcpp_async_client
[1.608s] -- Up-to-date symlink: /home/dostonbek/ros2_ws/install/examples_rclcpp_async_client/share/examples_rclcpp_async_client/environment/ament_prefix_path.sh
[1.610s] -- Up-to-date symlink: /home/dostonbek/ros2_ws/install/examples_rclcpp_async_client/share/examples_rclcpp_async_client/environment/ament_prefix_path.dsv
[1.611s] -- Up-to-date symlink: /home/dostonbek/ros2_ws/install/examples_rclcpp_async_client/share/examples_rclcpp_async_client/environment/path.sh
[1.613s] -- Up-to-date symlink: /home/dostonbek/ros2_ws/install/examples_rclcpp_async_client/share/examples_rclcpp_async_client/environment/path.dsv
[1.615s] -- Up-to-date symlink: /home/dostonbek/ros2_ws/install/examples_rclcpp_async_client/share/examples_rclcpp_async_client/local_setup.bash
[1.616s] -- Up-to-date symlink: /home/dostonbek/ros2_ws/install/examples_rclcpp_async_client/share/examples_rclcpp_async_client/local_setup.sh
[1.618s] -- Up-to-date symlink: /home/dostonbek/ros2_ws/install/examples_rclcpp_async_client/share/examples_rclcpp_async_client/local_setup.zsh
[1.619s] -- Up-to-date symlink: /home/dostonbek/ros2_ws/install/examples_rclcpp_async_client/share/examples_rclcpp_async_client/local_setup.dsv
[1.620s] -- Symlinking: /home/dostonbek/ros2_ws/install/examples_rclcpp_async_client/share/examples_rclcpp_async_client/package.dsv
[1.741s] -- Up-to-date symlink: /home/dostonbek/ros2_ws/install/examples_rclcpp_async_client/share/ament_index/resource_index/packages/examples_rclcpp_async_client
[1.743s] -- Up-to-date symlink: /home/dostonbek/ros2_ws/install/examples_rclcpp_async_client/share/examples_rclcpp_async_client/cmake/examples_rclcpp_async_clientConfig.cmake
[1.745s] -- Up-to-date symlink: /home/dostonbek/ros2_ws/install/examples_rclcpp_async_client/share/examples_rclcpp_async_client/cmake/examples_rclcpp_async_clientConfig-version.cmake
[1.748s] -- Up-to-date symlink: /home/dostonbek/ros2_ws/install/examples_rclcpp_async_client/share/examples_rclcpp_async_client/package.xml
[1.766s] Invoked command in '/home/dostonbek/ros2_ws/build/examples_rclcpp_async_client' returned '0': CMAKE_PREFIX_PATH=${CMAKE_PREFIX_PATH}:/home/dostonbek/ros2_ws/install/py_srvcli:/home/dostonbek/ros2_ws/install/py_pubsub:/home/dostonbek/ros2_ws/install/my_package:/home/dostonbek/ros2_ws/install/launch_testing_examples:/home/dostonbek/ros2_ws/install/examples_rclpy_pointcloud_publisher:/home/dostonbek/ros2_ws/install/examples_rclpy_minimal_subscriber:/home/dostonbek/ros2_ws/install/examples_rclpy_minimal_service:/home/dostonbek/ros2_ws/install/examples_rclpy_minimal_publisher:/home/dostonbek/ros2_ws/install/examples_rclpy_minimal_client:/home/dostonbek/ros2_ws/install/examples_rclpy_minimal_action_server:/home/dostonbek/ros2_ws/install/examples_rclpy_minimal_action_client:/home/dostonbek/ros2_ws/install/examples_rclpy_guard_conditions:/home/dostonbek/ros2_ws/install/examples_rclpy_executors:/opt/ros/humble /usr/bin/cmake --install /home/dostonbek/ros2_ws/build/examples_rclcpp_async_client
