[0.160s] Invoking command in '/home/dostonbek/ros2_ws/build/examples_rclcpp_cbg_executor': CMAKE_PREFIX_PATH=${CMAKE_PREFIX_PATH}:/home/dostonbek/ros2_ws/install/py_srvcli:/home/dostonbek/ros2_ws/install/py_pubsub:/home/dostonbek/ros2_ws/install/my_package:/home/dostonbek/ros2_ws/install/launch_testing_examples:/home/dostonbek/ros2_ws/install/examples_rclpy_pointcloud_publisher:/home/dostonbek/ros2_ws/install/examples_rclpy_minimal_subscriber:/home/dostonbek/ros2_ws/install/examples_rclpy_minimal_service:/home/dostonbek/ros2_ws/install/examples_rclpy_minimal_publisher:/home/dostonbek/ros2_ws/install/examples_rclpy_minimal_client:/home/dostonbek/ros2_ws/install/examples_rclpy_minimal_action_server:/home/dostonbek/ros2_ws/install/examples_rclpy_minimal_action_client:/home/dostonbek/ros2_ws/install/examples_rclpy_guard_conditions:/home/dostonbek/ros2_ws/install/examples_rclpy_executors:/opt/ros/humble /usr/bin/cmake --build /home/dostonbek/ros2_ws/build/examples_rclcpp_cbg_executor -- -j2 -l2
[0.912s] [ 30%] Built target ping
[1.246s] [ 60%] Built target pong
[1.670s] [100%] Built target ping_pong
[1.796s] Invoked command in '/home/dostonbek/ros2_ws/build/examples_rclcpp_cbg_executor' returned '0': CMAKE_PREFIX_PATH=${CMAKE_PREFIX_PATH}:/home/dostonbek/ros2_ws/install/py_srvcli:/home/dostonbek/ros2_ws/install/py_pubsub:/home/dostonbek/ros2_ws/install/my_package:/home/dostonbek/ros2_ws/install/launch_testing_examples:/home/dostonbek/ros2_ws/install/examples_rclpy_pointcloud_publisher:/home/dostonbek/ros2_ws/install/examples_rclpy_minimal_subscriber:/home/dostonbek/ros2_ws/install/examples_rclpy_minimal_service:/home/dostonbek/ros2_ws/install/examples_rclpy_minimal_publisher:/home/dostonbek/ros2_ws/install/examples_rclpy_minimal_client:/home/dostonbek/ros2_ws/install/examples_rclpy_minimal_action_server:/home/dostonbek/ros2_ws/install/examples_rclpy_minimal_action_client:/home/dostonbek/ros2_ws/install/examples_rclpy_guard_conditions:/home/dostonbek/ros2_ws/install/examples_rclpy_executors:/opt/ros/humble /usr/bin/cmake --build /home/dostonbek/ros2_ws/build/examples_rclcpp_cbg_executor -- -j2 -l2
[2.556s] Invoking command in '/home/dostonbek/ros2_ws/build/examples_rclcpp_cbg_executor': CMAKE_PREFIX_PATH=${CMAKE_PREFIX_PATH}:/home/dostonbek/ros2_ws/install/py_srvcli:/home/dostonbek/ros2_ws/install/py_pubsub:/home/dostonbek/ros2_ws/install/my_package:/home/dostonbek/ros2_ws/install/launch_testing_examples:/home/dostonbek/ros2_ws/install/examples_rclpy_pointcloud_publisher:/home/dostonbek/ros2_ws/install/examples_rclpy_minimal_subscriber:/home/dostonbek/ros2_ws/install/examples_rclpy_minimal_service:/home/dostonbek/ros2_ws/install/examples_rclpy_minimal_publisher:/home/dostonbek/ros2_ws/install/examples_rclpy_minimal_client:/home/dostonbek/ros2_ws/install/examples_rclpy_minimal_action_server:/home/dostonbek/ros2_ws/install/examples_rclpy_minimal_action_client:/home/dostonbek/ros2_ws/install/examples_rclpy_guard_conditions:/home/dostonbek/ros2_ws/install/examples_rclpy_executors:/opt/ros/humble /usr/bin/cmake --install /home/dostonbek/ros2_ws/build/examples_rclcpp_cbg_executor
[2.701s] -- Install configuration: ""
[2.703s] -- Execute custom install script
[2.704s] -- Up-to-date symlink: /home/dostonbek/ros2_ws/install/examples_rclcpp_cbg_executor/lib/examples_rclcpp_cbg_executor/ping
[2.708s] -- Up-to-date symlink: /home/dostonbek/ros2_ws/install/examples_rclcpp_cbg_executor/lib/examples_rclcpp_cbg_executor/pong
[2.712s] -- Up-to-date symlink: /home/dostonbek/ros2_ws/install/examples_rclcpp_cbg_executor/lib/examples_rclcpp_cbg_executor/ping_pong
[2.716s] -- Up-to-date symlink: /home/dostonbek/ros2_ws/install/examples_rclcpp_cbg_executor/include/examples_rclcpp_cbg_executor/ping_node.hpp
[2.723s] -- Up-to-date symlink: /home/dostonbek/ros2_ws/install/examples_rclcpp_cbg_executor/include/examples_rclcpp_cbg_executor/pong_node.hpp
[2.725s] -- Up-to-date symlink: /home/dostonbek/ros2_ws/install/examples_rclcpp_cbg_executor/share/ament_index/resource_index/package_run_dependencies/examples_rclcpp_cbg_executor
[2.726s] -- Up-to-date symlink: /home/dostonbek/ros2_ws/install/examples_rclcpp_cbg_executor/share/ament_index/resource_index/parent_prefix_path/examples_rclcpp_cbg_executor
[2.730s] -- Up-to-date symlink: /home/dostonbek/ros2_ws/install/examples_rclcpp_cbg_executor/share/examples_rclcpp_cbg_executor/environment/ament_prefix_path.sh
[2.732s] -- Up-to-date symlink: /home/dostonbek/ros2_ws/install/examples_rclcpp_cbg_executor/share/examples_rclcpp_cbg_executor/environment/ament_prefix_path.dsv
[2.733s] -- Up-to-date symlink: /home/dostonbek/ros2_ws/install/examples_rclcpp_cbg_executor/share/examples_rclcpp_cbg_executor/environment/path.sh
[2.750s] -- Up-to-date symlink: /home/dostonbek/ros2_ws/install/examples_rclcpp_cbg_executor/share/examples_rclcpp_cbg_executor/environment/path.dsv
[2.752s] -- Up-to-date symlink: /home/dostonbek/ros2_ws/install/examples_rclcpp_cbg_executor/share/examples_rclcpp_cbg_executor/local_setup.bash
[2.768s] -- Up-to-date symlink: /home/dostonbek/ros2_ws/install/examples_rclcpp_cbg_executor/share/examples_rclcpp_cbg_executor/local_setup.sh
[2.777s] -- Up-to-date symlink: /home/dostonbek/ros2_ws/install/examples_rclcpp_cbg_executor/share/examples_rclcpp_cbg_executor/local_setup.zsh
[2.778s] -- Up-to-date symlink: /home/dostonbek/ros2_ws/install/examples_rclcpp_cbg_executor/share/examples_rclcpp_cbg_executor/local_setup.dsv
[2.780s] -- Symlinking: /home/dostonbek/ros2_ws/install/examples_rclcpp_cbg_executor/share/examples_rclcpp_cbg_executor/package.dsv
[2.901s] -- Up-to-date symlink: /home/dostonbek/ros2_ws/install/examples_rclcpp_cbg_executor/share/ament_index/resource_index/packages/examples_rclcpp_cbg_executor
[2.904s] -- Up-to-date symlink: /home/dostonbek/ros2_ws/install/examples_rclcpp_cbg_executor/share/examples_rclcpp_cbg_executor/cmake/ament_cmake_export_dependencies-extras.cmake
[2.908s] -- Up-to-date symlink: /home/dostonbek/ros2_ws/install/examples_rclcpp_cbg_executor/share/examples_rclcpp_cbg_executor/cmake/examples_rclcpp_cbg_executorConfig.cmake
[2.911s] -- Up-to-date symlink: /home/dostonbek/ros2_ws/install/examples_rclcpp_cbg_executor/share/examples_rclcpp_cbg_executor/cmake/examples_rclcpp_cbg_executorConfig-version.cmake
[2.915s] -- Up-to-date symlink: /home/dostonbek/ros2_ws/install/examples_rclcpp_cbg_executor/share/examples_rclcpp_cbg_executor/package.xml
[2.952s] Invoked command in '/home/dostonbek/ros2_ws/build/examples_rclcpp_cbg_executor' returned '0': CMAKE_PREFIX_PATH=${CMAKE_PREFIX_PATH}:/home/dostonbek/ros2_ws/install/py_srvcli:/home/dostonbek/ros2_ws/install/py_pubsub:/home/dostonbek/ros2_ws/install/my_package:/home/dostonbek/ros2_ws/install/launch_testing_examples:/home/dostonbek/ros2_ws/install/examples_rclpy_pointcloud_publisher:/home/dostonbek/ros2_ws/install/examples_rclpy_minimal_subscriber:/home/dostonbek/ros2_ws/install/examples_rclpy_minimal_service:/home/dostonbek/ros2_ws/install/examples_rclpy_minimal_publisher:/home/dostonbek/ros2_ws/install/examples_rclpy_minimal_client:/home/dostonbek/ros2_ws/install/examples_rclpy_minimal_action_server:/home/dostonbek/ros2_ws/install/examples_rclpy_minimal_action_client:/home/dostonbek/ros2_ws/install/examples_rclpy_guard_conditions:/home/dostonbek/ros2_ws/install/examples_rclpy_executors:/opt/ros/humble /usr/bin/cmake --install /home/dostonbek/ros2_ws/build/examples_rclcpp_cbg_executor
