[2.219s] Invoking command in '/home/dostonbek/ros2_ws/build/examples_rclpy_minimal_client': PYTHONPATH=/home/dostonbek/ros2_ws/install/examples_rclpy_minimal_client/lib/python3.10/site-packages:${PYTHONPATH} /usr/bin/python3 setup.py develop --prefix /home/dostonbek/ros2_ws/install/examples_rclpy_minimal_client --uninstall --editable --build-directory /home/dostonbek/ros2_ws/build/examples_rclpy_minimal_client/build
[3.313s] running develop
[3.315s] /usr/lib/python3/dist-packages/setuptools/command/easy_install.py:158: EasyInstallDeprecationWarning: easy_install command is deprecated. Use build and pip and other standards-based tools.
[3.316s]   warnings.warn(
[3.320s] /usr/lib/python3/dist-packages/setuptools/command/install.py:34: SetuptoolsDeprecationWarning: setup.py install is deprecated. Use build and pip and other standards-based tools.
[3.320s]   warnings.warn(
[3.564s] /usr/lib/python3/dist-packages/pkg_resources/__init__.py:116: PkgResourcesDeprecationWarning: 0.1.43ubuntu1 is an invalid version and will not be supported in a future release
[3.565s]   warnings.warn(
[3.569s] /usr/lib/python3/dist-packages/pkg_resources/__init__.py:116: PkgResourcesDeprecationWarning: 1.1build1 is an invalid version and will not be supported in a future release
[3.569s]   warnings.warn(
[4.101s] Invoked command in '/home/dostonbek/ros2_ws/build/examples_rclpy_minimal_client' returned '0': PYTHONPATH=/home/dostonbek/ros2_ws/install/examples_rclpy_minimal_client/lib/python3.10/site-packages:${PYTHONPATH} /usr/bin/python3 setup.py develop --prefix /home/dostonbek/ros2_ws/install/examples_rclpy_minimal_client --uninstall --editable --build-directory /home/dostonbek/ros2_ws/build/examples_rclpy_minimal_client/build
[4.103s] Invoking command in '/home/dostonbek/ros2_ws/src/examples/rclpy/services/minimal_client': PYTHONPATH=/home/dostonbek/ros2_ws/install/examples_rclpy_minimal_client/lib/python3.10/site-packages:${PYTHONPATH} /usr/bin/python3 setup.py egg_info --egg-base ../../../../../build/examples_rclpy_minimal_client build --build-base /home/dostonbek/ros2_ws/build/examples_rclpy_minimal_client/build install --prefix /home/dostonbek/ros2_ws/install/examples_rclpy_minimal_client --record /home/dostonbek/ros2_ws/build/examples_rclpy_minimal_client/install.log --single-version-externally-managed
[5.106s] running egg_info
[5.110s] writing ../../../../../build/examples_rclpy_minimal_client/examples_rclpy_minimal_client.egg-info/PKG-INFO
[5.111s] writing dependency_links to ../../../../../build/examples_rclpy_minimal_client/examples_rclpy_minimal_client.egg-info/dependency_links.txt
[5.113s] writing entry points to ../../../../../build/examples_rclpy_minimal_client/examples_rclpy_minimal_client.egg-info/entry_points.txt
[5.114s] writing requirements to ../../../../../build/examples_rclpy_minimal_client/examples_rclpy_minimal_client.egg-info/requires.txt
[5.115s] writing top-level names to ../../../../../build/examples_rclpy_minimal_client/examples_rclpy_minimal_client.egg-info/top_level.txt
[5.122s] reading manifest file '../../../../../build/examples_rclpy_minimal_client/examples_rclpy_minimal_client.egg-info/SOURCES.txt'
[5.126s] writing manifest file '../../../../../build/examples_rclpy_minimal_client/examples_rclpy_minimal_client.egg-info/SOURCES.txt'
[5.127s] running build
[5.128s] running build_py
[5.129s] running install
[5.130s] /usr/lib/python3/dist-packages/setuptools/command/install.py:34: SetuptoolsDeprecationWarning: setup.py install is deprecated. Use build and pip and other standards-based tools.
[5.130s]   warnings.warn(
[5.131s] running install_lib
[5.136s] running install_data
[5.138s] running install_egg_info
[5.144s] removing '/home/dostonbek/ros2_ws/install/examples_rclpy_minimal_client/lib/python3.10/site-packages/examples_rclpy_minimal_client-0.15.0-py3.10.egg-info' (and everything under it)
[5.146s] Copying ../../../../../build/examples_rclpy_minimal_client/examples_rclpy_minimal_client.egg-info to /home/dostonbek/ros2_ws/install/examples_rclpy_minimal_client/lib/python3.10/site-packages/examples_rclpy_minimal_client-0.15.0-py3.10.egg-info
[5.150s] running install_scripts
[5.226s] Installing client script to /home/dostonbek/ros2_ws/install/examples_rclpy_minimal_client/lib/examples_rclpy_minimal_client
[5.227s] Installing client_async script to /home/dostonbek/ros2_ws/install/examples_rclpy_minimal_client/lib/examples_rclpy_minimal_client
[5.228s] Installing client_async_callback script to /home/dostonbek/ros2_ws/install/examples_rclpy_minimal_client/lib/examples_rclpy_minimal_client
[5.229s] Installing client_async_member_function script to /home/dostonbek/ros2_ws/install/examples_rclpy_minimal_client/lib/examples_rclpy_minimal_client
[5.231s] writing list of installed files to '/home/dostonbek/ros2_ws/build/examples_rclpy_minimal_client/install.log'
[5.324s] Invoked command in '/home/dostonbek/ros2_ws/src/examples/rclpy/services/minimal_client' returned '0': PYTHONPATH=/home/dostonbek/ros2_ws/install/examples_rclpy_minimal_client/lib/python3.10/site-packages:${PYTHONPATH} /usr/bin/python3 setup.py egg_info --egg-base ../../../../../build/examples_rclpy_minimal_client build --build-base /home/dostonbek/ros2_ws/build/examples_rclpy_minimal_client/build install --prefix /home/dostonbek/ros2_ws/install/examples_rclpy_minimal_client --record /home/dostonbek/ros2_ws/build/examples_rclpy_minimal_client/install.log --single-version-externally-managed
