[7.634s] Invoking command in '/home/dostonbek/ros2_ws/src/py_srvcli': PYTHONPATH=/home/dostonbek/ros2_ws/install/py_srvcli/lib/python3.10/site-packages:${PYTHONPATH} /usr/bin/python3 setup.py egg_info --egg-base ../../build/py_srvcli build --build-base /home/dostonbek/ros2_ws/build/py_srvcli/build install --prefix /home/dostonbek/ros2_ws/install/py_srvcli --record /home/dostonbek/ros2_ws/build/py_srvcli/install.log --single-version-externally-managed
[11.367s] running egg_info
[11.379s] writing ../../build/py_srvcli/py_srvcli.egg-info/PKG-INFO
[11.384s] writing dependency_links to ../../build/py_srvcli/py_srvcli.egg-info/dependency_links.txt
[11.396s] writing entry points to ../../build/py_srvcli/py_srvcli.egg-info/entry_points.txt
[11.405s] writing requirements to ../../build/py_srvcli/py_srvcli.egg-info/requires.txt
[11.405s] writing top-level names to ../../build/py_srvcli/py_srvcli.egg-info/top_level.txt
[11.424s] reading manifest file '../../build/py_srvcli/py_srvcli.egg-info/SOURCES.txt'
[11.445s] writing manifest file '../../build/py_srvcli/py_srvcli.egg-info/SOURCES.txt'
[11.453s] running build
[11.454s] running build_py
[11.455s] copying py_srvcli/service_member_function.py -> /home/dostonbek/ros2_ws/build/py_srvcli/build/lib/py_srvcli
[11.461s] copying py_srvcli/client_member_function.py -> /home/dostonbek/ros2_ws/build/py_srvcli/build/lib/py_srvcli
[11.464s] running install
[11.465s] /usr/lib/python3/dist-packages/setuptools/command/install.py:34: SetuptoolsDeprecationWarning: setup.py install is deprecated. Use build and pip and other standards-based tools.
[11.465s]   warnings.warn(
[11.466s] running install_lib
[11.493s] copying /home/dostonbek/ros2_ws/build/py_srvcli/build/lib/py_srvcli/service_member_function.py -> /home/dostonbek/ros2_ws/install/py_srvcli/lib/python3.10/site-packages/py_srvcli
[11.497s] copying /home/dostonbek/ros2_ws/build/py_srvcli/build/lib/py_srvcli/client_member_function.py -> /home/dostonbek/ros2_ws/install/py_srvcli/lib/python3.10/site-packages/py_srvcli
[11.505s] byte-compiling /home/dostonbek/ros2_ws/install/py_srvcli/lib/python3.10/site-packages/py_srvcli/service_member_function.py to service_member_function.cpython-310.pyc
[11.513s] byte-compiling /home/dostonbek/ros2_ws/install/py_srvcli/lib/python3.10/site-packages/py_srvcli/client_member_function.py to client_member_function.cpython-310.pyc
[11.520s] running install_data
[11.533s] copying package.xml -> /home/dostonbek/ros2_ws/install/py_srvcli/share/py_srvcli
[11.546s] running install_egg_info
[11.572s] removing '/home/dostonbek/ros2_ws/install/py_srvcli/lib/python3.10/site-packages/py_srvcli-0.0.0-py3.10.egg-info' (and everything under it)
[11.577s] Copying ../../build/py_srvcli/py_srvcli.egg-info to /home/dostonbek/ros2_ws/install/py_srvcli/lib/python3.10/site-packages/py_srvcli-0.0.0-py3.10.egg-info
[11.592s] running install_scripts
[11.861s] Installing client script to /home/dostonbek/ros2_ws/install/py_srvcli/lib/py_srvcli
[11.861s] Installing service script to /home/dostonbek/ros2_ws/install/py_srvcli/lib/py_srvcli
[11.869s] writing list of installed files to '/home/dostonbek/ros2_ws/build/py_srvcli/install.log'
[12.012s] Invoked command in '/home/dostonbek/ros2_ws/src/py_srvcli' returned '0': PYTHONPATH=/home/dostonbek/ros2_ws/install/py_srvcli/lib/python3.10/site-packages:${PYTHONPATH} /usr/bin/python3 setup.py egg_info --egg-base ../../build/py_srvcli build --build-base /home/dostonbek/ros2_ws/build/py_srvcli/build install --prefix /home/dostonbek/ros2_ws/install/py_srvcli --record /home/dostonbek/ros2_ws/build/py_srvcli/install.log --single-version-externally-managed
