[0.029s] Invoking command in '/home/dostonbek/ros2_ws/build/examples_rclcpp_multithreaded_executor': CMAKE_PREFIX_PATH=/opt/ros/humble /usr/bin/cmake /home/dostonbek/ros2_ws/src/examples/rclcpp/executors/multithreaded_executor -DAMENT_CMAKE_SYMLINK_INSTALL=1 -DCMAKE_INSTALL_PREFIX=/home/dostonbek/ros2_ws/install/examples_rclcpp_multithreaded_executor
[0.289s] -- The C compiler identification is GNU 11.2.0
[0.500s] -- The CXX compiler identification is GNU 11.2.0
[0.535s] -- Detecting C compiler ABI info
[0.699s] -- Detecting C compiler ABI info - done
[0.716s] -- Check for working C compiler: /usr/bin/cc - skipped
[0.717s] -- Detecting C compile features
[0.717s] -- Detecting C compile features - done
[0.721s] -- Detecting CXX compiler ABI info
[0.908s] -- Detecting CXX compiler ABI info - done
[0.918s] -- Check for working CXX compiler: /usr/bin/c++ - skipped
[0.919s] -- Detecting CXX compile features
[0.920s] -- Detecting CXX compile features - done
[0.923s] -- Found ament_cmake: 1.3.2 (/opt/ros/humble/share/ament_cmake/cmake)
[1.300s] -- Found Python3: /usr/bin/python3.10 (found version "3.10.6") found components: Interpreter 
[1.404s] -- Override CMake install command with custom implementation using symlinks instead of copying resources
[1.442s] -- Found rclcpp: 16.0.1 (/opt/ros/humble/share/rclcpp/cmake)
[1.531s] -- Found rosidl_generator_c: 3.1.3 (/opt/ros/humble/share/rosidl_generator_c/cmake)
[1.542s] -- Found rosidl_adapter: 3.1.3 (/opt/ros/humble/share/rosidl_adapter/cmake)
[1.564s] -- Found rosidl_generator_cpp: 3.1.3 (/opt/ros/humble/share/rosidl_generator_cpp/cmake)
[1.602s] -- Using all available rosidl_typesupport_c: rosidl_typesupport_fastrtps_c;rosidl_typesupport_introspection_c
[1.657s] -- Using all available rosidl_typesupport_cpp: rosidl_typesupport_fastrtps_cpp;rosidl_typesupport_introspection_cpp
[1.833s] -- Found rmw_implementation_cmake: 6.1.0 (/opt/ros/humble/share/rmw_implementation_cmake/cmake)
[1.839s] -- Found rmw_fastrtps_cpp: 6.2.1 (/opt/ros/humble/share/rmw_fastrtps_cpp/cmake)
[2.067s] -- Found OpenSSL: /usr/lib/x86_64-linux-gnu/libcrypto.so (found version "3.0.2")  
[2.126s] -- Found FastRTPS: /opt/ros/humble/include  
[2.210s] -- Using RMW implementation 'rmw_fastrtps_cpp' as default
[2.574s] -- Found ament_lint_auto: 0.12.4 (/opt/ros/humble/share/ament_lint_auto/cmake)
[2.727s] -- Added test 'copyright' to check source files copyright and LICENSE
[2.729s] -- Added test 'cppcheck' to perform static code analysis on C / C++ code
[2.729s] -- Configured cppcheck include dirs: 
[2.729s] -- Configured cppcheck exclude dirs and/or files: 
[2.730s] -- Added test 'cpplint' to check C / C++ code against the Google style
[2.731s] -- Configured cpplint exclude dirs and/or files: 
[2.732s] -- Added test 'lint_cmake' to check CMake code style
[2.733s] -- Added test 'uncrustify' to check C / C++ code style
[2.733s] -- Configured uncrustify additional arguments: 
[2.734s] -- Added test 'xmllint' to check XML markup files
[2.737s] -- Configuring done
[2.753s] -- Generating done
[2.756s] -- Build files have been written to: /home/dostonbek/ros2_ws/build/examples_rclcpp_multithreaded_executor
[2.772s] Invoked command in '/home/dostonbek/ros2_ws/build/examples_rclcpp_multithreaded_executor' returned '0': CMAKE_PREFIX_PATH=/opt/ros/humble /usr/bin/cmake /home/dostonbek/ros2_ws/src/examples/rclcpp/executors/multithreaded_executor -DAMENT_CMAKE_SYMLINK_INSTALL=1 -DCMAKE_INSTALL_PREFIX=/home/dostonbek/ros2_ws/install/examples_rclcpp_multithreaded_executor
[2.775s] Invoking command in '/home/dostonbek/ros2_ws/build/examples_rclcpp_multithreaded_executor': CMAKE_PREFIX_PATH=/opt/ros/humble /usr/bin/cmake --build /home/dostonbek/ros2_ws/build/examples_rclcpp_multithreaded_executor -- -j2 -l2
[2.915s] [ 50%] [32mBuilding CXX object CMakeFiles/multithreaded_executor.dir/multithreaded_executor.cpp.o[0m
[28.167s] [100%] [32m[1mLinking CXX executable multithreaded_executor[0m
[29.080s] [100%] Built target multithreaded_executor
[29.149s] Invoked command in '/home/dostonbek/ros2_ws/build/examples_rclcpp_multithreaded_executor' returned '0': CMAKE_PREFIX_PATH=/opt/ros/humble /usr/bin/cmake --build /home/dostonbek/ros2_ws/build/examples_rclcpp_multithreaded_executor -- -j2 -l2
[29.362s] Invoking command in '/home/dostonbek/ros2_ws/build/examples_rclcpp_multithreaded_executor': CMAKE_PREFIX_PATH=/opt/ros/humble /usr/bin/cmake --install /home/dostonbek/ros2_ws/build/examples_rclcpp_multithreaded_executor
[29.380s] -- Install configuration: ""
[29.381s] -- Execute custom install script
[29.382s] -- Symlinking: /home/dostonbek/ros2_ws/install/examples_rclcpp_multithreaded_executor/lib/examples_rclcpp_multithreaded_executor/multithreaded_executor
[29.399s] -- Symlinking: /home/dostonbek/ros2_ws/install/examples_rclcpp_multithreaded_executor/share/ament_index/resource_index/package_run_dependencies/examples_rclcpp_multithreaded_executor
[29.420s] -- Symlinking: /home/dostonbek/ros2_ws/install/examples_rclcpp_multithreaded_executor/share/ament_index/resource_index/parent_prefix_path/examples_rclcpp_multithreaded_executor
[29.445s] -- Symlinking: /home/dostonbek/ros2_ws/install/examples_rclcpp_multithreaded_executor/share/examples_rclcpp_multithreaded_executor/environment/ament_prefix_path.sh
[29.468s] -- Symlinking: /home/dostonbek/ros2_ws/install/examples_rclcpp_multithreaded_executor/share/examples_rclcpp_multithreaded_executor/environment/ament_prefix_path.dsv
[29.491s] -- Symlinking: /home/dostonbek/ros2_ws/install/examples_rclcpp_multithreaded_executor/share/examples_rclcpp_multithreaded_executor/environment/path.sh
[29.518s] -- Symlinking: /home/dostonbek/ros2_ws/install/examples_rclcpp_multithreaded_executor/share/examples_rclcpp_multithreaded_executor/environment/path.dsv
[29.542s] -- Symlinking: /home/dostonbek/ros2_ws/install/examples_rclcpp_multithreaded_executor/share/examples_rclcpp_multithreaded_executor/local_setup.bash
[29.567s] -- Symlinking: /home/dostonbek/ros2_ws/install/examples_rclcpp_multithreaded_executor/share/examples_rclcpp_multithreaded_executor/local_setup.sh
[29.594s] -- Symlinking: /home/dostonbek/ros2_ws/install/examples_rclcpp_multithreaded_executor/share/examples_rclcpp_multithreaded_executor/local_setup.zsh
[29.623s] -- Symlinking: /home/dostonbek/ros2_ws/install/examples_rclcpp_multithreaded_executor/share/examples_rclcpp_multithreaded_executor/local_setup.dsv
[29.646s] -- Symlinking: /home/dostonbek/ros2_ws/install/examples_rclcpp_multithreaded_executor/share/examples_rclcpp_multithreaded_executor/package.dsv
[29.669s] -- Symlinking: /home/dostonbek/ros2_ws/install/examples_rclcpp_multithreaded_executor/share/ament_index/resource_index/packages/examples_rclcpp_multithreaded_executor
[29.692s] -- Symlinking: /home/dostonbek/ros2_ws/install/examples_rclcpp_multithreaded_executor/share/examples_rclcpp_multithreaded_executor/cmake/examples_rclcpp_multithreaded_executorConfig.cmake
[29.712s] -- Symlinking: /home/dostonbek/ros2_ws/install/examples_rclcpp_multithreaded_executor/share/examples_rclcpp_multithreaded_executor/cmake/examples_rclcpp_multithreaded_executorConfig-version.cmake
[29.735s] -- Symlinking: /home/dostonbek/ros2_ws/install/examples_rclcpp_multithreaded_executor/share/examples_rclcpp_multithreaded_executor/package.xml
[29.761s] Invoked command in '/home/dostonbek/ros2_ws/build/examples_rclcpp_multithreaded_executor' returned '0': CMAKE_PREFIX_PATH=/opt/ros/humble /usr/bin/cmake --install /home/dostonbek/ros2_ws/build/examples_rclcpp_multithreaded_executor
