[0.044s] Invoking command in '/home/dostonbek/ros2_ws/build/examples_rclcpp_minimal_timer': CMAKE_PREFIX_PATH=/opt/ros/humble /usr/bin/cmake /home/dostonbek/ros2_ws/src/examples/rclcpp/timers/minimal_timer -DAMENT_CMAKE_SYMLINK_INSTALL=1 -DCMAKE_INSTALL_PREFIX=/home/dostonbek/ros2_ws/install/examples_rclcpp_minimal_timer
[0.331s] -- The C compiler identification is GNU 11.2.0
[0.470s] -- The CXX compiler identification is GNU 11.2.0
[0.488s] -- Detecting C compiler ABI info
[0.708s] -- Detecting C compiler ABI info - done
[0.718s] -- Check for working C compiler: /usr/bin/cc - skipped
[0.719s] -- Detecting C compile features
[0.721s] -- Detecting C compile features - done
[0.726s] -- Detecting CXX compiler ABI info
[0.960s] -- Detecting CXX compiler ABI info - done
[0.974s] -- Check for working CXX compiler: /usr/bin/c++ - skipped
[0.974s] -- Detecting CXX compile features
[0.976s] -- Detecting CXX compile features - done
[0.979s] -- Found ament_cmake: 1.3.2 (/opt/ros/humble/share/ament_cmake/cmake)
[1.347s] -- Found Python3: /usr/bin/python3.10 (found version "3.10.6") found components: Interpreter 
[1.460s] -- Override CMake install command with custom implementation using symlinks instead of copying resources
[1.496s] -- Found rclcpp: 16.0.1 (/opt/ros/humble/share/rclcpp/cmake)
[1.597s] -- Found rosidl_generator_c: 3.1.3 (/opt/ros/humble/share/rosidl_generator_c/cmake)
[1.605s] -- Found rosidl_adapter: 3.1.3 (/opt/ros/humble/share/rosidl_adapter/cmake)
[1.628s] -- Found rosidl_generator_cpp: 3.1.3 (/opt/ros/humble/share/rosidl_generator_cpp/cmake)
[1.678s] -- Using all available rosidl_typesupport_c: rosidl_typesupport_fastrtps_c;rosidl_typesupport_introspection_c
[1.708s] -- Using all available rosidl_typesupport_cpp: rosidl_typesupport_fastrtps_cpp;rosidl_typesupport_introspection_cpp
[1.892s] -- Found rmw_implementation_cmake: 6.1.0 (/opt/ros/humble/share/rmw_implementation_cmake/cmake)
[1.898s] -- Found rmw_fastrtps_cpp: 6.2.1 (/opt/ros/humble/share/rmw_fastrtps_cpp/cmake)
[2.187s] -- Found OpenSSL: /usr/lib/x86_64-linux-gnu/libcrypto.so (found version "3.0.2")  
[2.243s] -- Found FastRTPS: /opt/ros/humble/include  
[2.347s] -- Using RMW implementation 'rmw_fastrtps_cpp' as default
[2.671s] -- Found ament_lint_auto: 0.12.4 (/opt/ros/humble/share/ament_lint_auto/cmake)
[2.841s] -- Added test 'copyright' to check source files copyright and LICENSE
[2.842s] -- Added test 'cppcheck' to perform static code analysis on C / C++ code
[2.843s] -- Configured cppcheck include dirs: 
[2.843s] -- Configured cppcheck exclude dirs and/or files: 
[2.844s] -- Added test 'cpplint' to check C / C++ code against the Google style
[2.844s] -- Configured cpplint exclude dirs and/or files: 
[2.845s] -- Added test 'lint_cmake' to check CMake code style
[2.847s] -- Added test 'uncrustify' to check C / C++ code style
[2.847s] -- Configured uncrustify additional arguments: 
[2.848s] -- Added test 'xmllint' to check XML markup files
[2.850s] -- Configuring done
[2.869s] -- Generating done
[2.872s] -- Build files have been written to: /home/dostonbek/ros2_ws/build/examples_rclcpp_minimal_timer
[2.890s] Invoked command in '/home/dostonbek/ros2_ws/build/examples_rclcpp_minimal_timer' returned '0': CMAKE_PREFIX_PATH=/opt/ros/humble /usr/bin/cmake /home/dostonbek/ros2_ws/src/examples/rclcpp/timers/minimal_timer -DAMENT_CMAKE_SYMLINK_INSTALL=1 -DCMAKE_INSTALL_PREFIX=/home/dostonbek/ros2_ws/install/examples_rclcpp_minimal_timer
[2.891s] Invoking command in '/home/dostonbek/ros2_ws/build/examples_rclcpp_minimal_timer': CMAKE_PREFIX_PATH=/opt/ros/humble /usr/bin/cmake --build /home/dostonbek/ros2_ws/build/examples_rclcpp_minimal_timer -- -j2 -l2
[3.082s] [ 25%] [32mBuilding CXX object CMakeFiles/timer_lambda.dir/lambda.cpp.o[0m
[11.863s] [ 50%] [32m[1mLinking CXX executable timer_lambda[0m
[12.255s] [ 50%] Built target timer_lambda
[12.310s] [ 75%] [32mBuilding CXX object CMakeFiles/timer_member_function.dir/member_function.cpp.o[0m
[21.556s] [100%] [32m[1mLinking CXX executable timer_member_function[0m
[21.865s] [100%] Built target timer_member_function
[21.897s] Invoked command in '/home/dostonbek/ros2_ws/build/examples_rclcpp_minimal_timer' returned '0': CMAKE_PREFIX_PATH=/opt/ros/humble /usr/bin/cmake --build /home/dostonbek/ros2_ws/build/examples_rclcpp_minimal_timer -- -j2 -l2
[21.983s] Invoking command in '/home/dostonbek/ros2_ws/build/examples_rclcpp_minimal_timer': CMAKE_PREFIX_PATH=/opt/ros/humble /usr/bin/cmake --install /home/dostonbek/ros2_ws/build/examples_rclcpp_minimal_timer
[22.003s] -- Install configuration: ""
[22.004s] -- Execute custom install script
[22.005s] -- Symlinking: /home/dostonbek/ros2_ws/install/examples_rclcpp_minimal_timer/lib/examples_rclcpp_minimal_timer/timer_lambda
[22.030s] -- Symlinking: /home/dostonbek/ros2_ws/install/examples_rclcpp_minimal_timer/lib/examples_rclcpp_minimal_timer/timer_member_function
[22.054s] -- Symlinking: /home/dostonbek/ros2_ws/install/examples_rclcpp_minimal_timer/share/ament_index/resource_index/package_run_dependencies/examples_rclcpp_minimal_timer
[22.078s] -- Symlinking: /home/dostonbek/ros2_ws/install/examples_rclcpp_minimal_timer/share/ament_index/resource_index/parent_prefix_path/examples_rclcpp_minimal_timer
[22.121s] -- Symlinking: /home/dostonbek/ros2_ws/install/examples_rclcpp_minimal_timer/share/examples_rclcpp_minimal_timer/environment/ament_prefix_path.sh
[22.162s] -- Symlinking: /home/dostonbek/ros2_ws/install/examples_rclcpp_minimal_timer/share/examples_rclcpp_minimal_timer/environment/ament_prefix_path.dsv
[22.186s] -- Symlinking: /home/dostonbek/ros2_ws/install/examples_rclcpp_minimal_timer/share/examples_rclcpp_minimal_timer/environment/path.sh
[22.221s] -- Symlinking: /home/dostonbek/ros2_ws/install/examples_rclcpp_minimal_timer/share/examples_rclcpp_minimal_timer/environment/path.dsv
[22.260s] -- Symlinking: /home/dostonbek/ros2_ws/install/examples_rclcpp_minimal_timer/share/examples_rclcpp_minimal_timer/local_setup.bash
[22.310s] -- Symlinking: /home/dostonbek/ros2_ws/install/examples_rclcpp_minimal_timer/share/examples_rclcpp_minimal_timer/local_setup.sh
[22.350s] -- Symlinking: /home/dostonbek/ros2_ws/install/examples_rclcpp_minimal_timer/share/examples_rclcpp_minimal_timer/local_setup.zsh
[22.384s] -- Symlinking: /home/dostonbek/ros2_ws/install/examples_rclcpp_minimal_timer/share/examples_rclcpp_minimal_timer/local_setup.dsv
[22.418s] -- Symlinking: /home/dostonbek/ros2_ws/install/examples_rclcpp_minimal_timer/share/examples_rclcpp_minimal_timer/package.dsv
[22.452s] -- Symlinking: /home/dostonbek/ros2_ws/install/examples_rclcpp_minimal_timer/share/ament_index/resource_index/packages/examples_rclcpp_minimal_timer
[22.486s] -- Symlinking: /home/dostonbek/ros2_ws/install/examples_rclcpp_minimal_timer/share/examples_rclcpp_minimal_timer/cmake/examples_rclcpp_minimal_timerConfig.cmake
[22.517s] -- Symlinking: /home/dostonbek/ros2_ws/install/examples_rclcpp_minimal_timer/share/examples_rclcpp_minimal_timer/cmake/examples_rclcpp_minimal_timerConfig-version.cmake
[22.539s] -- Symlinking: /home/dostonbek/ros2_ws/install/examples_rclcpp_minimal_timer/share/examples_rclcpp_minimal_timer/package.xml
[22.570s] Invoked command in '/home/dostonbek/ros2_ws/build/examples_rclcpp_minimal_timer' returned '0': CMAKE_PREFIX_PATH=/opt/ros/humble /usr/bin/cmake --install /home/dostonbek/ros2_ws/build/examples_rclcpp_minimal_timer
