[1.675s] Invoking command in '/home/dostonbek/ros2_ws/build/examples_rclpy_minimal_action_client': PYTHONPATH=/home/dostonbek/ros2_ws/install/examples_rclpy_minimal_action_client/lib/python3.10/site-packages:${PYTHONPATH} /usr/bin/python3 setup.py develop --prefix /home/dostonbek/ros2_ws/install/examples_rclpy_minimal_action_client --editable --build-directory /home/dostonbek/ros2_ws/build/examples_rclpy_minimal_action_client/build --no-deps install_data --install-dir /home/dostonbek/ros2_ws/install/examples_rclpy_minimal_action_client
[2.306s] running develop
[2.307s] /usr/lib/python3/dist-packages/setuptools/command/easy_install.py:158: EasyInstallDeprecationWarning: easy_install command is deprecated. Use build and pip and other standards-based tools.
[2.307s]   warnings.warn(
[2.310s] /usr/lib/python3/dist-packages/setuptools/command/install.py:34: SetuptoolsDeprecationWarning: setup.py install is deprecated. Use build and pip and other standards-based tools.
[2.311s]   warnings.warn(
[2.527s] /usr/lib/python3/dist-packages/pkg_resources/__init__.py:116: PkgResourcesDeprecationWarning: 0.1.43ubuntu1 is an invalid version and will not be supported in a future release
[2.527s]   warnings.warn(
[2.532s] /usr/lib/python3/dist-packages/pkg_resources/__init__.py:116: PkgResourcesDeprecationWarning: 1.1build1 is an invalid version and will not be supported in a future release
[2.533s]   warnings.warn(
[3.019s] running egg_info
[3.019s] creating examples_rclpy_minimal_action_client.egg-info
[3.020s] writing examples_rclpy_minimal_action_client.egg-info/PKG-INFO
[3.021s] writing dependency_links to examples_rclpy_minimal_action_client.egg-info/dependency_links.txt
[3.021s] writing entry points to examples_rclpy_minimal_action_client.egg-info/entry_points.txt
[3.022s] writing requirements to examples_rclpy_minimal_action_client.egg-info/requires.txt
[3.022s] writing top-level names to examples_rclpy_minimal_action_client.egg-info/top_level.txt
[3.023s] writing manifest file 'examples_rclpy_minimal_action_client.egg-info/SOURCES.txt'
[3.030s] reading manifest file 'examples_rclpy_minimal_action_client.egg-info/SOURCES.txt'
[3.032s] writing manifest file 'examples_rclpy_minimal_action_client.egg-info/SOURCES.txt'
[3.036s] running build_ext
[3.036s] Creating /home/dostonbek/ros2_ws/install/examples_rclpy_minimal_action_client/lib/python3.10/site-packages/examples-rclpy-minimal-action-client.egg-link (link to .)
[3.038s] Installing client script to /home/dostonbek/ros2_ws/install/examples_rclpy_minimal_action_client/lib/examples_rclpy_minimal_action_client
[3.038s] Installing client_asyncio script to /home/dostonbek/ros2_ws/install/examples_rclpy_minimal_action_client/lib/examples_rclpy_minimal_action_client
[3.039s] Installing client_cancel script to /home/dostonbek/ros2_ws/install/examples_rclpy_minimal_action_client/lib/examples_rclpy_minimal_action_client
[3.039s] Installing client_not_composable script to /home/dostonbek/ros2_ws/install/examples_rclpy_minimal_action_client/lib/examples_rclpy_minimal_action_client
[3.040s] 
[3.040s] Installed /home/dostonbek/ros2_ws/build/examples_rclpy_minimal_action_client
[3.040s] running install_data
[3.040s] creating /home/dostonbek/ros2_ws/install/examples_rclpy_minimal_action_client/share/ament_index
[3.041s] creating /home/dostonbek/ros2_ws/install/examples_rclpy_minimal_action_client/share/ament_index/resource_index
[3.041s] creating /home/dostonbek/ros2_ws/install/examples_rclpy_minimal_action_client/share/ament_index/resource_index/packages
[3.041s] copying resource/examples_rclpy_minimal_action_client -> /home/dostonbek/ros2_ws/install/examples_rclpy_minimal_action_client/share/ament_index/resource_index/packages
[3.043s] copying package.xml -> /home/dostonbek/ros2_ws/install/examples_rclpy_minimal_action_client/share/examples_rclpy_minimal_action_client
[3.163s] Invoked command in '/home/dostonbek/ros2_ws/build/examples_rclpy_minimal_action_client' returned '0': PYTHONPATH=/home/dostonbek/ros2_ws/install/examples_rclpy_minimal_action_client/lib/python3.10/site-packages:${PYTHONPATH} /usr/bin/python3 setup.py develop --prefix /home/dostonbek/ros2_ws/install/examples_rclpy_minimal_action_client --editable --build-directory /home/dostonbek/ros2_ws/build/examples_rclpy_minimal_action_client/build --no-deps install_data --install-dir /home/dostonbek/ros2_ws/install/examples_rclpy_minimal_action_client
