[8.185s] Invoking command in '/home/dostonbek/ros2_ws/build/examples_rclpy_minimal_action_client': PYTHONPATH=/home/dostonbek/ros2_ws/install/examples_rclpy_minimal_action_client/lib/python3.10/site-packages:${PYTHONPATH} /usr/bin/python3 setup.py develop --prefix /home/dostonbek/ros2_ws/install/examples_rclpy_minimal_action_client --uninstall --editable --build-directory /home/dostonbek/ros2_ws/build/examples_rclpy_minimal_action_client/build
[12.474s] running develop
[12.477s] /usr/lib/python3/dist-packages/setuptools/command/easy_install.py:158: EasyInstallDeprecationWarning: easy_install command is deprecated. Use build and pip and other standards-based tools.
[12.483s]   warnings.warn(
[12.490s] /usr/lib/python3/dist-packages/setuptools/command/install.py:34: SetuptoolsDeprecationWarning: setup.py install is deprecated. Use build and pip and other standards-based tools.
[12.490s]   warnings.warn(
[13.244s] /usr/lib/python3/dist-packages/pkg_resources/__init__.py:116: PkgResourcesDeprecationWarning: 0.1.43ubuntu1 is an invalid version and will not be supported in a future release
[13.244s]   warnings.warn(
[13.245s] /usr/lib/python3/dist-packages/pkg_resources/__init__.py:116: PkgResourcesDeprecationWarning: 1.1build1 is an invalid version and will not be supported in a future release
[13.248s]   warnings.warn(
[14.255s] Invoked command in '/home/dostonbek/ros2_ws/build/examples_rclpy_minimal_action_client' returned '0': PYTHONPATH=/home/dostonbek/ros2_ws/install/examples_rclpy_minimal_action_client/lib/python3.10/site-packages:${PYTHONPATH} /usr/bin/python3 setup.py develop --prefix /home/dostonbek/ros2_ws/install/examples_rclpy_minimal_action_client --uninstall --editable --build-directory /home/dostonbek/ros2_ws/build/examples_rclpy_minimal_action_client/build
[14.272s] Invoking command in '/home/dostonbek/ros2_ws/src/examples/rclpy/actions/minimal_action_client': PYTHONPATH=/home/dostonbek/ros2_ws/install/examples_rclpy_minimal_action_client/lib/python3.10/site-packages:${PYTHONPATH} /usr/bin/python3 setup.py egg_info --egg-base ../../../../../build/examples_rclpy_minimal_action_client build --build-base /home/dostonbek/ros2_ws/build/examples_rclpy_minimal_action_client/build install --prefix /home/dostonbek/ros2_ws/install/examples_rclpy_minimal_action_client --record /home/dostonbek/ros2_ws/build/examples_rclpy_minimal_action_client/install.log --single-version-externally-managed
[16.470s] running egg_info
[16.487s] writing ../../../../../build/examples_rclpy_minimal_action_client/examples_rclpy_minimal_action_client.egg-info/PKG-INFO
[16.495s] writing dependency_links to ../../../../../build/examples_rclpy_minimal_action_client/examples_rclpy_minimal_action_client.egg-info/dependency_links.txt
[16.504s] writing entry points to ../../../../../build/examples_rclpy_minimal_action_client/examples_rclpy_minimal_action_client.egg-info/entry_points.txt
[16.515s] writing requirements to ../../../../../build/examples_rclpy_minimal_action_client/examples_rclpy_minimal_action_client.egg-info/requires.txt
[16.518s] writing top-level names to ../../../../../build/examples_rclpy_minimal_action_client/examples_rclpy_minimal_action_client.egg-info/top_level.txt
[16.532s] reading manifest file '../../../../../build/examples_rclpy_minimal_action_client/examples_rclpy_minimal_action_client.egg-info/SOURCES.txt'
[16.545s] writing manifest file '../../../../../build/examples_rclpy_minimal_action_client/examples_rclpy_minimal_action_client.egg-info/SOURCES.txt'
[16.547s] running build
[16.548s] running build_py
[16.553s] running install
[16.555s] /usr/lib/python3/dist-packages/setuptools/command/install.py:34: SetuptoolsDeprecationWarning: setup.py install is deprecated. Use build and pip and other standards-based tools.
[16.557s]   warnings.warn(
[16.559s] running install_lib
[16.582s] running install_data
[16.588s] running install_egg_info
[16.603s] removing '/home/dostonbek/ros2_ws/install/examples_rclpy_minimal_action_client/lib/python3.10/site-packages/examples_rclpy_minimal_action_client-0.15.0-py3.10.egg-info' (and everything under it)
[16.605s] Copying ../../../../../build/examples_rclpy_minimal_action_client/examples_rclpy_minimal_action_client.egg-info to /home/dostonbek/ros2_ws/install/examples_rclpy_minimal_action_client/lib/python3.10/site-packages/examples_rclpy_minimal_action_client-0.15.0-py3.10.egg-info
[16.619s] running install_scripts
[16.767s] Installing client script to /home/dostonbek/ros2_ws/install/examples_rclpy_minimal_action_client/lib/examples_rclpy_minimal_action_client
[16.770s] Installing client_asyncio script to /home/dostonbek/ros2_ws/install/examples_rclpy_minimal_action_client/lib/examples_rclpy_minimal_action_client
[16.770s] Installing client_cancel script to /home/dostonbek/ros2_ws/install/examples_rclpy_minimal_action_client/lib/examples_rclpy_minimal_action_client
[16.771s] Installing client_not_composable script to /home/dostonbek/ros2_ws/install/examples_rclpy_minimal_action_client/lib/examples_rclpy_minimal_action_client
[16.771s] writing list of installed files to '/home/dostonbek/ros2_ws/build/examples_rclpy_minimal_action_client/install.log'
[16.851s] Invoked command in '/home/dostonbek/ros2_ws/src/examples/rclpy/actions/minimal_action_client' returned '0': PYTHONPATH=/home/dostonbek/ros2_ws/install/examples_rclpy_minimal_action_client/lib/python3.10/site-packages:${PYTHONPATH} /usr/bin/python3 setup.py egg_info --egg-base ../../../../../build/examples_rclpy_minimal_action_client build --build-base /home/dostonbek/ros2_ws/build/examples_rclpy_minimal_action_client/build install --prefix /home/dostonbek/ros2_ws/install/examples_rclpy_minimal_action_client --record /home/dostonbek/ros2_ws/build/examples_rclpy_minimal_action_client/install.log --single-version-externally-managed
