[1.630s] Invoking command in '/home/dostonbek/ros2_ws/build/examples_rclpy_pointcloud_publisher': PYTHONPATH=/home/dostonbek/ros2_ws/install/examples_rclpy_pointcloud_publisher/lib/python3.10/site-packages:${PYTHONPATH} /usr/bin/python3 setup.py develop --prefix /home/dostonbek/ros2_ws/install/examples_rclpy_pointcloud_publisher --editable --build-directory /home/dostonbek/ros2_ws/build/examples_rclpy_pointcloud_publisher/build --no-deps install_data --install-dir /home/dostonbek/ros2_ws/install/examples_rclpy_pointcloud_publisher
[2.308s] running develop
[2.311s] /usr/lib/python3/dist-packages/setuptools/command/easy_install.py:158: EasyInstallDeprecationWarning: easy_install command is deprecated. Use build and pip and other standards-based tools.
[2.311s]   warnings.warn(
[2.316s] /usr/lib/python3/dist-packages/setuptools/command/install.py:34: SetuptoolsDeprecationWarning: setup.py install is deprecated. Use build and pip and other standards-based tools.
[2.316s]   warnings.warn(
[2.419s] /usr/lib/python3/dist-packages/pkg_resources/__init__.py:116: PkgResourcesDeprecationWarning: 0.1.43ubuntu1 is an invalid version and will not be supported in a future release
[2.420s]   warnings.warn(
[2.421s] /usr/lib/python3/dist-packages/pkg_resources/__init__.py:116: PkgResourcesDeprecationWarning: 1.1build1 is an invalid version and will not be supported in a future release
[2.421s]   warnings.warn(
[2.716s] running egg_info
[2.716s] creating examples_rclpy_pointcloud_publisher.egg-info
[2.717s] writing examples_rclpy_pointcloud_publisher.egg-info/PKG-INFO
[2.718s] writing dependency_links to examples_rclpy_pointcloud_publisher.egg-info/dependency_links.txt
[2.719s] writing entry points to examples_rclpy_pointcloud_publisher.egg-info/entry_points.txt
[2.719s] writing requirements to examples_rclpy_pointcloud_publisher.egg-info/requires.txt
[2.720s] writing top-level names to examples_rclpy_pointcloud_publisher.egg-info/top_level.txt
[2.721s] writing manifest file 'examples_rclpy_pointcloud_publisher.egg-info/SOURCES.txt'
[2.727s] reading manifest file 'examples_rclpy_pointcloud_publisher.egg-info/SOURCES.txt'
[2.729s] writing manifest file 'examples_rclpy_pointcloud_publisher.egg-info/SOURCES.txt'
[2.732s] running build_ext
[2.733s] Creating /home/dostonbek/ros2_ws/install/examples_rclpy_pointcloud_publisher/lib/python3.10/site-packages/examples-rclpy-pointcloud-publisher.egg-link (link to .)
[2.736s] Installing pointcloud_publisher script to /home/dostonbek/ros2_ws/install/examples_rclpy_pointcloud_publisher/lib/examples_rclpy_pointcloud_publisher
[2.737s] 
[2.737s] Installed /home/dostonbek/ros2_ws/build/examples_rclpy_pointcloud_publisher
[2.737s] running install_data
[2.738s] creating /home/dostonbek/ros2_ws/install/examples_rclpy_pointcloud_publisher/share/ament_index
[2.738s] creating /home/dostonbek/ros2_ws/install/examples_rclpy_pointcloud_publisher/share/ament_index/resource_index
[2.739s] creating /home/dostonbek/ros2_ws/install/examples_rclpy_pointcloud_publisher/share/ament_index/resource_index/packages
[2.739s] copying resource/examples_rclpy_pointcloud_publisher -> /home/dostonbek/ros2_ws/install/examples_rclpy_pointcloud_publisher/share/ament_index/resource_index/packages
[2.740s] copying package.xml -> /home/dostonbek/ros2_ws/install/examples_rclpy_pointcloud_publisher/share/examples_rclpy_pointcloud_publisher
[2.832s] Invoked command in '/home/dostonbek/ros2_ws/build/examples_rclpy_pointcloud_publisher' returned '0': PYTHONPATH=/home/dostonbek/ros2_ws/install/examples_rclpy_pointcloud_publisher/lib/python3.10/site-packages:${PYTHONPATH} /usr/bin/python3 setup.py develop --prefix /home/dostonbek/ros2_ws/install/examples_rclpy_pointcloud_publisher --editable --build-directory /home/dostonbek/ros2_ws/build/examples_rclpy_pointcloud_publisher/build --no-deps install_data --install-dir /home/dostonbek/ros2_ws/install/examples_rclpy_pointcloud_publisher
