[0.041s] Invoking command in '/home/dostonbek/ros2_ws/build/examples_rclcpp_minimal_service': CMAKE_PREFIX_PATH=${CMAKE_PREFIX_PATH}:/home/dostonbek/ros2_ws/install/py_srvcli:/home/dostonbek/ros2_ws/install/py_pubsub:/home/dostonbek/ros2_ws/install/my_package:/home/dostonbek/ros2_ws/install/launch_testing_examples:/home/dostonbek/ros2_ws/install/examples_rclpy_pointcloud_publisher:/home/dostonbek/ros2_ws/install/examples_rclpy_minimal_subscriber:/home/dostonbek/ros2_ws/install/examples_rclpy_minimal_service:/home/dostonbek/ros2_ws/install/examples_rclpy_minimal_publisher:/home/dostonbek/ros2_ws/install/examples_rclpy_minimal_client:/home/dostonbek/ros2_ws/install/examples_rclpy_minimal_action_server:/home/dostonbek/ros2_ws/install/examples_rclpy_minimal_action_client:/home/dostonbek/ros2_ws/install/examples_rclpy_guard_conditions:/home/dostonbek/ros2_ws/install/examples_rclpy_executors:/opt/ros/humble /usr/bin/cmake --build /home/dostonbek/ros2_ws/build/examples_rclcpp_minimal_service -- -j2 -l2
[0.480s] [100%] Built target service_main
[0.576s] Invoked command in '/home/dostonbek/ros2_ws/build/examples_rclcpp_minimal_service' returned '0': CMAKE_PREFIX_PATH=${CMAKE_PREFIX_PATH}:/home/dostonbek/ros2_ws/install/py_srvcli:/home/dostonbek/ros2_ws/install/py_pubsub:/home/dostonbek/ros2_ws/install/my_package:/home/dostonbek/ros2_ws/install/launch_testing_examples:/home/dostonbek/ros2_ws/install/examples_rclpy_pointcloud_publisher:/home/dostonbek/ros2_ws/install/examples_rclpy_minimal_subscriber:/home/dostonbek/ros2_ws/install/examples_rclpy_minimal_service:/home/dostonbek/ros2_ws/install/examples_rclpy_minimal_publisher:/home/dostonbek/ros2_ws/install/examples_rclpy_minimal_client:/home/dostonbek/ros2_ws/install/examples_rclpy_minimal_action_server:/home/dostonbek/ros2_ws/install/examples_rclpy_minimal_action_client:/home/dostonbek/ros2_ws/install/examples_rclpy_guard_conditions:/home/dostonbek/ros2_ws/install/examples_rclpy_executors:/opt/ros/humble /usr/bin/cmake --build /home/dostonbek/ros2_ws/build/examples_rclcpp_minimal_service -- -j2 -l2
[1.108s] Invoking command in '/home/dostonbek/ros2_ws/build/examples_rclcpp_minimal_service': CMAKE_PREFIX_PATH=${CMAKE_PREFIX_PATH}:/home/dostonbek/ros2_ws/install/py_srvcli:/home/dostonbek/ros2_ws/install/py_pubsub:/home/dostonbek/ros2_ws/install/my_package:/home/dostonbek/ros2_ws/install/launch_testing_examples:/home/dostonbek/ros2_ws/install/examples_rclpy_pointcloud_publisher:/home/dostonbek/ros2_ws/install/examples_rclpy_minimal_subscriber:/home/dostonbek/ros2_ws/install/examples_rclpy_minimal_service:/home/dostonbek/ros2_ws/install/examples_rclpy_minimal_publisher:/home/dostonbek/ros2_ws/install/examples_rclpy_minimal_client:/home/dostonbek/ros2_ws/install/examples_rclpy_minimal_action_server:/home/dostonbek/ros2_ws/install/examples_rclpy_minimal_action_client:/home/dostonbek/ros2_ws/install/examples_rclpy_guard_conditions:/home/dostonbek/ros2_ws/install/examples_rclpy_executors:/opt/ros/humble /usr/bin/cmake --install /home/dostonbek/ros2_ws/build/examples_rclcpp_minimal_service
[1.174s] -- Install configuration: ""
[1.178s] -- Execute custom install script
[1.184s] -- Up-to-date symlink: /home/dostonbek/ros2_ws/install/examples_rclcpp_minimal_service/lib/examples_rclcpp_minimal_service/service_main
[1.184s] -- Up-to-date symlink: /home/dostonbek/ros2_ws/install/examples_rclcpp_minimal_service/share/ament_index/resource_index/package_run_dependencies/examples_rclcpp_minimal_service
[1.189s] -- Up-to-date symlink: /home/dostonbek/ros2_ws/install/examples_rclcpp_minimal_service/share/ament_index/resource_index/parent_prefix_path/examples_rclcpp_minimal_service
[1.190s] -- Up-to-date symlink: /home/dostonbek/ros2_ws/install/examples_rclcpp_minimal_service/share/examples_rclcpp_minimal_service/environment/ament_prefix_path.sh
[1.196s] -- Up-to-date symlink: /home/dostonbek/ros2_ws/install/examples_rclcpp_minimal_service/share/examples_rclcpp_minimal_service/environment/ament_prefix_path.dsv
[1.196s] -- Up-to-date symlink: /home/dostonbek/ros2_ws/install/examples_rclcpp_minimal_service/share/examples_rclcpp_minimal_service/environment/path.sh
[1.203s] -- Up-to-date symlink: /home/dostonbek/ros2_ws/install/examples_rclcpp_minimal_service/share/examples_rclcpp_minimal_service/environment/path.dsv
[1.204s] -- Up-to-date symlink: /home/dostonbek/ros2_ws/install/examples_rclcpp_minimal_service/share/examples_rclcpp_minimal_service/local_setup.bash
[1.213s] -- Up-to-date symlink: /home/dostonbek/ros2_ws/install/examples_rclcpp_minimal_service/share/examples_rclcpp_minimal_service/local_setup.sh
[1.214s] -- Up-to-date symlink: /home/dostonbek/ros2_ws/install/examples_rclcpp_minimal_service/share/examples_rclcpp_minimal_service/local_setup.zsh
[1.214s] -- Up-to-date symlink: /home/dostonbek/ros2_ws/install/examples_rclcpp_minimal_service/share/examples_rclcpp_minimal_service/local_setup.dsv
[1.214s] -- Symlinking: /home/dostonbek/ros2_ws/install/examples_rclcpp_minimal_service/share/examples_rclcpp_minimal_service/package.dsv
[1.319s] -- Up-to-date symlink: /home/dostonbek/ros2_ws/install/examples_rclcpp_minimal_service/share/ament_index/resource_index/packages/examples_rclcpp_minimal_service
[1.320s] -- Up-to-date symlink: /home/dostonbek/ros2_ws/install/examples_rclcpp_minimal_service/share/examples_rclcpp_minimal_service/cmake/examples_rclcpp_minimal_serviceConfig.cmake
[1.320s] -- Up-to-date symlink: /home/dostonbek/ros2_ws/install/examples_rclcpp_minimal_service/share/examples_rclcpp_minimal_service/cmake/examples_rclcpp_minimal_serviceConfig-version.cmake
[1.321s] -- Up-to-date symlink: /home/dostonbek/ros2_ws/install/examples_rclcpp_minimal_service/share/examples_rclcpp_minimal_service/package.xml
[1.335s] Invoked command in '/home/dostonbek/ros2_ws/build/examples_rclcpp_minimal_service' returned '0': CMAKE_PREFIX_PATH=${CMAKE_PREFIX_PATH}:/home/dostonbek/ros2_ws/install/py_srvcli:/home/dostonbek/ros2_ws/install/py_pubsub:/home/dostonbek/ros2_ws/install/my_package:/home/dostonbek/ros2_ws/install/launch_testing_examples:/home/dostonbek/ros2_ws/install/examples_rclpy_pointcloud_publisher:/home/dostonbek/ros2_ws/install/examples_rclpy_minimal_subscriber:/home/dostonbek/ros2_ws/install/examples_rclpy_minimal_service:/home/dostonbek/ros2_ws/install/examples_rclpy_minimal_publisher:/home/dostonbek/ros2_ws/install/examples_rclpy_minimal_client:/home/dostonbek/ros2_ws/install/examples_rclpy_minimal_action_server:/home/dostonbek/ros2_ws/install/examples_rclpy_minimal_action_client:/home/dostonbek/ros2_ws/install/examples_rclpy_guard_conditions:/home/dostonbek/ros2_ws/install/examples_rclpy_executors:/opt/ros/humble /usr/bin/cmake --install /home/dostonbek/ros2_ws/build/examples_rclcpp_minimal_service
