[10.841s] Invoking command in '/home/dostonbek/ros2_ws/src/my_package': PYTHONPATH=/home/dostonbek/ros2_ws/install/my_package/lib/python3.10/site-packages:${PYTHONPATH} /usr/bin/python3 setup.py egg_info --egg-base ../../build/my_package build --build-base /home/dostonbek/ros2_ws/build/my_package/build install --prefix /home/dostonbek/ros2_ws/install/my_package --record /home/dostonbek/ros2_ws/build/my_package/install.log --single-version-externally-managed
[14.590s] running egg_info
[14.601s] writing ../../build/my_package/my_package.egg-info/PKG-INFO
[14.603s] writing dependency_links to ../../build/my_package/my_package.egg-info/dependency_links.txt
[14.609s] writing entry points to ../../build/my_package/my_package.egg-info/entry_points.txt
[14.617s] writing requirements to ../../build/my_package/my_package.egg-info/requires.txt
[14.617s] writing top-level names to ../../build/my_package/my_package.egg-info/top_level.txt
[14.649s] reading manifest file '../../build/my_package/my_package.egg-info/SOURCES.txt'
[14.674s] writing manifest file '../../build/my_package/my_package.egg-info/SOURCES.txt'
[14.675s] running build
[14.676s] running build_py
[14.682s] /usr/lib/python3/dist-packages/setuptools/command/install.py:34: SetuptoolsDeprecationWarning: setup.py install is deprecated. Use build and pip and other standards-based tools.
[14.684s]   warnings.warn(
[14.684s] running install
[14.685s] running install_lib
[14.712s] running install_data
[14.718s] copying package.xml -> /home/dostonbek/ros2_ws/install/my_package/share/my_package
[14.725s] running install_egg_info
[14.752s] removing '/home/dostonbek/ros2_ws/install/my_package/lib/python3.10/site-packages/my_package-0.0.0-py3.10.egg-info' (and everything under it)
[14.757s] Copying ../../build/my_package/my_package.egg-info to /home/dostonbek/ros2_ws/install/my_package/lib/python3.10/site-packages/my_package-0.0.0-py3.10.egg-info
[14.786s] running install_scripts
[15.071s] Installing my_node script to /home/dostonbek/ros2_ws/install/my_package/lib/my_package
[15.080s] writing list of installed files to '/home/dostonbek/ros2_ws/build/my_package/install.log'
[15.286s] Invoked command in '/home/dostonbek/ros2_ws/src/my_package' returned '0': PYTHONPATH=/home/dostonbek/ros2_ws/install/my_package/lib/python3.10/site-packages:${PYTHONPATH} /usr/bin/python3 setup.py egg_info --egg-base ../../build/my_package build --build-base /home/dostonbek/ros2_ws/build/my_package/build install --prefix /home/dostonbek/ros2_ws/install/my_package --record /home/dostonbek/ros2_ws/build/my_package/install.log --single-version-externally-managed
