[1.638s] Invoking command in '/home/dostonbek/ros2_ws/src/my_package': PYTHONPATH=/home/dostonbek/ros2_ws/install/my_package/lib/python3.10/site-packages:${PYTHONPATH} /usr/bin/python3 setup.py egg_info --egg-base ../../build/my_package build --build-base /home/dostonbek/ros2_ws/build/my_package/build install --prefix /home/dostonbek/ros2_ws/install/my_package --record /home/dostonbek/ros2_ws/build/my_package/install.log --single-version-externally-managed
[2.113s] running egg_info
[2.115s] creating ../../build/my_package/my_package.egg-info
[2.116s] writing ../../build/my_package/my_package.egg-info/PKG-INFO
[2.117s] writing dependency_links to ../../build/my_package/my_package.egg-info/dependency_links.txt
[2.118s] writing entry points to ../../build/my_package/my_package.egg-info/entry_points.txt
[2.118s] writing requirements to ../../build/my_package/my_package.egg-info/requires.txt
[2.119s] writing top-level names to ../../build/my_package/my_package.egg-info/top_level.txt
[2.120s] writing manifest file '../../build/my_package/my_package.egg-info/SOURCES.txt'
[2.124s] reading manifest file '../../build/my_package/my_package.egg-info/SOURCES.txt'
[2.126s] writing manifest file '../../build/my_package/my_package.egg-info/SOURCES.txt'
[2.127s] running build
[2.128s] running build_py
[2.128s] creating /home/dostonbek/ros2_ws/build/my_package/build
[2.129s] creating /home/dostonbek/ros2_ws/build/my_package/build/lib
[2.129s] creating /home/dostonbek/ros2_ws/build/my_package/build/lib/my_package
[2.130s] copying my_package/my_node.py -> /home/dostonbek/ros2_ws/build/my_package/build/lib/my_package
[2.131s] copying my_package/__init__.py -> /home/dostonbek/ros2_ws/build/my_package/build/lib/my_package
[2.132s] running install
[2.133s] /usr/lib/python3/dist-packages/setuptools/command/install.py:34: SetuptoolsDeprecationWarning: setup.py install is deprecated. Use build and pip and other standards-based tools.
[2.133s]   warnings.warn(
[2.134s] running install_lib
[2.136s] creating /home/dostonbek/ros2_ws/install/my_package/lib/python3.10/site-packages/my_package
[2.137s] copying /home/dostonbek/ros2_ws/build/my_package/build/lib/my_package/my_node.py -> /home/dostonbek/ros2_ws/install/my_package/lib/python3.10/site-packages/my_package
[2.137s] copying /home/dostonbek/ros2_ws/build/my_package/build/lib/my_package/__init__.py -> /home/dostonbek/ros2_ws/install/my_package/lib/python3.10/site-packages/my_package
[2.139s] byte-compiling /home/dostonbek/ros2_ws/install/my_package/lib/python3.10/site-packages/my_package/my_node.py to my_node.cpython-310.pyc
[2.140s] byte-compiling /home/dostonbek/ros2_ws/install/my_package/lib/python3.10/site-packages/my_package/__init__.py to __init__.cpython-310.pyc
[2.141s] running install_data
[2.142s] creating /home/dostonbek/ros2_ws/install/my_package/share/ament_index
[2.143s] creating /home/dostonbek/ros2_ws/install/my_package/share/ament_index/resource_index
[2.143s] creating /home/dostonbek/ros2_ws/install/my_package/share/ament_index/resource_index/packages
[2.144s] copying resource/my_package -> /home/dostonbek/ros2_ws/install/my_package/share/ament_index/resource_index/packages
[2.144s] copying package.xml -> /home/dostonbek/ros2_ws/install/my_package/share/my_package
[2.145s] running install_egg_info
[2.149s] Copying ../../build/my_package/my_package.egg-info to /home/dostonbek/ros2_ws/install/my_package/lib/python3.10/site-packages/my_package-0.0.0-py3.10.egg-info
[2.152s] running install_scripts
[2.210s] Installing my_node script to /home/dostonbek/ros2_ws/install/my_package/lib/my_package
[2.211s] writing list of installed files to '/home/dostonbek/ros2_ws/build/my_package/install.log'
[2.278s] Invoked command in '/home/dostonbek/ros2_ws/src/my_package' returned '0': PYTHONPATH=/home/dostonbek/ros2_ws/install/my_package/lib/python3.10/site-packages:${PYTHONPATH} /usr/bin/python3 setup.py egg_info --egg-base ../../build/my_package build --build-base /home/dostonbek/ros2_ws/build/my_package/build install --prefix /home/dostonbek/ros2_ws/install/my_package --record /home/dostonbek/ros2_ws/build/my_package/install.log --single-version-externally-managed
