[2.318s] Invoking command in '/home/dostonbek/ros2_ws/src/py_pubsub': PYTHONPATH=/home/dostonbek/ros2_ws/install/py_pubsub/lib/python3.10/site-packages:${PYTHONPATH} /usr/bin/python3 setup.py egg_info --egg-base ../../build/py_pubsub build --build-base /home/dostonbek/ros2_ws/build/py_pubsub/build install --prefix /home/dostonbek/ros2_ws/install/py_pubsub --record /home/dostonbek/ros2_ws/build/py_pubsub/install.log --single-version-externally-managed
[3.376s] running egg_info
[3.379s] writing ../../build/py_pubsub/py_pubsub.egg-info/PKG-INFO
[3.382s] writing dependency_links to ../../build/py_pubsub/py_pubsub.egg-info/dependency_links.txt
[3.383s] writing entry points to ../../build/py_pubsub/py_pubsub.egg-info/entry_points.txt
[3.384s] writing requirements to ../../build/py_pubsub/py_pubsub.egg-info/requires.txt
[3.385s] writing top-level names to ../../build/py_pubsub/py_pubsub.egg-info/top_level.txt
[3.391s] reading manifest file '../../build/py_pubsub/py_pubsub.egg-info/SOURCES.txt'
[3.394s] writing manifest file '../../build/py_pubsub/py_pubsub.egg-info/SOURCES.txt'
[3.395s] running build
[3.395s] running build_py
[3.418s] running install
[3.419s] /usr/lib/python3/dist-packages/setuptools/command/install.py:34: SetuptoolsDeprecationWarning: setup.py install is deprecated. Use build and pip and other standards-based tools.
[3.419s]   warnings.warn(
[3.421s] running install_lib
[3.424s] running install_data
[3.426s] running install_egg_info
[3.438s] removing '/home/dostonbek/ros2_ws/install/py_pubsub/lib/python3.10/site-packages/py_pubsub-0.0.0-py3.10.egg-info' (and everything under it)
[3.440s] Copying ../../build/py_pubsub/py_pubsub.egg-info to /home/dostonbek/ros2_ws/install/py_pubsub/lib/python3.10/site-packages/py_pubsub-0.0.0-py3.10.egg-info
[3.445s] running install_scripts
[3.502s] Installing listener script to /home/dostonbek/ros2_ws/install/py_pubsub/lib/py_pubsub
[3.503s] Installing talker script to /home/dostonbek/ros2_ws/install/py_pubsub/lib/py_pubsub
[3.505s] writing list of installed files to '/home/dostonbek/ros2_ws/build/py_pubsub/install.log'
[3.583s] Invoked command in '/home/dostonbek/ros2_ws/src/py_pubsub' returned '0': PYTHONPATH=/home/dostonbek/ros2_ws/install/py_pubsub/lib/python3.10/site-packages:${PYTHONPATH} /usr/bin/python3 setup.py egg_info --egg-base ../../build/py_pubsub build --build-base /home/dostonbek/ros2_ws/build/py_pubsub/build install --prefix /home/dostonbek/ros2_ws/install/py_pubsub --record /home/dostonbek/ros2_ws/build/py_pubsub/install.log --single-version-externally-managed
