[0.024s] Invoking command in '/home/dostonbek/ros2_ws/build/examples_rclcpp_wait_set': CMAKE_PREFIX_PATH=/opt/ros/humble /usr/bin/cmake /home/dostonbek/ros2_ws/src/examples/rclcpp/wait_set -DAMENT_CMAKE_SYMLINK_INSTALL=1 -DCMAKE_INSTALL_PREFIX=/home/dostonbek/ros2_ws/install/examples_rclcpp_wait_set
[0.189s] -- The C compiler identification is GNU 11.2.0
[0.322s] -- The CXX compiler identification is GNU 11.2.0
[0.347s] -- Detecting C compiler ABI info
[0.558s] -- Detecting C compiler ABI info - done
[0.590s] -- Check for working C compiler: /usr/bin/cc - skipped
[0.591s] -- Detecting C compile features
[0.592s] -- Detecting C compile features - done
[0.605s] -- Detecting CXX compiler ABI info
[0.936s] -- Detecting CXX compiler ABI info - done
[0.961s] -- Check for working CXX compiler: /usr/bin/c++ - skipped
[0.962s] -- Detecting CXX compile features
[0.963s] -- Detecting CXX compile features - done
[0.968s] -- Found ament_cmake: 1.3.2 (/opt/ros/humble/share/ament_cmake/cmake)
[1.332s] -- Found Python3: /usr/bin/python3.10 (found version "3.10.6") found components: Interpreter 
[1.469s] -- Override CMake install command with custom implementation using symlinks instead of copying resources
[1.587s] -- Found example_interfaces: 0.9.3 (/opt/ros/humble/share/example_interfaces/cmake)
[1.723s] -- Found rosidl_generator_c: 3.1.3 (/opt/ros/humble/share/rosidl_generator_c/cmake)
[1.743s] -- Found rosidl_adapter: 3.1.3 (/opt/ros/humble/share/rosidl_adapter/cmake)
[1.791s] -- Found rosidl_generator_cpp: 3.1.3 (/opt/ros/humble/share/rosidl_generator_cpp/cmake)
[1.857s] -- Using all available rosidl_typesupport_c: rosidl_typesupport_fastrtps_c;rosidl_typesupport_introspection_c
[1.940s] -- Using all available rosidl_typesupport_cpp: rosidl_typesupport_fastrtps_cpp;rosidl_typesupport_introspection_cpp
[2.341s] -- Found rclcpp: 16.0.1 (/opt/ros/humble/share/rclcpp/cmake)
[2.445s] -- Found rmw_implementation_cmake: 6.1.0 (/opt/ros/humble/share/rmw_implementation_cmake/cmake)
[2.454s] -- Found rmw_fastrtps_cpp: 6.2.1 (/opt/ros/humble/share/rmw_fastrtps_cpp/cmake)
[2.866s] -- Found OpenSSL: /usr/lib/x86_64-linux-gnu/libcrypto.so (found version "3.0.2")  
[2.946s] -- Found FastRTPS: /opt/ros/humble/include  
[3.055s] -- Using RMW implementation 'rmw_fastrtps_cpp' as default
[3.519s] -- Found rclcpp_components: 16.0.1 (/opt/ros/humble/share/rclcpp_components/cmake)
[3.817s] -- Found ament_lint_auto: 0.12.4 (/opt/ros/humble/share/ament_lint_auto/cmake)
[4.133s] -- Added test 'copyright' to check source files copyright and LICENSE
[4.146s] -- Added test 'cppcheck' to perform static code analysis on C / C++ code
[4.151s] -- Configured cppcheck include dirs: /home/dostonbek/ros2_ws/src/examples/rclcpp/wait_set/include
[4.151s] -- Configured cppcheck exclude dirs and/or files: 
[4.157s] -- Added test 'cpplint' to check C / C++ code against the Google style
[4.157s] -- Configured cpplint exclude dirs and/or files: 
[4.158s] -- Added test 'lint_cmake' to check CMake code style
[4.167s] -- Added test 'uncrustify' to check C / C++ code style
[4.168s] -- Configured uncrustify additional arguments: 
[4.168s] -- Added test 'xmllint' to check XML markup files
[4.174s] -- Configuring done
[4.289s] -- Generating done
[4.294s] -- Build files have been written to: /home/dostonbek/ros2_ws/build/examples_rclcpp_wait_set
[4.330s] Invoked command in '/home/dostonbek/ros2_ws/build/examples_rclcpp_wait_set' returned '0': CMAKE_PREFIX_PATH=/opt/ros/humble /usr/bin/cmake /home/dostonbek/ros2_ws/src/examples/rclcpp/wait_set -DAMENT_CMAKE_SYMLINK_INSTALL=1 -DCMAKE_INSTALL_PREFIX=/home/dostonbek/ros2_ws/install/examples_rclcpp_wait_set
[4.330s] Invoking command in '/home/dostonbek/ros2_ws/build/examples_rclcpp_wait_set': CMAKE_PREFIX_PATH=/opt/ros/humble /usr/bin/cmake --build /home/dostonbek/ros2_ws/build/examples_rclcpp_wait_set -- -j2 -l2
[4.548s] [  4%] [32mBuilding CXX object CMakeFiles/talker.dir/src/talker.cpp.o[0m
[16.536s] [  8%] [32m[1mLinking CXX shared library libtalker.so[0m
[17.028s] [  8%] Built target talker
[17.071s] [ 12%] [32mBuilding CXX object CMakeFiles/wait_set_talker.dir/rclcpp_components/node_main_wait_set_talker.cpp.o[0m
[27.176s] [ 16%] [32m[1mLinking CXX executable wait_set_talker[0m
[27.488s] [ 16%] Built target wait_set_talker
[27.555s] [ 20%] [32mBuilding CXX object CMakeFiles/listener.dir/src/listener.cpp.o[0m
[54.048s] [ 25%] [32m[1mLinking CXX shared library liblistener.so[0m
[55.869s] [ 25%] Built target listener
[55.973s] [ 29%] [32mBuilding CXX object CMakeFiles/wait_set_listener.dir/rclcpp_components/node_main_wait_set_listener.cpp.o[0m
[66.951s] [ 33%] [32m[1mLinking CXX executable wait_set_listener[0m
[67.529s] [ 33%] Built target wait_set_listener
[67.615s] [ 37%] [32mBuilding CXX object CMakeFiles/wait_set.dir/src/wait_set.cpp.o[0m
[92.919s] [ 41%] [32m[1mLinking CXX executable wait_set[0m
[93.949s] [ 41%] Built target wait_set
[93.987s] [ 45%] [32mBuilding CXX object CMakeFiles/static_wait_set.dir/src/static_wait_set.cpp.o[0m
[117.369s] [ 50%] [32m[1mLinking CXX executable static_wait_set[0m
[118.464s] [ 50%] Built target static_wait_set
[118.514s] [ 54%] [32mBuilding CXX object CMakeFiles/thread_safe_wait_set.dir/src/thread_safe_wait_set.cpp.o[0m
[145.896s] [ 58%] [32m[1mLinking CXX executable thread_safe_wait_set[0m
[146.918s] [ 58%] Built target thread_safe_wait_set
[147.069s] [ 62%] [32mBuilding CXX object CMakeFiles/wait_set_topics_and_timer.dir/src/wait_set_topics_and_timer.cpp.o[0m
[171.202s] [ 66%] [32m[1mLinking CXX executable wait_set_topics_and_timer[0m
[172.426s] [ 66%] Built target wait_set_topics_and_timer
[172.482s] [ 70%] [32mBuilding CXX object CMakeFiles/wait_set_random_order.dir/src/wait_set_random_order.cpp.o[0m
[198.198s] [ 75%] [32m[1mLinking CXX executable wait_set_random_order[0m
[199.345s] [ 75%] Built target wait_set_random_order
[199.409s] [ 79%] [32mBuilding CXX object CMakeFiles/executor_random_order.dir/src/executor_random_order.cpp.o[0m
[225.563s] [ 83%] [32m[1mLinking CXX executable executor_random_order[0m
[226.641s] [ 83%] Built target executor_random_order
[226.766s] [ 87%] [32mBuilding CXX object CMakeFiles/wait_set_topics_with_different_rates.dir/src/wait_set_topics_with_different_rates.cpp.o[0m
[252.679s] [ 91%] [32m[1mLinking CXX executable wait_set_topics_with_different_rates[0m
[253.899s] [ 91%] Built target wait_set_topics_with_different_rates
[253.959s] [ 95%] [32mBuilding CXX object CMakeFiles/wait_set_composed.dir/src/wait_set_composed.cpp.o[0m
[260.844s] [100%] [32m[1mLinking CXX executable wait_set_composed[0m
[261.265s] [100%] Built target wait_set_composed
[261.337s] Invoked command in '/home/dostonbek/ros2_ws/build/examples_rclcpp_wait_set' returned '0': CMAKE_PREFIX_PATH=/opt/ros/humble /usr/bin/cmake --build /home/dostonbek/ros2_ws/build/examples_rclcpp_wait_set -- -j2 -l2
[261.631s] Invoking command in '/home/dostonbek/ros2_ws/build/examples_rclcpp_wait_set': CMAKE_PREFIX_PATH=/opt/ros/humble /usr/bin/cmake --install /home/dostonbek/ros2_ws/build/examples_rclcpp_wait_set
[261.654s] -- Install configuration: ""
[261.659s] -- Execute custom install script
[261.661s] -- Symlinking: /home/dostonbek/ros2_ws/install/examples_rclcpp_wait_set/lib/examples_rclcpp_wait_set/wait_set_talker
[261.691s] -- Symlinking: /home/dostonbek/ros2_ws/install/examples_rclcpp_wait_set/lib/examples_rclcpp_wait_set/wait_set_listener
[261.720s] -- Symlinking: /home/dostonbek/ros2_ws/install/examples_rclcpp_wait_set/lib/libtalker.so
[261.744s] -- Symlinking: /home/dostonbek/ros2_ws/install/examples_rclcpp_wait_set/lib/liblistener.so
[261.766s] -- Symlinking: /home/dostonbek/ros2_ws/install/examples_rclcpp_wait_set/lib/examples_rclcpp_wait_set/wait_set
[261.784s] -- Symlinking: /home/dostonbek/ros2_ws/install/examples_rclcpp_wait_set/lib/examples_rclcpp_wait_set/static_wait_set
[261.802s] -- Symlinking: /home/dostonbek/ros2_ws/install/examples_rclcpp_wait_set/lib/examples_rclcpp_wait_set/thread_safe_wait_set
[261.821s] -- Symlinking: /home/dostonbek/ros2_ws/install/examples_rclcpp_wait_set/lib/examples_rclcpp_wait_set/wait_set_topics_and_timer
[261.840s] -- Symlinking: /home/dostonbek/ros2_ws/install/examples_rclcpp_wait_set/lib/examples_rclcpp_wait_set/wait_set_random_order
[261.860s] -- Symlinking: /home/dostonbek/ros2_ws/install/examples_rclcpp_wait_set/lib/examples_rclcpp_wait_set/executor_random_order
[261.882s] -- Symlinking: /home/dostonbek/ros2_ws/install/examples_rclcpp_wait_set/lib/examples_rclcpp_wait_set/wait_set_topics_with_different_rates
[261.916s] -- Symlinking: /home/dostonbek/ros2_ws/install/examples_rclcpp_wait_set/lib/examples_rclcpp_wait_set/wait_set_composed
[261.958s] -- Symlinking: /home/dostonbek/ros2_ws/install/examples_rclcpp_wait_set/share/ament_index/resource_index/package_run_dependencies/examples_rclcpp_wait_set
[261.991s] -- Symlinking: /home/dostonbek/ros2_ws/install/examples_rclcpp_wait_set/share/ament_index/resource_index/parent_prefix_path/examples_rclcpp_wait_set
[262.022s] -- Symlinking: /home/dostonbek/ros2_ws/install/examples_rclcpp_wait_set/share/examples_rclcpp_wait_set/environment/ament_prefix_path.sh
[262.046s] -- Symlinking: /home/dostonbek/ros2_ws/install/examples_rclcpp_wait_set/share/examples_rclcpp_wait_set/environment/ament_prefix_path.dsv
[262.076s] -- Symlinking: /home/dostonbek/ros2_ws/install/examples_rclcpp_wait_set/share/examples_rclcpp_wait_set/environment/path.sh
[262.102s] -- Symlinking: /home/dostonbek/ros2_ws/install/examples_rclcpp_wait_set/share/examples_rclcpp_wait_set/environment/path.dsv
[262.138s] -- Symlinking: /home/dostonbek/ros2_ws/install/examples_rclcpp_wait_set/share/examples_rclcpp_wait_set/local_setup.bash
[262.168s] -- Symlinking: /home/dostonbek/ros2_ws/install/examples_rclcpp_wait_set/share/examples_rclcpp_wait_set/local_setup.sh
[262.194s] -- Symlinking: /home/dostonbek/ros2_ws/install/examples_rclcpp_wait_set/share/examples_rclcpp_wait_set/local_setup.zsh
[262.223s] -- Symlinking: /home/dostonbek/ros2_ws/install/examples_rclcpp_wait_set/share/examples_rclcpp_wait_set/local_setup.dsv
[262.254s] -- Symlinking: /home/dostonbek/ros2_ws/install/examples_rclcpp_wait_set/share/examples_rclcpp_wait_set/package.dsv
[262.287s] -- Symlinking: /home/dostonbek/ros2_ws/install/examples_rclcpp_wait_set/share/ament_index/resource_index/packages/examples_rclcpp_wait_set
[262.328s] -- Symlinking: /home/dostonbek/ros2_ws/install/examples_rclcpp_wait_set/share/ament_index/resource_index/rclcpp_components/examples_rclcpp_wait_set
[262.350s] -- Symlinking: /home/dostonbek/ros2_ws/install/examples_rclcpp_wait_set/share/examples_rclcpp_wait_set/cmake/examples_rclcpp_wait_setConfig.cmake
[262.371s] -- Symlinking: /home/dostonbek/ros2_ws/install/examples_rclcpp_wait_set/share/examples_rclcpp_wait_set/cmake/examples_rclcpp_wait_setConfig-version.cmake
[262.388s] -- Symlinking: /home/dostonbek/ros2_ws/install/examples_rclcpp_wait_set/share/examples_rclcpp_wait_set/package.xml
[262.412s] Invoked command in '/home/dostonbek/ros2_ws/build/examples_rclcpp_wait_set' returned '0': CMAKE_PREFIX_PATH=/opt/ros/humble /usr/bin/cmake --install /home/dostonbek/ros2_ws/build/examples_rclcpp_wait_set
