[1.662s] Invoking command in '/home/dostonbek/ros2_ws/build/examples_rclpy_minimal_action_client': PYTHONPATH=/home/dostonbek/ros2_ws/install/examples_rclpy_minimal_action_client/lib/python3.10/site-packages:${PYTHONPATH} /usr/bin/python3 setup.py develop --prefix /home/dostonbek/ros2_ws/install/examples_rclpy_minimal_action_client --uninstall --editable --build-directory /home/dostonbek/ros2_ws/build/examples_rclpy_minimal_action_client/build
[2.245s] running develop
[2.245s] /usr/lib/python3/dist-packages/setuptools/command/easy_install.py:158: EasyInstallDeprecationWarning: easy_install command is deprecated. Use build and pip and other standards-based tools.
[2.246s]   warnings.warn(
[2.249s] /usr/lib/python3/dist-packages/setuptools/command/install.py:34: SetuptoolsDeprecationWarning: setup.py install is deprecated. Use build and pip and other standards-based tools.
[2.249s]   warnings.warn(
[2.380s] /usr/lib/python3/dist-packages/pkg_resources/__init__.py:116: PkgResourcesDeprecationWarning: 0.1.43ubuntu1 is an invalid version and will not be supported in a future release
[2.381s]   warnings.warn(
[2.382s] /usr/lib/python3/dist-packages/pkg_resources/__init__.py:116: PkgResourcesDeprecationWarning: 1.1build1 is an invalid version and will not be supported in a future release
[2.383s]   warnings.warn(
[2.683s] Invoked command in '/home/dostonbek/ros2_ws/build/examples_rclpy_minimal_action_client' returned '0': PYTHONPATH=/home/dostonbek/ros2_ws/install/examples_rclpy_minimal_action_client/lib/python3.10/site-packages:${PYTHONPATH} /usr/bin/python3 setup.py develop --prefix /home/dostonbek/ros2_ws/install/examples_rclpy_minimal_action_client --uninstall --editable --build-directory /home/dostonbek/ros2_ws/build/examples_rclpy_minimal_action_client/build
[2.686s] Invoking command in '/home/dostonbek/ros2_ws/src/examples/rclpy/actions/minimal_action_client': PYTHONPATH=/home/dostonbek/ros2_ws/install/examples_rclpy_minimal_action_client/lib/python3.10/site-packages:${PYTHONPATH} /usr/bin/python3 setup.py egg_info --egg-base ../../../../../build/examples_rclpy_minimal_action_client build --build-base /home/dostonbek/ros2_ws/build/examples_rclpy_minimal_action_client/build install --prefix /home/dostonbek/ros2_ws/install/examples_rclpy_minimal_action_client --record /home/dostonbek/ros2_ws/build/examples_rclpy_minimal_action_client/install.log --single-version-externally-managed
[3.207s] running egg_info
[3.209s] writing ../../../../../build/examples_rclpy_minimal_action_client/examples_rclpy_minimal_action_client.egg-info/PKG-INFO
[3.213s] writing dependency_links to ../../../../../build/examples_rclpy_minimal_action_client/examples_rclpy_minimal_action_client.egg-info/dependency_links.txt
[3.214s] writing entry points to ../../../../../build/examples_rclpy_minimal_action_client/examples_rclpy_minimal_action_client.egg-info/entry_points.txt
[3.215s] writing requirements to ../../../../../build/examples_rclpy_minimal_action_client/examples_rclpy_minimal_action_client.egg-info/requires.txt
[3.215s] writing top-level names to ../../../../../build/examples_rclpy_minimal_action_client/examples_rclpy_minimal_action_client.egg-info/top_level.txt
[3.222s] reading manifest file '../../../../../build/examples_rclpy_minimal_action_client/examples_rclpy_minimal_action_client.egg-info/SOURCES.txt'
[3.227s] writing manifest file '../../../../../build/examples_rclpy_minimal_action_client/examples_rclpy_minimal_action_client.egg-info/SOURCES.txt'
[3.228s] running build
[3.228s] running build_py
[3.232s] running install
[3.232s] /usr/lib/python3/dist-packages/setuptools/command/install.py:34: SetuptoolsDeprecationWarning: setup.py install is deprecated. Use build and pip and other standards-based tools.
[3.233s]   warnings.warn(
[3.233s] running install_lib
[3.246s] running install_data
[3.252s] running install_egg_info
[3.260s] removing '/home/dostonbek/ros2_ws/install/examples_rclpy_minimal_action_client/lib/python3.10/site-packages/examples_rclpy_minimal_action_client-0.15.0-py3.10.egg-info' (and everything under it)
[3.260s] Copying ../../../../../build/examples_rclpy_minimal_action_client/examples_rclpy_minimal_action_client.egg-info to /home/dostonbek/ros2_ws/install/examples_rclpy_minimal_action_client/lib/python3.10/site-packages/examples_rclpy_minimal_action_client-0.15.0-py3.10.egg-info
[3.263s] running install_scripts
[3.330s] Installing client script to /home/dostonbek/ros2_ws/install/examples_rclpy_minimal_action_client/lib/examples_rclpy_minimal_action_client
[3.331s] Installing client_asyncio script to /home/dostonbek/ros2_ws/install/examples_rclpy_minimal_action_client/lib/examples_rclpy_minimal_action_client
[3.331s] Installing client_cancel script to /home/dostonbek/ros2_ws/install/examples_rclpy_minimal_action_client/lib/examples_rclpy_minimal_action_client
[3.332s] Installing client_not_composable script to /home/dostonbek/ros2_ws/install/examples_rclpy_minimal_action_client/lib/examples_rclpy_minimal_action_client
[3.333s] writing list of installed files to '/home/dostonbek/ros2_ws/build/examples_rclpy_minimal_action_client/install.log'
[3.427s] Invoked command in '/home/dostonbek/ros2_ws/src/examples/rclpy/actions/minimal_action_client' returned '0': PYTHONPATH=/home/dostonbek/ros2_ws/install/examples_rclpy_minimal_action_client/lib/python3.10/site-packages:${PYTHONPATH} /usr/bin/python3 setup.py egg_info --egg-base ../../../../../build/examples_rclpy_minimal_action_client build --build-base /home/dostonbek/ros2_ws/build/examples_rclpy_minimal_action_client/build install --prefix /home/dostonbek/ros2_ws/install/examples_rclpy_minimal_action_client --record /home/dostonbek/ros2_ws/build/examples_rclpy_minimal_action_client/install.log --single-version-externally-managed
