[1.271s] Invoking command in '/home/dostonbek/ros2_ws/build/examples_rclpy_minimal_action_server': PYTHONPATH=/home/dostonbek/ros2_ws/install/examples_rclpy_minimal_action_server/lib/python3.10/site-packages:${PYTHONPATH} /usr/bin/python3 setup.py develop --prefix /home/dostonbek/ros2_ws/install/examples_rclpy_minimal_action_server --uninstall --editable --build-directory /home/dostonbek/ros2_ws/build/examples_rclpy_minimal_action_server/build
[1.815s] running develop
[1.816s] /usr/lib/python3/dist-packages/setuptools/command/easy_install.py:158: EasyInstallDeprecationWarning: easy_install command is deprecated. Use build and pip and other standards-based tools.
[1.816s]   warnings.warn(
[1.819s] /usr/lib/python3/dist-packages/setuptools/command/install.py:34: SetuptoolsDeprecationWarning: setup.py install is deprecated. Use build and pip and other standards-based tools.
[1.819s]   warnings.warn(
[1.932s] /usr/lib/python3/dist-packages/pkg_resources/__init__.py:116: PkgResourcesDeprecationWarning: 0.1.43ubuntu1 is an invalid version and will not be supported in a future release
[1.932s]   warnings.warn(
[1.934s] /usr/lib/python3/dist-packages/pkg_resources/__init__.py:116: PkgResourcesDeprecationWarning: 1.1build1 is an invalid version and will not be supported in a future release
[1.934s]   warnings.warn(
[2.970s] Invoked command in '/home/dostonbek/ros2_ws/build/examples_rclpy_minimal_action_server' returned '0': PYTHONPATH=/home/dostonbek/ros2_ws/install/examples_rclpy_minimal_action_server/lib/python3.10/site-packages:${PYTHONPATH} /usr/bin/python3 setup.py develop --prefix /home/dostonbek/ros2_ws/install/examples_rclpy_minimal_action_server --uninstall --editable --build-directory /home/dostonbek/ros2_ws/build/examples_rclpy_minimal_action_server/build
[2.971s] Invoking command in '/home/dostonbek/ros2_ws/src/examples/rclpy/actions/minimal_action_server': PYTHONPATH=/home/dostonbek/ros2_ws/install/examples_rclpy_minimal_action_server/lib/python3.10/site-packages:${PYTHONPATH} /usr/bin/python3 setup.py egg_info --egg-base ../../../../../build/examples_rclpy_minimal_action_server build --build-base /home/dostonbek/ros2_ws/build/examples_rclpy_minimal_action_server/build install --prefix /home/dostonbek/ros2_ws/install/examples_rclpy_minimal_action_server --record /home/dostonbek/ros2_ws/build/examples_rclpy_minimal_action_server/install.log --single-version-externally-managed
[3.443s] running egg_info
[3.445s] writing ../../../../../build/examples_rclpy_minimal_action_server/examples_rclpy_minimal_action_server.egg-info/PKG-INFO
[3.446s] writing dependency_links to ../../../../../build/examples_rclpy_minimal_action_server/examples_rclpy_minimal_action_server.egg-info/dependency_links.txt
[3.447s] writing entry points to ../../../../../build/examples_rclpy_minimal_action_server/examples_rclpy_minimal_action_server.egg-info/entry_points.txt
[3.447s] writing requirements to ../../../../../build/examples_rclpy_minimal_action_server/examples_rclpy_minimal_action_server.egg-info/requires.txt
[3.448s] writing top-level names to ../../../../../build/examples_rclpy_minimal_action_server/examples_rclpy_minimal_action_server.egg-info/top_level.txt
[3.453s] reading manifest file '../../../../../build/examples_rclpy_minimal_action_server/examples_rclpy_minimal_action_server.egg-info/SOURCES.txt'
[3.456s] writing manifest file '../../../../../build/examples_rclpy_minimal_action_server/examples_rclpy_minimal_action_server.egg-info/SOURCES.txt'
[3.456s] running build
[3.456s] running build_py
[3.461s] running install
[3.461s] /usr/lib/python3/dist-packages/setuptools/command/install.py:34: SetuptoolsDeprecationWarning: setup.py install is deprecated. Use build and pip and other standards-based tools.
[3.461s]   warnings.warn(
[3.462s] running install_lib
[3.466s] running install_data
[3.471s] running install_egg_info
[3.474s] removing '/home/dostonbek/ros2_ws/install/examples_rclpy_minimal_action_server/lib/python3.10/site-packages/examples_rclpy_minimal_action_server-0.15.0-py3.10.egg-info' (and everything under it)
[3.475s] Copying ../../../../../build/examples_rclpy_minimal_action_server/examples_rclpy_minimal_action_server.egg-info to /home/dostonbek/ros2_ws/install/examples_rclpy_minimal_action_server/lib/python3.10/site-packages/examples_rclpy_minimal_action_server-0.15.0-py3.10.egg-info
[3.480s] running install_scripts
[3.529s] Installing server script to /home/dostonbek/ros2_ws/install/examples_rclpy_minimal_action_server/lib/examples_rclpy_minimal_action_server
[3.530s] Installing server_defer script to /home/dostonbek/ros2_ws/install/examples_rclpy_minimal_action_server/lib/examples_rclpy_minimal_action_server
[3.530s] Installing server_not_composable script to /home/dostonbek/ros2_ws/install/examples_rclpy_minimal_action_server/lib/examples_rclpy_minimal_action_server
[3.531s] Installing server_queue_goals script to /home/dostonbek/ros2_ws/install/examples_rclpy_minimal_action_server/lib/examples_rclpy_minimal_action_server
[3.532s] Installing server_single_goal script to /home/dostonbek/ros2_ws/install/examples_rclpy_minimal_action_server/lib/examples_rclpy_minimal_action_server
[3.533s] writing list of installed files to '/home/dostonbek/ros2_ws/build/examples_rclpy_minimal_action_server/install.log'
[3.574s] Invoked command in '/home/dostonbek/ros2_ws/src/examples/rclpy/actions/minimal_action_server' returned '0': PYTHONPATH=/home/dostonbek/ros2_ws/install/examples_rclpy_minimal_action_server/lib/python3.10/site-packages:${PYTHONPATH} /usr/bin/python3 setup.py egg_info --egg-base ../../../../../build/examples_rclpy_minimal_action_server build --build-base /home/dostonbek/ros2_ws/build/examples_rclpy_minimal_action_server/build install --prefix /home/dostonbek/ros2_ws/install/examples_rclpy_minimal_action_server --record /home/dostonbek/ros2_ws/build/examples_rclpy_minimal_action_server/install.log --single-version-externally-managed
