[1.719s] Invoking command in '/home/dostonbek/ros2_ws/build/examples_rclpy_minimal_client': PYTHONPATH=/home/dostonbek/ros2_ws/install/examples_rclpy_minimal_client/lib/python3.10/site-packages:${PYTHONPATH} /usr/bin/python3 setup.py develop --prefix /home/dostonbek/ros2_ws/install/examples_rclpy_minimal_client --uninstall --editable --build-directory /home/dostonbek/ros2_ws/build/examples_rclpy_minimal_client/build
[2.403s] running develop
[2.403s] /usr/lib/python3/dist-packages/setuptools/command/easy_install.py:158: EasyInstallDeprecationWarning: easy_install command is deprecated. Use build and pip and other standards-based tools.
[2.403s]   warnings.warn(
[2.406s] /usr/lib/python3/dist-packages/setuptools/command/install.py:34: SetuptoolsDeprecationWarning: setup.py install is deprecated. Use build and pip and other standards-based tools.
[2.406s]   warnings.warn(
[2.523s] /usr/lib/python3/dist-packages/pkg_resources/__init__.py:116: PkgResourcesDeprecationWarning: 0.1.43ubuntu1 is an invalid version and will not be supported in a future release
[2.523s]   warnings.warn(
[2.525s] /usr/lib/python3/dist-packages/pkg_resources/__init__.py:116: PkgResourcesDeprecationWarning: 1.1build1 is an invalid version and will not be supported in a future release
[2.525s]   warnings.warn(
[2.857s] Invoked command in '/home/dostonbek/ros2_ws/build/examples_rclpy_minimal_client' returned '0': PYTHONPATH=/home/dostonbek/ros2_ws/install/examples_rclpy_minimal_client/lib/python3.10/site-packages:${PYTHONPATH} /usr/bin/python3 setup.py develop --prefix /home/dostonbek/ros2_ws/install/examples_rclpy_minimal_client --uninstall --editable --build-directory /home/dostonbek/ros2_ws/build/examples_rclpy_minimal_client/build
[2.860s] Invoking command in '/home/dostonbek/ros2_ws/src/examples/rclpy/services/minimal_client': PYTHONPATH=/home/dostonbek/ros2_ws/install/examples_rclpy_minimal_client/lib/python3.10/site-packages:${PYTHONPATH} /usr/bin/python3 setup.py egg_info --egg-base ../../../../../build/examples_rclpy_minimal_client build --build-base /home/dostonbek/ros2_ws/build/examples_rclpy_minimal_client/build install --prefix /home/dostonbek/ros2_ws/install/examples_rclpy_minimal_client --record /home/dostonbek/ros2_ws/build/examples_rclpy_minimal_client/install.log --single-version-externally-managed
[3.508s] running egg_info
[3.510s] writing ../../../../../build/examples_rclpy_minimal_client/examples_rclpy_minimal_client.egg-info/PKG-INFO
[3.510s] writing dependency_links to ../../../../../build/examples_rclpy_minimal_client/examples_rclpy_minimal_client.egg-info/dependency_links.txt
[3.511s] writing entry points to ../../../../../build/examples_rclpy_minimal_client/examples_rclpy_minimal_client.egg-info/entry_points.txt
[3.511s] writing requirements to ../../../../../build/examples_rclpy_minimal_client/examples_rclpy_minimal_client.egg-info/requires.txt
[3.512s] writing top-level names to ../../../../../build/examples_rclpy_minimal_client/examples_rclpy_minimal_client.egg-info/top_level.txt
[3.516s] reading manifest file '../../../../../build/examples_rclpy_minimal_client/examples_rclpy_minimal_client.egg-info/SOURCES.txt'
[3.517s] writing manifest file '../../../../../build/examples_rclpy_minimal_client/examples_rclpy_minimal_client.egg-info/SOURCES.txt'
[3.518s] running build
[3.518s] running build_py
[3.519s] running install
[3.519s] /usr/lib/python3/dist-packages/setuptools/command/install.py:34: SetuptoolsDeprecationWarning: setup.py install is deprecated. Use build and pip and other standards-based tools.
[3.519s]   warnings.warn(
[3.520s] running install_lib
[3.522s] running install_data
[3.523s] running install_egg_info
[3.526s] removing '/home/dostonbek/ros2_ws/install/examples_rclpy_minimal_client/lib/python3.10/site-packages/examples_rclpy_minimal_client-0.15.0-py3.10.egg-info' (and everything under it)
[3.526s] Copying ../../../../../build/examples_rclpy_minimal_client/examples_rclpy_minimal_client.egg-info to /home/dostonbek/ros2_ws/install/examples_rclpy_minimal_client/lib/python3.10/site-packages/examples_rclpy_minimal_client-0.15.0-py3.10.egg-info
[3.528s] running install_scripts
[3.576s] Installing client script to /home/dostonbek/ros2_ws/install/examples_rclpy_minimal_client/lib/examples_rclpy_minimal_client
[3.576s] Installing client_async script to /home/dostonbek/ros2_ws/install/examples_rclpy_minimal_client/lib/examples_rclpy_minimal_client
[3.577s] Installing client_async_callback script to /home/dostonbek/ros2_ws/install/examples_rclpy_minimal_client/lib/examples_rclpy_minimal_client
[3.577s] Installing client_async_member_function script to /home/dostonbek/ros2_ws/install/examples_rclpy_minimal_client/lib/examples_rclpy_minimal_client
[3.578s] writing list of installed files to '/home/dostonbek/ros2_ws/build/examples_rclpy_minimal_client/install.log'
[3.630s] Invoked command in '/home/dostonbek/ros2_ws/src/examples/rclpy/services/minimal_client' returned '0': PYTHONPATH=/home/dostonbek/ros2_ws/install/examples_rclpy_minimal_client/lib/python3.10/site-packages:${PYTHONPATH} /usr/bin/python3 setup.py egg_info --egg-base ../../../../../build/examples_rclpy_minimal_client build --build-base /home/dostonbek/ros2_ws/build/examples_rclpy_minimal_client/build install --prefix /home/dostonbek/ros2_ws/install/examples_rclpy_minimal_client --record /home/dostonbek/ros2_ws/build/examples_rclpy_minimal_client/install.log --single-version-externally-managed
