[0.025s] Invoking command in '/home/dostonbek/ros2_ws/build/examples_rclcpp_wait_set': CMAKE_PREFIX_PATH=${CMAKE_PREFIX_PATH}:/home/dostonbek/ros2_ws/install/launch_testing_examples:/home/dostonbek/ros2_ws/install/examples_rclpy_pointcloud_publisher:/home/dostonbek/ros2_ws/install/examples_rclpy_minimal_subscriber:/home/dostonbek/ros2_ws/install/examples_rclpy_minimal_service:/home/dostonbek/ros2_ws/install/examples_rclpy_minimal_publisher:/home/dostonbek/ros2_ws/install/examples_rclpy_minimal_client:/home/dostonbek/ros2_ws/install/examples_rclpy_minimal_action_server:/home/dostonbek/ros2_ws/install/examples_rclpy_minimal_action_client:/home/dostonbek/ros2_ws/install/examples_rclpy_guard_conditions:/home/dostonbek/ros2_ws/install/examples_rclpy_executors:/opt/ros/humble /usr/bin/cmake /home/dostonbek/ros2_ws/src/examples/rclcpp/wait_set -DCMAKE_INSTALL_PREFIX=/home/dostonbek/ros2_ws/install/examples_rclcpp_wait_set
[0.053s] -- Found ament_cmake: 1.3.2 (/opt/ros/humble/share/ament_cmake/cmake)
[0.510s] -- Override CMake install command with custom implementation using symlinks instead of copying resources
[0.539s] -- Found example_interfaces: 0.9.3 (/opt/ros/humble/share/example_interfaces/cmake)
[0.642s] -- Found rosidl_generator_c: 3.1.3 (/opt/ros/humble/share/rosidl_generator_c/cmake)
[0.650s] -- Found rosidl_adapter: 3.1.3 (/opt/ros/humble/share/rosidl_adapter/cmake)
[0.667s] -- Found rosidl_generator_cpp: 3.1.3 (/opt/ros/humble/share/rosidl_generator_cpp/cmake)
[0.702s] -- Using all available rosidl_typesupport_c: rosidl_typesupport_fastrtps_c;rosidl_typesupport_introspection_c
[0.750s] -- Using all available rosidl_typesupport_cpp: rosidl_typesupport_fastrtps_cpp;rosidl_typesupport_introspection_cpp
[1.408s] -- Found rclcpp: 16.0.1 (/opt/ros/humble/share/rclcpp/cmake)
[1.506s] -- Found rmw_implementation_cmake: 6.1.0 (/opt/ros/humble/share/rmw_implementation_cmake/cmake)
[1.511s] -- Found rmw_fastrtps_cpp: 6.2.1 (/opt/ros/humble/share/rmw_fastrtps_cpp/cmake)
[1.812s] -- Using RMW implementation 'rmw_fastrtps_cpp' as default
[2.153s] -- Found rclcpp_components: 16.0.1 (/opt/ros/humble/share/rclcpp_components/cmake)
[2.356s] -- Found ament_lint_auto: 0.12.4 (/opt/ros/humble/share/ament_lint_auto/cmake)
[2.538s] -- Added test 'copyright' to check source files copyright and LICENSE
[2.542s] -- Added test 'cppcheck' to perform static code analysis on C / C++ code
[2.544s] -- Configured cppcheck include dirs: /home/dostonbek/ros2_ws/src/examples/rclcpp/wait_set/include
[2.544s] -- Configured cppcheck exclude dirs and/or files: 
[2.547s] -- Added test 'cpplint' to check C / C++ code against the Google style
[2.547s] -- Configured cpplint exclude dirs and/or files: 
[2.549s] -- Added test 'lint_cmake' to check CMake code style
[2.553s] -- Added test 'uncrustify' to check C / C++ code style
[2.553s] -- Configured uncrustify additional arguments: 
[2.554s] -- Added test 'xmllint' to check XML markup files
[2.557s] -- Configuring done
[2.682s] -- Generating done
[2.691s] -- Build files have been written to: /home/dostonbek/ros2_ws/build/examples_rclcpp_wait_set
[2.718s] Invoked command in '/home/dostonbek/ros2_ws/build/examples_rclcpp_wait_set' returned '0': CMAKE_PREFIX_PATH=${CMAKE_PREFIX_PATH}:/home/dostonbek/ros2_ws/install/launch_testing_examples:/home/dostonbek/ros2_ws/install/examples_rclpy_pointcloud_publisher:/home/dostonbek/ros2_ws/install/examples_rclpy_minimal_subscriber:/home/dostonbek/ros2_ws/install/examples_rclpy_minimal_service:/home/dostonbek/ros2_ws/install/examples_rclpy_minimal_publisher:/home/dostonbek/ros2_ws/install/examples_rclpy_minimal_client:/home/dostonbek/ros2_ws/install/examples_rclpy_minimal_action_server:/home/dostonbek/ros2_ws/install/examples_rclpy_minimal_action_client:/home/dostonbek/ros2_ws/install/examples_rclpy_guard_conditions:/home/dostonbek/ros2_ws/install/examples_rclpy_executors:/opt/ros/humble /usr/bin/cmake /home/dostonbek/ros2_ws/src/examples/rclcpp/wait_set -DCMAKE_INSTALL_PREFIX=/home/dostonbek/ros2_ws/install/examples_rclcpp_wait_set
[2.719s] Invoking command in '/home/dostonbek/ros2_ws/build/examples_rclcpp_wait_set': CMAKE_PREFIX_PATH=${CMAKE_PREFIX_PATH}:/home/dostonbek/ros2_ws/install/launch_testing_examples:/home/dostonbek/ros2_ws/install/examples_rclpy_pointcloud_publisher:/home/dostonbek/ros2_ws/install/examples_rclpy_minimal_subscriber:/home/dostonbek/ros2_ws/install/examples_rclpy_minimal_service:/home/dostonbek/ros2_ws/install/examples_rclpy_minimal_publisher:/home/dostonbek/ros2_ws/install/examples_rclpy_minimal_client:/home/dostonbek/ros2_ws/install/examples_rclpy_minimal_action_server:/home/dostonbek/ros2_ws/install/examples_rclpy_minimal_action_client:/home/dostonbek/ros2_ws/install/examples_rclpy_guard_conditions:/home/dostonbek/ros2_ws/install/examples_rclpy_executors:/opt/ros/humble /usr/bin/cmake --build /home/dostonbek/ros2_ws/build/examples_rclcpp_wait_set -- -j2 -l2
[2.839s] [35m[1mConsolidate compiler generated dependencies of target talker[0m
[2.886s] [35m[1mConsolidate compiler generated dependencies of target wait_set_talker[0m
[2.889s] [  8%] Built target talker
[2.924s] [35m[1mConsolidate compiler generated dependencies of target listener[0m
[3.006s] [ 16%] Built target wait_set_talker
[3.019s] [ 25%] Built target listener
[3.055s] [35m[1mConsolidate compiler generated dependencies of target wait_set_listener[0m
[3.074s] [35m[1mConsolidate compiler generated dependencies of target wait_set[0m
[3.128s] [ 33%] Built target wait_set_listener
[3.151s] [ 41%] Built target wait_set
[3.158s] [35m[1mConsolidate compiler generated dependencies of target static_wait_set[0m
[3.219s] [35m[1mConsolidate compiler generated dependencies of target thread_safe_wait_set[0m
[3.257s] [ 50%] Built target static_wait_set
[3.287s] [35m[1mConsolidate compiler generated dependencies of target wait_set_topics_and_timer[0m
[3.300s] [ 58%] Built target thread_safe_wait_set
[3.334s] [35m[1mConsolidate compiler generated dependencies of target wait_set_random_order[0m
[3.353s] [ 66%] Built target wait_set_topics_and_timer
[3.378s] [ 75%] Built target wait_set_random_order
[3.419s] [35m[1mConsolidate compiler generated dependencies of target executor_random_order[0m
[3.420s] [35m[1mConsolidate compiler generated dependencies of target wait_set_topics_with_different_rates[0m
[3.478s] [ 83%] Built target executor_random_order
[3.492s] [ 91%] Built target wait_set_topics_with_different_rates
[3.505s] [35m[1mConsolidate compiler generated dependencies of target wait_set_composed[0m
[3.556s] [100%] Built target wait_set_composed
[3.585s] Invoked command in '/home/dostonbek/ros2_ws/build/examples_rclcpp_wait_set' returned '0': CMAKE_PREFIX_PATH=${CMAKE_PREFIX_PATH}:/home/dostonbek/ros2_ws/install/launch_testing_examples:/home/dostonbek/ros2_ws/install/examples_rclpy_pointcloud_publisher:/home/dostonbek/ros2_ws/install/examples_rclpy_minimal_subscriber:/home/dostonbek/ros2_ws/install/examples_rclpy_minimal_service:/home/dostonbek/ros2_ws/install/examples_rclpy_minimal_publisher:/home/dostonbek/ros2_ws/install/examples_rclpy_minimal_client:/home/dostonbek/ros2_ws/install/examples_rclpy_minimal_action_server:/home/dostonbek/ros2_ws/install/examples_rclpy_minimal_action_client:/home/dostonbek/ros2_ws/install/examples_rclpy_guard_conditions:/home/dostonbek/ros2_ws/install/examples_rclpy_executors:/opt/ros/humble /usr/bin/cmake --build /home/dostonbek/ros2_ws/build/examples_rclcpp_wait_set -- -j2 -l2
[3.834s] Invoking command in '/home/dostonbek/ros2_ws/build/examples_rclcpp_wait_set': CMAKE_PREFIX_PATH=${CMAKE_PREFIX_PATH}:/home/dostonbek/ros2_ws/install/launch_testing_examples:/home/dostonbek/ros2_ws/install/examples_rclpy_pointcloud_publisher:/home/dostonbek/ros2_ws/install/examples_rclpy_minimal_subscriber:/home/dostonbek/ros2_ws/install/examples_rclpy_minimal_service:/home/dostonbek/ros2_ws/install/examples_rclpy_minimal_publisher:/home/dostonbek/ros2_ws/install/examples_rclpy_minimal_client:/home/dostonbek/ros2_ws/install/examples_rclpy_minimal_action_server:/home/dostonbek/ros2_ws/install/examples_rclpy_minimal_action_client:/home/dostonbek/ros2_ws/install/examples_rclpy_guard_conditions:/home/dostonbek/ros2_ws/install/examples_rclpy_executors:/opt/ros/humble /usr/bin/cmake --install /home/dostonbek/ros2_ws/build/examples_rclcpp_wait_set
[3.858s] -- Install configuration: ""
[3.859s] -- Execute custom install script
[3.860s] -- Up-to-date symlink: /home/dostonbek/ros2_ws/install/examples_rclcpp_wait_set/lib/examples_rclcpp_wait_set/wait_set_talker
[3.861s] -- Up-to-date symlink: /home/dostonbek/ros2_ws/install/examples_rclcpp_wait_set/lib/examples_rclcpp_wait_set/wait_set_listener
[3.861s] -- Up-to-date symlink: /home/dostonbek/ros2_ws/install/examples_rclcpp_wait_set/lib/libtalker.so
[3.862s] -- Up-to-date symlink: /home/dostonbek/ros2_ws/install/examples_rclcpp_wait_set/lib/liblistener.so
[3.863s] -- Up-to-date symlink: /home/dostonbek/ros2_ws/install/examples_rclcpp_wait_set/lib/examples_rclcpp_wait_set/wait_set
[3.863s] -- Up-to-date symlink: /home/dostonbek/ros2_ws/install/examples_rclcpp_wait_set/lib/examples_rclcpp_wait_set/static_wait_set
[3.864s] -- Up-to-date symlink: /home/dostonbek/ros2_ws/install/examples_rclcpp_wait_set/lib/examples_rclcpp_wait_set/thread_safe_wait_set
[3.864s] -- Up-to-date symlink: /home/dostonbek/ros2_ws/install/examples_rclcpp_wait_set/lib/examples_rclcpp_wait_set/wait_set_topics_and_timer
[3.865s] -- Up-to-date symlink: /home/dostonbek/ros2_ws/install/examples_rclcpp_wait_set/lib/examples_rclcpp_wait_set/wait_set_random_order
[3.865s] -- Up-to-date symlink: /home/dostonbek/ros2_ws/install/examples_rclcpp_wait_set/lib/examples_rclcpp_wait_set/executor_random_order
[3.866s] -- Up-to-date symlink: /home/dostonbek/ros2_ws/install/examples_rclcpp_wait_set/lib/examples_rclcpp_wait_set/wait_set_topics_with_different_rates
[3.866s] -- Up-to-date symlink: /home/dostonbek/ros2_ws/install/examples_rclcpp_wait_set/lib/examples_rclcpp_wait_set/wait_set_composed
[3.867s] -- Up-to-date symlink: /home/dostonbek/ros2_ws/install/examples_rclcpp_wait_set/share/ament_index/resource_index/package_run_dependencies/examples_rclcpp_wait_set
[3.867s] -- Up-to-date symlink: /home/dostonbek/ros2_ws/install/examples_rclcpp_wait_set/share/ament_index/resource_index/parent_prefix_path/examples_rclcpp_wait_set
[3.868s] -- Up-to-date symlink: /home/dostonbek/ros2_ws/install/examples_rclcpp_wait_set/share/examples_rclcpp_wait_set/environment/ament_prefix_path.sh
[3.868s] -- Up-to-date symlink: /home/dostonbek/ros2_ws/install/examples_rclcpp_wait_set/share/examples_rclcpp_wait_set/environment/ament_prefix_path.dsv
[3.869s] -- Up-to-date symlink: /home/dostonbek/ros2_ws/install/examples_rclcpp_wait_set/share/examples_rclcpp_wait_set/environment/path.sh
[3.869s] -- Up-to-date symlink: /home/dostonbek/ros2_ws/install/examples_rclcpp_wait_set/share/examples_rclcpp_wait_set/environment/path.dsv
[3.870s] -- Up-to-date symlink: /home/dostonbek/ros2_ws/install/examples_rclcpp_wait_set/share/examples_rclcpp_wait_set/local_setup.bash
[3.871s] -- Up-to-date symlink: /home/dostonbek/ros2_ws/install/examples_rclcpp_wait_set/share/examples_rclcpp_wait_set/local_setup.sh
[3.871s] -- Up-to-date symlink: /home/dostonbek/ros2_ws/install/examples_rclcpp_wait_set/share/examples_rclcpp_wait_set/local_setup.zsh
[3.872s] -- Up-to-date symlink: /home/dostonbek/ros2_ws/install/examples_rclcpp_wait_set/share/examples_rclcpp_wait_set/local_setup.dsv
[3.872s] -- Symlinking: /home/dostonbek/ros2_ws/install/examples_rclcpp_wait_set/share/examples_rclcpp_wait_set/package.dsv
[3.898s] -- Up-to-date symlink: /home/dostonbek/ros2_ws/install/examples_rclcpp_wait_set/share/ament_index/resource_index/packages/examples_rclcpp_wait_set
[3.898s] -- Up-to-date symlink: /home/dostonbek/ros2_ws/install/examples_rclcpp_wait_set/share/ament_index/resource_index/rclcpp_components/examples_rclcpp_wait_set
[3.898s] -- Up-to-date symlink: /home/dostonbek/ros2_ws/install/examples_rclcpp_wait_set/share/examples_rclcpp_wait_set/cmake/examples_rclcpp_wait_setConfig.cmake
[3.904s] -- Up-to-date symlink: /home/dostonbek/ros2_ws/install/examples_rclcpp_wait_set/share/examples_rclcpp_wait_set/cmake/examples_rclcpp_wait_setConfig-version.cmake
[3.905s] -- Up-to-date symlink: /home/dostonbek/ros2_ws/install/examples_rclcpp_wait_set/share/examples_rclcpp_wait_set/package.xml
[3.905s] Invoked command in '/home/dostonbek/ros2_ws/build/examples_rclcpp_wait_set' returned '0': CMAKE_PREFIX_PATH=${CMAKE_PREFIX_PATH}:/home/dostonbek/ros2_ws/install/launch_testing_examples:/home/dostonbek/ros2_ws/install/examples_rclpy_pointcloud_publisher:/home/dostonbek/ros2_ws/install/examples_rclpy_minimal_subscriber:/home/dostonbek/ros2_ws/install/examples_rclpy_minimal_service:/home/dostonbek/ros2_ws/install/examples_rclpy_minimal_publisher:/home/dostonbek/ros2_ws/install/examples_rclpy_minimal_client:/home/dostonbek/ros2_ws/install/examples_rclpy_minimal_action_server:/home/dostonbek/ros2_ws/install/examples_rclpy_minimal_action_client:/home/dostonbek/ros2_ws/install/examples_rclpy_guard_conditions:/home/dostonbek/ros2_ws/install/examples_rclpy_executors:/opt/ros/humble /usr/bin/cmake --install /home/dostonbek/ros2_ws/build/examples_rclcpp_wait_set
