[1.800s] Invoking command in '/home/dostonbek/ros2_ws/build/examples_rclpy_minimal_client': PYTHONPATH=/home/dostonbek/ros2_ws/install/examples_rclpy_minimal_client/lib/python3.10/site-packages:${PYTHONPATH} /usr/bin/python3 setup.py develop --prefix /home/dostonbek/ros2_ws/install/examples_rclpy_minimal_client --editable --build-directory /home/dostonbek/ros2_ws/build/examples_rclpy_minimal_client/build --no-deps install_data --install-dir /home/dostonbek/ros2_ws/install/examples_rclpy_minimal_client
[2.485s] running develop
[2.486s] /usr/lib/python3/dist-packages/setuptools/command/easy_install.py:158: EasyInstallDeprecationWarning: easy_install command is deprecated. Use build and pip and other standards-based tools.
[2.486s]   warnings.warn(
[2.490s] /usr/lib/python3/dist-packages/setuptools/command/install.py:34: SetuptoolsDeprecationWarning: setup.py install is deprecated. Use build and pip and other standards-based tools.
[2.490s]   warnings.warn(
[2.643s] /usr/lib/python3/dist-packages/pkg_resources/__init__.py:116: PkgResourcesDeprecationWarning: 0.1.43ubuntu1 is an invalid version and will not be supported in a future release
[2.643s]   warnings.warn(
[2.645s] /usr/lib/python3/dist-packages/pkg_resources/__init__.py:116: PkgResourcesDeprecationWarning: 1.1build1 is an invalid version and will not be supported in a future release
[2.645s]   warnings.warn(
[2.920s] running egg_info
[2.922s] creating examples_rclpy_minimal_client.egg-info
[2.925s] writing examples_rclpy_minimal_client.egg-info/PKG-INFO
[2.925s] writing dependency_links to examples_rclpy_minimal_client.egg-info/dependency_links.txt
[2.925s] writing entry points to examples_rclpy_minimal_client.egg-info/entry_points.txt
[2.926s] writing requirements to examples_rclpy_minimal_client.egg-info/requires.txt
[2.926s] writing top-level names to examples_rclpy_minimal_client.egg-info/top_level.txt
[2.927s] writing manifest file 'examples_rclpy_minimal_client.egg-info/SOURCES.txt'
[2.935s] reading manifest file 'examples_rclpy_minimal_client.egg-info/SOURCES.txt'
[2.939s] writing manifest file 'examples_rclpy_minimal_client.egg-info/SOURCES.txt'
[2.947s] running build_ext
[2.950s] Creating /home/dostonbek/ros2_ws/install/examples_rclpy_minimal_client/lib/python3.10/site-packages/examples-rclpy-minimal-client.egg-link (link to .)
[2.955s] Installing client script to /home/dostonbek/ros2_ws/install/examples_rclpy_minimal_client/lib/examples_rclpy_minimal_client
[2.956s] Installing client_async script to /home/dostonbek/ros2_ws/install/examples_rclpy_minimal_client/lib/examples_rclpy_minimal_client
[2.957s] Installing client_async_callback script to /home/dostonbek/ros2_ws/install/examples_rclpy_minimal_client/lib/examples_rclpy_minimal_client
[2.960s] Installing client_async_member_function script to /home/dostonbek/ros2_ws/install/examples_rclpy_minimal_client/lib/examples_rclpy_minimal_client
[2.961s] 
[2.961s] Installed /home/dostonbek/ros2_ws/build/examples_rclpy_minimal_client
[2.961s] running install_data
[2.961s] creating /home/dostonbek/ros2_ws/install/examples_rclpy_minimal_client/share/ament_index
[2.961s] creating /home/dostonbek/ros2_ws/install/examples_rclpy_minimal_client/share/ament_index/resource_index
[2.962s] creating /home/dostonbek/ros2_ws/install/examples_rclpy_minimal_client/share/ament_index/resource_index/packages
[2.962s] copying resource/examples_rclpy_minimal_client -> /home/dostonbek/ros2_ws/install/examples_rclpy_minimal_client/share/ament_index/resource_index/packages
[2.962s] copying package.xml -> /home/dostonbek/ros2_ws/install/examples_rclpy_minimal_client/share/examples_rclpy_minimal_client
[3.072s] Invoked command in '/home/dostonbek/ros2_ws/build/examples_rclpy_minimal_client' returned '0': PYTHONPATH=/home/dostonbek/ros2_ws/install/examples_rclpy_minimal_client/lib/python3.10/site-packages:${PYTHONPATH} /usr/bin/python3 setup.py develop --prefix /home/dostonbek/ros2_ws/install/examples_rclpy_minimal_client --editable --build-directory /home/dostonbek/ros2_ws/build/examples_rclpy_minimal_client/build --no-deps install_data --install-dir /home/dostonbek/ros2_ws/install/examples_rclpy_minimal_client
