[1.243s] Invoking command in '/home/dostonbek/ros2_ws/build/examples_rclpy_guard_conditions': PYTHONPATH=/home/dostonbek/ros2_ws/install/examples_rclpy_guard_conditions/lib/python3.10/site-packages:${PYTHONPATH} /usr/bin/python3 setup.py develop --prefix /home/dostonbek/ros2_ws/install/examples_rclpy_guard_conditions --uninstall --editable --build-directory /home/dostonbek/ros2_ws/build/examples_rclpy_guard_conditions/build
[1.803s] running develop
[1.806s] /usr/lib/python3/dist-packages/setuptools/command/easy_install.py:158: EasyInstallDeprecationWarning: easy_install command is deprecated. Use build and pip and other standards-based tools.
[1.806s]   warnings.warn(
[1.808s] /usr/lib/python3/dist-packages/setuptools/command/install.py:34: SetuptoolsDeprecationWarning: setup.py install is deprecated. Use build and pip and other standards-based tools.
[1.808s]   warnings.warn(
[1.936s] /usr/lib/python3/dist-packages/pkg_resources/__init__.py:116: PkgResourcesDeprecationWarning: 0.1.43ubuntu1 is an invalid version and will not be supported in a future release
[1.936s]   warnings.warn(
[1.939s] /usr/lib/python3/dist-packages/pkg_resources/__init__.py:116: PkgResourcesDeprecationWarning: 1.1build1 is an invalid version and will not be supported in a future release
[1.939s]   warnings.warn(
[2.734s] Invoked command in '/home/dostonbek/ros2_ws/build/examples_rclpy_guard_conditions' returned '0': PYTHONPATH=/home/dostonbek/ros2_ws/install/examples_rclpy_guard_conditions/lib/python3.10/site-packages:${PYTHONPATH} /usr/bin/python3 setup.py develop --prefix /home/dostonbek/ros2_ws/install/examples_rclpy_guard_conditions --uninstall --editable --build-directory /home/dostonbek/ros2_ws/build/examples_rclpy_guard_conditions/build
[2.735s] Invoking command in '/home/dostonbek/ros2_ws/src/examples/rclpy/guard_conditions': PYTHONPATH=/home/dostonbek/ros2_ws/install/examples_rclpy_guard_conditions/lib/python3.10/site-packages:${PYTHONPATH} /usr/bin/python3 setup.py egg_info --egg-base ../../../../build/examples_rclpy_guard_conditions build --build-base /home/dostonbek/ros2_ws/build/examples_rclpy_guard_conditions/build install --prefix /home/dostonbek/ros2_ws/install/examples_rclpy_guard_conditions --record /home/dostonbek/ros2_ws/build/examples_rclpy_guard_conditions/install.log --single-version-externally-managed
[3.212s] running egg_info
[3.213s] writing ../../../../build/examples_rclpy_guard_conditions/examples_rclpy_guard_conditions.egg-info/PKG-INFO
[3.215s] writing dependency_links to ../../../../build/examples_rclpy_guard_conditions/examples_rclpy_guard_conditions.egg-info/dependency_links.txt
[3.215s] writing entry points to ../../../../build/examples_rclpy_guard_conditions/examples_rclpy_guard_conditions.egg-info/entry_points.txt
[3.216s] writing requirements to ../../../../build/examples_rclpy_guard_conditions/examples_rclpy_guard_conditions.egg-info/requires.txt
[3.216s] writing top-level names to ../../../../build/examples_rclpy_guard_conditions/examples_rclpy_guard_conditions.egg-info/top_level.txt
[3.221s] reading manifest file '../../../../build/examples_rclpy_guard_conditions/examples_rclpy_guard_conditions.egg-info/SOURCES.txt'
[3.224s] writing manifest file '../../../../build/examples_rclpy_guard_conditions/examples_rclpy_guard_conditions.egg-info/SOURCES.txt'
[3.224s] running build
[3.224s] running build_py
[3.226s] running install
[3.226s] /usr/lib/python3/dist-packages/setuptools/command/install.py:34: SetuptoolsDeprecationWarning: setup.py install is deprecated. Use build and pip and other standards-based tools.
[3.226s]   warnings.warn(
[3.227s] running install_lib
[3.230s] running install_data
[3.233s] running install_egg_info
[3.236s] removing '/home/dostonbek/ros2_ws/install/examples_rclpy_guard_conditions/lib/python3.10/site-packages/examples_rclpy_guard_conditions-0.15.0-py3.10.egg-info' (and everything under it)
[3.236s] Copying ../../../../build/examples_rclpy_guard_conditions/examples_rclpy_guard_conditions.egg-info to /home/dostonbek/ros2_ws/install/examples_rclpy_guard_conditions/lib/python3.10/site-packages/examples_rclpy_guard_conditions-0.15.0-py3.10.egg-info
[3.239s] running install_scripts
[3.264s] Installing trigger_guard_condition script to /home/dostonbek/ros2_ws/install/examples_rclpy_guard_conditions/lib/examples_rclpy_guard_conditions
[3.265s] writing list of installed files to '/home/dostonbek/ros2_ws/build/examples_rclpy_guard_conditions/install.log'
[3.317s] Invoked command in '/home/dostonbek/ros2_ws/src/examples/rclpy/guard_conditions' returned '0': PYTHONPATH=/home/dostonbek/ros2_ws/install/examples_rclpy_guard_conditions/lib/python3.10/site-packages:${PYTHONPATH} /usr/bin/python3 setup.py egg_info --egg-base ../../../../build/examples_rclpy_guard_conditions build --build-base /home/dostonbek/ros2_ws/build/examples_rclpy_guard_conditions/build install --prefix /home/dostonbek/ros2_ws/install/examples_rclpy_guard_conditions --record /home/dostonbek/ros2_ws/build/examples_rclpy_guard_conditions/install.log --single-version-externally-managed
