[1.846s] Invoking command in '/home/dostonbek/ros2_ws/src/my_package': PYTHONPATH=/home/dostonbek/ros2_ws/install/my_package/lib/python3.10/site-packages:${PYTHONPATH} /usr/bin/python3 setup.py egg_info --egg-base ../../build/my_package build --build-base /home/dostonbek/ros2_ws/build/my_package/build install --prefix /home/dostonbek/ros2_ws/install/my_package --record /home/dostonbek/ros2_ws/build/my_package/install.log --single-version-externally-managed
[2.904s] running egg_info
[2.905s] writing ../../build/my_package/my_package.egg-info/PKG-INFO
[2.905s] writing dependency_links to ../../build/my_package/my_package.egg-info/dependency_links.txt
[2.906s] writing entry points to ../../build/my_package/my_package.egg-info/entry_points.txt
[2.908s] writing requirements to ../../build/my_package/my_package.egg-info/requires.txt
[2.908s] writing top-level names to ../../build/my_package/my_package.egg-info/top_level.txt
[2.915s] reading manifest file '../../build/my_package/my_package.egg-info/SOURCES.txt'
[2.917s] writing manifest file '../../build/my_package/my_package.egg-info/SOURCES.txt'
[2.918s] running build
[2.918s] running build_py
[2.919s] running install
[2.919s] /usr/lib/python3/dist-packages/setuptools/command/install.py:34: SetuptoolsDeprecationWarning: setup.py install is deprecated. Use build and pip and other standards-based tools.
[2.919s]   warnings.warn(
[2.920s] running install_lib
[2.922s] running install_data
[2.923s] running install_egg_info
[2.926s] removing '/home/dostonbek/ros2_ws/install/my_package/lib/python3.10/site-packages/my_package-0.0.0-py3.10.egg-info' (and everything under it)
[2.927s] Copying ../../build/my_package/my_package.egg-info to /home/dostonbek/ros2_ws/install/my_package/lib/python3.10/site-packages/my_package-0.0.0-py3.10.egg-info
[2.929s] running install_scripts
[2.973s] Installing my_node script to /home/dostonbek/ros2_ws/install/my_package/lib/my_package
[2.975s] writing list of installed files to '/home/dostonbek/ros2_ws/build/my_package/install.log'
[3.031s] Invoked command in '/home/dostonbek/ros2_ws/src/my_package' returned '0': PYTHONPATH=/home/dostonbek/ros2_ws/install/my_package/lib/python3.10/site-packages:${PYTHONPATH} /usr/bin/python3 setup.py egg_info --egg-base ../../build/my_package build --build-base /home/dostonbek/ros2_ws/build/my_package/build install --prefix /home/dostonbek/ros2_ws/install/my_package --record /home/dostonbek/ros2_ws/build/my_package/install.log --single-version-externally-managed
