[0.215s] Invoking command in '/home/dostonbek/ros2_ws/build/turtlesim': CMAKE_PREFIX_PATH=${CMAKE_PREFIX_PATH}:/home/dostonbek/ros2_ws/install/my_package:/home/dostonbek/ros2_ws/install/launch_testing_examples:/home/dostonbek/ros2_ws/install/examples_rclpy_pointcloud_publisher:/home/dostonbek/ros2_ws/install/examples_rclpy_minimal_subscriber:/home/dostonbek/ros2_ws/install/examples_rclpy_minimal_service:/home/dostonbek/ros2_ws/install/examples_rclpy_minimal_publisher:/home/dostonbek/ros2_ws/install/examples_rclpy_minimal_client:/home/dostonbek/ros2_ws/install/examples_rclpy_minimal_action_server:/home/dostonbek/ros2_ws/install/examples_rclpy_minimal_action_client:/home/dostonbek/ros2_ws/install/examples_rclpy_guard_conditions:/home/dostonbek/ros2_ws/install/examples_rclpy_executors:/opt/ros/humble /usr/bin/cmake --build /home/dostonbek/ros2_ws/build/turtlesim -- -j2 -l2
[0.885s] [  1%] Built target turtlesim__cpp
[1.141s] [35m[1mConsolidate compiler generated dependencies of target turtlesim__rosidl_generator_c[0m
[1.357s] [ 11%] Built target turtlesim__rosidl_generator_c
[1.849s] [ 11%] Built target ament_cmake_python_copy_turtlesim
[1.989s] [35m[1mConsolidate compiler generated dependencies of target turtlesim__rosidl_typesupport_cpp[0m
[2.222s] [ 21%] Built target turtlesim__rosidl_typesupport_cpp
[2.411s] [35m[1mConsolidate compiler generated dependencies of target turtlesim__rosidl_typesupport_fastrtps_c[0m
[2.743s] [ 31%] Built target turtlesim__rosidl_typesupport_fastrtps_c
[2.913s] [35m[1mConsolidate compiler generated dependencies of target turtlesim__rosidl_typesupport_fastrtps_cpp[0m
[3.195s] [ 41%] Built target turtlesim__rosidl_typesupport_fastrtps_cpp
[3.326s] [35m[1mConsolidate compiler generated dependencies of target turtlesim__rosidl_typesupport_introspection_c[0m
[3.586s] [ 51%] Built target turtlesim__rosidl_typesupport_introspection_c
[3.787s] [35m[1mConsolidate compiler generated dependencies of target turtlesim__rosidl_typesupport_c[0m
[3.974s] [ 61%] Built target turtlesim__rosidl_typesupport_c
[4.161s] [35m[1mConsolidate compiler generated dependencies of target turtlesim__rosidl_typesupport_introspection_cpp[0m
[4.485s] [ 71%] Built target turtlesim__rosidl_typesupport_introspection_cpp
[6.551s] running egg_info
[6.557s] writing turtlesim.egg-info/PKG-INFO
[6.561s] writing dependency_links to turtlesim.egg-info/dependency_links.txt
[6.561s] writing top-level names to turtlesim.egg-info/top_level.txt
[6.573s] reading manifest file 'turtlesim.egg-info/SOURCES.txt'
[6.577s] writing manifest file 'turtlesim.egg-info/SOURCES.txt'
[6.711s] [ 71%] Built target ament_cmake_python_build_turtlesim_egg
[6.879s] [35m[1mConsolidate compiler generated dependencies of target turtlesim_node[0m
[7.290s] [ 72%] [32mBuilding CXX object CMakeFiles/turtlesim_node.dir/src/turtle_frame.cpp.o[0m
[65.895s] [ 73%] [32m[1mLinking CXX executable turtlesim_node[0m
[76.891s] [ 77%] Built target turtlesim_node
[77.031s] [35m[1mConsolidate compiler generated dependencies of target turtle_teleop_key[0m
[77.295s] [ 79%] Built target turtle_teleop_key
[77.424s] [35m[1mConsolidate compiler generated dependencies of target draw_square[0m
[77.658s] [ 81%] Built target draw_square
[77.787s] [35m[1mConsolidate compiler generated dependencies of target mimic[0m
[78.085s] [ 83%] Built target mimic
[78.383s] [ 83%] Built target turtlesim
[78.688s] [ 84%] Built target turtlesim__py
[78.826s] [35m[1mConsolidate compiler generated dependencies of target turtlesim__rosidl_generator_py[0m
[79.075s] [ 93%] Built target turtlesim__rosidl_generator_py
[79.271s] [35m[1mConsolidate compiler generated dependencies of target turtlesim__rosidl_typesupport_fastrtps_c__pyext[0m
[79.439s] [ 95%] Built target turtlesim__rosidl_typesupport_fastrtps_c__pyext
[79.572s] [35m[1mConsolidate compiler generated dependencies of target turtlesim__rosidl_typesupport_introspection_c__pyext[0m
[79.750s] [ 97%] Built target turtlesim__rosidl_typesupport_introspection_c__pyext
[79.911s] [35m[1mConsolidate compiler generated dependencies of target turtlesim__rosidl_typesupport_c__pyext[0m
[80.114s] [100%] Built target turtlesim__rosidl_typesupport_c__pyext
[80.224s] Invoked command in '/home/dostonbek/ros2_ws/build/turtlesim' returned '0': CMAKE_PREFIX_PATH=${CMAKE_PREFIX_PATH}:/home/dostonbek/ros2_ws/install/my_package:/home/dostonbek/ros2_ws/install/launch_testing_examples:/home/dostonbek/ros2_ws/install/examples_rclpy_pointcloud_publisher:/home/dostonbek/ros2_ws/install/examples_rclpy_minimal_subscriber:/home/dostonbek/ros2_ws/install/examples_rclpy_minimal_service:/home/dostonbek/ros2_ws/install/examples_rclpy_minimal_publisher:/home/dostonbek/ros2_ws/install/examples_rclpy_minimal_client:/home/dostonbek/ros2_ws/install/examples_rclpy_minimal_action_server:/home/dostonbek/ros2_ws/install/examples_rclpy_minimal_action_client:/home/dostonbek/ros2_ws/install/examples_rclpy_guard_conditions:/home/dostonbek/ros2_ws/install/examples_rclpy_executors:/opt/ros/humble /usr/bin/cmake --build /home/dostonbek/ros2_ws/build/turtlesim -- -j2 -l2
[85.638s] Invoking command in '/home/dostonbek/ros2_ws/build/turtlesim': CMAKE_PREFIX_PATH=${CMAKE_PREFIX_PATH}:/home/dostonbek/ros2_ws/install/my_package:/home/dostonbek/ros2_ws/install/launch_testing_examples:/home/dostonbek/ros2_ws/install/examples_rclpy_pointcloud_publisher:/home/dostonbek/ros2_ws/install/examples_rclpy_minimal_subscriber:/home/dostonbek/ros2_ws/install/examples_rclpy_minimal_service:/home/dostonbek/ros2_ws/install/examples_rclpy_minimal_publisher:/home/dostonbek/ros2_ws/install/examples_rclpy_minimal_client:/home/dostonbek/ros2_ws/install/examples_rclpy_minimal_action_server:/home/dostonbek/ros2_ws/install/examples_rclpy_minimal_action_client:/home/dostonbek/ros2_ws/install/examples_rclpy_guard_conditions:/home/dostonbek/ros2_ws/install/examples_rclpy_executors:/opt/ros/humble /usr/bin/cmake --install /home/dostonbek/ros2_ws/build/turtlesim
[85.778s] -- Install configuration: ""
[85.779s] -- Up-to-date: /home/dostonbek/ros2_ws/install/turtlesim/share/ament_index/resource_index/rosidl_interfaces/turtlesim
[85.782s] -- Up-to-date: /home/dostonbek/ros2_ws/install/turtlesim/include/turtlesim/turtlesim
[85.785s] -- Up-to-date: /home/dostonbek/ros2_ws/install/turtlesim/include/turtlesim/turtlesim/action
[85.789s] -- Up-to-date: /home/dostonbek/ros2_ws/install/turtlesim/include/turtlesim/turtlesim/action/rotate_absolute.h
[85.789s] -- Up-to-date: /home/dostonbek/ros2_ws/install/turtlesim/include/turtlesim/turtlesim/action/detail
[85.790s] -- Up-to-date: /home/dostonbek/ros2_ws/install/turtlesim/include/turtlesim/turtlesim/action/detail/rotate_absolute__functions.c
[85.791s] -- Up-to-date: /home/dostonbek/ros2_ws/install/turtlesim/include/turtlesim/turtlesim/action/detail/rotate_absolute__type_support.h
[85.791s] -- Up-to-date: /home/dostonbek/ros2_ws/install/turtlesim/include/turtlesim/turtlesim/action/detail/rotate_absolute__functions.h
[85.796s] -- Up-to-date: /home/dostonbek/ros2_ws/install/turtlesim/include/turtlesim/turtlesim/action/detail/rotate_absolute__struct.h
[85.804s] -- Up-to-date: /home/dostonbek/ros2_ws/install/turtlesim/include/turtlesim/turtlesim/srv
[85.806s] -- Up-to-date: /home/dostonbek/ros2_ws/install/turtlesim/include/turtlesim/turtlesim/srv/spawn.h
[85.811s] -- Up-to-date: /home/dostonbek/ros2_ws/install/turtlesim/include/turtlesim/turtlesim/srv/teleport_relative.h
[85.814s] -- Up-to-date: /home/dostonbek/ros2_ws/install/turtlesim/include/turtlesim/turtlesim/srv/teleport_absolute.h
[85.817s] -- Up-to-date: /home/dostonbek/ros2_ws/install/turtlesim/include/turtlesim/turtlesim/srv/kill.h
[85.818s] -- Up-to-date: /home/dostonbek/ros2_ws/install/turtlesim/include/turtlesim/turtlesim/srv/detail
[85.819s] -- Up-to-date: /home/dostonbek/ros2_ws/install/turtlesim/include/turtlesim/turtlesim/srv/detail/teleport_relative__type_support.h
[85.819s] -- Up-to-date: /home/dostonbek/ros2_ws/install/turtlesim/include/turtlesim/turtlesim/srv/detail/kill__functions.h
[85.820s] -- Up-to-date: /home/dostonbek/ros2_ws/install/turtlesim/include/turtlesim/turtlesim/srv/detail/kill__functions.c
[85.825s] -- Up-to-date: /home/dostonbek/ros2_ws/install/turtlesim/include/turtlesim/turtlesim/srv/detail/teleport_relative__functions.h
[85.832s] -- Up-to-date: /home/dostonbek/ros2_ws/install/turtlesim/include/turtlesim/turtlesim/srv/detail/set_pen__functions.c
[85.838s] -- Up-to-date: /home/dostonbek/ros2_ws/install/turtlesim/include/turtlesim/turtlesim/srv/detail/spawn__functions.c
[85.838s] -- Up-to-date: /home/dostonbek/ros2_ws/install/turtlesim/include/turtlesim/turtlesim/srv/detail/set_pen__struct.h
[85.839s] -- Up-to-date: /home/dostonbek/ros2_ws/install/turtlesim/include/turtlesim/turtlesim/srv/detail/teleport_absolute__functions.c
[85.839s] -- Up-to-date: /home/dostonbek/ros2_ws/install/turtlesim/include/turtlesim/turtlesim/srv/detail/spawn__functions.h
[85.840s] -- Up-to-date: /home/dostonbek/ros2_ws/install/turtlesim/include/turtlesim/turtlesim/srv/detail/spawn__struct.h
[85.841s] -- Up-to-date: /home/dostonbek/ros2_ws/install/turtlesim/include/turtlesim/turtlesim/srv/detail/teleport_absolute__struct.h
[85.853s] -- Up-to-date: /home/dostonbek/ros2_ws/install/turtlesim/include/turtlesim/turtlesim/srv/detail/kill__struct.h
[85.856s] -- Up-to-date: /home/dostonbek/ros2_ws/install/turtlesim/include/turtlesim/turtlesim/srv/detail/teleport_absolute__functions.h
[85.859s] -- Up-to-date: /home/dostonbek/ros2_ws/install/turtlesim/include/turtlesim/turtlesim/srv/detail/teleport_absolute__type_support.h
[85.860s] -- Up-to-date: /home/dostonbek/ros2_ws/install/turtlesim/include/turtlesim/turtlesim/srv/detail/teleport_relative__functions.c
[85.862s] -- Up-to-date: /home/dostonbek/ros2_ws/install/turtlesim/include/turtlesim/turtlesim/srv/detail/kill__type_support.h
[85.871s] -- Up-to-date: /home/dostonbek/ros2_ws/install/turtlesim/include/turtlesim/turtlesim/srv/detail/set_pen__functions.h
[85.872s] -- Up-to-date: /home/dostonbek/ros2_ws/install/turtlesim/include/turtlesim/turtlesim/srv/detail/teleport_relative__struct.h
[85.872s] -- Up-to-date: /home/dostonbek/ros2_ws/install/turtlesim/include/turtlesim/turtlesim/srv/detail/set_pen__type_support.h
[85.872s] -- Up-to-date: /home/dostonbek/ros2_ws/install/turtlesim/include/turtlesim/turtlesim/srv/detail/spawn__type_support.h
[85.873s] -- Up-to-date: /home/dostonbek/ros2_ws/install/turtlesim/include/turtlesim/turtlesim/srv/set_pen.h
[85.874s] -- Up-to-date: /home/dostonbek/ros2_ws/install/turtlesim/include/turtlesim/turtlesim/msg
[85.875s] -- Up-to-date: /home/dostonbek/ros2_ws/install/turtlesim/include/turtlesim/turtlesim/msg/color.h
[85.880s] -- Up-to-date: /home/dostonbek/ros2_ws/install/turtlesim/include/turtlesim/turtlesim/msg/pose.h
[85.884s] -- Up-to-date: /home/dostonbek/ros2_ws/install/turtlesim/include/turtlesim/turtlesim/msg/detail
[85.890s] -- Up-to-date: /home/dostonbek/ros2_ws/install/turtlesim/include/turtlesim/turtlesim/msg/detail/pose__functions.c
[85.895s] -- Up-to-date: /home/dostonbek/ros2_ws/install/turtlesim/include/turtlesim/turtlesim/msg/detail/color__functions.h
[85.899s] -- Up-to-date: /home/dostonbek/ros2_ws/install/turtlesim/include/turtlesim/turtlesim/msg/detail/pose__type_support.h
[85.899s] -- Up-to-date: /home/dostonbek/ros2_ws/install/turtlesim/include/turtlesim/turtlesim/msg/detail/color__struct.h
[85.900s] -- Up-to-date: /home/dostonbek/ros2_ws/install/turtlesim/include/turtlesim/turtlesim/msg/detail/pose__functions.h
[85.910s] -- Up-to-date: /home/dostonbek/ros2_ws/install/turtlesim/include/turtlesim/turtlesim/msg/detail/color__type_support.h
[85.912s] -- Up-to-date: /home/dostonbek/ros2_ws/install/turtlesim/include/turtlesim/turtlesim/msg/detail/color__functions.c
[85.915s] -- Up-to-date: /home/dostonbek/ros2_ws/install/turtlesim/include/turtlesim/turtlesim/msg/detail/pose__struct.h
[85.916s] -- Up-to-date: /home/dostonbek/ros2_ws/install/turtlesim/include/turtlesim/turtlesim/msg/rosidl_generator_c__visibility_control.h
[85.916s] -- Up-to-date: /home/dostonbek/ros2_ws/install/turtlesim/share/turtlesim/environment/library_path.sh
[85.917s] -- Up-to-date: /home/dostonbek/ros2_ws/install/turtlesim/share/turtlesim/environment/library_path.dsv
[85.927s] -- Up-to-date: /home/dostonbek/ros2_ws/install/turtlesim/lib/libturtlesim__rosidl_generator_c.so
[85.928s] -- Up-to-date: /home/dostonbek/ros2_ws/install/turtlesim/include/turtlesim/turtlesim
[85.928s] -- Up-to-date: /home/dostonbek/ros2_ws/install/turtlesim/include/turtlesim/turtlesim/action
[85.929s] -- Up-to-date: /home/dostonbek/ros2_ws/install/turtlesim/include/turtlesim/turtlesim/action/detail
[85.930s] -- Up-to-date: /home/dostonbek/ros2_ws/install/turtlesim/include/turtlesim/turtlesim/action/detail/rotate_absolute__rosidl_typesupport_fastrtps_c.h
[85.930s] -- Up-to-date: /home/dostonbek/ros2_ws/install/turtlesim/include/turtlesim/turtlesim/srv
[85.930s] -- Up-to-date: /home/dostonbek/ros2_ws/install/turtlesim/include/turtlesim/turtlesim/srv/detail
[85.931s] -- Up-to-date: /home/dostonbek/ros2_ws/install/turtlesim/include/turtlesim/turtlesim/srv/detail/teleport_absolute__rosidl_typesupport_fastrtps_c.h
[85.931s] -- Up-to-date: /home/dostonbek/ros2_ws/install/turtlesim/include/turtlesim/turtlesim/srv/detail/teleport_relative__rosidl_typesupport_fastrtps_c.h
[85.932s] -- Up-to-date: /home/dostonbek/ros2_ws/install/turtlesim/include/turtlesim/turtlesim/srv/detail/spawn__rosidl_typesupport_fastrtps_c.h
[85.932s] -- Up-to-date: /home/dostonbek/ros2_ws/install/turtlesim/include/turtlesim/turtlesim/srv/detail/set_pen__rosidl_typesupport_fastrtps_c.h
[85.933s] -- Up-to-date: /home/dostonbek/ros2_ws/install/turtlesim/include/turtlesim/turtlesim/srv/detail/kill__rosidl_typesupport_fastrtps_c.h
[85.941s] -- Up-to-date: /home/dostonbek/ros2_ws/install/turtlesim/include/turtlesim/turtlesim/msg
[85.942s] -- Up-to-date: /home/dostonbek/ros2_ws/install/turtlesim/include/turtlesim/turtlesim/msg/rosidl_typesupport_fastrtps_c__visibility_control.h
[85.942s] -- Up-to-date: /home/dostonbek/ros2_ws/install/turtlesim/include/turtlesim/turtlesim/msg/detail
[85.943s] -- Up-to-date: /home/dostonbek/ros2_ws/install/turtlesim/include/turtlesim/turtlesim/msg/detail/color__rosidl_typesupport_fastrtps_c.h
[85.943s] -- Up-to-date: /home/dostonbek/ros2_ws/install/turtlesim/include/turtlesim/turtlesim/msg/detail/pose__rosidl_typesupport_fastrtps_c.h
[85.944s] -- Up-to-date: /home/dostonbek/ros2_ws/install/turtlesim/lib/libturtlesim__rosidl_typesupport_fastrtps_c.so
[85.944s] -- Up-to-date: /home/dostonbek/ros2_ws/install/turtlesim/include/turtlesim/turtlesim
[85.956s] -- Up-to-date: /home/dostonbek/ros2_ws/install/turtlesim/include/turtlesim/turtlesim/action
[85.959s] -- Up-to-date: /home/dostonbek/ros2_ws/install/turtlesim/include/turtlesim/turtlesim/action/rotate_absolute.hpp
[85.959s] -- Up-to-date: /home/dostonbek/ros2_ws/install/turtlesim/include/turtlesim/turtlesim/action/detail
[85.960s] -- Up-to-date: /home/dostonbek/ros2_ws/install/turtlesim/include/turtlesim/turtlesim/action/detail/rotate_absolute__struct.hpp
[85.962s] -- Up-to-date: /home/dostonbek/ros2_ws/install/turtlesim/include/turtlesim/turtlesim/action/detail/rotate_absolute__traits.hpp
[85.962s] -- Up-to-date: /home/dostonbek/ros2_ws/install/turtlesim/include/turtlesim/turtlesim/action/detail/rotate_absolute__builder.hpp
[85.963s] -- Up-to-date: /home/dostonbek/ros2_ws/install/turtlesim/include/turtlesim/turtlesim/srv
[85.963s] -- Up-to-date: /home/dostonbek/ros2_ws/install/turtlesim/include/turtlesim/turtlesim/srv/teleport_absolute.hpp
[85.964s] -- Up-to-date: /home/dostonbek/ros2_ws/install/turtlesim/include/turtlesim/turtlesim/srv/spawn.hpp
[85.964s] -- Up-to-date: /home/dostonbek/ros2_ws/install/turtlesim/include/turtlesim/turtlesim/srv/kill.hpp
[85.965s] -- Up-to-date: /home/dostonbek/ros2_ws/install/turtlesim/include/turtlesim/turtlesim/srv/teleport_relative.hpp
[85.965s] -- Up-to-date: /home/dostonbek/ros2_ws/install/turtlesim/include/turtlesim/turtlesim/srv/detail
[85.974s] -- Up-to-date: /home/dostonbek/ros2_ws/install/turtlesim/include/turtlesim/turtlesim/srv/detail/teleport_absolute__struct.hpp
[85.975s] -- Up-to-date: /home/dostonbek/ros2_ws/install/turtlesim/include/turtlesim/turtlesim/srv/detail/teleport_relative__traits.hpp
[85.975s] -- Up-to-date: /home/dostonbek/ros2_ws/install/turtlesim/include/turtlesim/turtlesim/srv/detail/set_pen__builder.hpp
[85.976s] -- Up-to-date: /home/dostonbek/ros2_ws/install/turtlesim/include/turtlesim/turtlesim/srv/detail/teleport_relative__struct.hpp
[85.977s] -- Up-to-date: /home/dostonbek/ros2_ws/install/turtlesim/include/turtlesim/turtlesim/srv/detail/teleport_relative__builder.hpp
[85.983s] -- Up-to-date: /home/dostonbek/ros2_ws/install/turtlesim/include/turtlesim/turtlesim/srv/detail/set_pen__traits.hpp
[85.988s] -- Up-to-date: /home/dostonbek/ros2_ws/install/turtlesim/include/turtlesim/turtlesim/srv/detail/kill__builder.hpp
[85.989s] -- Up-to-date: /home/dostonbek/ros2_ws/install/turtlesim/include/turtlesim/turtlesim/srv/detail/kill__traits.hpp
[85.990s] -- Up-to-date: /home/dostonbek/ros2_ws/install/turtlesim/include/turtlesim/turtlesim/srv/detail/kill__struct.hpp
[85.990s] -- Up-to-date: /home/dostonbek/ros2_ws/install/turtlesim/include/turtlesim/turtlesim/srv/detail/teleport_absolute__traits.hpp
[85.991s] -- Up-to-date: /home/dostonbek/ros2_ws/install/turtlesim/include/turtlesim/turtlesim/srv/detail/spawn__traits.hpp
[85.991s] -- Up-to-date: /home/dostonbek/ros2_ws/install/turtlesim/include/turtlesim/turtlesim/srv/detail/spawn__struct.hpp
[85.991s] -- Up-to-date: /home/dostonbek/ros2_ws/install/turtlesim/include/turtlesim/turtlesim/srv/detail/spawn__builder.hpp
[85.992s] -- Up-to-date: /home/dostonbek/ros2_ws/install/turtlesim/include/turtlesim/turtlesim/srv/detail/set_pen__struct.hpp
[85.992s] -- Up-to-date: /home/dostonbek/ros2_ws/install/turtlesim/include/turtlesim/turtlesim/srv/detail/teleport_absolute__builder.hpp
[85.993s] -- Up-to-date: /home/dostonbek/ros2_ws/install/turtlesim/include/turtlesim/turtlesim/srv/set_pen.hpp
[85.998s] -- Up-to-date: /home/dostonbek/ros2_ws/install/turtlesim/include/turtlesim/turtlesim/msg
[86.002s] -- Up-to-date: /home/dostonbek/ros2_ws/install/turtlesim/include/turtlesim/turtlesim/msg/color.hpp
[86.003s] -- Up-to-date: /home/dostonbek/ros2_ws/install/turtlesim/include/turtlesim/turtlesim/msg/pose.hpp
[86.003s] -- Up-to-date: /home/dostonbek/ros2_ws/install/turtlesim/include/turtlesim/turtlesim/msg/detail
[86.010s] -- Up-to-date: /home/dostonbek/ros2_ws/install/turtlesim/include/turtlesim/turtlesim/msg/detail/pose__traits.hpp
[86.010s] -- Up-to-date: /home/dostonbek/ros2_ws/install/turtlesim/include/turtlesim/turtlesim/msg/detail/color__builder.hpp
[86.011s] -- Up-to-date: /home/dostonbek/ros2_ws/install/turtlesim/include/turtlesim/turtlesim/msg/detail/pose__builder.hpp
[86.011s] -- Up-to-date: /home/dostonbek/ros2_ws/install/turtlesim/include/turtlesim/turtlesim/msg/detail/color__traits.hpp
[86.012s] -- Up-to-date: /home/dostonbek/ros2_ws/install/turtlesim/include/turtlesim/turtlesim/msg/detail/pose__struct.hpp
[86.012s] -- Up-to-date: /home/dostonbek/ros2_ws/install/turtlesim/include/turtlesim/turtlesim/msg/detail/color__struct.hpp
[86.013s] -- Up-to-date: /home/dostonbek/ros2_ws/install/turtlesim/include/turtlesim/turtlesim
[86.013s] -- Up-to-date: /home/dostonbek/ros2_ws/install/turtlesim/include/turtlesim/turtlesim/action
[86.019s] -- Up-to-date: /home/dostonbek/ros2_ws/install/turtlesim/include/turtlesim/turtlesim/action/detail
[86.019s] -- Up-to-date: /home/dostonbek/ros2_ws/install/turtlesim/include/turtlesim/turtlesim/action/detail/rotate_absolute__rosidl_typesupport_fastrtps_cpp.hpp
[86.020s] -- Up-to-date: /home/dostonbek/ros2_ws/install/turtlesim/include/turtlesim/turtlesim/action/detail/dds_fastrtps
[86.020s] -- Up-to-date: /home/dostonbek/ros2_ws/install/turtlesim/include/turtlesim/turtlesim/srv
[86.030s] -- Up-to-date: /home/dostonbek/ros2_ws/install/turtlesim/include/turtlesim/turtlesim/srv/detail
[86.032s] -- Up-to-date: /home/dostonbek/ros2_ws/install/turtlesim/include/turtlesim/turtlesim/srv/detail/set_pen__rosidl_typesupport_fastrtps_cpp.hpp
[86.033s] -- Up-to-date: /home/dostonbek/ros2_ws/install/turtlesim/include/turtlesim/turtlesim/srv/detail/kill__rosidl_typesupport_fastrtps_cpp.hpp
[86.034s] -- Up-to-date: /home/dostonbek/ros2_ws/install/turtlesim/include/turtlesim/turtlesim/srv/detail/dds_fastrtps
[86.034s] -- Up-to-date: /home/dostonbek/ros2_ws/install/turtlesim/include/turtlesim/turtlesim/srv/detail/teleport_relative__rosidl_typesupport_fastrtps_cpp.hpp
[86.035s] -- Up-to-date: /home/dostonbek/ros2_ws/install/turtlesim/include/turtlesim/turtlesim/srv/detail/spawn__rosidl_typesupport_fastrtps_cpp.hpp
[86.035s] -- Up-to-date: /home/dostonbek/ros2_ws/install/turtlesim/include/turtlesim/turtlesim/srv/detail/teleport_absolute__rosidl_typesupport_fastrtps_cpp.hpp
[86.036s] -- Up-to-date: /home/dostonbek/ros2_ws/install/turtlesim/include/turtlesim/turtlesim/msg
[86.036s] -- Up-to-date: /home/dostonbek/ros2_ws/install/turtlesim/include/turtlesim/turtlesim/msg/rosidl_typesupport_fastrtps_cpp__visibility_control.h
[86.037s] -- Up-to-date: /home/dostonbek/ros2_ws/install/turtlesim/include/turtlesim/turtlesim/msg/detail
[86.046s] -- Up-to-date: /home/dostonbek/ros2_ws/install/turtlesim/include/turtlesim/turtlesim/msg/detail/color__rosidl_typesupport_fastrtps_cpp.hpp
[86.046s] -- Up-to-date: /home/dostonbek/ros2_ws/install/turtlesim/include/turtlesim/turtlesim/msg/detail/dds_fastrtps
[86.047s] -- Up-to-date: /home/dostonbek/ros2_ws/install/turtlesim/include/turtlesim/turtlesim/msg/detail/pose__rosidl_typesupport_fastrtps_cpp.hpp
[86.047s] -- Up-to-date: /home/dostonbek/ros2_ws/install/turtlesim/lib/libturtlesim__rosidl_typesupport_fastrtps_cpp.so
[86.048s] -- Up-to-date: /home/dostonbek/ros2_ws/install/turtlesim/include/turtlesim/turtlesim
[86.048s] -- Up-to-date: /home/dostonbek/ros2_ws/install/turtlesim/include/turtlesim/turtlesim/action
[86.049s] -- Up-to-date: /home/dostonbek/ros2_ws/install/turtlesim/include/turtlesim/turtlesim/action/detail
[86.050s] -- Up-to-date: /home/dostonbek/ros2_ws/install/turtlesim/include/turtlesim/turtlesim/action/detail/rotate_absolute__rosidl_typesupport_introspection_c.h
[86.050s] -- Up-to-date: /home/dostonbek/ros2_ws/install/turtlesim/include/turtlesim/turtlesim/action/detail/rotate_absolute__type_support.c
[86.051s] -- Up-to-date: /home/dostonbek/ros2_ws/install/turtlesim/include/turtlesim/turtlesim/srv
[86.051s] -- Up-to-date: /home/dostonbek/ros2_ws/install/turtlesim/include/turtlesim/turtlesim/srv/detail
[86.067s] -- Up-to-date: /home/dostonbek/ros2_ws/install/turtlesim/include/turtlesim/turtlesim/srv/detail/spawn__rosidl_typesupport_introspection_c.h
[86.069s] -- Up-to-date: /home/dostonbek/ros2_ws/install/turtlesim/include/turtlesim/turtlesim/srv/detail/kill__type_support.c
[86.070s] -- Up-to-date: /home/dostonbek/ros2_ws/install/turtlesim/include/turtlesim/turtlesim/srv/detail/teleport_relative__type_support.c
[86.070s] -- Up-to-date: /home/dostonbek/ros2_ws/install/turtlesim/include/turtlesim/turtlesim/srv/detail/teleport_absolute__type_support.c
[86.071s] -- Up-to-date: /home/dostonbek/ros2_ws/install/turtlesim/include/turtlesim/turtlesim/srv/detail/kill__rosidl_typesupport_introspection_c.h
[86.071s] -- Up-to-date: /home/dostonbek/ros2_ws/install/turtlesim/include/turtlesim/turtlesim/srv/detail/set_pen__rosidl_typesupport_introspection_c.h
[86.072s] -- Up-to-date: /home/dostonbek/ros2_ws/install/turtlesim/include/turtlesim/turtlesim/srv/detail/spawn__type_support.c
[86.072s] -- Up-to-date: /home/dostonbek/ros2_ws/install/turtlesim/include/turtlesim/turtlesim/srv/detail/teleport_absolute__rosidl_typesupport_introspection_c.h
[86.073s] -- Up-to-date: /home/dostonbek/ros2_ws/install/turtlesim/include/turtlesim/turtlesim/srv/detail/teleport_relative__rosidl_typesupport_introspection_c.h
[86.073s] -- Up-to-date: /home/dostonbek/ros2_ws/install/turtlesim/include/turtlesim/turtlesim/srv/detail/set_pen__type_support.c
[86.079s] -- Up-to-date: /home/dostonbek/ros2_ws/install/turtlesim/include/turtlesim/turtlesim/msg
[86.083s] -- Up-to-date: /home/dostonbek/ros2_ws/install/turtlesim/include/turtlesim/turtlesim/msg/rosidl_typesupport_introspection_c__visibility_control.h
[86.084s] -- Up-to-date: /home/dostonbek/ros2_ws/install/turtlesim/include/turtlesim/turtlesim/msg/detail
[86.084s] -- Up-to-date: /home/dostonbek/ros2_ws/install/turtlesim/include/turtlesim/turtlesim/msg/detail/pose__rosidl_typesupport_introspection_c.h
[86.086s] -- Up-to-date: /home/dostonbek/ros2_ws/install/turtlesim/include/turtlesim/turtlesim/msg/detail/color__type_support.c
[86.095s] -- Up-to-date: /home/dostonbek/ros2_ws/install/turtlesim/include/turtlesim/turtlesim/msg/detail/color__rosidl_typesupport_introspection_c.h
[86.096s] -- Up-to-date: /home/dostonbek/ros2_ws/install/turtlesim/include/turtlesim/turtlesim/msg/detail/pose__type_support.c
[86.099s] -- Up-to-date: /home/dostonbek/ros2_ws/install/turtlesim/lib/libturtlesim__rosidl_typesupport_introspection_c.so
[86.100s] -- Up-to-date: /home/dostonbek/ros2_ws/install/turtlesim/lib/libturtlesim__rosidl_typesupport_c.so
[86.100s] -- Up-to-date: /home/dostonbek/ros2_ws/install/turtlesim/include/turtlesim/turtlesim
[86.102s] -- Up-to-date: /home/dostonbek/ros2_ws/install/turtlesim/include/turtlesim/turtlesim/action
[86.103s] -- Up-to-date: /home/dostonbek/ros2_ws/install/turtlesim/include/turtlesim/turtlesim/action/detail
[86.103s] -- Up-to-date: /home/dostonbek/ros2_ws/install/turtlesim/include/turtlesim/turtlesim/action/detail/rotate_absolute__type_support.cpp
[86.104s] -- Up-to-date: /home/dostonbek/ros2_ws/install/turtlesim/include/turtlesim/turtlesim/action/detail/rotate_absolute__rosidl_typesupport_introspection_cpp.hpp
[86.110s] -- Up-to-date: /home/dostonbek/ros2_ws/install/turtlesim/include/turtlesim/turtlesim/srv
[86.111s] -- Up-to-date: /home/dostonbek/ros2_ws/install/turtlesim/include/turtlesim/turtlesim/srv/detail
[86.111s] -- Up-to-date: /home/dostonbek/ros2_ws/install/turtlesim/include/turtlesim/turtlesim/srv/detail/spawn__type_support.cpp
[86.112s] -- Up-to-date: /home/dostonbek/ros2_ws/install/turtlesim/include/turtlesim/turtlesim/srv/detail/kill__type_support.cpp
[86.113s] -- Up-to-date: /home/dostonbek/ros2_ws/install/turtlesim/include/turtlesim/turtlesim/srv/detail/teleport_absolute__type_support.cpp
[86.113s] -- Up-to-date: /home/dostonbek/ros2_ws/install/turtlesim/include/turtlesim/turtlesim/srv/detail/set_pen__rosidl_typesupport_introspection_cpp.hpp
[86.122s] -- Up-to-date: /home/dostonbek/ros2_ws/install/turtlesim/include/turtlesim/turtlesim/srv/detail/spawn__rosidl_typesupport_introspection_cpp.hpp
[86.123s] -- Up-to-date: /home/dostonbek/ros2_ws/install/turtlesim/include/turtlesim/turtlesim/srv/detail/teleport_relative__rosidl_typesupport_introspection_cpp.hpp
[86.124s] -- Up-to-date: /home/dostonbek/ros2_ws/install/turtlesim/include/turtlesim/turtlesim/srv/detail/teleport_absolute__rosidl_typesupport_introspection_cpp.hpp
[86.124s] -- Up-to-date: /home/dostonbek/ros2_ws/install/turtlesim/include/turtlesim/turtlesim/srv/detail/kill__rosidl_typesupport_introspection_cpp.hpp
[86.125s] -- Up-to-date: /home/dostonbek/ros2_ws/install/turtlesim/include/turtlesim/turtlesim/srv/detail/teleport_relative__type_support.cpp
[86.125s] -- Up-to-date: /home/dostonbek/ros2_ws/install/turtlesim/include/turtlesim/turtlesim/srv/detail/set_pen__type_support.cpp
[86.130s] -- Up-to-date: /home/dostonbek/ros2_ws/install/turtlesim/include/turtlesim/turtlesim/msg
[86.131s] -- Up-to-date: /home/dostonbek/ros2_ws/install/turtlesim/include/turtlesim/turtlesim/msg/detail
[86.131s] -- Up-to-date: /home/dostonbek/ros2_ws/install/turtlesim/include/turtlesim/turtlesim/msg/detail/color__type_support.cpp
[86.131s] -- Up-to-date: /home/dostonbek/ros2_ws/install/turtlesim/include/turtlesim/turtlesim/msg/detail/color__rosidl_typesupport_introspection_cpp.hpp
[86.132s] -- Up-to-date: /home/dostonbek/ros2_ws/install/turtlesim/include/turtlesim/turtlesim/msg/detail/pose__rosidl_typesupport_introspection_cpp.hpp
[86.132s] -- Up-to-date: /home/dostonbek/ros2_ws/install/turtlesim/include/turtlesim/turtlesim/msg/detail/pose__type_support.cpp
[86.133s] -- Up-to-date: /home/dostonbek/ros2_ws/install/turtlesim/lib/libturtlesim__rosidl_typesupport_introspection_cpp.so
[86.146s] -- Up-to-date: /home/dostonbek/ros2_ws/install/turtlesim/lib/libturtlesim__rosidl_typesupport_cpp.so
[86.146s] -- Up-to-date: /home/dostonbek/ros2_ws/install/turtlesim/share/turtlesim/environment/pythonpath.sh
[86.147s] -- Up-to-date: /home/dostonbek/ros2_ws/install/turtlesim/share/turtlesim/environment/pythonpath.dsv
[86.147s] -- Up-to-date: /home/dostonbek/ros2_ws/install/turtlesim/local/lib/python3.10/dist-packages/turtlesim-1.4.1-py3.10.egg-info
[86.148s] -- Installing: /home/dostonbek/ros2_ws/install/turtlesim/local/lib/python3.10/dist-packages/turtlesim-1.4.1-py3.10.egg-info/dependency_links.txt
[86.148s] -- Installing: /home/dostonbek/ros2_ws/install/turtlesim/local/lib/python3.10/dist-packages/turtlesim-1.4.1-py3.10.egg-info/SOURCES.txt
[86.148s] -- Installing: /home/dostonbek/ros2_ws/install/turtlesim/local/lib/python3.10/dist-packages/turtlesim-1.4.1-py3.10.egg-info/top_level.txt
[86.149s] -- Installing: /home/dostonbek/ros2_ws/install/turtlesim/local/lib/python3.10/dist-packages/turtlesim-1.4.1-py3.10.egg-info/PKG-INFO
[86.153s] -- Up-to-date: /home/dostonbek/ros2_ws/install/turtlesim/local/lib/python3.10/dist-packages/turtlesim
[86.154s] -- Up-to-date: /home/dostonbek/ros2_ws/install/turtlesim/local/lib/python3.10/dist-packages/turtlesim/_turtlesim_s.ep.rosidl_typesupport_c.c
[86.154s] -- Up-to-date: /home/dostonbek/ros2_ws/install/turtlesim/local/lib/python3.10/dist-packages/turtlesim/action
[86.154s] -- Up-to-date: /home/dostonbek/ros2_ws/install/turtlesim/local/lib/python3.10/dist-packages/turtlesim/action/_rotate_absolute.py
[86.155s] -- Up-to-date: /home/dostonbek/ros2_ws/install/turtlesim/local/lib/python3.10/dist-packages/turtlesim/action/_rotate_absolute_s.c
[86.155s] -- Up-to-date: /home/dostonbek/ros2_ws/install/turtlesim/local/lib/python3.10/dist-packages/turtlesim/action/__init__.py
[86.156s] -- Up-to-date: /home/dostonbek/ros2_ws/install/turtlesim/local/lib/python3.10/dist-packages/turtlesim/srv
[86.156s] -- Up-to-date: /home/dostonbek/ros2_ws/install/turtlesim/local/lib/python3.10/dist-packages/turtlesim/srv/_kill.py
[86.157s] -- Up-to-date: /home/dostonbek/ros2_ws/install/turtlesim/local/lib/python3.10/dist-packages/turtlesim/srv/_kill_s.c
[86.162s] -- Up-to-date: /home/dostonbek/ros2_ws/install/turtlesim/local/lib/python3.10/dist-packages/turtlesim/srv/_teleport_relative_s.c
[86.163s] -- Up-to-date: /home/dostonbek/ros2_ws/install/turtlesim/local/lib/python3.10/dist-packages/turtlesim/srv/_spawn_s.c
[86.165s] -- Up-to-date: /home/dostonbek/ros2_ws/install/turtlesim/local/lib/python3.10/dist-packages/turtlesim/srv/_spawn.py
[86.166s] -- Up-to-date: /home/dostonbek/ros2_ws/install/turtlesim/local/lib/python3.10/dist-packages/turtlesim/srv/_set_pen.py
[86.166s] -- Up-to-date: /home/dostonbek/ros2_ws/install/turtlesim/local/lib/python3.10/dist-packages/turtlesim/srv/_teleport_relative.py
[86.167s] -- Up-to-date: /home/dostonbek/ros2_ws/install/turtlesim/local/lib/python3.10/dist-packages/turtlesim/srv/_set_pen_s.c
[86.167s] -- Up-to-date: /home/dostonbek/ros2_ws/install/turtlesim/local/lib/python3.10/dist-packages/turtlesim/srv/__init__.py
[86.168s] -- Up-to-date: /home/dostonbek/ros2_ws/install/turtlesim/local/lib/python3.10/dist-packages/turtlesim/srv/_teleport_absolute_s.c
[86.168s] -- Up-to-date: /home/dostonbek/ros2_ws/install/turtlesim/local/lib/python3.10/dist-packages/turtlesim/srv/_teleport_absolute.py
[86.168s] -- Up-to-date: /home/dostonbek/ros2_ws/install/turtlesim/local/lib/python3.10/dist-packages/turtlesim/libturtlesim__rosidl_generator_py.so
[86.169s] -- Up-to-date: /home/dostonbek/ros2_ws/install/turtlesim/local/lib/python3.10/dist-packages/turtlesim/turtlesim_s__rosidl_typesupport_introspection_c.cpython-310-x86_64-linux-gnu.so
[86.170s] -- Up-to-date: /home/dostonbek/ros2_ws/install/turtlesim/local/lib/python3.10/dist-packages/turtlesim/turtlesim_s__rosidl_typesupport_fastrtps_c.cpython-310-x86_64-linux-gnu.so
[86.170s] -- Up-to-date: /home/dostonbek/ros2_ws/install/turtlesim/local/lib/python3.10/dist-packages/turtlesim/_turtlesim_s.ep.rosidl_typesupport_introspection_c.c
[86.170s] -- Up-to-date: /home/dostonbek/ros2_ws/install/turtlesim/local/lib/python3.10/dist-packages/turtlesim/_turtlesim_s.ep.rosidl_typesupport_fastrtps_c.c
[86.171s] -- Up-to-date: /home/dostonbek/ros2_ws/install/turtlesim/local/lib/python3.10/dist-packages/turtlesim/turtlesim_s__rosidl_typesupport_c.cpython-310-x86_64-linux-gnu.so
[86.172s] -- Up-to-date: /home/dostonbek/ros2_ws/install/turtlesim/local/lib/python3.10/dist-packages/turtlesim/msg
[86.172s] -- Up-to-date: /home/dostonbek/ros2_ws/install/turtlesim/local/lib/python3.10/dist-packages/turtlesim/msg/_pose_s.c
[86.173s] -- Up-to-date: /home/dostonbek/ros2_ws/install/turtlesim/local/lib/python3.10/dist-packages/turtlesim/msg/_color.py
[86.174s] -- Up-to-date: /home/dostonbek/ros2_ws/install/turtlesim/local/lib/python3.10/dist-packages/turtlesim/msg/_color_s.c
[86.174s] -- Up-to-date: /home/dostonbek/ros2_ws/install/turtlesim/local/lib/python3.10/dist-packages/turtlesim/msg/_pose.py
[86.175s] -- Up-to-date: /home/dostonbek/ros2_ws/install/turtlesim/local/lib/python3.10/dist-packages/turtlesim/msg/__init__.py
[86.176s] -- Up-to-date: /home/dostonbek/ros2_ws/install/turtlesim/local/lib/python3.10/dist-packages/turtlesim/__init__.py
[86.504s] Listing '/home/dostonbek/ros2_ws/install/turtlesim/local/lib/python3.10/dist-packages/turtlesim'...
[86.505s] Listing '/home/dostonbek/ros2_ws/install/turtlesim/local/lib/python3.10/dist-packages/turtlesim/action'...
[86.505s] Listing '/home/dostonbek/ros2_ws/install/turtlesim/local/lib/python3.10/dist-packages/turtlesim/msg'...
[86.506s] Listing '/home/dostonbek/ros2_ws/install/turtlesim/local/lib/python3.10/dist-packages/turtlesim/srv'...
[86.528s] -- Up-to-date: /home/dostonbek/ros2_ws/install/turtlesim/local/lib/python3.10/dist-packages/turtlesim/turtlesim_s__rosidl_typesupport_fastrtps_c.cpython-310-x86_64-linux-gnu.so
[86.539s] -- Up-to-date: /home/dostonbek/ros2_ws/install/turtlesim/local/lib/python3.10/dist-packages/turtlesim/turtlesim_s__rosidl_typesupport_introspection_c.cpython-310-x86_64-linux-gnu.so
[86.546s] -- Up-to-date: /home/dostonbek/ros2_ws/install/turtlesim/local/lib/python3.10/dist-packages/turtlesim/turtlesim_s__rosidl_typesupport_c.cpython-310-x86_64-linux-gnu.so
[86.558s] -- Up-to-date: /home/dostonbek/ros2_ws/install/turtlesim/lib/libturtlesim__rosidl_generator_py.so
[86.563s] -- Up-to-date: /home/dostonbek/ros2_ws/install/turtlesim/share/turtlesim/action/RotateAbsolute.idl
[86.565s] -- Up-to-date: /home/dostonbek/ros2_ws/install/turtlesim/share/turtlesim/msg/Color.idl
[86.567s] -- Up-to-date: /home/dostonbek/ros2_ws/install/turtlesim/share/turtlesim/msg/Pose.idl
[86.568s] -- Up-to-date: /home/dostonbek/ros2_ws/install/turtlesim/share/turtlesim/srv/Kill.idl
[86.572s] -- Up-to-date: /home/dostonbek/ros2_ws/install/turtlesim/share/turtlesim/srv/SetPen.idl
[86.574s] -- Up-to-date: /home/dostonbek/ros2_ws/install/turtlesim/share/turtlesim/srv/Spawn.idl
[86.576s] -- Up-to-date: /home/dostonbek/ros2_ws/install/turtlesim/share/turtlesim/srv/TeleportAbsolute.idl
[86.577s] -- Up-to-date: /home/dostonbek/ros2_ws/install/turtlesim/share/turtlesim/srv/TeleportRelative.idl
[86.580s] -- Up-to-date: /home/dostonbek/ros2_ws/install/turtlesim/share/turtlesim/action/RotateAbsolute.action
[86.583s] -- Up-to-date: /home/dostonbek/ros2_ws/install/turtlesim/share/turtlesim/msg/Color.msg
[86.584s] -- Up-to-date: /home/dostonbek/ros2_ws/install/turtlesim/share/turtlesim/msg/Pose.msg
[86.586s] -- Up-to-date: /home/dostonbek/ros2_ws/install/turtlesim/share/turtlesim/srv/Kill.srv
[86.588s] -- Up-to-date: /home/dostonbek/ros2_ws/install/turtlesim/share/turtlesim/srv/Kill_Request.msg
[86.590s] -- Up-to-date: /home/dostonbek/ros2_ws/install/turtlesim/share/turtlesim/srv/Kill_Response.msg
[86.596s] -- Up-to-date: /home/dostonbek/ros2_ws/install/turtlesim/share/turtlesim/srv/SetPen.srv
[86.601s] -- Up-to-date: /home/dostonbek/ros2_ws/install/turtlesim/share/turtlesim/srv/SetPen_Request.msg
[86.602s] -- Up-to-date: /home/dostonbek/ros2_ws/install/turtlesim/share/turtlesim/srv/SetPen_Response.msg
[86.602s] -- Up-to-date: /home/dostonbek/ros2_ws/install/turtlesim/share/turtlesim/srv/Spawn.srv
[86.603s] -- Up-to-date: /home/dostonbek/ros2_ws/install/turtlesim/share/turtlesim/srv/Spawn_Request.msg
[86.604s] -- Up-to-date: /home/dostonbek/ros2_ws/install/turtlesim/share/turtlesim/srv/Spawn_Response.msg
[86.604s] -- Up-to-date: /home/dostonbek/ros2_ws/install/turtlesim/share/turtlesim/srv/TeleportAbsolute.srv
[86.605s] -- Up-to-date: /home/dostonbek/ros2_ws/install/turtlesim/share/turtlesim/srv/TeleportAbsolute_Request.msg
[86.610s] -- Up-to-date: /home/dostonbek/ros2_ws/install/turtlesim/share/turtlesim/srv/TeleportAbsolute_Response.msg
[86.611s] -- Up-to-date: /home/dostonbek/ros2_ws/install/turtlesim/share/turtlesim/srv/TeleportRelative.srv
[86.611s] -- Up-to-date: /home/dostonbek/ros2_ws/install/turtlesim/share/turtlesim/srv/TeleportRelative_Request.msg
[86.612s] -- Up-to-date: /home/dostonbek/ros2_ws/install/turtlesim/share/turtlesim/srv/TeleportRelative_Response.msg
[86.619s] -- Installing: /home/dostonbek/ros2_ws/install/turtlesim/lib/turtlesim/turtlesim_node
[86.748s] -- Set runtime path of "/home/dostonbek/ros2_ws/install/turtlesim/lib/turtlesim/turtlesim_node" to ""
[86.755s] -- Up-to-date: /home/dostonbek/ros2_ws/install/turtlesim/lib/turtlesim/turtle_teleop_key
[86.769s] -- Up-to-date: /home/dostonbek/ros2_ws/install/turtlesim/lib/turtlesim/draw_square
[86.780s] -- Up-to-date: /home/dostonbek/ros2_ws/install/turtlesim/lib/turtlesim/mimic
[86.787s] -- Up-to-date: /home/dostonbek/ros2_ws/install/turtlesim/share/turtlesim/images
[86.788s] -- Up-to-date: /home/dostonbek/ros2_ws/install/turtlesim/share/turtlesim/images/crystal.png
[86.789s] -- Up-to-date: /home/dostonbek/ros2_ws/install/turtlesim/share/turtlesim/images/foxy.png
[86.791s] -- Up-to-date: /home/dostonbek/ros2_ws/install/turtlesim/share/turtlesim/images/eloquent.png
[86.792s] -- Up-to-date: /home/dostonbek/ros2_ws/install/turtlesim/share/turtlesim/images/dashing.png
[86.795s] -- Up-to-date: /home/dostonbek/ros2_ws/install/turtlesim/share/turtlesim/images/bouncy.png
[86.795s] -- Up-to-date: /home/dostonbek/ros2_ws/install/turtlesim/share/turtlesim/images/galactic.png
[86.797s] -- Up-to-date: /home/dostonbek/ros2_ws/install/turtlesim/share/turtlesim/images/ardent.png
[86.803s] -- Up-to-date: /home/dostonbek/ros2_ws/install/turtlesim/share/turtlesim/images/humble.png
[86.808s] -- Up-to-date: /home/dostonbek/ros2_ws/install/turtlesim/share/turtlesim/images/rolling.png
[86.809s] -- Up-to-date: /home/dostonbek/ros2_ws/install/turtlesim/share/turtlesim/launch
[86.810s] -- Up-to-date: /home/dostonbek/ros2_ws/install/turtlesim/share/turtlesim/launch/multisim.launch.py
[86.814s] -- Up-to-date: /home/dostonbek/ros2_ws/install/turtlesim/share/ament_index/resource_index/package_run_dependencies/turtlesim
[86.815s] -- Up-to-date: /home/dostonbek/ros2_ws/install/turtlesim/share/ament_index/resource_index/parent_prefix_path/turtlesim
[86.816s] -- Up-to-date: /home/dostonbek/ros2_ws/install/turtlesim/share/turtlesim/environment/ament_prefix_path.sh
[86.817s] -- Up-to-date: /home/dostonbek/ros2_ws/install/turtlesim/share/turtlesim/environment/ament_prefix_path.dsv
[86.820s] -- Up-to-date: /home/dostonbek/ros2_ws/install/turtlesim/share/turtlesim/environment/path.sh
[86.821s] -- Up-to-date: /home/dostonbek/ros2_ws/install/turtlesim/share/turtlesim/environment/path.dsv
[86.822s] -- Up-to-date: /home/dostonbek/ros2_ws/install/turtlesim/share/turtlesim/local_setup.bash
[86.824s] -- Up-to-date: /home/dostonbek/ros2_ws/install/turtlesim/share/turtlesim/local_setup.sh
[86.825s] -- Up-to-date: /home/dostonbek/ros2_ws/install/turtlesim/share/turtlesim/local_setup.zsh
[86.830s] -- Up-to-date: /home/dostonbek/ros2_ws/install/turtlesim/share/turtlesim/local_setup.dsv
[86.831s] -- Installing: /home/dostonbek/ros2_ws/install/turtlesim/share/turtlesim/package.dsv
[86.831s] -- Up-to-date: /home/dostonbek/ros2_ws/install/turtlesim/share/ament_index/resource_index/packages/turtlesim
[86.832s] -- Up-to-date: /home/dostonbek/ros2_ws/install/turtlesim/share/turtlesim/cmake/export_turtlesim__rosidl_generator_cExport.cmake
[86.833s] -- Up-to-date: /home/dostonbek/ros2_ws/install/turtlesim/share/turtlesim/cmake/export_turtlesim__rosidl_generator_cExport-noconfig.cmake
[86.833s] -- Up-to-date: /home/dostonbek/ros2_ws/install/turtlesim/share/turtlesim/cmake/export_turtlesim__rosidl_typesupport_fastrtps_cExport.cmake
[86.834s] -- Up-to-date: /home/dostonbek/ros2_ws/install/turtlesim/share/turtlesim/cmake/export_turtlesim__rosidl_typesupport_fastrtps_cExport-noconfig.cmake
[86.834s] -- Up-to-date: /home/dostonbek/ros2_ws/install/turtlesim/share/turtlesim/cmake/export_turtlesim__rosidl_generator_cppExport.cmake
[86.835s] -- Up-to-date: /home/dostonbek/ros2_ws/install/turtlesim/share/turtlesim/cmake/export_turtlesim__rosidl_typesupport_fastrtps_cppExport.cmake
[86.835s] -- Up-to-date: /home/dostonbek/ros2_ws/install/turtlesim/share/turtlesim/cmake/export_turtlesim__rosidl_typesupport_fastrtps_cppExport-noconfig.cmake
[86.836s] -- Up-to-date: /home/dostonbek/ros2_ws/install/turtlesim/share/turtlesim/cmake/turtlesim__rosidl_typesupport_introspection_cExport.cmake
[86.836s] -- Up-to-date: /home/dostonbek/ros2_ws/install/turtlesim/share/turtlesim/cmake/turtlesim__rosidl_typesupport_introspection_cExport-noconfig.cmake
[86.836s] -- Up-to-date: /home/dostonbek/ros2_ws/install/turtlesim/share/turtlesim/cmake/turtlesim__rosidl_typesupport_cExport.cmake
[86.837s] -- Up-to-date: /home/dostonbek/ros2_ws/install/turtlesim/share/turtlesim/cmake/turtlesim__rosidl_typesupport_cExport-noconfig.cmake
[86.837s] -- Up-to-date: /home/dostonbek/ros2_ws/install/turtlesim/share/turtlesim/cmake/turtlesim__rosidl_typesupport_introspection_cppExport.cmake
[86.838s] -- Up-to-date: /home/dostonbek/ros2_ws/install/turtlesim/share/turtlesim/cmake/turtlesim__rosidl_typesupport_introspection_cppExport-noconfig.cmake
[86.839s] -- Up-to-date: /home/dostonbek/ros2_ws/install/turtlesim/share/turtlesim/cmake/turtlesim__rosidl_typesupport_cppExport.cmake
[86.841s] -- Up-to-date: /home/dostonbek/ros2_ws/install/turtlesim/share/turtlesim/cmake/turtlesim__rosidl_typesupport_cppExport-noconfig.cmake
[86.843s] -- Up-to-date: /home/dostonbek/ros2_ws/install/turtlesim/share/turtlesim/cmake/export_turtlesim__rosidl_generator_pyExport.cmake
[86.848s] -- Up-to-date: /home/dostonbek/ros2_ws/install/turtlesim/share/turtlesim/cmake/export_turtlesim__rosidl_generator_pyExport-noconfig.cmake
[86.856s] -- Up-to-date: /home/dostonbek/ros2_ws/install/turtlesim/share/turtlesim/cmake/rosidl_cmake-extras.cmake
[86.857s] -- Up-to-date: /home/dostonbek/ros2_ws/install/turtlesim/share/turtlesim/cmake/ament_cmake_export_dependencies-extras.cmake
[86.862s] -- Up-to-date: /home/dostonbek/ros2_ws/install/turtlesim/share/turtlesim/cmake/ament_cmake_export_include_directories-extras.cmake
[86.862s] -- Up-to-date: /home/dostonbek/ros2_ws/install/turtlesim/share/turtlesim/cmake/ament_cmake_export_libraries-extras.cmake
[86.863s] -- Up-to-date: /home/dostonbek/ros2_ws/install/turtlesim/share/turtlesim/cmake/ament_cmake_export_targets-extras.cmake
[86.864s] -- Up-to-date: /home/dostonbek/ros2_ws/install/turtlesim/share/turtlesim/cmake/rosidl_cmake_export_typesupport_targets-extras.cmake
[86.864s] -- Up-to-date: /home/dostonbek/ros2_ws/install/turtlesim/share/turtlesim/cmake/rosidl_cmake_export_typesupport_libraries-extras.cmake
[86.865s] -- Up-to-date: /home/dostonbek/ros2_ws/install/turtlesim/share/turtlesim/cmake/turtlesimConfig.cmake
[86.866s] -- Up-to-date: /home/dostonbek/ros2_ws/install/turtlesim/share/turtlesim/cmake/turtlesimConfig-version.cmake
[86.867s] -- Up-to-date: /home/dostonbek/ros2_ws/install/turtlesim/share/turtlesim/package.xml
[86.867s] Invoked command in '/home/dostonbek/ros2_ws/build/turtlesim' returned '0': CMAKE_PREFIX_PATH=${CMAKE_PREFIX_PATH}:/home/dostonbek/ros2_ws/install/my_package:/home/dostonbek/ros2_ws/install/launch_testing_examples:/home/dostonbek/ros2_ws/install/examples_rclpy_pointcloud_publisher:/home/dostonbek/ros2_ws/install/examples_rclpy_minimal_subscriber:/home/dostonbek/ros2_ws/install/examples_rclpy_minimal_service:/home/dostonbek/ros2_ws/install/examples_rclpy_minimal_publisher:/home/dostonbek/ros2_ws/install/examples_rclpy_minimal_client:/home/dostonbek/ros2_ws/install/examples_rclpy_minimal_action_server:/home/dostonbek/ros2_ws/install/examples_rclpy_minimal_action_client:/home/dostonbek/ros2_ws/install/examples_rclpy_guard_conditions:/home/dostonbek/ros2_ws/install/examples_rclpy_executors:/opt/ros/humble /usr/bin/cmake --install /home/dostonbek/ros2_ws/build/turtlesim
