[1.307s] Invoking command in '/home/dostonbek/ros2_ws/src/my_package': PYTHONPATH=/home/dostonbek/ros2_ws/install/my_package/lib/python3.10/site-packages:${PYTHONPATH} /usr/bin/python3 setup.py egg_info --egg-base ../../build/my_package build --build-base /home/dostonbek/ros2_ws/build/my_package/build install --prefix /home/dostonbek/ros2_ws/install/my_package --record /home/dostonbek/ros2_ws/build/my_package/install.log --single-version-externally-managed
[1.817s] running egg_info
[1.819s] writing ../../build/my_package/my_package.egg-info/PKG-INFO
[1.821s] writing dependency_links to ../../build/my_package/my_package.egg-info/dependency_links.txt
[1.821s] writing entry points to ../../build/my_package/my_package.egg-info/entry_points.txt
[1.822s] writing requirements to ../../build/my_package/my_package.egg-info/requires.txt
[1.822s] writing top-level names to ../../build/my_package/my_package.egg-info/top_level.txt
[1.832s] reading manifest file '../../build/my_package/my_package.egg-info/SOURCES.txt'
[1.835s] writing manifest file '../../build/my_package/my_package.egg-info/SOURCES.txt'
[1.836s] running build
[1.836s] running build_py
[1.839s] running install
[1.839s] /usr/lib/python3/dist-packages/setuptools/command/install.py:34: SetuptoolsDeprecationWarning: setup.py install is deprecated. Use build and pip and other standards-based tools.
[1.839s]   warnings.warn(
[1.840s] running install_lib
[1.844s] running install_data
[1.847s] running install_egg_info
[1.853s] removing '/home/dostonbek/ros2_ws/install/my_package/lib/python3.10/site-packages/my_package-0.0.0-py3.10.egg-info' (and everything under it)
[1.853s] Copying ../../build/my_package/my_package.egg-info to /home/dostonbek/ros2_ws/install/my_package/lib/python3.10/site-packages/my_package-0.0.0-py3.10.egg-info
[1.856s] running install_scripts
[1.903s] Installing my_node script to /home/dostonbek/ros2_ws/install/my_package/lib/my_package
[1.905s] writing list of installed files to '/home/dostonbek/ros2_ws/build/my_package/install.log'
[1.959s] Invoked command in '/home/dostonbek/ros2_ws/src/my_package' returned '0': PYTHONPATH=/home/dostonbek/ros2_ws/install/my_package/lib/python3.10/site-packages:${PYTHONPATH} /usr/bin/python3 setup.py egg_info --egg-base ../../build/my_package build --build-base /home/dostonbek/ros2_ws/build/my_package/build install --prefix /home/dostonbek/ros2_ws/install/my_package --record /home/dostonbek/ros2_ws/build/my_package/install.log --single-version-externally-managed
