[1.873s] Invoking command in '/home/dostonbek/ros2_ws/build/examples_rclpy_minimal_action_server': PYTHONPATH=/home/dostonbek/ros2_ws/install/examples_rclpy_minimal_action_server/lib/python3.10/site-packages:${PYTHONPATH} /usr/bin/python3 setup.py develop --prefix /home/dostonbek/ros2_ws/install/examples_rclpy_minimal_action_server --editable --build-directory /home/dostonbek/ros2_ws/build/examples_rclpy_minimal_action_server/build --no-deps install_data --install-dir /home/dostonbek/ros2_ws/install/examples_rclpy_minimal_action_server
[2.624s] running develop
[2.625s] /usr/lib/python3/dist-packages/setuptools/command/easy_install.py:158: EasyInstallDeprecationWarning: easy_install command is deprecated. Use build and pip and other standards-based tools.
[2.626s]   warnings.warn(
[2.629s] /usr/lib/python3/dist-packages/setuptools/command/install.py:34: SetuptoolsDeprecationWarning: setup.py install is deprecated. Use build and pip and other standards-based tools.
[2.629s]   warnings.warn(
[2.801s] /usr/lib/python3/dist-packages/pkg_resources/__init__.py:116: PkgResourcesDeprecationWarning: 0.1.43ubuntu1 is an invalid version and will not be supported in a future release
[2.801s]   warnings.warn(
[2.807s] /usr/lib/python3/dist-packages/pkg_resources/__init__.py:116: PkgResourcesDeprecationWarning: 1.1build1 is an invalid version and will not be supported in a future release
[2.807s]   warnings.warn(
[3.083s] running egg_info
[3.091s] creating examples_rclpy_minimal_action_server.egg-info
[3.091s] writing examples_rclpy_minimal_action_server.egg-info/PKG-INFO
[3.091s] writing dependency_links to examples_rclpy_minimal_action_server.egg-info/dependency_links.txt
[3.095s] writing entry points to examples_rclpy_minimal_action_server.egg-info/entry_points.txt
[3.096s] writing requirements to examples_rclpy_minimal_action_server.egg-info/requires.txt
[3.096s] writing top-level names to examples_rclpy_minimal_action_server.egg-info/top_level.txt
[3.099s] writing manifest file 'examples_rclpy_minimal_action_server.egg-info/SOURCES.txt'
[3.109s] reading manifest file 'examples_rclpy_minimal_action_server.egg-info/SOURCES.txt'
[3.112s] writing manifest file 'examples_rclpy_minimal_action_server.egg-info/SOURCES.txt'
[3.117s] running build_ext
[3.118s] Creating /home/dostonbek/ros2_ws/install/examples_rclpy_minimal_action_server/lib/python3.10/site-packages/examples-rclpy-minimal-action-server.egg-link (link to .)
[3.122s] Installing server script to /home/dostonbek/ros2_ws/install/examples_rclpy_minimal_action_server/lib/examples_rclpy_minimal_action_server
[3.124s] Installing server_defer script to /home/dostonbek/ros2_ws/install/examples_rclpy_minimal_action_server/lib/examples_rclpy_minimal_action_server
[3.127s] Installing server_not_composable script to /home/dostonbek/ros2_ws/install/examples_rclpy_minimal_action_server/lib/examples_rclpy_minimal_action_server
[3.130s] Installing server_queue_goals script to /home/dostonbek/ros2_ws/install/examples_rclpy_minimal_action_server/lib/examples_rclpy_minimal_action_server
[3.131s] Installing server_single_goal script to /home/dostonbek/ros2_ws/install/examples_rclpy_minimal_action_server/lib/examples_rclpy_minimal_action_server
[3.133s] 
[3.133s] Installed /home/dostonbek/ros2_ws/build/examples_rclpy_minimal_action_server
[3.133s] running install_data
[3.134s] creating /home/dostonbek/ros2_ws/install/examples_rclpy_minimal_action_server/share/ament_index
[3.135s] creating /home/dostonbek/ros2_ws/install/examples_rclpy_minimal_action_server/share/ament_index/resource_index
[3.135s] creating /home/dostonbek/ros2_ws/install/examples_rclpy_minimal_action_server/share/ament_index/resource_index/packages
[3.138s] copying resource/examples_rclpy_minimal_action_server -> /home/dostonbek/ros2_ws/install/examples_rclpy_minimal_action_server/share/ament_index/resource_index/packages
[3.142s] copying package.xml -> /home/dostonbek/ros2_ws/install/examples_rclpy_minimal_action_server/share/examples_rclpy_minimal_action_server
[3.234s] Invoked command in '/home/dostonbek/ros2_ws/build/examples_rclpy_minimal_action_server' returned '0': PYTHONPATH=/home/dostonbek/ros2_ws/install/examples_rclpy_minimal_action_server/lib/python3.10/site-packages:${PYTHONPATH} /usr/bin/python3 setup.py develop --prefix /home/dostonbek/ros2_ws/install/examples_rclpy_minimal_action_server --editable --build-directory /home/dostonbek/ros2_ws/build/examples_rclpy_minimal_action_server/build --no-deps install_data --install-dir /home/dostonbek/ros2_ws/install/examples_rclpy_minimal_action_server
