[3.709s] Invoking command in '/home/dostonbek/ros2_ws/src/my_package': PYTHONPATH=/home/dostonbek/ros2_ws/src/install/my_package/lib/python3.10/site-packages:${PYTHONPATH} /usr/bin/python3 setup.py egg_info --egg-base ../build/my_package build --build-base /home/dostonbek/ros2_ws/src/build/my_package/build install --prefix /home/dostonbek/ros2_ws/src/install/my_package --record /home/dostonbek/ros2_ws/src/build/my_package/install.log --single-version-externally-managed
[5.415s] running egg_info
[5.419s] creating ../build/my_package/my_package.egg-info
[5.422s] writing ../build/my_package/my_package.egg-info/PKG-INFO
[5.430s] writing dependency_links to ../build/my_package/my_package.egg-info/dependency_links.txt
[5.430s] writing entry points to ../build/my_package/my_package.egg-info/entry_points.txt
[5.431s] writing requirements to ../build/my_package/my_package.egg-info/requires.txt
[5.431s] writing top-level names to ../build/my_package/my_package.egg-info/top_level.txt
[5.432s] writing manifest file '../build/my_package/my_package.egg-info/SOURCES.txt'
[5.441s] reading manifest file '../build/my_package/my_package.egg-info/SOURCES.txt'
[5.448s] writing manifest file '../build/my_package/my_package.egg-info/SOURCES.txt'
[5.451s] running build
[5.452s] running build_py
[5.452s] creating /home/dostonbek/ros2_ws/src/build/my_package/build
[5.454s] creating /home/dostonbek/ros2_ws/src/build/my_package/build/lib
[5.455s] creating /home/dostonbek/ros2_ws/src/build/my_package/build/lib/my_package
[5.458s] copying my_package/my_node.py -> /home/dostonbek/ros2_ws/src/build/my_package/build/lib/my_package
[5.472s] /usr/lib/python3/dist-packages/setuptools/command/install.py:34: SetuptoolsDeprecationWarning: setup.py install is deprecated. Use build and pip and other standards-based tools.
[5.473s]   warnings.warn(
[5.474s] copying my_package/__init__.py -> /home/dostonbek/ros2_ws/src/build/my_package/build/lib/my_package
[5.474s] running install
[5.475s] running install_lib
[5.481s] creating /home/dostonbek/ros2_ws/src/install/my_package/lib/python3.10/site-packages/my_package
[5.483s] copying /home/dostonbek/ros2_ws/src/build/my_package/build/lib/my_package/my_node.py -> /home/dostonbek/ros2_ws/src/install/my_package/lib/python3.10/site-packages/my_package
[5.485s] copying /home/dostonbek/ros2_ws/src/build/my_package/build/lib/my_package/__init__.py -> /home/dostonbek/ros2_ws/src/install/my_package/lib/python3.10/site-packages/my_package
[5.490s] byte-compiling /home/dostonbek/ros2_ws/src/install/my_package/lib/python3.10/site-packages/my_package/my_node.py to my_node.cpython-310.pyc
[5.493s] byte-compiling /home/dostonbek/ros2_ws/src/install/my_package/lib/python3.10/site-packages/my_package/__init__.py to __init__.cpython-310.pyc
[5.496s] running install_data
[5.501s] creating /home/dostonbek/ros2_ws/src/install/my_package/share/ament_index
[5.503s] creating /home/dostonbek/ros2_ws/src/install/my_package/share/ament_index/resource_index
[5.504s] creating /home/dostonbek/ros2_ws/src/install/my_package/share/ament_index/resource_index/packages
[5.506s] copying resource/my_package -> /home/dostonbek/ros2_ws/src/install/my_package/share/ament_index/resource_index/packages
[5.509s] copying package.xml -> /home/dostonbek/ros2_ws/src/install/my_package/share/my_package
[5.515s] running install_egg_info
[5.524s] Copying ../build/my_package/my_package.egg-info to /home/dostonbek/ros2_ws/src/install/my_package/lib/python3.10/site-packages/my_package-0.0.0-py3.10.egg-info
[5.538s] running install_scripts
[5.645s] Installing my_node script to /home/dostonbek/ros2_ws/src/install/my_package/lib/my_package
[5.649s] writing list of installed files to '/home/dostonbek/ros2_ws/src/build/my_package/install.log'
[5.729s] Invoked command in '/home/dostonbek/ros2_ws/src/my_package' returned '0': PYTHONPATH=/home/dostonbek/ros2_ws/src/install/my_package/lib/python3.10/site-packages:${PYTHONPATH} /usr/bin/python3 setup.py egg_info --egg-base ../build/my_package build --build-base /home/dostonbek/ros2_ws/src/build/my_package/build install --prefix /home/dostonbek/ros2_ws/src/install/my_package --record /home/dostonbek/ros2_ws/src/build/my_package/install.log --single-version-externally-managed
