[0.022s] Invoking command in '/home/dostonbek/ros2_ws/build/examples_rclcpp_minimal_composition': CMAKE_PREFIX_PATH=/opt/ros/humble /usr/bin/cmake --build /home/dostonbek/ros2_ws/build/examples_rclcpp_minimal_composition -- -j2 -l2
[0.185s] [ 33%] Built target composition_nodes
[0.283s] [ 55%] Built target composition_subscriber
[0.294s] [ 77%] Built target composition_publisher
[0.378s] [100%] Built target composition_composed
[0.407s] Invoked command in '/home/dostonbek/ros2_ws/build/examples_rclcpp_minimal_composition' returned '0': CMAKE_PREFIX_PATH=/opt/ros/humble /usr/bin/cmake --build /home/dostonbek/ros2_ws/build/examples_rclcpp_minimal_composition -- -j2 -l2
[0.627s] Invoking command in '/home/dostonbek/ros2_ws/build/examples_rclcpp_minimal_composition': CMAKE_PREFIX_PATH=/opt/ros/humble /usr/bin/cmake --install /home/dostonbek/ros2_ws/build/examples_rclcpp_minimal_composition
[0.649s] -- Install configuration: ""
[0.652s] -- Execute custom install script
[0.656s] -- Up-to-date symlink: /home/dostonbek/ros2_ws/install/examples_rclcpp_minimal_composition/share/examples_rclcpp_minimal_composition/environment/library_path.sh
[0.659s] -- Up-to-date symlink: /home/dostonbek/ros2_ws/install/examples_rclcpp_minimal_composition/share/examples_rclcpp_minimal_composition/environment/library_path.dsv
[0.662s] -- Up-to-date symlink: /home/dostonbek/ros2_ws/install/examples_rclcpp_minimal_composition/lib/libcomposition_nodes.so
[0.664s] -- Up-to-date symlink: /home/dostonbek/ros2_ws/install/examples_rclcpp_minimal_composition/lib/examples_rclcpp_minimal_composition/composition_publisher
[0.665s] -- Up-to-date symlink: /home/dostonbek/ros2_ws/install/examples_rclcpp_minimal_composition/lib/examples_rclcpp_minimal_composition/composition_subscriber
[0.666s] -- Up-to-date symlink: /home/dostonbek/ros2_ws/install/examples_rclcpp_minimal_composition/lib/examples_rclcpp_minimal_composition/composition_composed
[0.670s] -- Up-to-date symlink: /home/dostonbek/ros2_ws/install/examples_rclcpp_minimal_composition/share/ament_index/resource_index/package_run_dependencies/examples_rclcpp_minimal_composition
[0.673s] -- Up-to-date symlink: /home/dostonbek/ros2_ws/install/examples_rclcpp_minimal_composition/share/ament_index/resource_index/parent_prefix_path/examples_rclcpp_minimal_composition
[0.675s] -- Up-to-date symlink: /home/dostonbek/ros2_ws/install/examples_rclcpp_minimal_composition/share/examples_rclcpp_minimal_composition/environment/ament_prefix_path.sh
[0.678s] -- Up-to-date symlink: /home/dostonbek/ros2_ws/install/examples_rclcpp_minimal_composition/share/examples_rclcpp_minimal_composition/environment/ament_prefix_path.dsv
[0.680s] -- Up-to-date symlink: /home/dostonbek/ros2_ws/install/examples_rclcpp_minimal_composition/share/examples_rclcpp_minimal_composition/environment/path.sh
[0.681s] -- Up-to-date symlink: /home/dostonbek/ros2_ws/install/examples_rclcpp_minimal_composition/share/examples_rclcpp_minimal_composition/environment/path.dsv
[0.682s] -- Up-to-date symlink: /home/dostonbek/ros2_ws/install/examples_rclcpp_minimal_composition/share/examples_rclcpp_minimal_composition/local_setup.bash
[0.684s] -- Up-to-date symlink: /home/dostonbek/ros2_ws/install/examples_rclcpp_minimal_composition/share/examples_rclcpp_minimal_composition/local_setup.sh
[0.684s] -- Up-to-date symlink: /home/dostonbek/ros2_ws/install/examples_rclcpp_minimal_composition/share/examples_rclcpp_minimal_composition/local_setup.zsh
[0.686s] -- Up-to-date symlink: /home/dostonbek/ros2_ws/install/examples_rclcpp_minimal_composition/share/examples_rclcpp_minimal_composition/local_setup.dsv
[0.686s] -- Symlinking: /home/dostonbek/ros2_ws/install/examples_rclcpp_minimal_composition/share/examples_rclcpp_minimal_composition/package.dsv
[0.714s] -- Up-to-date symlink: /home/dostonbek/ros2_ws/install/examples_rclcpp_minimal_composition/share/ament_index/resource_index/packages/examples_rclcpp_minimal_composition
[0.716s] -- Up-to-date symlink: /home/dostonbek/ros2_ws/install/examples_rclcpp_minimal_composition/share/examples_rclcpp_minimal_composition/cmake/examples_rclcpp_minimal_compositionConfig.cmake
[0.717s] -- Up-to-date symlink: /home/dostonbek/ros2_ws/install/examples_rclcpp_minimal_composition/share/examples_rclcpp_minimal_composition/cmake/examples_rclcpp_minimal_compositionConfig-version.cmake
[0.725s] -- Up-to-date symlink: /home/dostonbek/ros2_ws/install/examples_rclcpp_minimal_composition/share/examples_rclcpp_minimal_composition/package.xml
[0.726s] Invoked command in '/home/dostonbek/ros2_ws/build/examples_rclcpp_minimal_composition' returned '0': CMAKE_PREFIX_PATH=/opt/ros/humble /usr/bin/cmake --install /home/dostonbek/ros2_ws/build/examples_rclcpp_minimal_composition
