[3.805s] Invoking command in '/home/dostonbek/ros2_ws/src/my_package': PYTHONPATH=/home/dostonbek/ros2_ws/install/my_package/lib/python3.10/site-packages:${PYTHONPATH} /usr/bin/python3 setup.py egg_info --egg-base ../../build/my_package build --build-base /home/dostonbek/ros2_ws/build/my_package/build install --prefix /home/dostonbek/ros2_ws/install/my_package --record /home/dostonbek/ros2_ws/build/my_package/install.log --single-version-externally-managed
[5.349s] running egg_info
[5.353s] writing ../../build/my_package/my_package.egg-info/PKG-INFO
[5.355s] writing dependency_links to ../../build/my_package/my_package.egg-info/dependency_links.txt
[5.358s] writing entry points to ../../build/my_package/my_package.egg-info/entry_points.txt
[5.360s] writing requirements to ../../build/my_package/my_package.egg-info/requires.txt
[5.363s] writing top-level names to ../../build/my_package/my_package.egg-info/top_level.txt
[5.373s] reading manifest file '../../build/my_package/my_package.egg-info/SOURCES.txt'
[5.378s] writing manifest file '../../build/my_package/my_package.egg-info/SOURCES.txt'
[5.381s] running build
[5.381s] running build_py
[5.385s] running install
[5.386s] /usr/lib/python3/dist-packages/setuptools/command/install.py:34: SetuptoolsDeprecationWarning: setup.py install is deprecated. Use build and pip and other standards-based tools.
[5.388s]   warnings.warn(
[5.390s] running install_lib
[5.412s] running install_data
[5.416s] running install_egg_info
[5.430s] removing '/home/dostonbek/ros2_ws/install/my_package/lib/python3.10/site-packages/my_package-0.0.0-py3.10.egg-info' (and everything under it)
[5.434s] Copying ../../build/my_package/my_package.egg-info to /home/dostonbek/ros2_ws/install/my_package/lib/python3.10/site-packages/my_package-0.0.0-py3.10.egg-info
[5.447s] running install_scripts
[5.555s] Installing my_node script to /home/dostonbek/ros2_ws/install/my_package/lib/my_package
[5.558s] writing list of installed files to '/home/dostonbek/ros2_ws/build/my_package/install.log'
[5.632s] Invoked command in '/home/dostonbek/ros2_ws/src/my_package' returned '0': PYTHONPATH=/home/dostonbek/ros2_ws/install/my_package/lib/python3.10/site-packages:${PYTHONPATH} /usr/bin/python3 setup.py egg_info --egg-base ../../build/my_package build --build-base /home/dostonbek/ros2_ws/build/my_package/build install --prefix /home/dostonbek/ros2_ws/install/my_package --record /home/dostonbek/ros2_ws/build/my_package/install.log --single-version-externally-managed
