[1.870s] Invoking command in '/home/dostonbek/ros2_ws/build/examples_rclpy_minimal_publisher': PYTHONPATH=/home/dostonbek/ros2_ws/install/examples_rclpy_minimal_publisher/lib/python3.10/site-packages:${PYTHONPATH} /usr/bin/python3 setup.py develop --prefix /home/dostonbek/ros2_ws/install/examples_rclpy_minimal_publisher --editable --build-directory /home/dostonbek/ros2_ws/build/examples_rclpy_minimal_publisher/build --no-deps install_data --install-dir /home/dostonbek/ros2_ws/install/examples_rclpy_minimal_publisher
[2.769s] running develop
[2.770s] /usr/lib/python3/dist-packages/setuptools/command/easy_install.py:158: EasyInstallDeprecationWarning: easy_install command is deprecated. Use build and pip and other standards-based tools.
[2.770s]   warnings.warn(
[2.774s] /usr/lib/python3/dist-packages/setuptools/command/install.py:34: SetuptoolsDeprecationWarning: setup.py install is deprecated. Use build and pip and other standards-based tools.
[2.774s]   warnings.warn(
[2.928s] /usr/lib/python3/dist-packages/pkg_resources/__init__.py:116: PkgResourcesDeprecationWarning: 0.1.43ubuntu1 is an invalid version and will not be supported in a future release
[2.928s]   warnings.warn(
[2.930s] /usr/lib/python3/dist-packages/pkg_resources/__init__.py:116: PkgResourcesDeprecationWarning: 1.1build1 is an invalid version and will not be supported in a future release
[2.930s]   warnings.warn(
[3.116s] running egg_info
[3.117s] creating examples_rclpy_minimal_publisher.egg-info
[3.117s] writing examples_rclpy_minimal_publisher.egg-info/PKG-INFO
[3.117s] writing dependency_links to examples_rclpy_minimal_publisher.egg-info/dependency_links.txt
[3.118s] writing entry points to examples_rclpy_minimal_publisher.egg-info/entry_points.txt
[3.118s] writing requirements to examples_rclpy_minimal_publisher.egg-info/requires.txt
[3.118s] writing top-level names to examples_rclpy_minimal_publisher.egg-info/top_level.txt
[3.119s] writing manifest file 'examples_rclpy_minimal_publisher.egg-info/SOURCES.txt'
[3.125s] reading manifest file 'examples_rclpy_minimal_publisher.egg-info/SOURCES.txt'
[3.126s] writing manifest file 'examples_rclpy_minimal_publisher.egg-info/SOURCES.txt'
[3.129s] running build_ext
[3.130s] Creating /home/dostonbek/ros2_ws/install/examples_rclpy_minimal_publisher/lib/python3.10/site-packages/examples-rclpy-minimal-publisher.egg-link (link to .)
[3.131s] Installing publisher_local_function script to /home/dostonbek/ros2_ws/install/examples_rclpy_minimal_publisher/lib/examples_rclpy_minimal_publisher
[3.131s] Installing publisher_member_function script to /home/dostonbek/ros2_ws/install/examples_rclpy_minimal_publisher/lib/examples_rclpy_minimal_publisher
[3.132s] Installing publisher_old_school script to /home/dostonbek/ros2_ws/install/examples_rclpy_minimal_publisher/lib/examples_rclpy_minimal_publisher
[3.132s] 
[3.132s] Installed /home/dostonbek/ros2_ws/build/examples_rclpy_minimal_publisher
[3.132s] running install_data
[3.133s] creating /home/dostonbek/ros2_ws/install/examples_rclpy_minimal_publisher/share/ament_index
[3.133s] creating /home/dostonbek/ros2_ws/install/examples_rclpy_minimal_publisher/share/ament_index/resource_index
[3.133s] creating /home/dostonbek/ros2_ws/install/examples_rclpy_minimal_publisher/share/ament_index/resource_index/packages
[3.133s] copying resource/examples_rclpy_minimal_publisher -> /home/dostonbek/ros2_ws/install/examples_rclpy_minimal_publisher/share/ament_index/resource_index/packages
[3.134s] copying package.xml -> /home/dostonbek/ros2_ws/install/examples_rclpy_minimal_publisher/share/examples_rclpy_minimal_publisher
[3.195s] Invoked command in '/home/dostonbek/ros2_ws/build/examples_rclpy_minimal_publisher' returned '0': PYTHONPATH=/home/dostonbek/ros2_ws/install/examples_rclpy_minimal_publisher/lib/python3.10/site-packages:${PYTHONPATH} /usr/bin/python3 setup.py develop --prefix /home/dostonbek/ros2_ws/install/examples_rclpy_minimal_publisher --editable --build-directory /home/dostonbek/ros2_ws/build/examples_rclpy_minimal_publisher/build --no-deps install_data --install-dir /home/dostonbek/ros2_ws/install/examples_rclpy_minimal_publisher
