[4.909s] Invoking command in '/home/dostonbek/ros2_ws/src/my_package': PYTHONPATH=/home/dostonbek/ros2_ws/install/my_package/lib/python3.10/site-packages:${PYTHONPATH} /usr/bin/python3 setup.py egg_info --egg-base ../../build/my_package build --build-base /home/dostonbek/ros2_ws/build/my_package/build install --prefix /home/dostonbek/ros2_ws/install/my_package --record /home/dostonbek/ros2_ws/build/my_package/install.log --single-version-externally-managed
[7.194s] running egg_info
[7.197s] writing ../../build/my_package/my_package.egg-info/PKG-INFO
[7.199s] writing dependency_links to ../../build/my_package/my_package.egg-info/dependency_links.txt
[7.201s] writing entry points to ../../build/my_package/my_package.egg-info/entry_points.txt
[7.203s] writing requirements to ../../build/my_package/my_package.egg-info/requires.txt
[7.205s] writing top-level names to ../../build/my_package/my_package.egg-info/top_level.txt
[7.214s] reading manifest file '../../build/my_package/my_package.egg-info/SOURCES.txt'
[7.221s] writing manifest file '../../build/my_package/my_package.egg-info/SOURCES.txt'
[7.223s] running build
[7.223s] running build_py
[7.225s] running install
[7.227s] /usr/lib/python3/dist-packages/setuptools/command/install.py:34: SetuptoolsDeprecationWarning: setup.py install is deprecated. Use build and pip and other standards-based tools.
[7.228s]   warnings.warn(
[7.229s] running install_lib
[7.237s] running install_data
[7.240s] running install_egg_info
[7.250s] removing '/home/dostonbek/ros2_ws/install/my_package/lib/python3.10/site-packages/my_package-0.0.0-py3.10.egg-info' (and everything under it)
[7.252s] Copying ../../build/my_package/my_package.egg-info to /home/dostonbek/ros2_ws/install/my_package/lib/python3.10/site-packages/my_package-0.0.0-py3.10.egg-info
[7.261s] running install_scripts
[7.501s] Installing my_node script to /home/dostonbek/ros2_ws/install/my_package/lib/my_package
[7.510s] writing list of installed files to '/home/dostonbek/ros2_ws/build/my_package/install.log'
[7.591s] Invoked command in '/home/dostonbek/ros2_ws/src/my_package' returned '0': PYTHONPATH=/home/dostonbek/ros2_ws/install/my_package/lib/python3.10/site-packages:${PYTHONPATH} /usr/bin/python3 setup.py egg_info --egg-base ../../build/my_package build --build-base /home/dostonbek/ros2_ws/build/my_package/build install --prefix /home/dostonbek/ros2_ws/install/my_package --record /home/dostonbek/ros2_ws/build/my_package/install.log --single-version-externally-managed
