[1.461s] Invoking command in '/home/dostonbek/ros2_ws/build/examples_rclpy_pointcloud_publisher': PYTHONPATH=/home/dostonbek/ros2_ws/install/examples_rclpy_pointcloud_publisher/lib/python3.10/site-packages:${PYTHONPATH} /usr/bin/python3 setup.py develop --prefix /home/dostonbek/ros2_ws/install/examples_rclpy_pointcloud_publisher --uninstall --editable --build-directory /home/dostonbek/ros2_ws/build/examples_rclpy_pointcloud_publisher/build
[2.229s] running develop
[2.230s] /usr/lib/python3/dist-packages/setuptools/command/easy_install.py:158: EasyInstallDeprecationWarning: easy_install command is deprecated. Use build and pip and other standards-based tools.
[2.231s]   warnings.warn(
[2.242s] /usr/lib/python3/dist-packages/setuptools/command/install.py:34: SetuptoolsDeprecationWarning: setup.py install is deprecated. Use build and pip and other standards-based tools.
[2.243s]   warnings.warn(
[2.409s] /usr/lib/python3/dist-packages/pkg_resources/__init__.py:116: PkgResourcesDeprecationWarning: 0.1.43ubuntu1 is an invalid version and will not be supported in a future release
[2.410s]   warnings.warn(
[2.415s] /usr/lib/python3/dist-packages/pkg_resources/__init__.py:116: PkgResourcesDeprecationWarning: 1.1build1 is an invalid version and will not be supported in a future release
[2.415s]   warnings.warn(
[2.857s] Invoked command in '/home/dostonbek/ros2_ws/build/examples_rclpy_pointcloud_publisher' returned '0': PYTHONPATH=/home/dostonbek/ros2_ws/install/examples_rclpy_pointcloud_publisher/lib/python3.10/site-packages:${PYTHONPATH} /usr/bin/python3 setup.py develop --prefix /home/dostonbek/ros2_ws/install/examples_rclpy_pointcloud_publisher --uninstall --editable --build-directory /home/dostonbek/ros2_ws/build/examples_rclpy_pointcloud_publisher/build
[2.858s] Invoking command in '/home/dostonbek/ros2_ws/src/examples/rclpy/topics/pointcloud_publisher': PYTHONPATH=/home/dostonbek/ros2_ws/install/examples_rclpy_pointcloud_publisher/lib/python3.10/site-packages:${PYTHONPATH} /usr/bin/python3 setup.py egg_info --egg-base ../../../../../build/examples_rclpy_pointcloud_publisher build --build-base /home/dostonbek/ros2_ws/build/examples_rclpy_pointcloud_publisher/build install --prefix /home/dostonbek/ros2_ws/install/examples_rclpy_pointcloud_publisher --record /home/dostonbek/ros2_ws/build/examples_rclpy_pointcloud_publisher/install.log --single-version-externally-managed
[3.973s] running egg_info
[3.975s] writing ../../../../../build/examples_rclpy_pointcloud_publisher/examples_rclpy_pointcloud_publisher.egg-info/PKG-INFO
[3.977s] writing dependency_links to ../../../../../build/examples_rclpy_pointcloud_publisher/examples_rclpy_pointcloud_publisher.egg-info/dependency_links.txt
[3.978s] writing entry points to ../../../../../build/examples_rclpy_pointcloud_publisher/examples_rclpy_pointcloud_publisher.egg-info/entry_points.txt
[3.979s] writing requirements to ../../../../../build/examples_rclpy_pointcloud_publisher/examples_rclpy_pointcloud_publisher.egg-info/requires.txt
[3.979s] writing top-level names to ../../../../../build/examples_rclpy_pointcloud_publisher/examples_rclpy_pointcloud_publisher.egg-info/top_level.txt
[3.986s] reading manifest file '../../../../../build/examples_rclpy_pointcloud_publisher/examples_rclpy_pointcloud_publisher.egg-info/SOURCES.txt'
[3.988s] writing manifest file '../../../../../build/examples_rclpy_pointcloud_publisher/examples_rclpy_pointcloud_publisher.egg-info/SOURCES.txt'
[3.989s] running build
[3.990s] running build_py
[3.991s] running install
[3.991s] /usr/lib/python3/dist-packages/setuptools/command/install.py:34: SetuptoolsDeprecationWarning: setup.py install is deprecated. Use build and pip and other standards-based tools.
[3.992s]   warnings.warn(
[3.993s] running install_lib
[3.996s] running install_data
[3.998s] running install_egg_info
[4.002s] removing '/home/dostonbek/ros2_ws/install/examples_rclpy_pointcloud_publisher/lib/python3.10/site-packages/examples_rclpy_pointcloud_publisher-0.15.0-py3.10.egg-info' (and everything under it)
[4.003s] Copying ../../../../../build/examples_rclpy_pointcloud_publisher/examples_rclpy_pointcloud_publisher.egg-info to /home/dostonbek/ros2_ws/install/examples_rclpy_pointcloud_publisher/lib/python3.10/site-packages/examples_rclpy_pointcloud_publisher-0.15.0-py3.10.egg-info
[4.006s] running install_scripts
[4.064s] Installing pointcloud_publisher script to /home/dostonbek/ros2_ws/install/examples_rclpy_pointcloud_publisher/lib/examples_rclpy_pointcloud_publisher
[4.065s] writing list of installed files to '/home/dostonbek/ros2_ws/build/examples_rclpy_pointcloud_publisher/install.log'
[4.117s] Invoked command in '/home/dostonbek/ros2_ws/src/examples/rclpy/topics/pointcloud_publisher' returned '0': PYTHONPATH=/home/dostonbek/ros2_ws/install/examples_rclpy_pointcloud_publisher/lib/python3.10/site-packages:${PYTHONPATH} /usr/bin/python3 setup.py egg_info --egg-base ../../../../../build/examples_rclpy_pointcloud_publisher build --build-base /home/dostonbek/ros2_ws/build/examples_rclpy_pointcloud_publisher/build install --prefix /home/dostonbek/ros2_ws/install/examples_rclpy_pointcloud_publisher --record /home/dostonbek/ros2_ws/build/examples_rclpy_pointcloud_publisher/install.log --single-version-externally-managed
