[4.320s] Invoking command in '/home/dostonbek/ros2_ws/build/examples_rclpy_minimal_publisher': PYTHONPATH=/home/dostonbek/ros2_ws/install/examples_rclpy_minimal_publisher/lib/python3.10/site-packages:${PYTHONPATH} /usr/bin/python3 setup.py develop --prefix /home/dostonbek/ros2_ws/install/examples_rclpy_minimal_publisher --uninstall --editable --build-directory /home/dostonbek/ros2_ws/build/examples_rclpy_minimal_publisher/build
[6.426s] running develop
[6.432s] /usr/lib/python3/dist-packages/setuptools/command/easy_install.py:158: EasyInstallDeprecationWarning: easy_install command is deprecated. Use build and pip and other standards-based tools.
[6.434s]   warnings.warn(
[6.446s] /usr/lib/python3/dist-packages/setuptools/command/install.py:34: SetuptoolsDeprecationWarning: setup.py install is deprecated. Use build and pip and other standards-based tools.
[6.448s]   warnings.warn(
[6.835s] /usr/lib/python3/dist-packages/pkg_resources/__init__.py:116: PkgResourcesDeprecationWarning: 0.1.43ubuntu1 is an invalid version and will not be supported in a future release
[6.835s]   warnings.warn(
[6.840s] /usr/lib/python3/dist-packages/pkg_resources/__init__.py:116: PkgResourcesDeprecationWarning: 1.1build1 is an invalid version and will not be supported in a future release
[6.841s]   warnings.warn(
[7.768s] Invoked command in '/home/dostonbek/ros2_ws/build/examples_rclpy_minimal_publisher' returned '0': PYTHONPATH=/home/dostonbek/ros2_ws/install/examples_rclpy_minimal_publisher/lib/python3.10/site-packages:${PYTHONPATH} /usr/bin/python3 setup.py develop --prefix /home/dostonbek/ros2_ws/install/examples_rclpy_minimal_publisher --uninstall --editable --build-directory /home/dostonbek/ros2_ws/build/examples_rclpy_minimal_publisher/build
[7.771s] Invoking command in '/home/dostonbek/ros2_ws/src/examples/rclpy/topics/minimal_publisher': PYTHONPATH=/home/dostonbek/ros2_ws/install/examples_rclpy_minimal_publisher/lib/python3.10/site-packages:${PYTHONPATH} /usr/bin/python3 setup.py egg_info --egg-base ../../../../../build/examples_rclpy_minimal_publisher build --build-base /home/dostonbek/ros2_ws/build/examples_rclpy_minimal_publisher/build install --prefix /home/dostonbek/ros2_ws/install/examples_rclpy_minimal_publisher --record /home/dostonbek/ros2_ws/build/examples_rclpy_minimal_publisher/install.log --single-version-externally-managed
[9.634s] running egg_info
[9.640s] writing ../../../../../build/examples_rclpy_minimal_publisher/examples_rclpy_minimal_publisher.egg-info/PKG-INFO
[9.644s] writing dependency_links to ../../../../../build/examples_rclpy_minimal_publisher/examples_rclpy_minimal_publisher.egg-info/dependency_links.txt
[9.648s] writing entry points to ../../../../../build/examples_rclpy_minimal_publisher/examples_rclpy_minimal_publisher.egg-info/entry_points.txt
[9.650s] writing requirements to ../../../../../build/examples_rclpy_minimal_publisher/examples_rclpy_minimal_publisher.egg-info/requires.txt
[9.655s] writing top-level names to ../../../../../build/examples_rclpy_minimal_publisher/examples_rclpy_minimal_publisher.egg-info/top_level.txt
[9.665s] reading manifest file '../../../../../build/examples_rclpy_minimal_publisher/examples_rclpy_minimal_publisher.egg-info/SOURCES.txt'
[9.673s] writing manifest file '../../../../../build/examples_rclpy_minimal_publisher/examples_rclpy_minimal_publisher.egg-info/SOURCES.txt'
[9.677s] running build
[9.680s] running build_py
[9.686s] running install
[9.688s] /usr/lib/python3/dist-packages/setuptools/command/install.py:34: SetuptoolsDeprecationWarning: setup.py install is deprecated. Use build and pip and other standards-based tools.
[9.689s]   warnings.warn(
[9.691s] running install_lib
[9.701s] running install_data
[9.706s] running install_egg_info
[9.719s] removing '/home/dostonbek/ros2_ws/install/examples_rclpy_minimal_publisher/lib/python3.10/site-packages/examples_rclpy_minimal_publisher-0.15.0-py3.10.egg-info' (and everything under it)
[9.724s] Copying ../../../../../build/examples_rclpy_minimal_publisher/examples_rclpy_minimal_publisher.egg-info to /home/dostonbek/ros2_ws/install/examples_rclpy_minimal_publisher/lib/python3.10/site-packages/examples_rclpy_minimal_publisher-0.15.0-py3.10.egg-info
[9.736s] running install_scripts
[9.838s] Installing publisher_local_function script to /home/dostonbek/ros2_ws/install/examples_rclpy_minimal_publisher/lib/examples_rclpy_minimal_publisher
[9.841s] Installing publisher_member_function script to /home/dostonbek/ros2_ws/install/examples_rclpy_minimal_publisher/lib/examples_rclpy_minimal_publisher
[9.843s] Installing publisher_old_school script to /home/dostonbek/ros2_ws/install/examples_rclpy_minimal_publisher/lib/examples_rclpy_minimal_publisher
[9.847s] writing list of installed files to '/home/dostonbek/ros2_ws/build/examples_rclpy_minimal_publisher/install.log'
[9.912s] Invoked command in '/home/dostonbek/ros2_ws/src/examples/rclpy/topics/minimal_publisher' returned '0': PYTHONPATH=/home/dostonbek/ros2_ws/install/examples_rclpy_minimal_publisher/lib/python3.10/site-packages:${PYTHONPATH} /usr/bin/python3 setup.py egg_info --egg-base ../../../../../build/examples_rclpy_minimal_publisher build --build-base /home/dostonbek/ros2_ws/build/examples_rclpy_minimal_publisher/build install --prefix /home/dostonbek/ros2_ws/install/examples_rclpy_minimal_publisher --record /home/dostonbek/ros2_ws/build/examples_rclpy_minimal_publisher/install.log --single-version-externally-managed
