[0.024s] Invoking command in '/home/dostonbek/ros2_ws/build/examples_rclcpp_minimal_service': CMAKE_PREFIX_PATH=/opt/ros/humble /usr/bin/cmake /home/dostonbek/ros2_ws/src/examples/rclcpp/services/minimal_service -DAMENT_CMAKE_SYMLINK_INSTALL=1 -DCMAKE_INSTALL_PREFIX=/home/dostonbek/ros2_ws/install/examples_rclcpp_minimal_service
[0.151s] -- The C compiler identification is GNU 11.2.0
[0.261s] -- The CXX compiler identification is GNU 11.2.0
[0.276s] -- Detecting C compiler ABI info
[0.473s] -- Detecting C compiler ABI info - done
[0.489s] -- Check for working C compiler: /usr/bin/cc - skipped
[0.489s] -- Detecting C compile features
[0.490s] -- Detecting C compile features - done
[0.496s] -- Detecting CXX compiler ABI info
[0.694s] -- Detecting CXX compiler ABI info - done
[0.709s] -- Check for working CXX compiler: /usr/bin/c++ - skipped
[0.709s] -- Detecting CXX compile features
[0.710s] -- Detecting CXX compile features - done
[0.715s] -- Found ament_cmake: 1.3.2 (/opt/ros/humble/share/ament_cmake/cmake)
[1.106s] -- Found Python3: /usr/bin/python3.10 (found version "3.10.6") found components: Interpreter 
[1.247s] -- Override CMake install command with custom implementation using symlinks instead of copying resources
[1.313s] -- Found example_interfaces: 0.9.3 (/opt/ros/humble/share/example_interfaces/cmake)
[1.407s] -- Found rosidl_generator_c: 3.1.3 (/opt/ros/humble/share/rosidl_generator_c/cmake)
[1.420s] -- Found rosidl_adapter: 3.1.3 (/opt/ros/humble/share/rosidl_adapter/cmake)
[1.441s] -- Found rosidl_generator_cpp: 3.1.3 (/opt/ros/humble/share/rosidl_generator_cpp/cmake)
[1.481s] -- Using all available rosidl_typesupport_c: rosidl_typesupport_fastrtps_c;rosidl_typesupport_introspection_c
[1.528s] -- Using all available rosidl_typesupport_cpp: rosidl_typesupport_fastrtps_cpp;rosidl_typesupport_introspection_cpp
[2.018s] -- Found rclcpp: 16.0.1 (/opt/ros/humble/share/rclcpp/cmake)
[2.148s] -- Found rmw_implementation_cmake: 6.1.0 (/opt/ros/humble/share/rmw_implementation_cmake/cmake)
[2.154s] -- Found rmw_fastrtps_cpp: 6.2.1 (/opt/ros/humble/share/rmw_fastrtps_cpp/cmake)
[2.443s] -- Found OpenSSL: /usr/lib/x86_64-linux-gnu/libcrypto.so (found version "3.0.2")  
[2.514s] -- Found FastRTPS: /opt/ros/humble/include  
[2.617s] -- Using RMW implementation 'rmw_fastrtps_cpp' as default
[3.111s] -- Found ament_lint_auto: 0.12.4 (/opt/ros/humble/share/ament_lint_auto/cmake)
[3.292s] -- Added test 'copyright' to check source files copyright and LICENSE
[3.295s] -- Added test 'cppcheck' to perform static code analysis on C / C++ code
[3.296s] -- Configured cppcheck include dirs: 
[3.296s] -- Configured cppcheck exclude dirs and/or files: 
[3.299s] -- Added test 'cpplint' to check C / C++ code against the Google style
[3.299s] -- Configured cpplint exclude dirs and/or files: 
[3.302s] -- Added test 'lint_cmake' to check CMake code style
[3.304s] -- Added test 'uncrustify' to check C / C++ code style
[3.304s] -- Configured uncrustify additional arguments: 
[3.306s] -- Added test 'xmllint' to check XML markup files
[3.308s] -- Configuring done
[3.329s] -- Generating done
[3.334s] -- Build files have been written to: /home/dostonbek/ros2_ws/build/examples_rclcpp_minimal_service
[3.358s] Invoked command in '/home/dostonbek/ros2_ws/build/examples_rclcpp_minimal_service' returned '0': CMAKE_PREFIX_PATH=/opt/ros/humble /usr/bin/cmake /home/dostonbek/ros2_ws/src/examples/rclcpp/services/minimal_service -DAMENT_CMAKE_SYMLINK_INSTALL=1 -DCMAKE_INSTALL_PREFIX=/home/dostonbek/ros2_ws/install/examples_rclcpp_minimal_service
[3.359s] Invoking command in '/home/dostonbek/ros2_ws/build/examples_rclcpp_minimal_service': CMAKE_PREFIX_PATH=/opt/ros/humble /usr/bin/cmake --build /home/dostonbek/ros2_ws/build/examples_rclcpp_minimal_service -- -j2 -l2
[3.546s] [ 50%] [32mBuilding CXX object CMakeFiles/service_main.dir/main.cpp.o[0m
[12.174s] [100%] [32m[1mLinking CXX executable service_main[0m
[12.499s] [100%] Built target service_main
[12.526s] Invoked command in '/home/dostonbek/ros2_ws/build/examples_rclcpp_minimal_service' returned '0': CMAKE_PREFIX_PATH=/opt/ros/humble /usr/bin/cmake --build /home/dostonbek/ros2_ws/build/examples_rclcpp_minimal_service -- -j2 -l2
[12.642s] Invoking command in '/home/dostonbek/ros2_ws/build/examples_rclcpp_minimal_service': CMAKE_PREFIX_PATH=/opt/ros/humble /usr/bin/cmake --install /home/dostonbek/ros2_ws/build/examples_rclcpp_minimal_service
[12.668s] -- Install configuration: ""
[12.669s] -- Execute custom install script
[12.670s] -- Symlinking: /home/dostonbek/ros2_ws/install/examples_rclcpp_minimal_service/lib/examples_rclcpp_minimal_service/service_main
[12.702s] -- Symlinking: /home/dostonbek/ros2_ws/install/examples_rclcpp_minimal_service/share/ament_index/resource_index/package_run_dependencies/examples_rclcpp_minimal_service
[12.727s] -- Symlinking: /home/dostonbek/ros2_ws/install/examples_rclcpp_minimal_service/share/ament_index/resource_index/parent_prefix_path/examples_rclcpp_minimal_service
[12.753s] -- Symlinking: /home/dostonbek/ros2_ws/install/examples_rclcpp_minimal_service/share/examples_rclcpp_minimal_service/environment/ament_prefix_path.sh
[12.779s] -- Symlinking: /home/dostonbek/ros2_ws/install/examples_rclcpp_minimal_service/share/examples_rclcpp_minimal_service/environment/ament_prefix_path.dsv
[12.799s] -- Symlinking: /home/dostonbek/ros2_ws/install/examples_rclcpp_minimal_service/share/examples_rclcpp_minimal_service/environment/path.sh
[12.817s] -- Symlinking: /home/dostonbek/ros2_ws/install/examples_rclcpp_minimal_service/share/examples_rclcpp_minimal_service/environment/path.dsv
[12.836s] -- Symlinking: /home/dostonbek/ros2_ws/install/examples_rclcpp_minimal_service/share/examples_rclcpp_minimal_service/local_setup.bash
[12.864s] -- Symlinking: /home/dostonbek/ros2_ws/install/examples_rclcpp_minimal_service/share/examples_rclcpp_minimal_service/local_setup.sh
[12.895s] -- Symlinking: /home/dostonbek/ros2_ws/install/examples_rclcpp_minimal_service/share/examples_rclcpp_minimal_service/local_setup.zsh
[12.925s] -- Symlinking: /home/dostonbek/ros2_ws/install/examples_rclcpp_minimal_service/share/examples_rclcpp_minimal_service/local_setup.dsv
[12.956s] -- Symlinking: /home/dostonbek/ros2_ws/install/examples_rclcpp_minimal_service/share/examples_rclcpp_minimal_service/package.dsv
[12.983s] -- Symlinking: /home/dostonbek/ros2_ws/install/examples_rclcpp_minimal_service/share/ament_index/resource_index/packages/examples_rclcpp_minimal_service
[13.011s] -- Symlinking: /home/dostonbek/ros2_ws/install/examples_rclcpp_minimal_service/share/examples_rclcpp_minimal_service/cmake/examples_rclcpp_minimal_serviceConfig.cmake
[13.037s] -- Symlinking: /home/dostonbek/ros2_ws/install/examples_rclcpp_minimal_service/share/examples_rclcpp_minimal_service/cmake/examples_rclcpp_minimal_serviceConfig-version.cmake
[13.064s] -- Symlinking: /home/dostonbek/ros2_ws/install/examples_rclcpp_minimal_service/share/examples_rclcpp_minimal_service/package.xml
[13.097s] Invoked command in '/home/dostonbek/ros2_ws/build/examples_rclcpp_minimal_service' returned '0': CMAKE_PREFIX_PATH=/opt/ros/humble /usr/bin/cmake --install /home/dostonbek/ros2_ws/build/examples_rclcpp_minimal_service
