[1.312s] Invoking command in '/home/dostonbek/ros2_ws/build/examples_rclpy_minimal_client': PYTHONPATH=/home/dostonbek/ros2_ws/install/examples_rclpy_minimal_client/lib/python3.10/site-packages:${PYTHONPATH} /usr/bin/python3 setup.py develop --prefix /home/dostonbek/ros2_ws/install/examples_rclpy_minimal_client --uninstall --editable --build-directory /home/dostonbek/ros2_ws/build/examples_rclpy_minimal_client/build
[1.817s] running develop
[1.819s] /usr/lib/python3/dist-packages/setuptools/command/easy_install.py:158: EasyInstallDeprecationWarning: easy_install command is deprecated. Use build and pip and other standards-based tools.
[1.819s]   warnings.warn(
[1.821s] /usr/lib/python3/dist-packages/setuptools/command/install.py:34: SetuptoolsDeprecationWarning: setup.py install is deprecated. Use build and pip and other standards-based tools.
[1.822s]   warnings.warn(
[1.989s] /usr/lib/python3/dist-packages/pkg_resources/__init__.py:116: PkgResourcesDeprecationWarning: 0.1.43ubuntu1 is an invalid version and will not be supported in a future release
[1.989s]   warnings.warn(
[1.991s] /usr/lib/python3/dist-packages/pkg_resources/__init__.py:116: PkgResourcesDeprecationWarning: 1.1build1 is an invalid version and will not be supported in a future release
[1.991s]   warnings.warn(
[2.284s] Removing /home/dostonbek/ros2_ws/install/examples_rclpy_minimal_client/lib/python3.10/site-packages/examples-rclpy-minimal-client.egg-link (link to .)
[2.340s] Invoked command in '/home/dostonbek/ros2_ws/build/examples_rclpy_minimal_client' returned '0': PYTHONPATH=/home/dostonbek/ros2_ws/install/examples_rclpy_minimal_client/lib/python3.10/site-packages:${PYTHONPATH} /usr/bin/python3 setup.py develop --prefix /home/dostonbek/ros2_ws/install/examples_rclpy_minimal_client --uninstall --editable --build-directory /home/dostonbek/ros2_ws/build/examples_rclpy_minimal_client/build
[2.344s] Invoking command in '/home/dostonbek/ros2_ws/src/examples/rclpy/services/minimal_client': PYTHONPATH=/home/dostonbek/ros2_ws/install/examples_rclpy_minimal_client/lib/python3.10/site-packages:${PYTHONPATH} /usr/bin/python3 setup.py egg_info --egg-base ../../../../../build/examples_rclpy_minimal_client build --build-base /home/dostonbek/ros2_ws/build/examples_rclpy_minimal_client/build install --prefix /home/dostonbek/ros2_ws/install/examples_rclpy_minimal_client --record /home/dostonbek/ros2_ws/build/examples_rclpy_minimal_client/install.log --single-version-externally-managed
[2.839s] running egg_info
[2.840s] writing ../../../../../build/examples_rclpy_minimal_client/examples_rclpy_minimal_client.egg-info/PKG-INFO
[2.841s] writing dependency_links to ../../../../../build/examples_rclpy_minimal_client/examples_rclpy_minimal_client.egg-info/dependency_links.txt
[2.841s] writing entry points to ../../../../../build/examples_rclpy_minimal_client/examples_rclpy_minimal_client.egg-info/entry_points.txt
[2.842s] writing requirements to ../../../../../build/examples_rclpy_minimal_client/examples_rclpy_minimal_client.egg-info/requires.txt
[2.842s] writing top-level names to ../../../../../build/examples_rclpy_minimal_client/examples_rclpy_minimal_client.egg-info/top_level.txt
[2.845s] reading manifest file '../../../../../build/examples_rclpy_minimal_client/examples_rclpy_minimal_client.egg-info/SOURCES.txt'
[2.847s] writing manifest file '../../../../../build/examples_rclpy_minimal_client/examples_rclpy_minimal_client.egg-info/SOURCES.txt'
[2.847s] running build
[2.847s] running build_py
[2.848s] creating /home/dostonbek/ros2_ws/build/examples_rclpy_minimal_client/build
[2.848s] creating /home/dostonbek/ros2_ws/build/examples_rclpy_minimal_client/build/lib
[2.848s] creating /home/dostonbek/ros2_ws/build/examples_rclpy_minimal_client/build/lib/examples_rclpy_minimal_client
[2.849s] copying examples_rclpy_minimal_client/client_async_member_function.py -> /home/dostonbek/ros2_ws/build/examples_rclpy_minimal_client/build/lib/examples_rclpy_minimal_client
[2.849s] copying examples_rclpy_minimal_client/client.py -> /home/dostonbek/ros2_ws/build/examples_rclpy_minimal_client/build/lib/examples_rclpy_minimal_client
[2.849s] copying examples_rclpy_minimal_client/client_async_callback.py -> /home/dostonbek/ros2_ws/build/examples_rclpy_minimal_client/build/lib/examples_rclpy_minimal_client
[2.849s] copying examples_rclpy_minimal_client/__init__.py -> /home/dostonbek/ros2_ws/build/examples_rclpy_minimal_client/build/lib/examples_rclpy_minimal_client
[2.850s] copying examples_rclpy_minimal_client/client_async.py -> /home/dostonbek/ros2_ws/build/examples_rclpy_minimal_client/build/lib/examples_rclpy_minimal_client
[2.850s] running install
[2.850s] /usr/lib/python3/dist-packages/setuptools/command/install.py:34: SetuptoolsDeprecationWarning: setup.py install is deprecated. Use build and pip and other standards-based tools.
[2.851s]   warnings.warn(
[2.851s] running install_lib
[2.852s] creating /home/dostonbek/ros2_ws/install/examples_rclpy_minimal_client/lib/python3.10/site-packages/examples_rclpy_minimal_client
[2.853s] copying /home/dostonbek/ros2_ws/build/examples_rclpy_minimal_client/build/lib/examples_rclpy_minimal_client/client_async_member_function.py -> /home/dostonbek/ros2_ws/install/examples_rclpy_minimal_client/lib/python3.10/site-packages/examples_rclpy_minimal_client
[2.853s] copying /home/dostonbek/ros2_ws/build/examples_rclpy_minimal_client/build/lib/examples_rclpy_minimal_client/client.py -> /home/dostonbek/ros2_ws/install/examples_rclpy_minimal_client/lib/python3.10/site-packages/examples_rclpy_minimal_client
[2.853s] copying /home/dostonbek/ros2_ws/build/examples_rclpy_minimal_client/build/lib/examples_rclpy_minimal_client/client_async_callback.py -> /home/dostonbek/ros2_ws/install/examples_rclpy_minimal_client/lib/python3.10/site-packages/examples_rclpy_minimal_client
[2.853s] copying /home/dostonbek/ros2_ws/build/examples_rclpy_minimal_client/build/lib/examples_rclpy_minimal_client/__init__.py -> /home/dostonbek/ros2_ws/install/examples_rclpy_minimal_client/lib/python3.10/site-packages/examples_rclpy_minimal_client
[2.854s] copying /home/dostonbek/ros2_ws/build/examples_rclpy_minimal_client/build/lib/examples_rclpy_minimal_client/client_async.py -> /home/dostonbek/ros2_ws/install/examples_rclpy_minimal_client/lib/python3.10/site-packages/examples_rclpy_minimal_client
[2.855s] byte-compiling /home/dostonbek/ros2_ws/install/examples_rclpy_minimal_client/lib/python3.10/site-packages/examples_rclpy_minimal_client/client_async_member_function.py to client_async_member_function.cpython-310.pyc
[2.856s] byte-compiling /home/dostonbek/ros2_ws/install/examples_rclpy_minimal_client/lib/python3.10/site-packages/examples_rclpy_minimal_client/client.py to client.cpython-310.pyc
[2.856s] byte-compiling /home/dostonbek/ros2_ws/install/examples_rclpy_minimal_client/lib/python3.10/site-packages/examples_rclpy_minimal_client/client_async_callback.py to client_async_callback.cpython-310.pyc
[2.857s] byte-compiling /home/dostonbek/ros2_ws/install/examples_rclpy_minimal_client/lib/python3.10/site-packages/examples_rclpy_minimal_client/__init__.py to __init__.cpython-310.pyc
[2.857s] byte-compiling /home/dostonbek/ros2_ws/install/examples_rclpy_minimal_client/lib/python3.10/site-packages/examples_rclpy_minimal_client/client_async.py to client_async.cpython-310.pyc
[2.858s] running install_data
[2.859s] running install_egg_info
[2.862s] Copying ../../../../../build/examples_rclpy_minimal_client/examples_rclpy_minimal_client.egg-info to /home/dostonbek/ros2_ws/install/examples_rclpy_minimal_client/lib/python3.10/site-packages/examples_rclpy_minimal_client-0.15.0-py3.10.egg-info
[2.863s] running install_scripts
[2.899s] Installing client script to /home/dostonbek/ros2_ws/install/examples_rclpy_minimal_client/lib/examples_rclpy_minimal_client
[2.900s] Installing client_async script to /home/dostonbek/ros2_ws/install/examples_rclpy_minimal_client/lib/examples_rclpy_minimal_client
[2.900s] Installing client_async_callback script to /home/dostonbek/ros2_ws/install/examples_rclpy_minimal_client/lib/examples_rclpy_minimal_client
[2.901s] Installing client_async_member_function script to /home/dostonbek/ros2_ws/install/examples_rclpy_minimal_client/lib/examples_rclpy_minimal_client
[2.902s] writing list of installed files to '/home/dostonbek/ros2_ws/build/examples_rclpy_minimal_client/install.log'
[3.179s] Invoked command in '/home/dostonbek/ros2_ws/src/examples/rclpy/services/minimal_client' returned '0': PYTHONPATH=/home/dostonbek/ros2_ws/install/examples_rclpy_minimal_client/lib/python3.10/site-packages:${PYTHONPATH} /usr/bin/python3 setup.py egg_info --egg-base ../../../../../build/examples_rclpy_minimal_client build --build-base /home/dostonbek/ros2_ws/build/examples_rclpy_minimal_client/build install --prefix /home/dostonbek/ros2_ws/install/examples_rclpy_minimal_client --record /home/dostonbek/ros2_ws/build/examples_rclpy_minimal_client/install.log --single-version-externally-managed
