[9.583s] Invoking command in '/home/dostonbek/ros2_ws/src/py_pubsub': PYTHONPATH=/home/dostonbek/ros2_ws/install/py_pubsub/lib/python3.10/site-packages:${PYTHONPATH} /usr/bin/python3 setup.py egg_info --egg-base ../../build/py_pubsub build --build-base /home/dostonbek/ros2_ws/build/py_pubsub/build install --prefix /home/dostonbek/ros2_ws/install/py_pubsub --record /home/dostonbek/ros2_ws/build/py_pubsub/install.log --single-version-externally-managed
[13.376s] running egg_info
[13.379s] writing ../../build/py_pubsub/py_pubsub.egg-info/PKG-INFO
[13.386s] writing dependency_links to ../../build/py_pubsub/py_pubsub.egg-info/dependency_links.txt
[13.397s] writing entry points to ../../build/py_pubsub/py_pubsub.egg-info/entry_points.txt
[13.400s] writing requirements to ../../build/py_pubsub/py_pubsub.egg-info/requires.txt
[13.402s] writing top-level names to ../../build/py_pubsub/py_pubsub.egg-info/top_level.txt
[13.423s] reading manifest file '../../build/py_pubsub/py_pubsub.egg-info/SOURCES.txt'
[13.437s] writing manifest file '../../build/py_pubsub/py_pubsub.egg-info/SOURCES.txt'
[13.441s] running build
[13.446s] running build_py
[13.459s] running install
[13.461s] /usr/lib/python3/dist-packages/setuptools/command/install.py:34: SetuptoolsDeprecationWarning: setup.py install is deprecated. Use build and pip and other standards-based tools.
[13.462s]   warnings.warn(
[13.470s] running install_lib
[13.494s] running install_data
[13.505s] running install_egg_info
[13.536s] removing '/home/dostonbek/ros2_ws/install/py_pubsub/lib/python3.10/site-packages/py_pubsub-0.0.0-py3.10.egg-info' (and everything under it)
[13.538s] Copying ../../build/py_pubsub/py_pubsub.egg-info to /home/dostonbek/ros2_ws/install/py_pubsub/lib/python3.10/site-packages/py_pubsub-0.0.0-py3.10.egg-info
[13.558s] running install_scripts
[13.841s] Installing listener script to /home/dostonbek/ros2_ws/install/py_pubsub/lib/py_pubsub
[13.842s] Installing talker script to /home/dostonbek/ros2_ws/install/py_pubsub/lib/py_pubsub
[13.848s] writing list of installed files to '/home/dostonbek/ros2_ws/build/py_pubsub/install.log'
[14.029s] Invoked command in '/home/dostonbek/ros2_ws/src/py_pubsub' returned '0': PYTHONPATH=/home/dostonbek/ros2_ws/install/py_pubsub/lib/python3.10/site-packages:${PYTHONPATH} /usr/bin/python3 setup.py egg_info --egg-base ../../build/py_pubsub build --build-base /home/dostonbek/ros2_ws/build/py_pubsub/build install --prefix /home/dostonbek/ros2_ws/install/py_pubsub --record /home/dostonbek/ros2_ws/build/py_pubsub/install.log --single-version-externally-managed
