[0.063s] Invoking command in '/home/dostonbek/ros2_ws/build/examples_rclcpp_minimal_action_client': CMAKE_PREFIX_PATH=${CMAKE_PREFIX_PATH}:/home/dostonbek/ros2_ws/install/py_srvcli:/home/dostonbek/ros2_ws/install/py_pubsub:/home/dostonbek/ros2_ws/install/my_package:/home/dostonbek/ros2_ws/install/launch_testing_examples:/home/dostonbek/ros2_ws/install/examples_rclpy_pointcloud_publisher:/home/dostonbek/ros2_ws/install/examples_rclpy_minimal_subscriber:/home/dostonbek/ros2_ws/install/examples_rclpy_minimal_service:/home/dostonbek/ros2_ws/install/examples_rclpy_minimal_publisher:/home/dostonbek/ros2_ws/install/examples_rclpy_minimal_client:/home/dostonbek/ros2_ws/install/examples_rclpy_minimal_action_server:/home/dostonbek/ros2_ws/install/examples_rclpy_minimal_action_client:/home/dostonbek/ros2_ws/install/examples_rclpy_guard_conditions:/home/dostonbek/ros2_ws/install/examples_rclpy_executors:/opt/ros/humble /usr/bin/cmake --build /home/dostonbek/ros2_ws/build/examples_rclcpp_minimal_action_client -- -j2 -l2
[0.392s] [ 25%] Built target action_client_member_functions
[0.500s] [ 50%] Built target action_client_not_composable
[0.624s] [ 75%] Built target action_client_not_composable_with_cancel
[0.653s] [100%] Built target action_client_not_composable_with_feedback
[0.718s] Invoked command in '/home/dostonbek/ros2_ws/build/examples_rclcpp_minimal_action_client' returned '0': CMAKE_PREFIX_PATH=${CMAKE_PREFIX_PATH}:/home/dostonbek/ros2_ws/install/py_srvcli:/home/dostonbek/ros2_ws/install/py_pubsub:/home/dostonbek/ros2_ws/install/my_package:/home/dostonbek/ros2_ws/install/launch_testing_examples:/home/dostonbek/ros2_ws/install/examples_rclpy_pointcloud_publisher:/home/dostonbek/ros2_ws/install/examples_rclpy_minimal_subscriber:/home/dostonbek/ros2_ws/install/examples_rclpy_minimal_service:/home/dostonbek/ros2_ws/install/examples_rclpy_minimal_publisher:/home/dostonbek/ros2_ws/install/examples_rclpy_minimal_client:/home/dostonbek/ros2_ws/install/examples_rclpy_minimal_action_server:/home/dostonbek/ros2_ws/install/examples_rclpy_minimal_action_client:/home/dostonbek/ros2_ws/install/examples_rclpy_guard_conditions:/home/dostonbek/ros2_ws/install/examples_rclpy_executors:/opt/ros/humble /usr/bin/cmake --build /home/dostonbek/ros2_ws/build/examples_rclcpp_minimal_action_client -- -j2 -l2
[0.984s] Invoking command in '/home/dostonbek/ros2_ws/build/examples_rclcpp_minimal_action_client': CMAKE_PREFIX_PATH=${CMAKE_PREFIX_PATH}:/home/dostonbek/ros2_ws/install/py_srvcli:/home/dostonbek/ros2_ws/install/py_pubsub:/home/dostonbek/ros2_ws/install/my_package:/home/dostonbek/ros2_ws/install/launch_testing_examples:/home/dostonbek/ros2_ws/install/examples_rclpy_pointcloud_publisher:/home/dostonbek/ros2_ws/install/examples_rclpy_minimal_subscriber:/home/dostonbek/ros2_ws/install/examples_rclpy_minimal_service:/home/dostonbek/ros2_ws/install/examples_rclpy_minimal_publisher:/home/dostonbek/ros2_ws/install/examples_rclpy_minimal_client:/home/dostonbek/ros2_ws/install/examples_rclpy_minimal_action_server:/home/dostonbek/ros2_ws/install/examples_rclpy_minimal_action_client:/home/dostonbek/ros2_ws/install/examples_rclpy_guard_conditions:/home/dostonbek/ros2_ws/install/examples_rclpy_executors:/opt/ros/humble /usr/bin/cmake --install /home/dostonbek/ros2_ws/build/examples_rclcpp_minimal_action_client
[1.024s] -- Install configuration: ""
[1.026s] -- Execute custom install script
[1.028s] -- Up-to-date symlink: /home/dostonbek/ros2_ws/install/examples_rclcpp_minimal_action_client/lib/examples_rclcpp_minimal_action_client/action_client_member_functions
[1.029s] -- Up-to-date symlink: /home/dostonbek/ros2_ws/install/examples_rclcpp_minimal_action_client/lib/examples_rclcpp_minimal_action_client/action_client_not_composable
[1.031s] -- Up-to-date symlink: /home/dostonbek/ros2_ws/install/examples_rclcpp_minimal_action_client/lib/examples_rclcpp_minimal_action_client/action_client_not_composable_with_cancel
[1.032s] -- Up-to-date symlink: /home/dostonbek/ros2_ws/install/examples_rclcpp_minimal_action_client/lib/examples_rclcpp_minimal_action_client/action_client_not_composable_with_feedback
[1.033s] -- Up-to-date symlink: /home/dostonbek/ros2_ws/install/examples_rclcpp_minimal_action_client/share/ament_index/resource_index/package_run_dependencies/examples_rclcpp_minimal_action_client
[1.035s] -- Up-to-date symlink: /home/dostonbek/ros2_ws/install/examples_rclcpp_minimal_action_client/share/ament_index/resource_index/parent_prefix_path/examples_rclcpp_minimal_action_client
[1.036s] -- Up-to-date symlink: /home/dostonbek/ros2_ws/install/examples_rclcpp_minimal_action_client/share/examples_rclcpp_minimal_action_client/environment/ament_prefix_path.sh
[1.037s] -- Up-to-date symlink: /home/dostonbek/ros2_ws/install/examples_rclcpp_minimal_action_client/share/examples_rclcpp_minimal_action_client/environment/ament_prefix_path.dsv
[1.038s] -- Up-to-date symlink: /home/dostonbek/ros2_ws/install/examples_rclcpp_minimal_action_client/share/examples_rclcpp_minimal_action_client/environment/path.sh
[1.039s] -- Up-to-date symlink: /home/dostonbek/ros2_ws/install/examples_rclcpp_minimal_action_client/share/examples_rclcpp_minimal_action_client/environment/path.dsv
[1.040s] -- Up-to-date symlink: /home/dostonbek/ros2_ws/install/examples_rclcpp_minimal_action_client/share/examples_rclcpp_minimal_action_client/local_setup.bash
[1.041s] -- Up-to-date symlink: /home/dostonbek/ros2_ws/install/examples_rclcpp_minimal_action_client/share/examples_rclcpp_minimal_action_client/local_setup.sh
[1.041s] -- Up-to-date symlink: /home/dostonbek/ros2_ws/install/examples_rclcpp_minimal_action_client/share/examples_rclcpp_minimal_action_client/local_setup.zsh
[1.042s] -- Up-to-date symlink: /home/dostonbek/ros2_ws/install/examples_rclcpp_minimal_action_client/share/examples_rclcpp_minimal_action_client/local_setup.dsv
[1.043s] -- Symlinking: /home/dostonbek/ros2_ws/install/examples_rclcpp_minimal_action_client/share/examples_rclcpp_minimal_action_client/package.dsv
[1.085s] -- Up-to-date symlink: /home/dostonbek/ros2_ws/install/examples_rclcpp_minimal_action_client/share/ament_index/resource_index/packages/examples_rclcpp_minimal_action_client
[1.087s] -- Up-to-date symlink: /home/dostonbek/ros2_ws/install/examples_rclcpp_minimal_action_client/share/examples_rclcpp_minimal_action_client/cmake/examples_rclcpp_minimal_action_clientConfig.cmake
[1.088s] -- Up-to-date symlink: /home/dostonbek/ros2_ws/install/examples_rclcpp_minimal_action_client/share/examples_rclcpp_minimal_action_client/cmake/examples_rclcpp_minimal_action_clientConfig-version.cmake
[1.089s] -- Up-to-date symlink: /home/dostonbek/ros2_ws/install/examples_rclcpp_minimal_action_client/share/examples_rclcpp_minimal_action_client/package.xml
[1.107s] Invoked command in '/home/dostonbek/ros2_ws/build/examples_rclcpp_minimal_action_client' returned '0': CMAKE_PREFIX_PATH=${CMAKE_PREFIX_PATH}:/home/dostonbek/ros2_ws/install/py_srvcli:/home/dostonbek/ros2_ws/install/py_pubsub:/home/dostonbek/ros2_ws/install/my_package:/home/dostonbek/ros2_ws/install/launch_testing_examples:/home/dostonbek/ros2_ws/install/examples_rclpy_pointcloud_publisher:/home/dostonbek/ros2_ws/install/examples_rclpy_minimal_subscriber:/home/dostonbek/ros2_ws/install/examples_rclpy_minimal_service:/home/dostonbek/ros2_ws/install/examples_rclpy_minimal_publisher:/home/dostonbek/ros2_ws/install/examples_rclpy_minimal_client:/home/dostonbek/ros2_ws/install/examples_rclpy_minimal_action_server:/home/dostonbek/ros2_ws/install/examples_rclpy_minimal_action_client:/home/dostonbek/ros2_ws/install/examples_rclpy_guard_conditions:/home/dostonbek/ros2_ws/install/examples_rclpy_executors:/opt/ros/humble /usr/bin/cmake --install /home/dostonbek/ros2_ws/build/examples_rclcpp_minimal_action_client
