[0.058s] Invoking command in '/home/dostonbek/ros2_ws/build/turtlesim': CMAKE_PREFIX_PATH=${CMAKE_PREFIX_PATH}:/home/dostonbek/ros2_ws/install/py_srvcli:/home/dostonbek/ros2_ws/install/py_pubsub:/home/dostonbek/ros2_ws/install/my_package:/home/dostonbek/ros2_ws/install/launch_testing_examples:/home/dostonbek/ros2_ws/install/examples_rclpy_pointcloud_publisher:/home/dostonbek/ros2_ws/install/examples_rclpy_minimal_subscriber:/home/dostonbek/ros2_ws/install/examples_rclpy_minimal_service:/home/dostonbek/ros2_ws/install/examples_rclpy_minimal_publisher:/home/dostonbek/ros2_ws/install/examples_rclpy_minimal_client:/home/dostonbek/ros2_ws/install/examples_rclpy_minimal_action_server:/home/dostonbek/ros2_ws/install/examples_rclpy_minimal_action_client:/home/dostonbek/ros2_ws/install/examples_rclpy_guard_conditions:/home/dostonbek/ros2_ws/install/examples_rclpy_executors:/opt/ros/humble /usr/bin/cmake --build /home/dostonbek/ros2_ws/build/turtlesim -- -j2 -l2
[0.344s] [  1%] Built target turtlesim__cpp
[0.413s] [ 11%] Built target turtlesim__rosidl_generator_c
[0.527s] [ 11%] Built target ament_cmake_python_copy_turtlesim
[0.645s] [ 21%] Built target turtlesim__rosidl_typesupport_cpp
[0.767s] [ 31%] Built target turtlesim__rosidl_typesupport_fastrtps_c
[0.920s] [ 41%] Built target turtlesim__rosidl_typesupport_fastrtps_cpp
[1.016s] [ 51%] Built target turtlesim__rosidl_typesupport_introspection_c
[1.143s] [ 61%] Built target turtlesim__rosidl_typesupport_c
[1.261s] [ 71%] Built target turtlesim__rosidl_typesupport_introspection_cpp
[2.224s] running egg_info
[2.226s] writing turtlesim.egg-info/PKG-INFO
[2.228s] writing dependency_links to turtlesim.egg-info/dependency_links.txt
[2.229s] writing top-level names to turtlesim.egg-info/top_level.txt
[2.235s] reading manifest file 'turtlesim.egg-info/SOURCES.txt'
[2.237s] writing manifest file 'turtlesim.egg-info/SOURCES.txt'
[2.308s] [ 71%] Built target ament_cmake_python_build_turtlesim_egg
[2.487s] [ 77%] Built target turtlesim_node
[2.584s] [ 79%] Built target turtle_teleop_key
[2.698s] [ 81%] Built target draw_square
[2.791s] [ 83%] Built target mimic
[2.940s] [ 83%] Built target turtlesim
[3.026s] [ 84%] Built target turtlesim__py
[3.110s] [ 93%] Built target turtlesim__rosidl_generator_py
[3.208s] [ 95%] Built target turtlesim__rosidl_typesupport_fastrtps_c__pyext
[3.291s] [ 97%] Built target turtlesim__rosidl_typesupport_introspection_c__pyext
[3.376s] [100%] Built target turtlesim__rosidl_typesupport_c__pyext
[3.442s] Invoked command in '/home/dostonbek/ros2_ws/build/turtlesim' returned '0': CMAKE_PREFIX_PATH=${CMAKE_PREFIX_PATH}:/home/dostonbek/ros2_ws/install/py_srvcli:/home/dostonbek/ros2_ws/install/py_pubsub:/home/dostonbek/ros2_ws/install/my_package:/home/dostonbek/ros2_ws/install/launch_testing_examples:/home/dostonbek/ros2_ws/install/examples_rclpy_pointcloud_publisher:/home/dostonbek/ros2_ws/install/examples_rclpy_minimal_subscriber:/home/dostonbek/ros2_ws/install/examples_rclpy_minimal_service:/home/dostonbek/ros2_ws/install/examples_rclpy_minimal_publisher:/home/dostonbek/ros2_ws/install/examples_rclpy_minimal_client:/home/dostonbek/ros2_ws/install/examples_rclpy_minimal_action_server:/home/dostonbek/ros2_ws/install/examples_rclpy_minimal_action_client:/home/dostonbek/ros2_ws/install/examples_rclpy_guard_conditions:/home/dostonbek/ros2_ws/install/examples_rclpy_executors:/opt/ros/humble /usr/bin/cmake --build /home/dostonbek/ros2_ws/build/turtlesim -- -j2 -l2
[5.415s] Invoking command in '/home/dostonbek/ros2_ws/build/turtlesim': CMAKE_PREFIX_PATH=${CMAKE_PREFIX_PATH}:/home/dostonbek/ros2_ws/install/py_srvcli:/home/dostonbek/ros2_ws/install/py_pubsub:/home/dostonbek/ros2_ws/install/my_package:/home/dostonbek/ros2_ws/install/launch_testing_examples:/home/dostonbek/ros2_ws/install/examples_rclpy_pointcloud_publisher:/home/dostonbek/ros2_ws/install/examples_rclpy_minimal_subscriber:/home/dostonbek/ros2_ws/install/examples_rclpy_minimal_service:/home/dostonbek/ros2_ws/install/examples_rclpy_minimal_publisher:/home/dostonbek/ros2_ws/install/examples_rclpy_minimal_client:/home/dostonbek/ros2_ws/install/examples_rclpy_minimal_action_server:/home/dostonbek/ros2_ws/install/examples_rclpy_minimal_action_client:/home/dostonbek/ros2_ws/install/examples_rclpy_guard_conditions:/home/dostonbek/ros2_ws/install/examples_rclpy_executors:/opt/ros/humble /usr/bin/cmake --install /home/dostonbek/ros2_ws/build/turtlesim
[5.446s] -- Install configuration: ""
[5.446s] -- Up-to-date: /home/dostonbek/ros2_ws/install/turtlesim/share/ament_index/resource_index/rosidl_interfaces/turtlesim
[5.447s] -- Up-to-date: /home/dostonbek/ros2_ws/install/turtlesim/include/turtlesim/turtlesim
[5.448s] -- Up-to-date: /home/dostonbek/ros2_ws/install/turtlesim/include/turtlesim/turtlesim/action
[5.449s] -- Up-to-date: /home/dostonbek/ros2_ws/install/turtlesim/include/turtlesim/turtlesim/action/rotate_absolute.h
[5.449s] -- Up-to-date: /home/dostonbek/ros2_ws/install/turtlesim/include/turtlesim/turtlesim/action/detail
[5.449s] -- Up-to-date: /home/dostonbek/ros2_ws/install/turtlesim/include/turtlesim/turtlesim/action/detail/rotate_absolute__functions.c
[5.450s] -- Up-to-date: /home/dostonbek/ros2_ws/install/turtlesim/include/turtlesim/turtlesim/action/detail/rotate_absolute__type_support.h
[5.451s] -- Up-to-date: /home/dostonbek/ros2_ws/install/turtlesim/include/turtlesim/turtlesim/action/detail/rotate_absolute__functions.h
[5.452s] -- Up-to-date: /home/dostonbek/ros2_ws/install/turtlesim/include/turtlesim/turtlesim/action/detail/rotate_absolute__struct.h
[5.453s] -- Up-to-date: /home/dostonbek/ros2_ws/install/turtlesim/include/turtlesim/turtlesim/srv
[5.453s] -- Up-to-date: /home/dostonbek/ros2_ws/install/turtlesim/include/turtlesim/turtlesim/srv/spawn.h
[5.454s] -- Up-to-date: /home/dostonbek/ros2_ws/install/turtlesim/include/turtlesim/turtlesim/srv/teleport_relative.h
[5.455s] -- Up-to-date: /home/dostonbek/ros2_ws/install/turtlesim/include/turtlesim/turtlesim/srv/teleport_absolute.h
[5.455s] -- Up-to-date: /home/dostonbek/ros2_ws/install/turtlesim/include/turtlesim/turtlesim/srv/kill.h
[5.455s] -- Up-to-date: /home/dostonbek/ros2_ws/install/turtlesim/include/turtlesim/turtlesim/srv/detail
[5.456s] -- Up-to-date: /home/dostonbek/ros2_ws/install/turtlesim/include/turtlesim/turtlesim/srv/detail/teleport_relative__type_support.h
[5.457s] -- Up-to-date: /home/dostonbek/ros2_ws/install/turtlesim/include/turtlesim/turtlesim/srv/detail/kill__functions.h
[5.458s] -- Up-to-date: /home/dostonbek/ros2_ws/install/turtlesim/include/turtlesim/turtlesim/srv/detail/kill__functions.c
[5.458s] -- Up-to-date: /home/dostonbek/ros2_ws/install/turtlesim/include/turtlesim/turtlesim/srv/detail/teleport_relative__functions.h
[5.459s] -- Up-to-date: /home/dostonbek/ros2_ws/install/turtlesim/include/turtlesim/turtlesim/srv/detail/set_pen__functions.c
[5.459s] -- Up-to-date: /home/dostonbek/ros2_ws/install/turtlesim/include/turtlesim/turtlesim/srv/detail/spawn__functions.c
[5.460s] -- Up-to-date: /home/dostonbek/ros2_ws/install/turtlesim/include/turtlesim/turtlesim/srv/detail/set_pen__struct.h
[5.460s] -- Up-to-date: /home/dostonbek/ros2_ws/install/turtlesim/include/turtlesim/turtlesim/srv/detail/teleport_absolute__functions.c
[5.460s] -- Up-to-date: /home/dostonbek/ros2_ws/install/turtlesim/include/turtlesim/turtlesim/srv/detail/spawn__functions.h
[5.461s] -- Up-to-date: /home/dostonbek/ros2_ws/install/turtlesim/include/turtlesim/turtlesim/srv/detail/spawn__struct.h
[5.461s] -- Up-to-date: /home/dostonbek/ros2_ws/install/turtlesim/include/turtlesim/turtlesim/srv/detail/teleport_absolute__struct.h
[5.462s] -- Up-to-date: /home/dostonbek/ros2_ws/install/turtlesim/include/turtlesim/turtlesim/srv/detail/kill__struct.h
[5.462s] -- Up-to-date: /home/dostonbek/ros2_ws/install/turtlesim/include/turtlesim/turtlesim/srv/detail/teleport_absolute__functions.h
[5.463s] -- Up-to-date: /home/dostonbek/ros2_ws/install/turtlesim/include/turtlesim/turtlesim/srv/detail/teleport_absolute__type_support.h
[5.464s] -- Up-to-date: /home/dostonbek/ros2_ws/install/turtlesim/include/turtlesim/turtlesim/srv/detail/teleport_relative__functions.c
[5.465s] -- Up-to-date: /home/dostonbek/ros2_ws/install/turtlesim/include/turtlesim/turtlesim/srv/detail/kill__type_support.h
[5.465s] -- Up-to-date: /home/dostonbek/ros2_ws/install/turtlesim/include/turtlesim/turtlesim/srv/detail/set_pen__functions.h
[5.466s] -- Up-to-date: /home/dostonbek/ros2_ws/install/turtlesim/include/turtlesim/turtlesim/srv/detail/teleport_relative__struct.h
[5.466s] -- Up-to-date: /home/dostonbek/ros2_ws/install/turtlesim/include/turtlesim/turtlesim/srv/detail/set_pen__type_support.h
[5.467s] -- Up-to-date: /home/dostonbek/ros2_ws/install/turtlesim/include/turtlesim/turtlesim/srv/detail/spawn__type_support.h
[5.467s] -- Up-to-date: /home/dostonbek/ros2_ws/install/turtlesim/include/turtlesim/turtlesim/srv/set_pen.h
[5.467s] -- Up-to-date: /home/dostonbek/ros2_ws/install/turtlesim/include/turtlesim/turtlesim/msg
[5.468s] -- Up-to-date: /home/dostonbek/ros2_ws/install/turtlesim/include/turtlesim/turtlesim/msg/color.h
[5.468s] -- Up-to-date: /home/dostonbek/ros2_ws/install/turtlesim/include/turtlesim/turtlesim/msg/pose.h
[5.469s] -- Up-to-date: /home/dostonbek/ros2_ws/install/turtlesim/include/turtlesim/turtlesim/msg/detail
[5.469s] -- Up-to-date: /home/dostonbek/ros2_ws/install/turtlesim/include/turtlesim/turtlesim/msg/detail/pose__functions.c
[5.470s] -- Up-to-date: /home/dostonbek/ros2_ws/install/turtlesim/include/turtlesim/turtlesim/msg/detail/color__functions.h
[5.470s] -- Up-to-date: /home/dostonbek/ros2_ws/install/turtlesim/include/turtlesim/turtlesim/msg/detail/pose__type_support.h
[5.471s] -- Up-to-date: /home/dostonbek/ros2_ws/install/turtlesim/include/turtlesim/turtlesim/msg/detail/color__struct.h
[5.471s] -- Up-to-date: /home/dostonbek/ros2_ws/install/turtlesim/include/turtlesim/turtlesim/msg/detail/pose__functions.h
[5.472s] -- Up-to-date: /home/dostonbek/ros2_ws/install/turtlesim/include/turtlesim/turtlesim/msg/detail/color__type_support.h
[5.472s] -- Up-to-date: /home/dostonbek/ros2_ws/install/turtlesim/include/turtlesim/turtlesim/msg/detail/color__functions.c
[5.472s] -- Up-to-date: /home/dostonbek/ros2_ws/install/turtlesim/include/turtlesim/turtlesim/msg/detail/pose__struct.h
[5.475s] -- Up-to-date: /home/dostonbek/ros2_ws/install/turtlesim/include/turtlesim/turtlesim/msg/rosidl_generator_c__visibility_control.h
[5.475s] -- Up-to-date: /home/dostonbek/ros2_ws/install/turtlesim/share/turtlesim/environment/library_path.sh
[5.476s] -- Up-to-date: /home/dostonbek/ros2_ws/install/turtlesim/share/turtlesim/environment/library_path.dsv
[5.477s] -- Up-to-date: /home/dostonbek/ros2_ws/install/turtlesim/lib/libturtlesim__rosidl_generator_c.so
[5.477s] -- Up-to-date: /home/dostonbek/ros2_ws/install/turtlesim/include/turtlesim/turtlesim
[5.478s] -- Up-to-date: /home/dostonbek/ros2_ws/install/turtlesim/include/turtlesim/turtlesim/action
[5.479s] -- Up-to-date: /home/dostonbek/ros2_ws/install/turtlesim/include/turtlesim/turtlesim/action/detail
[5.479s] -- Up-to-date: /home/dostonbek/ros2_ws/install/turtlesim/include/turtlesim/turtlesim/action/detail/rotate_absolute__rosidl_typesupport_fastrtps_c.h
[5.479s] -- Up-to-date: /home/dostonbek/ros2_ws/install/turtlesim/include/turtlesim/turtlesim/srv
[5.480s] -- Up-to-date: /home/dostonbek/ros2_ws/install/turtlesim/include/turtlesim/turtlesim/srv/detail
[5.481s] -- Up-to-date: /home/dostonbek/ros2_ws/install/turtlesim/include/turtlesim/turtlesim/srv/detail/teleport_absolute__rosidl_typesupport_fastrtps_c.h
[5.482s] -- Up-to-date: /home/dostonbek/ros2_ws/install/turtlesim/include/turtlesim/turtlesim/srv/detail/teleport_relative__rosidl_typesupport_fastrtps_c.h
[5.483s] -- Up-to-date: /home/dostonbek/ros2_ws/install/turtlesim/include/turtlesim/turtlesim/srv/detail/spawn__rosidl_typesupport_fastrtps_c.h
[5.485s] -- Up-to-date: /home/dostonbek/ros2_ws/install/turtlesim/include/turtlesim/turtlesim/srv/detail/set_pen__rosidl_typesupport_fastrtps_c.h
[5.486s] -- Up-to-date: /home/dostonbek/ros2_ws/install/turtlesim/include/turtlesim/turtlesim/srv/detail/kill__rosidl_typesupport_fastrtps_c.h
[5.486s] -- Up-to-date: /home/dostonbek/ros2_ws/install/turtlesim/include/turtlesim/turtlesim/msg
[5.487s] -- Up-to-date: /home/dostonbek/ros2_ws/install/turtlesim/include/turtlesim/turtlesim/msg/rosidl_typesupport_fastrtps_c__visibility_control.h
[5.488s] -- Up-to-date: /home/dostonbek/ros2_ws/install/turtlesim/include/turtlesim/turtlesim/msg/detail
[5.489s] -- Up-to-date: /home/dostonbek/ros2_ws/install/turtlesim/include/turtlesim/turtlesim/msg/detail/color__rosidl_typesupport_fastrtps_c.h
[5.489s] -- Up-to-date: /home/dostonbek/ros2_ws/install/turtlesim/include/turtlesim/turtlesim/msg/detail/pose__rosidl_typesupport_fastrtps_c.h
[5.490s] -- Up-to-date: /home/dostonbek/ros2_ws/install/turtlesim/lib/libturtlesim__rosidl_typesupport_fastrtps_c.so
[5.490s] -- Up-to-date: /home/dostonbek/ros2_ws/install/turtlesim/include/turtlesim/turtlesim
[5.491s] -- Up-to-date: /home/dostonbek/ros2_ws/install/turtlesim/include/turtlesim/turtlesim/action
[5.492s] -- Up-to-date: /home/dostonbek/ros2_ws/install/turtlesim/include/turtlesim/turtlesim/action/rotate_absolute.hpp
[5.492s] -- Up-to-date: /home/dostonbek/ros2_ws/install/turtlesim/include/turtlesim/turtlesim/action/detail
[5.492s] -- Up-to-date: /home/dostonbek/ros2_ws/install/turtlesim/include/turtlesim/turtlesim/action/detail/rotate_absolute__struct.hpp
[5.493s] -- Up-to-date: /home/dostonbek/ros2_ws/install/turtlesim/include/turtlesim/turtlesim/action/detail/rotate_absolute__traits.hpp
[5.493s] -- Up-to-date: /home/dostonbek/ros2_ws/install/turtlesim/include/turtlesim/turtlesim/action/detail/rotate_absolute__builder.hpp
[5.494s] -- Up-to-date: /home/dostonbek/ros2_ws/install/turtlesim/include/turtlesim/turtlesim/srv
[5.494s] -- Up-to-date: /home/dostonbek/ros2_ws/install/turtlesim/include/turtlesim/turtlesim/srv/teleport_absolute.hpp
[5.494s] -- Up-to-date: /home/dostonbek/ros2_ws/install/turtlesim/include/turtlesim/turtlesim/srv/spawn.hpp
[5.495s] -- Up-to-date: /home/dostonbek/ros2_ws/install/turtlesim/include/turtlesim/turtlesim/srv/kill.hpp
[5.495s] -- Up-to-date: /home/dostonbek/ros2_ws/install/turtlesim/include/turtlesim/turtlesim/srv/teleport_relative.hpp
[5.496s] -- Up-to-date: /home/dostonbek/ros2_ws/install/turtlesim/include/turtlesim/turtlesim/srv/detail
[5.496s] -- Up-to-date: /home/dostonbek/ros2_ws/install/turtlesim/include/turtlesim/turtlesim/srv/detail/teleport_absolute__struct.hpp
[5.497s] -- Up-to-date: /home/dostonbek/ros2_ws/install/turtlesim/include/turtlesim/turtlesim/srv/detail/teleport_relative__traits.hpp
[5.498s] -- Up-to-date: /home/dostonbek/ros2_ws/install/turtlesim/include/turtlesim/turtlesim/srv/detail/set_pen__builder.hpp
[5.498s] -- Up-to-date: /home/dostonbek/ros2_ws/install/turtlesim/include/turtlesim/turtlesim/srv/detail/teleport_relative__struct.hpp
[5.499s] -- Up-to-date: /home/dostonbek/ros2_ws/install/turtlesim/include/turtlesim/turtlesim/srv/detail/teleport_relative__builder.hpp
[5.502s] -- Up-to-date: /home/dostonbek/ros2_ws/install/turtlesim/include/turtlesim/turtlesim/srv/detail/set_pen__traits.hpp
[5.502s] -- Up-to-date: /home/dostonbek/ros2_ws/install/turtlesim/include/turtlesim/turtlesim/srv/detail/kill__builder.hpp
[5.503s] -- Up-to-date: /home/dostonbek/ros2_ws/install/turtlesim/include/turtlesim/turtlesim/srv/detail/kill__traits.hpp
[5.503s] -- Up-to-date: /home/dostonbek/ros2_ws/install/turtlesim/include/turtlesim/turtlesim/srv/detail/kill__struct.hpp
[5.503s] -- Up-to-date: /home/dostonbek/ros2_ws/install/turtlesim/include/turtlesim/turtlesim/srv/detail/teleport_absolute__traits.hpp
[5.503s] -- Up-to-date: /home/dostonbek/ros2_ws/install/turtlesim/include/turtlesim/turtlesim/srv/detail/spawn__traits.hpp
[5.504s] -- Up-to-date: /home/dostonbek/ros2_ws/install/turtlesim/include/turtlesim/turtlesim/srv/detail/spawn__struct.hpp
[5.504s] -- Up-to-date: /home/dostonbek/ros2_ws/install/turtlesim/include/turtlesim/turtlesim/srv/detail/spawn__builder.hpp
[5.505s] -- Up-to-date: /home/dostonbek/ros2_ws/install/turtlesim/include/turtlesim/turtlesim/srv/detail/set_pen__struct.hpp
[5.505s] -- Up-to-date: /home/dostonbek/ros2_ws/install/turtlesim/include/turtlesim/turtlesim/srv/detail/teleport_absolute__builder.hpp
[5.506s] -- Up-to-date: /home/dostonbek/ros2_ws/install/turtlesim/include/turtlesim/turtlesim/srv/set_pen.hpp
[5.506s] -- Up-to-date: /home/dostonbek/ros2_ws/install/turtlesim/include/turtlesim/turtlesim/msg
[5.507s] -- Up-to-date: /home/dostonbek/ros2_ws/install/turtlesim/include/turtlesim/turtlesim/msg/color.hpp
[5.507s] -- Up-to-date: /home/dostonbek/ros2_ws/install/turtlesim/include/turtlesim/turtlesim/msg/pose.hpp
[5.507s] -- Up-to-date: /home/dostonbek/ros2_ws/install/turtlesim/include/turtlesim/turtlesim/msg/detail
[5.508s] -- Up-to-date: /home/dostonbek/ros2_ws/install/turtlesim/include/turtlesim/turtlesim/msg/detail/pose__traits.hpp
[5.509s] -- Up-to-date: /home/dostonbek/ros2_ws/install/turtlesim/include/turtlesim/turtlesim/msg/detail/color__builder.hpp
[5.509s] -- Up-to-date: /home/dostonbek/ros2_ws/install/turtlesim/include/turtlesim/turtlesim/msg/detail/pose__builder.hpp
[5.510s] -- Up-to-date: /home/dostonbek/ros2_ws/install/turtlesim/include/turtlesim/turtlesim/msg/detail/color__traits.hpp
[5.510s] -- Up-to-date: /home/dostonbek/ros2_ws/install/turtlesim/include/turtlesim/turtlesim/msg/detail/pose__struct.hpp
[5.511s] -- Up-to-date: /home/dostonbek/ros2_ws/install/turtlesim/include/turtlesim/turtlesim/msg/detail/color__struct.hpp
[5.512s] -- Up-to-date: /home/dostonbek/ros2_ws/install/turtlesim/include/turtlesim/turtlesim
[5.513s] -- Up-to-date: /home/dostonbek/ros2_ws/install/turtlesim/include/turtlesim/turtlesim/action
[5.513s] -- Up-to-date: /home/dostonbek/ros2_ws/install/turtlesim/include/turtlesim/turtlesim/action/detail
[5.514s] -- Up-to-date: /home/dostonbek/ros2_ws/install/turtlesim/include/turtlesim/turtlesim/action/detail/rotate_absolute__rosidl_typesupport_fastrtps_cpp.hpp
[5.514s] -- Up-to-date: /home/dostonbek/ros2_ws/install/turtlesim/include/turtlesim/turtlesim/action/detail/dds_fastrtps
[5.515s] -- Up-to-date: /home/dostonbek/ros2_ws/install/turtlesim/include/turtlesim/turtlesim/srv
[5.515s] -- Up-to-date: /home/dostonbek/ros2_ws/install/turtlesim/include/turtlesim/turtlesim/srv/detail
[5.516s] -- Up-to-date: /home/dostonbek/ros2_ws/install/turtlesim/include/turtlesim/turtlesim/srv/detail/set_pen__rosidl_typesupport_fastrtps_cpp.hpp
[5.516s] -- Up-to-date: /home/dostonbek/ros2_ws/install/turtlesim/include/turtlesim/turtlesim/srv/detail/kill__rosidl_typesupport_fastrtps_cpp.hpp
[5.517s] -- Up-to-date: /home/dostonbek/ros2_ws/install/turtlesim/include/turtlesim/turtlesim/srv/detail/dds_fastrtps
[5.517s] -- Up-to-date: /home/dostonbek/ros2_ws/install/turtlesim/include/turtlesim/turtlesim/srv/detail/teleport_relative__rosidl_typesupport_fastrtps_cpp.hpp
[5.518s] -- Up-to-date: /home/dostonbek/ros2_ws/install/turtlesim/include/turtlesim/turtlesim/srv/detail/spawn__rosidl_typesupport_fastrtps_cpp.hpp
[5.519s] -- Up-to-date: /home/dostonbek/ros2_ws/install/turtlesim/include/turtlesim/turtlesim/srv/detail/teleport_absolute__rosidl_typesupport_fastrtps_cpp.hpp
[5.524s] -- Up-to-date: /home/dostonbek/ros2_ws/install/turtlesim/include/turtlesim/turtlesim/msg
[5.525s] -- Up-to-date: /home/dostonbek/ros2_ws/install/turtlesim/include/turtlesim/turtlesim/msg/rosidl_typesupport_fastrtps_cpp__visibility_control.h
[5.525s] -- Up-to-date: /home/dostonbek/ros2_ws/install/turtlesim/include/turtlesim/turtlesim/msg/detail
[5.525s] -- Up-to-date: /home/dostonbek/ros2_ws/install/turtlesim/include/turtlesim/turtlesim/msg/detail/color__rosidl_typesupport_fastrtps_cpp.hpp
[5.526s] -- Up-to-date: /home/dostonbek/ros2_ws/install/turtlesim/include/turtlesim/turtlesim/msg/detail/dds_fastrtps
[5.526s] -- Up-to-date: /home/dostonbek/ros2_ws/install/turtlesim/include/turtlesim/turtlesim/msg/detail/pose__rosidl_typesupport_fastrtps_cpp.hpp
[5.526s] -- Up-to-date: /home/dostonbek/ros2_ws/install/turtlesim/lib/libturtlesim__rosidl_typesupport_fastrtps_cpp.so
[5.527s] -- Up-to-date: /home/dostonbek/ros2_ws/install/turtlesim/include/turtlesim/turtlesim
[5.527s] -- Up-to-date: /home/dostonbek/ros2_ws/install/turtlesim/include/turtlesim/turtlesim/action
[5.527s] -- Up-to-date: /home/dostonbek/ros2_ws/install/turtlesim/include/turtlesim/turtlesim/action/detail
[5.527s] -- Up-to-date: /home/dostonbek/ros2_ws/install/turtlesim/include/turtlesim/turtlesim/action/detail/rotate_absolute__rosidl_typesupport_introspection_c.h
[5.528s] -- Up-to-date: /home/dostonbek/ros2_ws/install/turtlesim/include/turtlesim/turtlesim/action/detail/rotate_absolute__type_support.c
[5.528s] -- Up-to-date: /home/dostonbek/ros2_ws/install/turtlesim/include/turtlesim/turtlesim/srv
[5.528s] -- Up-to-date: /home/dostonbek/ros2_ws/install/turtlesim/include/turtlesim/turtlesim/srv/detail
[5.529s] -- Up-to-date: /home/dostonbek/ros2_ws/install/turtlesim/include/turtlesim/turtlesim/srv/detail/spawn__rosidl_typesupport_introspection_c.h
[5.529s] -- Up-to-date: /home/dostonbek/ros2_ws/install/turtlesim/include/turtlesim/turtlesim/srv/detail/kill__type_support.c
[5.529s] -- Up-to-date: /home/dostonbek/ros2_ws/install/turtlesim/include/turtlesim/turtlesim/srv/detail/teleport_relative__type_support.c
[5.530s] -- Up-to-date: /home/dostonbek/ros2_ws/install/turtlesim/include/turtlesim/turtlesim/srv/detail/teleport_absolute__type_support.c
[5.531s] -- Up-to-date: /home/dostonbek/ros2_ws/install/turtlesim/include/turtlesim/turtlesim/srv/detail/kill__rosidl_typesupport_introspection_c.h
[5.532s] -- Up-to-date: /home/dostonbek/ros2_ws/install/turtlesim/include/turtlesim/turtlesim/srv/detail/set_pen__rosidl_typesupport_introspection_c.h
[5.532s] -- Up-to-date: /home/dostonbek/ros2_ws/install/turtlesim/include/turtlesim/turtlesim/srv/detail/spawn__type_support.c
[5.533s] -- Up-to-date: /home/dostonbek/ros2_ws/install/turtlesim/include/turtlesim/turtlesim/srv/detail/teleport_absolute__rosidl_typesupport_introspection_c.h
[5.533s] -- Up-to-date: /home/dostonbek/ros2_ws/install/turtlesim/include/turtlesim/turtlesim/srv/detail/teleport_relative__rosidl_typesupport_introspection_c.h
[5.533s] -- Up-to-date: /home/dostonbek/ros2_ws/install/turtlesim/include/turtlesim/turtlesim/srv/detail/set_pen__type_support.c
[5.534s] -- Up-to-date: /home/dostonbek/ros2_ws/install/turtlesim/include/turtlesim/turtlesim/msg
[5.534s] -- Up-to-date: /home/dostonbek/ros2_ws/install/turtlesim/include/turtlesim/turtlesim/msg/rosidl_typesupport_introspection_c__visibility_control.h
[5.534s] -- Up-to-date: /home/dostonbek/ros2_ws/install/turtlesim/include/turtlesim/turtlesim/msg/detail
[5.535s] -- Up-to-date: /home/dostonbek/ros2_ws/install/turtlesim/include/turtlesim/turtlesim/msg/detail/pose__rosidl_typesupport_introspection_c.h
[5.535s] -- Up-to-date: /home/dostonbek/ros2_ws/install/turtlesim/include/turtlesim/turtlesim/msg/detail/color__type_support.c
[5.535s] -- Up-to-date: /home/dostonbek/ros2_ws/install/turtlesim/include/turtlesim/turtlesim/msg/detail/color__rosidl_typesupport_introspection_c.h
[5.545s] -- Up-to-date: /home/dostonbek/ros2_ws/install/turtlesim/include/turtlesim/turtlesim/msg/detail/pose__type_support.c
[5.546s] -- Up-to-date: /home/dostonbek/ros2_ws/install/turtlesim/lib/libturtlesim__rosidl_typesupport_introspection_c.so
[5.546s] -- Up-to-date: /home/dostonbek/ros2_ws/install/turtlesim/lib/libturtlesim__rosidl_typesupport_c.so
[5.546s] -- Up-to-date: /home/dostonbek/ros2_ws/install/turtlesim/include/turtlesim/turtlesim
[5.546s] -- Up-to-date: /home/dostonbek/ros2_ws/install/turtlesim/include/turtlesim/turtlesim/action
[5.546s] -- Up-to-date: /home/dostonbek/ros2_ws/install/turtlesim/include/turtlesim/turtlesim/action/detail
[5.547s] -- Up-to-date: /home/dostonbek/ros2_ws/install/turtlesim/include/turtlesim/turtlesim/action/detail/rotate_absolute__type_support.cpp
[5.547s] -- Up-to-date: /home/dostonbek/ros2_ws/install/turtlesim/include/turtlesim/turtlesim/action/detail/rotate_absolute__rosidl_typesupport_introspection_cpp.hpp
[5.547s] -- Up-to-date: /home/dostonbek/ros2_ws/install/turtlesim/include/turtlesim/turtlesim/srv
[5.547s] -- Up-to-date: /home/dostonbek/ros2_ws/install/turtlesim/include/turtlesim/turtlesim/srv/detail
[5.547s] -- Up-to-date: /home/dostonbek/ros2_ws/install/turtlesim/include/turtlesim/turtlesim/srv/detail/spawn__type_support.cpp
[5.547s] -- Up-to-date: /home/dostonbek/ros2_ws/install/turtlesim/include/turtlesim/turtlesim/srv/detail/kill__type_support.cpp
[5.548s] -- Up-to-date: /home/dostonbek/ros2_ws/install/turtlesim/include/turtlesim/turtlesim/srv/detail/teleport_absolute__type_support.cpp
[5.548s] -- Up-to-date: /home/dostonbek/ros2_ws/install/turtlesim/include/turtlesim/turtlesim/srv/detail/set_pen__rosidl_typesupport_introspection_cpp.hpp
[5.548s] -- Up-to-date: /home/dostonbek/ros2_ws/install/turtlesim/include/turtlesim/turtlesim/srv/detail/spawn__rosidl_typesupport_introspection_cpp.hpp
[5.548s] -- Up-to-date: /home/dostonbek/ros2_ws/install/turtlesim/include/turtlesim/turtlesim/srv/detail/teleport_relative__rosidl_typesupport_introspection_cpp.hpp
[5.548s] -- Up-to-date: /home/dostonbek/ros2_ws/install/turtlesim/include/turtlesim/turtlesim/srv/detail/teleport_absolute__rosidl_typesupport_introspection_cpp.hpp
[5.548s] -- Up-to-date: /home/dostonbek/ros2_ws/install/turtlesim/include/turtlesim/turtlesim/srv/detail/kill__rosidl_typesupport_introspection_cpp.hpp
[5.549s] -- Up-to-date: /home/dostonbek/ros2_ws/install/turtlesim/include/turtlesim/turtlesim/srv/detail/teleport_relative__type_support.cpp
[5.549s] -- Up-to-date: /home/dostonbek/ros2_ws/install/turtlesim/include/turtlesim/turtlesim/srv/detail/set_pen__type_support.cpp
[5.549s] -- Up-to-date: /home/dostonbek/ros2_ws/install/turtlesim/include/turtlesim/turtlesim/msg
[5.549s] -- Up-to-date: /home/dostonbek/ros2_ws/install/turtlesim/include/turtlesim/turtlesim/msg/detail
[5.549s] -- Up-to-date: /home/dostonbek/ros2_ws/install/turtlesim/include/turtlesim/turtlesim/msg/detail/color__type_support.cpp
[5.549s] -- Up-to-date: /home/dostonbek/ros2_ws/install/turtlesim/include/turtlesim/turtlesim/msg/detail/color__rosidl_typesupport_introspection_cpp.hpp
[5.550s] -- Up-to-date: /home/dostonbek/ros2_ws/install/turtlesim/include/turtlesim/turtlesim/msg/detail/pose__rosidl_typesupport_introspection_cpp.hpp
[5.550s] -- Up-to-date: /home/dostonbek/ros2_ws/install/turtlesim/include/turtlesim/turtlesim/msg/detail/pose__type_support.cpp
[5.550s] -- Up-to-date: /home/dostonbek/ros2_ws/install/turtlesim/lib/libturtlesim__rosidl_typesupport_introspection_cpp.so
[5.550s] -- Up-to-date: /home/dostonbek/ros2_ws/install/turtlesim/lib/libturtlesim__rosidl_typesupport_cpp.so
[5.551s] -- Up-to-date: /home/dostonbek/ros2_ws/install/turtlesim/share/turtlesim/environment/pythonpath.sh
[5.551s] -- Up-to-date: /home/dostonbek/ros2_ws/install/turtlesim/share/turtlesim/environment/pythonpath.dsv
[5.551s] -- Up-to-date: /home/dostonbek/ros2_ws/install/turtlesim/local/lib/python3.10/dist-packages/turtlesim-1.4.1-py3.10.egg-info
[5.551s] -- Installing: /home/dostonbek/ros2_ws/install/turtlesim/local/lib/python3.10/dist-packages/turtlesim-1.4.1-py3.10.egg-info/dependency_links.txt
[5.551s] -- Installing: /home/dostonbek/ros2_ws/install/turtlesim/local/lib/python3.10/dist-packages/turtlesim-1.4.1-py3.10.egg-info/SOURCES.txt
[5.551s] -- Installing: /home/dostonbek/ros2_ws/install/turtlesim/local/lib/python3.10/dist-packages/turtlesim-1.4.1-py3.10.egg-info/top_level.txt
[5.552s] -- Installing: /home/dostonbek/ros2_ws/install/turtlesim/local/lib/python3.10/dist-packages/turtlesim-1.4.1-py3.10.egg-info/PKG-INFO
[5.552s] -- Up-to-date: /home/dostonbek/ros2_ws/install/turtlesim/local/lib/python3.10/dist-packages/turtlesim
[5.552s] -- Up-to-date: /home/dostonbek/ros2_ws/install/turtlesim/local/lib/python3.10/dist-packages/turtlesim/_turtlesim_s.ep.rosidl_typesupport_c.c
[5.552s] -- Up-to-date: /home/dostonbek/ros2_ws/install/turtlesim/local/lib/python3.10/dist-packages/turtlesim/action
[5.552s] -- Up-to-date: /home/dostonbek/ros2_ws/install/turtlesim/local/lib/python3.10/dist-packages/turtlesim/action/_rotate_absolute.py
[5.552s] -- Up-to-date: /home/dostonbek/ros2_ws/install/turtlesim/local/lib/python3.10/dist-packages/turtlesim/action/_rotate_absolute_s.c
[5.553s] -- Up-to-date: /home/dostonbek/ros2_ws/install/turtlesim/local/lib/python3.10/dist-packages/turtlesim/action/__init__.py
[5.553s] -- Up-to-date: /home/dostonbek/ros2_ws/install/turtlesim/local/lib/python3.10/dist-packages/turtlesim/srv
[5.553s] -- Up-to-date: /home/dostonbek/ros2_ws/install/turtlesim/local/lib/python3.10/dist-packages/turtlesim/srv/_kill.py
[5.553s] -- Up-to-date: /home/dostonbek/ros2_ws/install/turtlesim/local/lib/python3.10/dist-packages/turtlesim/srv/_kill_s.c
[5.553s] -- Up-to-date: /home/dostonbek/ros2_ws/install/turtlesim/local/lib/python3.10/dist-packages/turtlesim/srv/_teleport_relative_s.c
[5.553s] -- Up-to-date: /home/dostonbek/ros2_ws/install/turtlesim/local/lib/python3.10/dist-packages/turtlesim/srv/_spawn_s.c
[5.554s] -- Up-to-date: /home/dostonbek/ros2_ws/install/turtlesim/local/lib/python3.10/dist-packages/turtlesim/srv/_spawn.py
[5.554s] -- Up-to-date: /home/dostonbek/ros2_ws/install/turtlesim/local/lib/python3.10/dist-packages/turtlesim/srv/_set_pen.py
[5.555s] -- Up-to-date: /home/dostonbek/ros2_ws/install/turtlesim/local/lib/python3.10/dist-packages/turtlesim/srv/_teleport_relative.py
[5.555s] -- Up-to-date: /home/dostonbek/ros2_ws/install/turtlesim/local/lib/python3.10/dist-packages/turtlesim/srv/_set_pen_s.c
[5.555s] -- Up-to-date: /home/dostonbek/ros2_ws/install/turtlesim/local/lib/python3.10/dist-packages/turtlesim/srv/__init__.py
[5.555s] -- Up-to-date: /home/dostonbek/ros2_ws/install/turtlesim/local/lib/python3.10/dist-packages/turtlesim/srv/_teleport_absolute_s.c
[5.556s] -- Up-to-date: /home/dostonbek/ros2_ws/install/turtlesim/local/lib/python3.10/dist-packages/turtlesim/srv/_teleport_absolute.py
[5.556s] -- Up-to-date: /home/dostonbek/ros2_ws/install/turtlesim/local/lib/python3.10/dist-packages/turtlesim/libturtlesim__rosidl_generator_py.so
[5.556s] -- Up-to-date: /home/dostonbek/ros2_ws/install/turtlesim/local/lib/python3.10/dist-packages/turtlesim/turtlesim_s__rosidl_typesupport_introspection_c.cpython-310-x86_64-linux-gnu.so
[5.557s] -- Up-to-date: /home/dostonbek/ros2_ws/install/turtlesim/local/lib/python3.10/dist-packages/turtlesim/turtlesim_s__rosidl_typesupport_fastrtps_c.cpython-310-x86_64-linux-gnu.so
[5.557s] -- Up-to-date: /home/dostonbek/ros2_ws/install/turtlesim/local/lib/python3.10/dist-packages/turtlesim/_turtlesim_s.ep.rosidl_typesupport_introspection_c.c
[5.557s] -- Up-to-date: /home/dostonbek/ros2_ws/install/turtlesim/local/lib/python3.10/dist-packages/turtlesim/_turtlesim_s.ep.rosidl_typesupport_fastrtps_c.c
[5.558s] -- Up-to-date: /home/dostonbek/ros2_ws/install/turtlesim/local/lib/python3.10/dist-packages/turtlesim/turtlesim_s__rosidl_typesupport_c.cpython-310-x86_64-linux-gnu.so
[5.558s] -- Up-to-date: /home/dostonbek/ros2_ws/install/turtlesim/local/lib/python3.10/dist-packages/turtlesim/msg
[5.558s] -- Up-to-date: /home/dostonbek/ros2_ws/install/turtlesim/local/lib/python3.10/dist-packages/turtlesim/msg/_pose_s.c
[5.558s] -- Up-to-date: /home/dostonbek/ros2_ws/install/turtlesim/local/lib/python3.10/dist-packages/turtlesim/msg/_color.py
[5.559s] -- Up-to-date: /home/dostonbek/ros2_ws/install/turtlesim/local/lib/python3.10/dist-packages/turtlesim/msg/_color_s.c
[5.559s] -- Up-to-date: /home/dostonbek/ros2_ws/install/turtlesim/local/lib/python3.10/dist-packages/turtlesim/msg/_pose.py
[5.559s] -- Up-to-date: /home/dostonbek/ros2_ws/install/turtlesim/local/lib/python3.10/dist-packages/turtlesim/msg/__init__.py
[5.560s] -- Up-to-date: /home/dostonbek/ros2_ws/install/turtlesim/local/lib/python3.10/dist-packages/turtlesim/__init__.py
[5.675s] Listing '/home/dostonbek/ros2_ws/install/turtlesim/local/lib/python3.10/dist-packages/turtlesim'...
[5.675s] Listing '/home/dostonbek/ros2_ws/install/turtlesim/local/lib/python3.10/dist-packages/turtlesim/action'...
[5.676s] Listing '/home/dostonbek/ros2_ws/install/turtlesim/local/lib/python3.10/dist-packages/turtlesim/msg'...
[5.676s] Listing '/home/dostonbek/ros2_ws/install/turtlesim/local/lib/python3.10/dist-packages/turtlesim/srv'...
[5.689s] -- Up-to-date: /home/dostonbek/ros2_ws/install/turtlesim/local/lib/python3.10/dist-packages/turtlesim/turtlesim_s__rosidl_typesupport_fastrtps_c.cpython-310-x86_64-linux-gnu.so
[5.691s] -- Up-to-date: /home/dostonbek/ros2_ws/install/turtlesim/local/lib/python3.10/dist-packages/turtlesim/turtlesim_s__rosidl_typesupport_introspection_c.cpython-310-x86_64-linux-gnu.so
[5.692s] -- Up-to-date: /home/dostonbek/ros2_ws/install/turtlesim/local/lib/python3.10/dist-packages/turtlesim/turtlesim_s__rosidl_typesupport_c.cpython-310-x86_64-linux-gnu.so
[5.694s] -- Up-to-date: /home/dostonbek/ros2_ws/install/turtlesim/lib/libturtlesim__rosidl_generator_py.so
[5.695s] -- Up-to-date: /home/dostonbek/ros2_ws/install/turtlesim/share/turtlesim/action/RotateAbsolute.idl
[5.696s] -- Up-to-date: /home/dostonbek/ros2_ws/install/turtlesim/share/turtlesim/msg/Color.idl
[5.696s] -- Up-to-date: /home/dostonbek/ros2_ws/install/turtlesim/share/turtlesim/msg/Pose.idl
[5.697s] -- Up-to-date: /home/dostonbek/ros2_ws/install/turtlesim/share/turtlesim/srv/Kill.idl
[5.697s] -- Up-to-date: /home/dostonbek/ros2_ws/install/turtlesim/share/turtlesim/srv/SetPen.idl
[5.698s] -- Up-to-date: /home/dostonbek/ros2_ws/install/turtlesim/share/turtlesim/srv/Spawn.idl
[5.699s] -- Up-to-date: /home/dostonbek/ros2_ws/install/turtlesim/share/turtlesim/srv/TeleportAbsolute.idl
[5.699s] -- Up-to-date: /home/dostonbek/ros2_ws/install/turtlesim/share/turtlesim/srv/TeleportRelative.idl
[5.700s] -- Up-to-date: /home/dostonbek/ros2_ws/install/turtlesim/share/turtlesim/action/RotateAbsolute.action
[5.704s] -- Up-to-date: /home/dostonbek/ros2_ws/install/turtlesim/share/turtlesim/msg/Color.msg
[5.705s] -- Up-to-date: /home/dostonbek/ros2_ws/install/turtlesim/share/turtlesim/msg/Pose.msg
[5.705s] -- Up-to-date: /home/dostonbek/ros2_ws/install/turtlesim/share/turtlesim/srv/Kill.srv
[5.705s] -- Up-to-date: /home/dostonbek/ros2_ws/install/turtlesim/share/turtlesim/srv/Kill_Request.msg
[5.706s] -- Up-to-date: /home/dostonbek/ros2_ws/install/turtlesim/share/turtlesim/srv/Kill_Response.msg
[5.706s] -- Up-to-date: /home/dostonbek/ros2_ws/install/turtlesim/share/turtlesim/srv/SetPen.srv
[5.706s] -- Up-to-date: /home/dostonbek/ros2_ws/install/turtlesim/share/turtlesim/srv/SetPen_Request.msg
[5.707s] -- Up-to-date: /home/dostonbek/ros2_ws/install/turtlesim/share/turtlesim/srv/SetPen_Response.msg
[5.707s] -- Up-to-date: /home/dostonbek/ros2_ws/install/turtlesim/share/turtlesim/srv/Spawn.srv
[5.707s] -- Up-to-date: /home/dostonbek/ros2_ws/install/turtlesim/share/turtlesim/srv/Spawn_Request.msg
[5.708s] -- Up-to-date: /home/dostonbek/ros2_ws/install/turtlesim/share/turtlesim/srv/Spawn_Response.msg
[5.709s] -- Up-to-date: /home/dostonbek/ros2_ws/install/turtlesim/share/turtlesim/srv/TeleportAbsolute.srv
[5.709s] -- Up-to-date: /home/dostonbek/ros2_ws/install/turtlesim/share/turtlesim/srv/TeleportAbsolute_Request.msg
[5.709s] -- Up-to-date: /home/dostonbek/ros2_ws/install/turtlesim/share/turtlesim/srv/TeleportAbsolute_Response.msg
[5.709s] -- Up-to-date: /home/dostonbek/ros2_ws/install/turtlesim/share/turtlesim/srv/TeleportRelative.srv
[5.710s] -- Up-to-date: /home/dostonbek/ros2_ws/install/turtlesim/share/turtlesim/srv/TeleportRelative_Request.msg
[5.710s] -- Up-to-date: /home/dostonbek/ros2_ws/install/turtlesim/share/turtlesim/srv/TeleportRelative_Response.msg
[5.712s] -- Up-to-date: /home/dostonbek/ros2_ws/install/turtlesim/lib/turtlesim/turtlesim_node
[5.714s] -- Up-to-date: /home/dostonbek/ros2_ws/install/turtlesim/lib/turtlesim/turtle_teleop_key
[5.715s] -- Up-to-date: /home/dostonbek/ros2_ws/install/turtlesim/lib/turtlesim/draw_square
[5.717s] -- Up-to-date: /home/dostonbek/ros2_ws/install/turtlesim/lib/turtlesim/mimic
[5.718s] -- Up-to-date: /home/dostonbek/ros2_ws/install/turtlesim/share/turtlesim/images
[5.719s] -- Up-to-date: /home/dostonbek/ros2_ws/install/turtlesim/share/turtlesim/images/crystal.png
[5.719s] -- Up-to-date: /home/dostonbek/ros2_ws/install/turtlesim/share/turtlesim/images/foxy.png
[5.720s] -- Up-to-date: /home/dostonbek/ros2_ws/install/turtlesim/share/turtlesim/images/eloquent.png
[5.720s] -- Up-to-date: /home/dostonbek/ros2_ws/install/turtlesim/share/turtlesim/images/dashing.png
[5.721s] -- Up-to-date: /home/dostonbek/ros2_ws/install/turtlesim/share/turtlesim/images/bouncy.png
[5.721s] -- Up-to-date: /home/dostonbek/ros2_ws/install/turtlesim/share/turtlesim/images/galactic.png
[5.721s] -- Up-to-date: /home/dostonbek/ros2_ws/install/turtlesim/share/turtlesim/images/ardent.png
[5.722s] -- Up-to-date: /home/dostonbek/ros2_ws/install/turtlesim/share/turtlesim/images/humble.png
[5.722s] -- Up-to-date: /home/dostonbek/ros2_ws/install/turtlesim/share/turtlesim/images/rolling.png
[5.723s] -- Up-to-date: /home/dostonbek/ros2_ws/install/turtlesim/share/turtlesim/launch
[5.723s] -- Up-to-date: /home/dostonbek/ros2_ws/install/turtlesim/share/turtlesim/launch/multisim.launch.py
[5.723s] -- Up-to-date: /home/dostonbek/ros2_ws/install/turtlesim/share/ament_index/resource_index/package_run_dependencies/turtlesim
[5.724s] -- Up-to-date: /home/dostonbek/ros2_ws/install/turtlesim/share/ament_index/resource_index/parent_prefix_path/turtlesim
[5.725s] -- Up-to-date: /home/dostonbek/ros2_ws/install/turtlesim/share/turtlesim/environment/ament_prefix_path.sh
[5.725s] -- Up-to-date: /home/dostonbek/ros2_ws/install/turtlesim/share/turtlesim/environment/ament_prefix_path.dsv
[5.725s] -- Up-to-date: /home/dostonbek/ros2_ws/install/turtlesim/share/turtlesim/environment/path.sh
[5.726s] -- Up-to-date: /home/dostonbek/ros2_ws/install/turtlesim/share/turtlesim/environment/path.dsv
[5.726s] -- Up-to-date: /home/dostonbek/ros2_ws/install/turtlesim/share/turtlesim/local_setup.bash
[5.727s] -- Up-to-date: /home/dostonbek/ros2_ws/install/turtlesim/share/turtlesim/local_setup.sh
[5.727s] -- Up-to-date: /home/dostonbek/ros2_ws/install/turtlesim/share/turtlesim/local_setup.zsh
[5.728s] -- Up-to-date: /home/dostonbek/ros2_ws/install/turtlesim/share/turtlesim/local_setup.dsv
[5.728s] -- Installing: /home/dostonbek/ros2_ws/install/turtlesim/share/turtlesim/package.dsv
[5.728s] -- Up-to-date: /home/dostonbek/ros2_ws/install/turtlesim/share/ament_index/resource_index/packages/turtlesim
[5.729s] -- Up-to-date: /home/dostonbek/ros2_ws/install/turtlesim/share/turtlesim/cmake/export_turtlesim__rosidl_generator_cExport.cmake
[5.730s] -- Up-to-date: /home/dostonbek/ros2_ws/install/turtlesim/share/turtlesim/cmake/export_turtlesim__rosidl_generator_cExport-noconfig.cmake
[5.730s] -- Up-to-date: /home/dostonbek/ros2_ws/install/turtlesim/share/turtlesim/cmake/export_turtlesim__rosidl_typesupport_fastrtps_cExport.cmake
[5.731s] -- Up-to-date: /home/dostonbek/ros2_ws/install/turtlesim/share/turtlesim/cmake/export_turtlesim__rosidl_typesupport_fastrtps_cExport-noconfig.cmake
[5.731s] -- Up-to-date: /home/dostonbek/ros2_ws/install/turtlesim/share/turtlesim/cmake/export_turtlesim__rosidl_generator_cppExport.cmake
[5.732s] -- Up-to-date: /home/dostonbek/ros2_ws/install/turtlesim/share/turtlesim/cmake/export_turtlesim__rosidl_typesupport_fastrtps_cppExport.cmake
[5.732s] -- Up-to-date: /home/dostonbek/ros2_ws/install/turtlesim/share/turtlesim/cmake/export_turtlesim__rosidl_typesupport_fastrtps_cppExport-noconfig.cmake
[5.733s] -- Up-to-date: /home/dostonbek/ros2_ws/install/turtlesim/share/turtlesim/cmake/turtlesim__rosidl_typesupport_introspection_cExport.cmake
[5.733s] -- Up-to-date: /home/dostonbek/ros2_ws/install/turtlesim/share/turtlesim/cmake/turtlesim__rosidl_typesupport_introspection_cExport-noconfig.cmake
[5.734s] -- Up-to-date: /home/dostonbek/ros2_ws/install/turtlesim/share/turtlesim/cmake/turtlesim__rosidl_typesupport_cExport.cmake
[5.734s] -- Up-to-date: /home/dostonbek/ros2_ws/install/turtlesim/share/turtlesim/cmake/turtlesim__rosidl_typesupport_cExport-noconfig.cmake
[5.735s] -- Up-to-date: /home/dostonbek/ros2_ws/install/turtlesim/share/turtlesim/cmake/turtlesim__rosidl_typesupport_introspection_cppExport.cmake
[5.736s] -- Up-to-date: /home/dostonbek/ros2_ws/install/turtlesim/share/turtlesim/cmake/turtlesim__rosidl_typesupport_introspection_cppExport-noconfig.cmake
[5.736s] -- Up-to-date: /home/dostonbek/ros2_ws/install/turtlesim/share/turtlesim/cmake/turtlesim__rosidl_typesupport_cppExport.cmake
[5.737s] -- Up-to-date: /home/dostonbek/ros2_ws/install/turtlesim/share/turtlesim/cmake/turtlesim__rosidl_typesupport_cppExport-noconfig.cmake
[5.737s] -- Up-to-date: /home/dostonbek/ros2_ws/install/turtlesim/share/turtlesim/cmake/export_turtlesim__rosidl_generator_pyExport.cmake
[5.738s] -- Up-to-date: /home/dostonbek/ros2_ws/install/turtlesim/share/turtlesim/cmake/export_turtlesim__rosidl_generator_pyExport-noconfig.cmake
[5.739s] -- Up-to-date: /home/dostonbek/ros2_ws/install/turtlesim/share/turtlesim/cmake/rosidl_cmake-extras.cmake
[5.739s] -- Up-to-date: /home/dostonbek/ros2_ws/install/turtlesim/share/turtlesim/cmake/ament_cmake_export_dependencies-extras.cmake
[5.740s] -- Up-to-date: /home/dostonbek/ros2_ws/install/turtlesim/share/turtlesim/cmake/ament_cmake_export_include_directories-extras.cmake
[5.740s] -- Up-to-date: /home/dostonbek/ros2_ws/install/turtlesim/share/turtlesim/cmake/ament_cmake_export_libraries-extras.cmake
[5.741s] -- Up-to-date: /home/dostonbek/ros2_ws/install/turtlesim/share/turtlesim/cmake/ament_cmake_export_targets-extras.cmake
[5.741s] -- Up-to-date: /home/dostonbek/ros2_ws/install/turtlesim/share/turtlesim/cmake/rosidl_cmake_export_typesupport_targets-extras.cmake
[5.742s] -- Up-to-date: /home/dostonbek/ros2_ws/install/turtlesim/share/turtlesim/cmake/rosidl_cmake_export_typesupport_libraries-extras.cmake
[5.743s] -- Up-to-date: /home/dostonbek/ros2_ws/install/turtlesim/share/turtlesim/cmake/turtlesimConfig.cmake
[5.743s] -- Up-to-date: /home/dostonbek/ros2_ws/install/turtlesim/share/turtlesim/cmake/turtlesimConfig-version.cmake
[5.743s] -- Up-to-date: /home/dostonbek/ros2_ws/install/turtlesim/share/turtlesim/package.xml
[5.756s] Invoked command in '/home/dostonbek/ros2_ws/build/turtlesim' returned '0': CMAKE_PREFIX_PATH=${CMAKE_PREFIX_PATH}:/home/dostonbek/ros2_ws/install/py_srvcli:/home/dostonbek/ros2_ws/install/py_pubsub:/home/dostonbek/ros2_ws/install/my_package:/home/dostonbek/ros2_ws/install/launch_testing_examples:/home/dostonbek/ros2_ws/install/examples_rclpy_pointcloud_publisher:/home/dostonbek/ros2_ws/install/examples_rclpy_minimal_subscriber:/home/dostonbek/ros2_ws/install/examples_rclpy_minimal_service:/home/dostonbek/ros2_ws/install/examples_rclpy_minimal_publisher:/home/dostonbek/ros2_ws/install/examples_rclpy_minimal_client:/home/dostonbek/ros2_ws/install/examples_rclpy_minimal_action_server:/home/dostonbek/ros2_ws/install/examples_rclpy_minimal_action_client:/home/dostonbek/ros2_ws/install/examples_rclpy_guard_conditions:/home/dostonbek/ros2_ws/install/examples_rclpy_executors:/opt/ros/humble /usr/bin/cmake --install /home/dostonbek/ros2_ws/build/turtlesim
