[0.055s] Invoking command in '/home/dostonbek/ros2_ws/build/examples_rclcpp_async_client': CMAKE_PREFIX_PATH=/opt/ros/humble /usr/bin/cmake /home/dostonbek/ros2_ws/src/examples/rclcpp/services/async_client -DAMENT_CMAKE_SYMLINK_INSTALL=1 -DCMAKE_INSTALL_PREFIX=/home/dostonbek/ros2_ws/install/examples_rclcpp_async_client
[0.407s] -- The C compiler identification is GNU 11.2.0
[0.654s] -- The CXX compiler identification is GNU 11.2.0
[0.685s] -- Detecting C compiler ABI info
[0.882s] -- Detecting C compiler ABI info - done
[0.895s] -- Check for working C compiler: /usr/bin/cc - skipped
[0.896s] -- Detecting C compile features
[0.899s] -- Detecting C compile features - done
[0.912s] -- Detecting CXX compiler ABI info
[1.104s] -- Detecting CXX compiler ABI info - done
[1.138s] -- Check for working CXX compiler: /usr/bin/c++ - skipped
[1.138s] -- Detecting CXX compile features
[1.140s] -- Detecting CXX compile features - done
[1.155s] -- Found ament_cmake: 1.3.2 (/opt/ros/humble/share/ament_cmake/cmake)
[1.508s] -- Found Python3: /usr/bin/python3.10 (found version "3.10.6") found components: Interpreter 
[1.677s] -- Override CMake install command with custom implementation using symlinks instead of copying resources
[1.803s] -- Found example_interfaces: 0.9.3 (/opt/ros/humble/share/example_interfaces/cmake)
[1.961s] -- Found rosidl_generator_c: 3.1.3 (/opt/ros/humble/share/rosidl_generator_c/cmake)
[1.981s] -- Found rosidl_adapter: 3.1.3 (/opt/ros/humble/share/rosidl_adapter/cmake)
[2.016s] -- Found rosidl_generator_cpp: 3.1.3 (/opt/ros/humble/share/rosidl_generator_cpp/cmake)
[2.074s] -- Using all available rosidl_typesupport_c: rosidl_typesupport_fastrtps_c;rosidl_typesupport_introspection_c
[2.151s] -- Using all available rosidl_typesupport_cpp: rosidl_typesupport_fastrtps_cpp;rosidl_typesupport_introspection_cpp
[2.785s] -- Found rclcpp: 16.0.1 (/opt/ros/humble/share/rclcpp/cmake)
[2.953s] -- Found rmw_implementation_cmake: 6.1.0 (/opt/ros/humble/share/rmw_implementation_cmake/cmake)
[2.957s] -- Found rmw_fastrtps_cpp: 6.2.1 (/opt/ros/humble/share/rmw_fastrtps_cpp/cmake)
[3.193s] -- Found OpenSSL: /usr/lib/x86_64-linux-gnu/libcrypto.so (found version "3.0.2")  
[3.250s] -- Found FastRTPS: /opt/ros/humble/include  
[3.398s] -- Using RMW implementation 'rmw_fastrtps_cpp' as default
[3.915s] -- Found ament_lint_auto: 0.12.4 (/opt/ros/humble/share/ament_lint_auto/cmake)
[4.112s] -- Added test 'copyright' to check source files copyright and LICENSE
[4.114s] -- Added test 'cppcheck' to perform static code analysis on C / C++ code
[4.115s] -- Configured cppcheck include dirs: 
[4.115s] -- Configured cppcheck exclude dirs and/or files: 
[4.117s] -- Added test 'cpplint' to check C / C++ code against the Google style
[4.117s] -- Configured cpplint exclude dirs and/or files: 
[4.118s] -- Added test 'lint_cmake' to check CMake code style
[4.120s] -- Added test 'uncrustify' to check C / C++ code style
[4.121s] -- Configured uncrustify additional arguments: 
[4.121s] -- Added test 'xmllint' to check XML markup files
[4.125s] -- Configuring done
[4.156s] -- Generating done
[4.164s] -- Build files have been written to: /home/dostonbek/ros2_ws/build/examples_rclcpp_async_client
[4.190s] Invoked command in '/home/dostonbek/ros2_ws/build/examples_rclcpp_async_client' returned '0': CMAKE_PREFIX_PATH=/opt/ros/humble /usr/bin/cmake /home/dostonbek/ros2_ws/src/examples/rclcpp/services/async_client -DAMENT_CMAKE_SYMLINK_INSTALL=1 -DCMAKE_INSTALL_PREFIX=/home/dostonbek/ros2_ws/install/examples_rclcpp_async_client
[4.190s] Invoking command in '/home/dostonbek/ros2_ws/build/examples_rclcpp_async_client': CMAKE_PREFIX_PATH=/opt/ros/humble /usr/bin/cmake --build /home/dostonbek/ros2_ws/build/examples_rclcpp_async_client -- -j2 -l2
[4.367s] [ 50%] [32mBuilding CXX object CMakeFiles/client_main.dir/main.cpp.o[0m
[24.102s] [100%] [32m[1mLinking CXX executable client_main[0m
[25.050s] [100%] Built target client_main
[25.297s] Invoked command in '/home/dostonbek/ros2_ws/build/examples_rclcpp_async_client' returned '0': CMAKE_PREFIX_PATH=/opt/ros/humble /usr/bin/cmake --build /home/dostonbek/ros2_ws/build/examples_rclcpp_async_client -- -j2 -l2
[25.841s] Invoking command in '/home/dostonbek/ros2_ws/build/examples_rclcpp_async_client': CMAKE_PREFIX_PATH=/opt/ros/humble /usr/bin/cmake --install /home/dostonbek/ros2_ws/build/examples_rclcpp_async_client
[25.873s] -- Install configuration: ""
[25.880s] -- Execute custom install script
[25.880s] -- Symlinking: /home/dostonbek/ros2_ws/install/examples_rclcpp_async_client/lib/examples_rclcpp_async_client/client_main
[25.921s] -- Symlinking: /home/dostonbek/ros2_ws/install/examples_rclcpp_async_client/share/ament_index/resource_index/package_run_dependencies/examples_rclcpp_async_client
[25.944s] -- Symlinking: /home/dostonbek/ros2_ws/install/examples_rclcpp_async_client/share/ament_index/resource_index/parent_prefix_path/examples_rclcpp_async_client
[25.969s] -- Symlinking: /home/dostonbek/ros2_ws/install/examples_rclcpp_async_client/share/examples_rclcpp_async_client/environment/ament_prefix_path.sh
[25.996s] -- Symlinking: /home/dostonbek/ros2_ws/install/examples_rclcpp_async_client/share/examples_rclcpp_async_client/environment/ament_prefix_path.dsv
[26.018s] -- Symlinking: /home/dostonbek/ros2_ws/install/examples_rclcpp_async_client/share/examples_rclcpp_async_client/environment/path.sh
[26.044s] -- Symlinking: /home/dostonbek/ros2_ws/install/examples_rclcpp_async_client/share/examples_rclcpp_async_client/environment/path.dsv
[26.070s] -- Symlinking: /home/dostonbek/ros2_ws/install/examples_rclcpp_async_client/share/examples_rclcpp_async_client/local_setup.bash
[26.094s] -- Symlinking: /home/dostonbek/ros2_ws/install/examples_rclcpp_async_client/share/examples_rclcpp_async_client/local_setup.sh
[26.123s] -- Symlinking: /home/dostonbek/ros2_ws/install/examples_rclcpp_async_client/share/examples_rclcpp_async_client/local_setup.zsh
[26.158s] -- Symlinking: /home/dostonbek/ros2_ws/install/examples_rclcpp_async_client/share/examples_rclcpp_async_client/local_setup.dsv
[26.233s] -- Symlinking: /home/dostonbek/ros2_ws/install/examples_rclcpp_async_client/share/examples_rclcpp_async_client/package.dsv
[26.292s] -- Symlinking: /home/dostonbek/ros2_ws/install/examples_rclcpp_async_client/share/ament_index/resource_index/packages/examples_rclcpp_async_client
[26.364s] -- Symlinking: /home/dostonbek/ros2_ws/install/examples_rclcpp_async_client/share/examples_rclcpp_async_client/cmake/examples_rclcpp_async_clientConfig.cmake
[26.414s] -- Symlinking: /home/dostonbek/ros2_ws/install/examples_rclcpp_async_client/share/examples_rclcpp_async_client/cmake/examples_rclcpp_async_clientConfig-version.cmake
[26.469s] -- Symlinking: /home/dostonbek/ros2_ws/install/examples_rclcpp_async_client/share/examples_rclcpp_async_client/package.xml
[26.567s] Invoked command in '/home/dostonbek/ros2_ws/build/examples_rclcpp_async_client' returned '0': CMAKE_PREFIX_PATH=/opt/ros/humble /usr/bin/cmake --install /home/dostonbek/ros2_ws/build/examples_rclcpp_async_client
