[2.658s] Invoking command in '/home/dostonbek/ros2_ws/build/examples_rclpy_executors': PYTHONPATH=/home/dostonbek/ros2_ws/install/examples_rclpy_executors/lib/python3.10/site-packages:${PYTHONPATH} /usr/bin/python3 setup.py develop --prefix /home/dostonbek/ros2_ws/install/examples_rclpy_executors --editable --build-directory /home/dostonbek/ros2_ws/build/examples_rclpy_executors/build --no-deps install_data --install-dir /home/dostonbek/ros2_ws/install/examples_rclpy_executors
[3.273s] running develop
[3.286s] /usr/lib/python3/dist-packages/setuptools/command/easy_install.py:158: EasyInstallDeprecationWarning: easy_install command is deprecated. Use build and pip and other standards-based tools.
[3.286s]   warnings.warn(
[3.290s] /usr/lib/python3/dist-packages/setuptools/command/install.py:34: SetuptoolsDeprecationWarning: setup.py install is deprecated. Use build and pip and other standards-based tools.
[3.291s]   warnings.warn(
[3.477s] /usr/lib/python3/dist-packages/pkg_resources/__init__.py:116: PkgResourcesDeprecationWarning: 0.1.43ubuntu1 is an invalid version and will not be supported in a future release
[3.477s]   warnings.warn(
[3.479s] /usr/lib/python3/dist-packages/pkg_resources/__init__.py:116: PkgResourcesDeprecationWarning: 1.1build1 is an invalid version and will not be supported in a future release
[3.480s]   warnings.warn(
[3.736s] running egg_info
[3.736s] creating examples_rclpy_executors.egg-info
[3.737s] writing examples_rclpy_executors.egg-info/PKG-INFO
[3.738s] writing dependency_links to examples_rclpy_executors.egg-info/dependency_links.txt
[3.739s] writing entry points to examples_rclpy_executors.egg-info/entry_points.txt
[3.739s] writing requirements to examples_rclpy_executors.egg-info/requires.txt
[3.740s] writing top-level names to examples_rclpy_executors.egg-info/top_level.txt
[3.740s] writing manifest file 'examples_rclpy_executors.egg-info/SOURCES.txt'
[3.746s] reading manifest file 'examples_rclpy_executors.egg-info/SOURCES.txt'
[3.748s] writing manifest file 'examples_rclpy_executors.egg-info/SOURCES.txt'
[3.752s] running build_ext
[3.753s] Creating /home/dostonbek/ros2_ws/install/examples_rclpy_executors/lib/python3.10/site-packages/examples-rclpy-executors.egg-link (link to .)
[3.756s] Installing callback_group script to /home/dostonbek/ros2_ws/install/examples_rclpy_executors/lib/examples_rclpy_executors
[3.756s] Installing composed script to /home/dostonbek/ros2_ws/install/examples_rclpy_executors/lib/examples_rclpy_executors
[3.757s] Installing custom_callback_group script to /home/dostonbek/ros2_ws/install/examples_rclpy_executors/lib/examples_rclpy_executors
[3.757s] Installing custom_executor script to /home/dostonbek/ros2_ws/install/examples_rclpy_executors/lib/examples_rclpy_executors
[3.758s] Installing listener script to /home/dostonbek/ros2_ws/install/examples_rclpy_executors/lib/examples_rclpy_executors
[3.758s] Installing talker script to /home/dostonbek/ros2_ws/install/examples_rclpy_executors/lib/examples_rclpy_executors
[3.759s] 
[3.759s] Installed /home/dostonbek/ros2_ws/build/examples_rclpy_executors
[3.759s] running install_data
[3.760s] creating /home/dostonbek/ros2_ws/install/examples_rclpy_executors/share/ament_index
[3.760s] creating /home/dostonbek/ros2_ws/install/examples_rclpy_executors/share/ament_index/resource_index
[3.760s] creating /home/dostonbek/ros2_ws/install/examples_rclpy_executors/share/ament_index/resource_index/packages
[3.761s] copying resource/examples_rclpy_executors -> /home/dostonbek/ros2_ws/install/examples_rclpy_executors/share/ament_index/resource_index/packages
[3.761s] copying package.xml -> /home/dostonbek/ros2_ws/install/examples_rclpy_executors/share/examples_rclpy_executors
[3.819s] Invoked command in '/home/dostonbek/ros2_ws/build/examples_rclpy_executors' returned '0': PYTHONPATH=/home/dostonbek/ros2_ws/install/examples_rclpy_executors/lib/python3.10/site-packages:${PYTHONPATH} /usr/bin/python3 setup.py develop --prefix /home/dostonbek/ros2_ws/install/examples_rclpy_executors --editable --build-directory /home/dostonbek/ros2_ws/build/examples_rclpy_executors/build --no-deps install_data --install-dir /home/dostonbek/ros2_ws/install/examples_rclpy_executors
