[2.674s] Invoking command in '/home/dostonbek/ros2_ws/src/my_package': PYTHONPATH=/home/dostonbek/ros2_ws/install/my_package/lib/python3.10/site-packages:${PYTHONPATH} /usr/bin/python3 setup.py egg_info --egg-base ../../build/my_package build --build-base /home/dostonbek/ros2_ws/build/my_package/build install --prefix /home/dostonbek/ros2_ws/install/my_package --record /home/dostonbek/ros2_ws/build/my_package/install.log --single-version-externally-managed
[3.619s] running egg_info
[3.620s] writing ../../build/my_package/my_package.egg-info/PKG-INFO
[3.622s] writing dependency_links to ../../build/my_package/my_package.egg-info/dependency_links.txt
[3.623s] writing entry points to ../../build/my_package/my_package.egg-info/entry_points.txt
[3.624s] writing requirements to ../../build/my_package/my_package.egg-info/requires.txt
[3.624s] writing top-level names to ../../build/my_package/my_package.egg-info/top_level.txt
[3.629s] reading manifest file '../../build/my_package/my_package.egg-info/SOURCES.txt'
[3.631s] writing manifest file '../../build/my_package/my_package.egg-info/SOURCES.txt'
[3.633s] running build
[3.633s] running build_py
[3.634s] running install
[3.634s] /usr/lib/python3/dist-packages/setuptools/command/install.py:34: SetuptoolsDeprecationWarning: setup.py install is deprecated. Use build and pip and other standards-based tools.
[3.634s]   warnings.warn(
[3.635s] running install_lib
[3.638s] running install_data
[3.639s] running install_egg_info
[3.643s] removing '/home/dostonbek/ros2_ws/install/my_package/lib/python3.10/site-packages/my_package-0.0.0-py3.10.egg-info' (and everything under it)
[3.644s] Copying ../../build/my_package/my_package.egg-info to /home/dostonbek/ros2_ws/install/my_package/lib/python3.10/site-packages/my_package-0.0.0-py3.10.egg-info
[3.647s] running install_scripts
[3.708s] Installing my_node script to /home/dostonbek/ros2_ws/install/my_package/lib/my_package
[3.709s] writing list of installed files to '/home/dostonbek/ros2_ws/build/my_package/install.log'
[3.781s] Invoked command in '/home/dostonbek/ros2_ws/src/my_package' returned '0': PYTHONPATH=/home/dostonbek/ros2_ws/install/my_package/lib/python3.10/site-packages:${PYTHONPATH} /usr/bin/python3 setup.py egg_info --egg-base ../../build/my_package build --build-base /home/dostonbek/ros2_ws/build/my_package/build install --prefix /home/dostonbek/ros2_ws/install/my_package --record /home/dostonbek/ros2_ws/build/my_package/install.log --single-version-externally-managed
