[1.610s] Invoking command in '/home/dostonbek/ros2_ws/src/py_srvcli': PYTHONPATH=/home/dostonbek/ros2_ws/install/py_srvcli/lib/python3.10/site-packages:${PYTHONPATH} /usr/bin/python3 setup.py egg_info --egg-base ../../build/py_srvcli build --build-base /home/dostonbek/ros2_ws/build/py_srvcli/build install --prefix /home/dostonbek/ros2_ws/install/py_srvcli --record /home/dostonbek/ros2_ws/build/py_srvcli/install.log --single-version-externally-managed
[2.526s] running egg_info
[2.527s] writing ../../build/py_srvcli/py_srvcli.egg-info/PKG-INFO
[2.528s] writing dependency_links to ../../build/py_srvcli/py_srvcli.egg-info/dependency_links.txt
[2.529s] writing entry points to ../../build/py_srvcli/py_srvcli.egg-info/entry_points.txt
[2.530s] writing requirements to ../../build/py_srvcli/py_srvcli.egg-info/requires.txt
[2.531s] writing top-level names to ../../build/py_srvcli/py_srvcli.egg-info/top_level.txt
[2.536s] reading manifest file '../../build/py_srvcli/py_srvcli.egg-info/SOURCES.txt'
[2.538s] writing manifest file '../../build/py_srvcli/py_srvcli.egg-info/SOURCES.txt'
[2.539s] running build
[2.539s] running build_py
[2.542s] running install
[2.543s] /usr/lib/python3/dist-packages/setuptools/command/install.py:34: SetuptoolsDeprecationWarning: setup.py install is deprecated. Use build and pip and other standards-based tools.
[2.543s]   warnings.warn(
[2.543s] running install_lib
[2.548s] running install_data
[2.551s] running install_egg_info
[2.554s] removing '/home/dostonbek/ros2_ws/install/py_srvcli/lib/python3.10/site-packages/py_srvcli-0.0.0-py3.10.egg-info' (and everything under it)
[2.555s] Copying ../../build/py_srvcli/py_srvcli.egg-info to /home/dostonbek/ros2_ws/install/py_srvcli/lib/python3.10/site-packages/py_srvcli-0.0.0-py3.10.egg-info
[2.559s] running install_scripts
[2.615s] Installing client script to /home/dostonbek/ros2_ws/install/py_srvcli/lib/py_srvcli
[2.617s] Installing service script to /home/dostonbek/ros2_ws/install/py_srvcli/lib/py_srvcli
[2.619s] writing list of installed files to '/home/dostonbek/ros2_ws/build/py_srvcli/install.log'
[2.672s] Invoked command in '/home/dostonbek/ros2_ws/src/py_srvcli' returned '0': PYTHONPATH=/home/dostonbek/ros2_ws/install/py_srvcli/lib/python3.10/site-packages:${PYTHONPATH} /usr/bin/python3 setup.py egg_info --egg-base ../../build/py_srvcli build --build-base /home/dostonbek/ros2_ws/build/py_srvcli/build install --prefix /home/dostonbek/ros2_ws/install/py_srvcli --record /home/dostonbek/ros2_ws/build/py_srvcli/install.log --single-version-externally-managed
