[1.356s] Invoking command in '/home/dostonbek/ros2_ws/build/examples_rclpy_guard_conditions': PYTHONPATH=/home/dostonbek/ros2_ws/install/examples_rclpy_guard_conditions/lib/python3.10/site-packages:${PYTHONPATH} /usr/bin/python3 setup.py develop --prefix /home/dostonbek/ros2_ws/install/examples_rclpy_guard_conditions --editable --build-directory /home/dostonbek/ros2_ws/build/examples_rclpy_guard_conditions/build --no-deps install_data --install-dir /home/dostonbek/ros2_ws/install/examples_rclpy_guard_conditions
[2.242s] running develop
[2.244s] /usr/lib/python3/dist-packages/setuptools/command/easy_install.py:158: EasyInstallDeprecationWarning: easy_install command is deprecated. Use build and pip and other standards-based tools.
[2.244s]   warnings.warn(
[2.248s] /usr/lib/python3/dist-packages/setuptools/command/install.py:34: SetuptoolsDeprecationWarning: setup.py install is deprecated. Use build and pip and other standards-based tools.
[2.248s]   warnings.warn(
[2.418s] /usr/lib/python3/dist-packages/pkg_resources/__init__.py:116: PkgResourcesDeprecationWarning: 0.1.43ubuntu1 is an invalid version and will not be supported in a future release
[2.419s]   warnings.warn(
[2.421s] /usr/lib/python3/dist-packages/pkg_resources/__init__.py:116: PkgResourcesDeprecationWarning: 1.1build1 is an invalid version and will not be supported in a future release
[2.421s]   warnings.warn(
[2.683s] running egg_info
[2.685s] creating examples_rclpy_guard_conditions.egg-info
[2.686s] writing examples_rclpy_guard_conditions.egg-info/PKG-INFO
[2.687s] writing dependency_links to examples_rclpy_guard_conditions.egg-info/dependency_links.txt
[2.688s] writing entry points to examples_rclpy_guard_conditions.egg-info/entry_points.txt
[2.688s] writing requirements to examples_rclpy_guard_conditions.egg-info/requires.txt
[2.689s] writing top-level names to examples_rclpy_guard_conditions.egg-info/top_level.txt
[2.689s] writing manifest file 'examples_rclpy_guard_conditions.egg-info/SOURCES.txt'
[2.694s] reading manifest file 'examples_rclpy_guard_conditions.egg-info/SOURCES.txt'
[2.696s] writing manifest file 'examples_rclpy_guard_conditions.egg-info/SOURCES.txt'
[2.700s] running build_ext
[2.701s] Creating /home/dostonbek/ros2_ws/install/examples_rclpy_guard_conditions/lib/python3.10/site-packages/examples-rclpy-guard-conditions.egg-link (link to .)
[2.704s] Installing trigger_guard_condition script to /home/dostonbek/ros2_ws/install/examples_rclpy_guard_conditions/lib/examples_rclpy_guard_conditions
[2.705s] 
[2.705s] Installed /home/dostonbek/ros2_ws/build/examples_rclpy_guard_conditions
[2.706s] running install_data
[2.706s] creating /home/dostonbek/ros2_ws/install/examples_rclpy_guard_conditions/share/ament_index
[2.707s] creating /home/dostonbek/ros2_ws/install/examples_rclpy_guard_conditions/share/ament_index/resource_index
[2.707s] creating /home/dostonbek/ros2_ws/install/examples_rclpy_guard_conditions/share/ament_index/resource_index/packages
[2.708s] copying resource/examples_rclpy_guard_conditions -> /home/dostonbek/ros2_ws/install/examples_rclpy_guard_conditions/share/ament_index/resource_index/packages
[2.709s] copying package.xml -> /home/dostonbek/ros2_ws/install/examples_rclpy_guard_conditions/share/examples_rclpy_guard_conditions
[2.798s] Invoked command in '/home/dostonbek/ros2_ws/build/examples_rclpy_guard_conditions' returned '0': PYTHONPATH=/home/dostonbek/ros2_ws/install/examples_rclpy_guard_conditions/lib/python3.10/site-packages:${PYTHONPATH} /usr/bin/python3 setup.py develop --prefix /home/dostonbek/ros2_ws/install/examples_rclpy_guard_conditions --editable --build-directory /home/dostonbek/ros2_ws/build/examples_rclpy_guard_conditions/build --no-deps install_data --install-dir /home/dostonbek/ros2_ws/install/examples_rclpy_guard_conditions
