[4.917s] Invoking command in '/home/dostonbek/ros2_ws/build/examples_rclpy_minimal_service': PYTHONPATH=/home/dostonbek/ros2_ws/install/examples_rclpy_minimal_service/lib/python3.10/site-packages:${PYTHONPATH} /usr/bin/python3 setup.py develop --prefix /home/dostonbek/ros2_ws/install/examples_rclpy_minimal_service --uninstall --editable --build-directory /home/dostonbek/ros2_ws/build/examples_rclpy_minimal_service/build
[7.084s] running develop
[7.088s] /usr/lib/python3/dist-packages/setuptools/command/easy_install.py:158: EasyInstallDeprecationWarning: easy_install command is deprecated. Use build and pip and other standards-based tools.
[7.089s]   warnings.warn(
[7.093s] /usr/lib/python3/dist-packages/setuptools/command/install.py:34: SetuptoolsDeprecationWarning: setup.py install is deprecated. Use build and pip and other standards-based tools.
[7.094s]   warnings.warn(
[7.521s] /usr/lib/python3/dist-packages/pkg_resources/__init__.py:116: PkgResourcesDeprecationWarning: 0.1.43ubuntu1 is an invalid version and will not be supported in a future release
[7.521s]   warnings.warn(
[7.525s] /usr/lib/python3/dist-packages/pkg_resources/__init__.py:116: PkgResourcesDeprecationWarning: 1.1build1 is an invalid version and will not be supported in a future release
[7.525s]   warnings.warn(
[8.646s] Invoked command in '/home/dostonbek/ros2_ws/build/examples_rclpy_minimal_service' returned '0': PYTHONPATH=/home/dostonbek/ros2_ws/install/examples_rclpy_minimal_service/lib/python3.10/site-packages:${PYTHONPATH} /usr/bin/python3 setup.py develop --prefix /home/dostonbek/ros2_ws/install/examples_rclpy_minimal_service --uninstall --editable --build-directory /home/dostonbek/ros2_ws/build/examples_rclpy_minimal_service/build
[8.647s] Invoking command in '/home/dostonbek/ros2_ws/src/examples/rclpy/services/minimal_service': PYTHONPATH=/home/dostonbek/ros2_ws/install/examples_rclpy_minimal_service/lib/python3.10/site-packages:${PYTHONPATH} /usr/bin/python3 setup.py egg_info --egg-base ../../../../../build/examples_rclpy_minimal_service build --build-base /home/dostonbek/ros2_ws/build/examples_rclpy_minimal_service/build install --prefix /home/dostonbek/ros2_ws/install/examples_rclpy_minimal_service --record /home/dostonbek/ros2_ws/build/examples_rclpy_minimal_service/install.log --single-version-externally-managed
[12.481s] running egg_info
[12.489s] writing ../../../../../build/examples_rclpy_minimal_service/examples_rclpy_minimal_service.egg-info/PKG-INFO
[12.504s] writing dependency_links to ../../../../../build/examples_rclpy_minimal_service/examples_rclpy_minimal_service.egg-info/dependency_links.txt
[12.505s] writing entry points to ../../../../../build/examples_rclpy_minimal_service/examples_rclpy_minimal_service.egg-info/entry_points.txt
[12.510s] writing requirements to ../../../../../build/examples_rclpy_minimal_service/examples_rclpy_minimal_service.egg-info/requires.txt
[12.518s] writing top-level names to ../../../../../build/examples_rclpy_minimal_service/examples_rclpy_minimal_service.egg-info/top_level.txt
[12.528s] reading manifest file '../../../../../build/examples_rclpy_minimal_service/examples_rclpy_minimal_service.egg-info/SOURCES.txt'
[12.537s] writing manifest file '../../../../../build/examples_rclpy_minimal_service/examples_rclpy_minimal_service.egg-info/SOURCES.txt'
[12.539s] running build
[12.542s] running build_py
[12.555s] running install
[12.558s] /usr/lib/python3/dist-packages/setuptools/command/install.py:34: SetuptoolsDeprecationWarning: setup.py install is deprecated. Use build and pip and other standards-based tools.
[12.559s]   warnings.warn(
[12.560s] running install_lib
[12.594s] running install_data
[12.605s] running install_egg_info
[12.626s] removing '/home/dostonbek/ros2_ws/install/examples_rclpy_minimal_service/lib/python3.10/site-packages/examples_rclpy_minimal_service-0.15.0-py3.10.egg-info' (and everything under it)
[12.635s] Copying ../../../../../build/examples_rclpy_minimal_service/examples_rclpy_minimal_service.egg-info to /home/dostonbek/ros2_ws/install/examples_rclpy_minimal_service/lib/python3.10/site-packages/examples_rclpy_minimal_service-0.15.0-py3.10.egg-info
[12.650s] running install_scripts
[12.903s] Installing service script to /home/dostonbek/ros2_ws/install/examples_rclpy_minimal_service/lib/examples_rclpy_minimal_service
[12.908s] Installing service_member_function script to /home/dostonbek/ros2_ws/install/examples_rclpy_minimal_service/lib/examples_rclpy_minimal_service
[12.918s] writing list of installed files to '/home/dostonbek/ros2_ws/build/examples_rclpy_minimal_service/install.log'
[13.096s] Invoked command in '/home/dostonbek/ros2_ws/src/examples/rclpy/services/minimal_service' returned '0': PYTHONPATH=/home/dostonbek/ros2_ws/install/examples_rclpy_minimal_service/lib/python3.10/site-packages:${PYTHONPATH} /usr/bin/python3 setup.py egg_info --egg-base ../../../../../build/examples_rclpy_minimal_service build --build-base /home/dostonbek/ros2_ws/build/examples_rclpy_minimal_service/build install --prefix /home/dostonbek/ros2_ws/install/examples_rclpy_minimal_service --record /home/dostonbek/ros2_ws/build/examples_rclpy_minimal_service/install.log --single-version-externally-managed
