[2.374s] Invoking command in '/home/dostonbek/ros2_ws/build/examples_rclpy_minimal_action_client': PYTHONPATH=/home/dostonbek/ros2_ws/install/examples_rclpy_minimal_action_client/lib/python3.10/site-packages:${PYTHONPATH} /usr/bin/python3 setup.py develop --prefix /home/dostonbek/ros2_ws/install/examples_rclpy_minimal_action_client --uninstall --editable --build-directory /home/dostonbek/ros2_ws/build/examples_rclpy_minimal_action_client/build
[3.490s] running develop
[3.490s] /usr/lib/python3/dist-packages/setuptools/command/easy_install.py:158: EasyInstallDeprecationWarning: easy_install command is deprecated. Use build and pip and other standards-based tools.
[3.491s]   warnings.warn(
[3.493s] /usr/lib/python3/dist-packages/setuptools/command/install.py:34: SetuptoolsDeprecationWarning: setup.py install is deprecated. Use build and pip and other standards-based tools.
[3.495s]   warnings.warn(
[3.727s] /usr/lib/python3/dist-packages/pkg_resources/__init__.py:116: PkgResourcesDeprecationWarning: 0.1.43ubuntu1 is an invalid version and will not be supported in a future release
[3.727s]   warnings.warn(
[3.731s] /usr/lib/python3/dist-packages/pkg_resources/__init__.py:116: PkgResourcesDeprecationWarning: 1.1build1 is an invalid version and will not be supported in a future release
[3.731s]   warnings.warn(
[4.494s] Invoked command in '/home/dostonbek/ros2_ws/build/examples_rclpy_minimal_action_client' returned '0': PYTHONPATH=/home/dostonbek/ros2_ws/install/examples_rclpy_minimal_action_client/lib/python3.10/site-packages:${PYTHONPATH} /usr/bin/python3 setup.py develop --prefix /home/dostonbek/ros2_ws/install/examples_rclpy_minimal_action_client --uninstall --editable --build-directory /home/dostonbek/ros2_ws/build/examples_rclpy_minimal_action_client/build
[4.494s] Invoking command in '/home/dostonbek/ros2_ws/src/examples/rclpy/actions/minimal_action_client': PYTHONPATH=/home/dostonbek/ros2_ws/install/examples_rclpy_minimal_action_client/lib/python3.10/site-packages:${PYTHONPATH} /usr/bin/python3 setup.py egg_info --egg-base ../../../../../build/examples_rclpy_minimal_action_client build --build-base /home/dostonbek/ros2_ws/build/examples_rclpy_minimal_action_client/build install --prefix /home/dostonbek/ros2_ws/install/examples_rclpy_minimal_action_client --record /home/dostonbek/ros2_ws/build/examples_rclpy_minimal_action_client/install.log --single-version-externally-managed
[5.373s] running egg_info
[5.376s] writing ../../../../../build/examples_rclpy_minimal_action_client/examples_rclpy_minimal_action_client.egg-info/PKG-INFO
[5.385s] writing dependency_links to ../../../../../build/examples_rclpy_minimal_action_client/examples_rclpy_minimal_action_client.egg-info/dependency_links.txt
[5.386s] writing entry points to ../../../../../build/examples_rclpy_minimal_action_client/examples_rclpy_minimal_action_client.egg-info/entry_points.txt
[5.386s] writing requirements to ../../../../../build/examples_rclpy_minimal_action_client/examples_rclpy_minimal_action_client.egg-info/requires.txt
[5.386s] writing top-level names to ../../../../../build/examples_rclpy_minimal_action_client/examples_rclpy_minimal_action_client.egg-info/top_level.txt
[5.389s] reading manifest file '../../../../../build/examples_rclpy_minimal_action_client/examples_rclpy_minimal_action_client.egg-info/SOURCES.txt'
[5.469s] writing manifest file '../../../../../build/examples_rclpy_minimal_action_client/examples_rclpy_minimal_action_client.egg-info/SOURCES.txt'
[5.470s] running build
[5.470s] running build_py
[5.471s] running install
[5.471s] running install_lib
[5.471s] running install_data
[5.471s] running install_egg_info
[5.472s] removing '/home/dostonbek/ros2_ws/install/examples_rclpy_minimal_action_client/lib/python3.10/site-packages/examples_rclpy_minimal_action_client-0.15.0-py3.10.egg-info' (and everything under it)
[5.472s] Copying ../../../../../build/examples_rclpy_minimal_action_client/examples_rclpy_minimal_action_client.egg-info to /home/dostonbek/ros2_ws/install/examples_rclpy_minimal_action_client/lib/python3.10/site-packages/examples_rclpy_minimal_action_client-0.15.0-py3.10.egg-info
[5.472s] running install_scripts
[5.473s] /usr/lib/python3/dist-packages/setuptools/command/install.py:34: SetuptoolsDeprecationWarning: setup.py install is deprecated. Use build and pip and other standards-based tools.
[5.473s]   warnings.warn(
[5.502s] Installing client script to /home/dostonbek/ros2_ws/install/examples_rclpy_minimal_action_client/lib/examples_rclpy_minimal_action_client
[5.504s] Installing client_asyncio script to /home/dostonbek/ros2_ws/install/examples_rclpy_minimal_action_client/lib/examples_rclpy_minimal_action_client
[5.506s] Installing client_cancel script to /home/dostonbek/ros2_ws/install/examples_rclpy_minimal_action_client/lib/examples_rclpy_minimal_action_client
[5.507s] Installing client_not_composable script to /home/dostonbek/ros2_ws/install/examples_rclpy_minimal_action_client/lib/examples_rclpy_minimal_action_client
[5.509s] writing list of installed files to '/home/dostonbek/ros2_ws/build/examples_rclpy_minimal_action_client/install.log'
[5.569s] Invoked command in '/home/dostonbek/ros2_ws/src/examples/rclpy/actions/minimal_action_client' returned '0': PYTHONPATH=/home/dostonbek/ros2_ws/install/examples_rclpy_minimal_action_client/lib/python3.10/site-packages:${PYTHONPATH} /usr/bin/python3 setup.py egg_info --egg-base ../../../../../build/examples_rclpy_minimal_action_client build --build-base /home/dostonbek/ros2_ws/build/examples_rclpy_minimal_action_client/build install --prefix /home/dostonbek/ros2_ws/install/examples_rclpy_minimal_action_client --record /home/dostonbek/ros2_ws/build/examples_rclpy_minimal_action_client/install.log --single-version-externally-managed
