[0.032s] Invoking command in '/home/dostonbek/ros2_ws/build/examples_rclcpp_minimal_publisher': CMAKE_PREFIX_PATH=/opt/ros/humble /usr/bin/cmake /home/dostonbek/ros2_ws/src/examples/rclcpp/topics/minimal_publisher -DAMENT_CMAKE_SYMLINK_INSTALL=1 -DCMAKE_INSTALL_PREFIX=/home/dostonbek/ros2_ws/install/examples_rclcpp_minimal_publisher
[0.192s] -- The C compiler identification is GNU 11.2.0
[0.326s] -- The CXX compiler identification is GNU 11.2.0
[0.343s] -- Detecting C compiler ABI info
[0.521s] -- Detecting C compiler ABI info - done
[0.534s] -- Check for working C compiler: /usr/bin/cc - skipped
[0.535s] -- Detecting C compile features
[0.537s] -- Detecting C compile features - done
[0.545s] -- Detecting CXX compiler ABI info
[0.755s] -- Detecting CXX compiler ABI info - done
[0.779s] -- Check for working CXX compiler: /usr/bin/c++ - skipped
[0.780s] -- Detecting CXX compile features
[0.782s] -- Detecting CXX compile features - done
[0.787s] -- Found ament_cmake: 1.3.2 (/opt/ros/humble/share/ament_cmake/cmake)
[1.189s] -- Found Python3: /usr/bin/python3.10 (found version "3.10.6") found components: Interpreter 
[1.334s] -- Override CMake install command with custom implementation using symlinks instead of copying resources
[1.397s] -- Found rclcpp: 16.0.1 (/opt/ros/humble/share/rclcpp/cmake)
[1.522s] -- Found rosidl_generator_c: 3.1.3 (/opt/ros/humble/share/rosidl_generator_c/cmake)
[1.535s] -- Found rosidl_adapter: 3.1.3 (/opt/ros/humble/share/rosidl_adapter/cmake)
[1.557s] -- Found rosidl_generator_cpp: 3.1.3 (/opt/ros/humble/share/rosidl_generator_cpp/cmake)
[1.595s] -- Using all available rosidl_typesupport_c: rosidl_typesupport_fastrtps_c;rosidl_typesupport_introspection_c
[1.634s] -- Using all available rosidl_typesupport_cpp: rosidl_typesupport_fastrtps_cpp;rosidl_typesupport_introspection_cpp
[1.820s] -- Found rmw_implementation_cmake: 6.1.0 (/opt/ros/humble/share/rmw_implementation_cmake/cmake)
[1.827s] -- Found rmw_fastrtps_cpp: 6.2.1 (/opt/ros/humble/share/rmw_fastrtps_cpp/cmake)
[2.107s] -- Found OpenSSL: /usr/lib/x86_64-linux-gnu/libcrypto.so (found version "3.0.2")  
[2.174s] -- Found FastRTPS: /opt/ros/humble/include  
[2.294s] -- Using RMW implementation 'rmw_fastrtps_cpp' as default
[2.704s] -- Found ament_lint_auto: 0.12.4 (/opt/ros/humble/share/ament_lint_auto/cmake)
[2.879s] -- Added test 'copyright' to check source files copyright and LICENSE
[2.883s] -- Added test 'cppcheck' to perform static code analysis on C / C++ code
[2.884s] -- Configured cppcheck include dirs: 
[2.884s] -- Configured cppcheck exclude dirs and/or files: 
[2.887s] -- Added test 'cpplint' to check C / C++ code against the Google style
[2.887s] -- Configured cpplint exclude dirs and/or files: 
[2.889s] -- Added test 'lint_cmake' to check CMake code style
[2.892s] -- Added test 'uncrustify' to check C / C++ code style
[2.893s] -- Configured uncrustify additional arguments: 
[2.895s] -- Added test 'xmllint' to check XML markup files
[2.902s] -- Configuring done
[2.965s] -- Generating done
[2.971s] -- Build files have been written to: /home/dostonbek/ros2_ws/build/examples_rclcpp_minimal_publisher
[2.994s] Invoked command in '/home/dostonbek/ros2_ws/build/examples_rclcpp_minimal_publisher' returned '0': CMAKE_PREFIX_PATH=/opt/ros/humble /usr/bin/cmake /home/dostonbek/ros2_ws/src/examples/rclcpp/topics/minimal_publisher -DAMENT_CMAKE_SYMLINK_INSTALL=1 -DCMAKE_INSTALL_PREFIX=/home/dostonbek/ros2_ws/install/examples_rclcpp_minimal_publisher
[2.997s] Invoking command in '/home/dostonbek/ros2_ws/build/examples_rclcpp_minimal_publisher': CMAKE_PREFIX_PATH=/opt/ros/humble /usr/bin/cmake --build /home/dostonbek/ros2_ws/build/examples_rclcpp_minimal_publisher -- -j2 -l2
[3.176s] [  8%] [32mBuilding CXX object CMakeFiles/publisher_lambda.dir/lambda.cpp.o[0m
[13.482s] [ 16%] [32m[1mLinking CXX executable publisher_lambda[0m
[13.933s] [ 16%] Built target publisher_lambda
[13.989s] [ 25%] [32mBuilding CXX object CMakeFiles/publisher_member_function.dir/member_function.cpp.o[0m
[24.858s] [ 33%] [32m[1mLinking CXX executable publisher_member_function[0m
[25.364s] [ 33%] Built target publisher_member_function
[25.436s] [ 41%] [32mBuilding CXX object CMakeFiles/publisher_member_function_with_type_adapter.dir/member_function_with_type_adapter.cpp.o[0m
[36.590s] [ 50%] [32m[1mLinking CXX executable publisher_member_function_with_type_adapter[0m
[37.081s] [ 50%] Built target publisher_member_function_with_type_adapter
[37.126s] [ 58%] [32mBuilding CXX object CMakeFiles/publisher_member_function_with_unique_network_flow_endpoints.dir/member_function_with_unique_network_flow_endpoints.cpp.o[0m
[47.692s] [ 66%] [32m[1mLinking CXX executable publisher_member_function_with_unique_network_flow_endpoints[0m
[48.216s] [ 66%] Built target publisher_member_function_with_unique_network_flow_endpoints
[48.281s] [ 75%] [32mBuilding CXX object CMakeFiles/publisher_wait_for_all_acked.dir/member_function_with_wait_for_all_acked.cpp.o[0m
[59.123s] [ 83%] [32m[1mLinking CXX executable publisher_wait_for_all_acked[0m
[59.723s] [ 83%] Built target publisher_wait_for_all_acked
[59.798s] [ 91%] [32mBuilding CXX object CMakeFiles/publisher_not_composable.dir/not_composable.cpp.o[0m
[70.347s] [100%] [32m[1mLinking CXX executable publisher_not_composable[0m
[70.771s] [100%] Built target publisher_not_composable
[70.797s] Invoked command in '/home/dostonbek/ros2_ws/build/examples_rclcpp_minimal_publisher' returned '0': CMAKE_PREFIX_PATH=/opt/ros/humble /usr/bin/cmake --build /home/dostonbek/ros2_ws/build/examples_rclcpp_minimal_publisher -- -j2 -l2
[70.946s] Invoking command in '/home/dostonbek/ros2_ws/build/examples_rclcpp_minimal_publisher': CMAKE_PREFIX_PATH=/opt/ros/humble /usr/bin/cmake --install /home/dostonbek/ros2_ws/build/examples_rclcpp_minimal_publisher
[70.970s] -- Install configuration: ""
[70.971s] -- Execute custom install script
[70.973s] -- Symlinking: /home/dostonbek/ros2_ws/install/examples_rclcpp_minimal_publisher/lib/examples_rclcpp_minimal_publisher/publisher_lambda
[71.000s] -- Symlinking: /home/dostonbek/ros2_ws/install/examples_rclcpp_minimal_publisher/lib/examples_rclcpp_minimal_publisher/publisher_member_function
[71.025s] -- Symlinking: /home/dostonbek/ros2_ws/install/examples_rclcpp_minimal_publisher/lib/examples_rclcpp_minimal_publisher/publisher_member_function_with_type_adapter
[71.067s] -- Symlinking: /home/dostonbek/ros2_ws/install/examples_rclcpp_minimal_publisher/lib/examples_rclcpp_minimal_publisher/publisher_member_function_with_unique_network_flow_endpoints
[71.094s] -- Symlinking: /home/dostonbek/ros2_ws/install/examples_rclcpp_minimal_publisher/lib/examples_rclcpp_minimal_publisher/publisher_wait_for_all_acked
[71.118s] -- Symlinking: /home/dostonbek/ros2_ws/install/examples_rclcpp_minimal_publisher/lib/examples_rclcpp_minimal_publisher/publisher_not_composable
[71.154s] -- Symlinking: /home/dostonbek/ros2_ws/install/examples_rclcpp_minimal_publisher/share/ament_index/resource_index/package_run_dependencies/examples_rclcpp_minimal_publisher
[71.176s] -- Symlinking: /home/dostonbek/ros2_ws/install/examples_rclcpp_minimal_publisher/share/ament_index/resource_index/parent_prefix_path/examples_rclcpp_minimal_publisher
[71.195s] -- Symlinking: /home/dostonbek/ros2_ws/install/examples_rclcpp_minimal_publisher/share/examples_rclcpp_minimal_publisher/environment/ament_prefix_path.sh
[71.214s] -- Symlinking: /home/dostonbek/ros2_ws/install/examples_rclcpp_minimal_publisher/share/examples_rclcpp_minimal_publisher/environment/ament_prefix_path.dsv
[71.232s] -- Symlinking: /home/dostonbek/ros2_ws/install/examples_rclcpp_minimal_publisher/share/examples_rclcpp_minimal_publisher/environment/path.sh
[71.262s] -- Symlinking: /home/dostonbek/ros2_ws/install/examples_rclcpp_minimal_publisher/share/examples_rclcpp_minimal_publisher/environment/path.dsv
[71.283s] -- Symlinking: /home/dostonbek/ros2_ws/install/examples_rclcpp_minimal_publisher/share/examples_rclcpp_minimal_publisher/local_setup.bash
[71.306s] -- Symlinking: /home/dostonbek/ros2_ws/install/examples_rclcpp_minimal_publisher/share/examples_rclcpp_minimal_publisher/local_setup.sh
[71.327s] -- Symlinking: /home/dostonbek/ros2_ws/install/examples_rclcpp_minimal_publisher/share/examples_rclcpp_minimal_publisher/local_setup.zsh
[71.360s] -- Symlinking: /home/dostonbek/ros2_ws/install/examples_rclcpp_minimal_publisher/share/examples_rclcpp_minimal_publisher/local_setup.dsv
[71.388s] -- Symlinking: /home/dostonbek/ros2_ws/install/examples_rclcpp_minimal_publisher/share/examples_rclcpp_minimal_publisher/package.dsv
[71.410s] -- Symlinking: /home/dostonbek/ros2_ws/install/examples_rclcpp_minimal_publisher/share/ament_index/resource_index/packages/examples_rclcpp_minimal_publisher
[71.428s] -- Symlinking: /home/dostonbek/ros2_ws/install/examples_rclcpp_minimal_publisher/share/examples_rclcpp_minimal_publisher/cmake/examples_rclcpp_minimal_publisherConfig.cmake
[71.454s] -- Symlinking: /home/dostonbek/ros2_ws/install/examples_rclcpp_minimal_publisher/share/examples_rclcpp_minimal_publisher/cmake/examples_rclcpp_minimal_publisherConfig-version.cmake
[71.473s] -- Symlinking: /home/dostonbek/ros2_ws/install/examples_rclcpp_minimal_publisher/share/examples_rclcpp_minimal_publisher/package.xml
[71.497s] Invoked command in '/home/dostonbek/ros2_ws/build/examples_rclcpp_minimal_publisher' returned '0': CMAKE_PREFIX_PATH=/opt/ros/humble /usr/bin/cmake --install /home/dostonbek/ros2_ws/build/examples_rclcpp_minimal_publisher
