[3.287s] Invoking command in '/home/dostonbek/ros2_ws/src/py_srvcli': PYTHONPATH=/home/dostonbek/ros2_ws/install/py_srvcli/lib/python3.10/site-packages:${PYTHONPATH} /usr/bin/python3 setup.py egg_info --egg-base ../../build/py_srvcli build --build-base /home/dostonbek/ros2_ws/build/py_srvcli/build install --prefix /home/dostonbek/ros2_ws/install/py_srvcli --record /home/dostonbek/ros2_ws/build/py_srvcli/install.log --single-version-externally-managed
[4.807s] running egg_info
[4.812s] creating ../../build/py_srvcli/py_srvcli.egg-info
[4.814s] writing ../../build/py_srvcli/py_srvcli.egg-info/PKG-INFO
[4.816s] writing dependency_links to ../../build/py_srvcli/py_srvcli.egg-info/dependency_links.txt
[4.818s] writing entry points to ../../build/py_srvcli/py_srvcli.egg-info/entry_points.txt
[4.820s] writing requirements to ../../build/py_srvcli/py_srvcli.egg-info/requires.txt
[4.821s] writing top-level names to ../../build/py_srvcli/py_srvcli.egg-info/top_level.txt
[4.821s] writing manifest file '../../build/py_srvcli/py_srvcli.egg-info/SOURCES.txt'
[4.830s] reading manifest file '../../build/py_srvcli/py_srvcli.egg-info/SOURCES.txt'
[4.834s] writing manifest file '../../build/py_srvcli/py_srvcli.egg-info/SOURCES.txt'
[4.837s] running build
[4.839s] running build_py
[4.840s] creating /home/dostonbek/ros2_ws/build/py_srvcli/build
[4.842s] creating /home/dostonbek/ros2_ws/build/py_srvcli/build/lib
[4.843s] creating /home/dostonbek/ros2_ws/build/py_srvcli/build/lib/py_srvcli
[4.844s] copying py_srvcli/service_member_function.py -> /home/dostonbek/ros2_ws/build/py_srvcli/build/lib/py_srvcli
[4.846s] copying py_srvcli/client_member_function.py -> /home/dostonbek/ros2_ws/build/py_srvcli/build/lib/py_srvcli
[4.847s] copying py_srvcli/__init__.py -> /home/dostonbek/ros2_ws/build/py_srvcli/build/lib/py_srvcli
[4.849s] running install
[4.850s] /usr/lib/python3/dist-packages/setuptools/command/install.py:34: SetuptoolsDeprecationWarning: setup.py install is deprecated. Use build and pip and other standards-based tools.
[4.850s]   warnings.warn(
[4.851s] running install_lib
[4.853s] creating /home/dostonbek/ros2_ws/install/py_srvcli/lib/python3.10/site-packages/py_srvcli
[4.854s] copying /home/dostonbek/ros2_ws/build/py_srvcli/build/lib/py_srvcli/service_member_function.py -> /home/dostonbek/ros2_ws/install/py_srvcli/lib/python3.10/site-packages/py_srvcli
[4.855s] copying /home/dostonbek/ros2_ws/build/py_srvcli/build/lib/py_srvcli/client_member_function.py -> /home/dostonbek/ros2_ws/install/py_srvcli/lib/python3.10/site-packages/py_srvcli
[4.857s] copying /home/dostonbek/ros2_ws/build/py_srvcli/build/lib/py_srvcli/__init__.py -> /home/dostonbek/ros2_ws/install/py_srvcli/lib/python3.10/site-packages/py_srvcli
[4.860s] byte-compiling /home/dostonbek/ros2_ws/install/py_srvcli/lib/python3.10/site-packages/py_srvcli/service_member_function.py to service_member_function.cpython-310.pyc
[4.863s] byte-compiling /home/dostonbek/ros2_ws/install/py_srvcli/lib/python3.10/site-packages/py_srvcli/client_member_function.py to client_member_function.cpython-310.pyc
[4.866s] byte-compiling /home/dostonbek/ros2_ws/install/py_srvcli/lib/python3.10/site-packages/py_srvcli/__init__.py to __init__.cpython-310.pyc
[4.867s] running install_data
[4.871s] creating /home/dostonbek/ros2_ws/install/py_srvcli/share/ament_index
[4.875s] creating /home/dostonbek/ros2_ws/install/py_srvcli/share/ament_index/resource_index
[4.876s] creating /home/dostonbek/ros2_ws/install/py_srvcli/share/ament_index/resource_index/packages
[4.878s] copying resource/py_srvcli -> /home/dostonbek/ros2_ws/install/py_srvcli/share/ament_index/resource_index/packages
[4.878s] copying package.xml -> /home/dostonbek/ros2_ws/install/py_srvcli/share/py_srvcli
[4.878s] running install_egg_info
[4.882s] Copying ../../build/py_srvcli/py_srvcli.egg-info to /home/dostonbek/ros2_ws/install/py_srvcli/lib/python3.10/site-packages/py_srvcli-0.0.0-py3.10.egg-info
[4.891s] running install_scripts
[4.990s] Installing client script to /home/dostonbek/ros2_ws/install/py_srvcli/lib/py_srvcli
[4.992s] Installing service script to /home/dostonbek/ros2_ws/install/py_srvcli/lib/py_srvcli
[4.996s] writing list of installed files to '/home/dostonbek/ros2_ws/build/py_srvcli/install.log'
[5.066s] Invoked command in '/home/dostonbek/ros2_ws/src/py_srvcli' returned '0': PYTHONPATH=/home/dostonbek/ros2_ws/install/py_srvcli/lib/python3.10/site-packages:${PYTHONPATH} /usr/bin/python3 setup.py egg_info --egg-base ../../build/py_srvcli build --build-base /home/dostonbek/ros2_ws/build/py_srvcli/build install --prefix /home/dostonbek/ros2_ws/install/py_srvcli --record /home/dostonbek/ros2_ws/build/py_srvcli/install.log --single-version-externally-managed
